2022-12-28 14:52:27.580 [info] Extension host with pid 18525 started
2022-12-28 14:52:27.831 [info] Lock '/home/ChudakovDA/.vscode-server/data/User/workspaceStorage/32f6ad41183c5beef815be365d8df15a/vscode.lock': Lock acquired.
2022-12-28 14:52:28.173 [info] ExtensionService#_doActivateExtension vscode.git-base, startup: true, activationEvent: '*', root cause: vscode.git
2022-12-28 14:52:28.813 [info] ExtensionService#_doActivateExtension vscode.git, startup: true, activationEvent: '*'
2022-12-28 14:52:28.828 [info] ExtensionService#_doActivateExtension vscode.github, startup: true, activationEvent: '*'
2022-12-28 14:52:30.109 [info] ExtensionService#_doActivateExtension vscode.debug-auto-launch, startup: false, activationEvent: 'onStartupFinished'
2022-12-28 14:52:30.112 [info] ExtensionService#_doActivateExtension vscode.emmet, startup: false, activationEvent: 'onStartupFinished'
2022-12-28 14:52:30.116 [info] ExtensionService#_doActivateExtension vscode.merge-conflict, startup: false, activationEvent: 'onStartupFinished'
2022-12-28 14:52:30.118 [info] Eager extensions activated
2022-12-28 14:52:31.501 [warning] [Decorations] CAPPING events from decorations provider vscode.git 5759
2022-12-28 14:52:35.223 [warning] [Decorations] CAPPING events from decorations provider vscode.git 5760
2022-12-28 14:52:44.234 [warning] [Decorations] CAPPING events from decorations provider vscode.git 5760
2022-12-28 14:52:49.706 [warning] [Decorations] CAPPING events from decorations provider vscode.git 5759
2022-12-28 14:52:55.066 [warning] [Decorations] CAPPING events from decorations provider vscode.git 5759
2022-12-28 14:53:03.046 [warning] [Decorations] CAPPING events from decorations provider vscode.git 5759
2022-12-28 14:53:11.770 [warning] [Decorations] CAPPING events from decorations provider vscode.git 5759
2022-12-28 14:53:17.313 [warning] [Decorations] CAPPING events from decorations provider vscode.git 5759
2022-12-28 14:53:22.701 [warning] [Decorations] CAPPING events from decorations provider vscode.git 5759
2022-12-28 14:53:28.042 [warning] [Decorations] CAPPING events from decorations provider vscode.git 5759
2022-12-28 14:54:11.117 [warning] [Decorations] CAPPING events from decorations provider vscode.git 5759
2022-12-28 14:54:16.531 [warning] [Decorations] CAPPING events from decorations provider vscode.git 5759
2022-12-28 14:54:23.252 [warning] [Decorations] CAPPING events from decorations provider vscode.git 5759
2022-12-28 14:54:31.500 [warning] [Decorations] CAPPING events from decorations provider vscode.git 5759
2022-12-28 14:54:40.257 [warning] [Decorations] CAPPING events from decorations provider vscode.git 5759
2022-12-28 14:54:47.755 [warning] [Decorations] CAPPING events from decorations provider vscode.git 5759
2022-12-28 14:54:54.724 [warning] [Decorations] CAPPING events from decorations provider vscode.git 5759
2022-12-28 14:55:04.802 [warning] [Decorations] CAPPING events from decorations provider vscode.git 5759
2022-12-28 14:55:12.037 [warning] [Decorations] CAPPING events from decorations provider vscode.git 5759
2022-12-28 14:55:20.483 [warning] [Decorations] CAPPING events from decorations provider vscode.git 5759
2022-12-28 14:55:29.249 [warning] [Decorations] CAPPING events from decorations provider vscode.git 5759
2022-12-28 14:55:37.308 [warning] [Decorations] CAPPING events from decorations provider vscode.git 5759
2022-12-28 14:55:43.262 [warning] [Decorations] CAPPING events from decorations provider vscode.git 5759
2022-12-28 14:55:48.944 [warning] [Decorations] CAPPING events from decorations provider vscode.git 5759
2022-12-28 14:55:54.687 [warning] [Decorations] CAPPING events from decorations provider vscode.git 5759
2022-12-28 14:56:00.201 [warning] [Decorations] CAPPING events from decorations provider vscode.git 5759
2022-12-28 14:56:05.793 [warning] [Decorations] CAPPING events from decorations provider vscode.git 5759
2022-12-28 14:56:11.249 [warning] [Decorations] CAPPING events from decorations provider vscode.git 5759
2022-12-28 14:57:31.764 [warning] [Decorations] CAPPING events from decorations provider vscode.git 5759
2022-12-28 14:57:39.611 [warning] [Decorations] CAPPING events from decorations provider vscode.git 5759
2022-12-28 14:57:45.119 [warning] [Decorations] CAPPING events from decorations provider vscode.git 5759
2022-12-28 14:57:51.650 [warning] [Decorations] CAPPING events from decorations provider vscode.git 5759
2022-12-28 14:57:56.977 [warning] [Decorations] CAPPING events from decorations provider vscode.git 5759
2022-12-28 14:58:18.893 [warning] [Decorations] CAPPING events from decorations provider vscode.git 5759
2022-12-28 14:58:25.222 [warning] [Decorations] CAPPING events from decorations provider vscode.git 5759
2022-12-28 14:58:32.487 [warning] [Decorations] CAPPING events from decorations provider vscode.git 5759
2022-12-28 14:58:37.923 [warning] [Decorations] CAPPING events from decorations provider vscode.git 5759
2022-12-28 14:58:43.403 [warning] [Decorations] CAPPING events from decorations provider vscode.git 5759
2022-12-28 14:58:49.400 [warning] [Decorations] CAPPING events from decorations provider vscode.git 5759
2022-12-28 14:58:56.210 [warning] [Decorations] CAPPING events from decorations provider vscode.git 5759
2022-12-28 14:59:03.539 [warning] [Decorations] CAPPING events from decorations provider vscode.git 5759
2022-12-28 14:59:09.926 [warning] [Decorations] CAPPING events from decorations provider vscode.git 5759
2022-12-28 14:59:16.333 [warning] [Decorations] CAPPING events from decorations provider vscode.git 5759
2022-12-28 14:59:22.557 [warning] [Decorations] CAPPING events from decorations provider vscode.git 5759
2022-12-28 14:59:29.195 [warning] [Decorations] CAPPING events from decorations provider vscode.git 5759
2022-12-28 14:59:35.659 [warning] [Decorations] CAPPING events from decorations provider vscode.git 5759
2022-12-28 14:59:42.692 [warning] [Decorations] CAPPING events from decorations provider vscode.git 5759
2022-12-28 14:59:49.975 [warning] [Decorations] CAPPING events from decorations provider vscode.git 5759
2022-12-28 14:59:56.858 [warning] [Decorations] CAPPING events from decorations provider vscode.git 5759
2022-12-28 15:00:04.787 [warning] [Decorations] CAPPING events from decorations provider vscode.git 5759
2022-12-28 15:00:12.052 [warning] [Decorations] CAPPING events from decorations provider vscode.git 5759
2022-12-28 15:00:19.255 [warning] [Decorations] CAPPING events from decorations provider vscode.git 5759
2022-12-28 15:00:26.011 [warning] [Decorations] CAPPING events from decorations provider vscode.git 5759
