2023-01-11 08:21:42.995 [info] Extension host with pid 3755 started
2023-01-11 08:21:43.006 [info] Lock '/home/MalkovMA/.vscode-server/data/User/workspaceStorage/243ebfbc496cc3f09efb5717f1a26cb3/vscode.lock': Lock acquired.
2023-01-11 08:21:43.075 [info] ExtensionService#_doActivateExtension vscode.git-base, startup: true, activationEvent: '*', root cause: vscode.git
2023-01-11 08:21:43.167 [info] ExtensionService#_doActivateExtension vscode.git, startup: true, activationEvent: '*'
2023-01-11 08:21:43.167 [info] ExtensionService#_doActivateExtension vscode.github, startup: true, activationEvent: '*'
2023-01-11 08:21:43.352 [info] ExtensionService#_doActivateExtension vscode.debug-auto-launch, startup: false, activationEvent: 'onStartupFinished'
2023-01-11 08:21:43.353 [info] ExtensionService#_doActivateExtension vscode.emmet, startup: false, activationEvent: 'onStartupFinished'
2023-01-11 08:21:43.353 [info] ExtensionService#_doActivateExtension vscode.merge-conflict, startup: false, activationEvent: 'onStartupFinished'
2023-01-11 08:21:43.353 [info] Eager extensions activated
2023-01-11 08:21:43.681 [warning] [Decorations] CAPPING events from decorations provider vscode.git 7518
2023-01-11 08:21:44.526 [warning] [Decorations] CAPPING events from decorations provider vscode.git 7518
2023-01-11 08:21:46.669 [warning] [Decorations] CAPPING events from decorations provider vscode.git 7519
2023-01-11 08:21:51.805 [warning] [Decorations] CAPPING events from decorations provider vscode.git 7519
2023-01-11 08:21:56.931 [warning] [Decorations] CAPPING events from decorations provider vscode.git 7518
2023-01-11 08:22:02.062 [warning] [Decorations] CAPPING events from decorations provider vscode.git 7518
2023-01-11 08:22:07.179 [warning] [Decorations] CAPPING events from decorations provider vscode.git 7518
2023-01-11 08:22:12.306 [warning] [Decorations] CAPPING events from decorations provider vscode.git 7518
2023-01-11 08:22:17.444 [warning] [Decorations] CAPPING events from decorations provider vscode.git 7518
2023-01-11 08:22:22.604 [warning] [Decorations] CAPPING events from decorations provider vscode.git 7518
2023-01-11 08:22:27.718 [warning] [Decorations] CAPPING events from decorations provider vscode.git 7518
2023-01-11 08:22:32.839 [warning] [Decorations] CAPPING events from decorations provider vscode.git 7518
2023-01-11 08:22:37.965 [warning] [Decorations] CAPPING events from decorations provider vscode.git 7518
2023-01-11 08:22:43.098 [warning] [Decorations] CAPPING events from decorations provider vscode.git 7518
2023-01-11 08:22:48.221 [warning] [Decorations] CAPPING events from decorations provider vscode.git 7518
2023-01-11 08:22:53.344 [warning] [Decorations] CAPPING events from decorations provider vscode.git 7518
2023-01-11 08:22:58.481 [warning] [Decorations] CAPPING events from decorations provider vscode.git 7518
2023-01-11 08:23:03.612 [warning] [Decorations] CAPPING events from decorations provider vscode.git 7518
2023-01-11 08:23:08.726 [warning] [Decorations] CAPPING events from decorations provider vscode.git 7518
2023-01-11 08:23:13.842 [warning] [Decorations] CAPPING events from decorations provider vscode.git 7518
2023-01-11 08:23:18.988 [warning] [Decorations] CAPPING events from decorations provider vscode.git 7518
2023-01-11 08:23:24.105 [warning] [Decorations] CAPPING events from decorations provider vscode.git 7518
2023-01-11 08:23:29.232 [warning] [Decorations] CAPPING events from decorations provider vscode.git 7518
2023-01-11 08:23:34.355 [warning] [Decorations] CAPPING events from decorations provider vscode.git 7518
2023-01-11 08:23:39.483 [warning] [Decorations] CAPPING events from decorations provider vscode.git 7518
2023-01-11 08:23:44.603 [warning] [Decorations] CAPPING events from decorations provider vscode.git 7518
2023-01-11 08:23:49.716 [warning] [Decorations] CAPPING events from decorations provider vscode.git 7518
2023-01-11 08:23:54.837 [warning] [Decorations] CAPPING events from decorations provider vscode.git 7518
2023-01-11 08:23:59.957 [warning] [Decorations] CAPPING events from decorations provider vscode.git 7518
2023-01-11 08:24:05.091 [warning] [Decorations] CAPPING events from decorations provider vscode.git 7518
2023-01-11 08:24:10.226 [warning] [Decorations] CAPPING events from decorations provider vscode.git 7518
2023-01-11 08:24:15.345 [warning] [Decorations] CAPPING events from decorations provider vscode.git 7518
2023-01-11 08:24:20.471 [warning] [Decorations] CAPPING events from decorations provider vscode.git 7518
2023-01-11 08:24:25.598 [warning] [Decorations] CAPPING events from decorations provider vscode.git 7518
2023-01-11 08:24:30.719 [warning] [Decorations] CAPPING events from decorations provider vscode.git 7518
2023-01-11 08:24:35.843 [warning] [Decorations] CAPPING events from decorations provider vscode.git 7518
2023-01-11 08:24:40.958 [warning] [Decorations] CAPPING events from decorations provider vscode.git 7518
2023-01-11 08:24:46.071 [warning] [Decorations] CAPPING events from decorations provider vscode.git 7518
2023-01-11 08:24:51.189 [warning] [Decorations] CAPPING events from decorations provider vscode.git 7518
2023-01-11 08:53:55.926 [warning] [Decorations] CAPPING events from decorations provider vscode.git 7518
2023-01-11 09:26:59.784 [warning] [Decorations] CAPPING events from decorations provider vscode.git 7518
2023-01-11 09:27:04.936 [warning] [Decorations] CAPPING events from decorations provider vscode.git 7518
2023-01-11 09:27:10.059 [warning] [Decorations] CAPPING events from decorations provider vscode.git 7518
2023-01-11 09:27:15.177 [warning] [Decorations] CAPPING events from decorations provider vscode.git 7518
2023-01-11 09:27:20.293 [warning] [Decorations] CAPPING events from decorations provider vscode.git 7518
2023-01-11 09:27:25.412 [warning] [Decorations] CAPPING events from decorations provider vscode.git 7518
2023-01-11 09:27:30.537 [warning] [Decorations] CAPPING events from decorations provider vscode.git 7518
2023-01-11 09:27:35.669 [warning] [Decorations] CAPPING events from decorations provider vscode.git 7518
2023-01-11 09:27:40.796 [warning] [Decorations] CAPPING events from decorations provider vscode.git 7518
2023-01-11 09:27:45.918 [warning] [Decorations] CAPPING events from decorations provider vscode.git 7518
2023-01-11 09:27:51.038 [warning] [Decorations] CAPPING events from decorations provider vscode.git 7518
2023-01-11 09:27:56.166 [warning] [Decorations] CAPPING events from decorations provider vscode.git 7518
2023-01-11 09:28:01.291 [warning] [Decorations] CAPPING events from decorations provider vscode.git 7518
2023-01-11 09:28:06.427 [warning] [Decorations] CAPPING events from decorations provider vscode.git 7518
2023-01-11 09:28:11.586 [warning] [Decorations] CAPPING events from decorations provider vscode.git 7518
2023-01-11 09:28:16.748 [warning] [Decorations] CAPPING events from decorations provider vscode.git 7518
2023-01-11 09:28:21.870 [warning] [Decorations] CAPPING events from decorations provider vscode.git 7518
2023-01-11 09:28:26.984 [warning] [Decorations] CAPPING events from decorations provider vscode.git 7518
2023-01-11 09:28:32.107 [warning] [Decorations] CAPPING events from decorations provider vscode.git 7518
2023-01-11 09:28:37.221 [warning] [Decorations] CAPPING events from decorations provider vscode.git 7518
2023-01-11 09:28:42.339 [warning] [Decorations] CAPPING events from decorations provider vscode.git 7518
2023-01-11 09:28:47.462 [warning] [Decorations] CAPPING events from decorations provider vscode.git 7518
2023-01-11 09:28:52.580 [warning] [Decorations] CAPPING events from decorations provider vscode.git 7518
2023-01-11 09:28:57.709 [warning] [Decorations] CAPPING events from decorations provider vscode.git 7518
2023-01-11 09:29:02.827 [warning] [Decorations] CAPPING events from decorations provider vscode.git 7518
2023-01-11 09:29:07.999 [warning] [Decorations] CAPPING events from decorations provider vscode.git 7518
2023-01-11 09:29:13.113 [warning] [Decorations] CAPPING events from decorations provider vscode.git 7518
2023-01-11 09:29:18.239 [warning] [Decorations] CAPPING events from decorations provider vscode.git 7518
2023-01-11 09:29:23.402 [warning] [Decorations] CAPPING events from decorations provider vscode.git 7518
2023-01-11 09:29:28.559 [warning] [Decorations] CAPPING events from decorations provider vscode.git 7518
2023-01-11 09:29:33.670 [warning] [Decorations] CAPPING events from decorations provider vscode.git 7518
2023-01-11 09:29:38.798 [warning] [Decorations] CAPPING events from decorations provider vscode.git 7518
2023-01-11 09:29:43.916 [warning] [Decorations] CAPPING events from decorations provider vscode.git 7518
2023-01-11 09:29:49.039 [warning] [Decorations] CAPPING events from decorations provider vscode.git 7518
2023-01-11 09:29:54.163 [warning] [Decorations] CAPPING events from decorations provider vscode.git 7518
2023-01-11 09:29:59.303 [warning] [Decorations] CAPPING events from decorations provider vscode.git 7518
2023-01-11 09:30:04.432 [warning] [Decorations] CAPPING events from decorations provider vscode.git 7518
2023-01-11 09:30:09.584 [warning] [Decorations] CAPPING events from decorations provider vscode.git 7518
2023-01-11 09:30:14.723 [warning] [Decorations] CAPPING events from decorations provider vscode.git 7518
2023-01-11 09:30:19.881 [warning] [Decorations] CAPPING events from decorations provider vscode.git 7518
2023-01-11 09:30:25.018 [warning] [Decorations] CAPPING events from decorations provider vscode.git 7518
2023-01-11 09:30:30.165 [warning] [Decorations] CAPPING events from decorations provider vscode.git 7518
2023-01-11 09:30:35.287 [warning] [Decorations] CAPPING events from decorations provider vscode.git 7518
2023-01-11 09:30:40.425 [warning] [Decorations] CAPPING events from decorations provider vscode.git 7518
2023-01-11 09:30:45.555 [warning] [Decorations] CAPPING events from decorations provider vscode.git 7518
2023-01-11 09:30:50.683 [warning] [Decorations] CAPPING events from decorations provider vscode.git 7518
2023-01-11 09:30:55.807 [warning] [Decorations] CAPPING events from decorations provider vscode.git 7518
2023-01-11 09:31:00.927 [warning] [Decorations] CAPPING events from decorations provider vscode.git 7518
2023-01-11 09:31:06.051 [warning] [Decorations] CAPPING events from decorations provider vscode.git 7518
2023-01-11 09:31:11.172 [warning] [Decorations] CAPPING events from decorations provider vscode.git 7518
2023-01-11 09:31:16.290 [warning] [Decorations] CAPPING events from decorations provider vscode.git 7518
2023-01-11 09:31:21.406 [warning] [Decorations] CAPPING events from decorations provider vscode.git 7518
2023-01-11 09:31:26.529 [warning] [Decorations] CAPPING events from decorations provider vscode.git 7518
2023-01-11 09:31:31.648 [warning] [Decorations] CAPPING events from decorations provider vscode.git 7518
2023-01-11 09:31:36.778 [warning] [Decorations] CAPPING events from decorations provider vscode.git 7518
2023-01-11 09:31:41.904 [warning] [Decorations] CAPPING events from decorations provider vscode.git 7518
2023-01-11 09:31:47.029 [warning] [Decorations] CAPPING events from decorations provider vscode.git 7518
2023-01-11 09:31:52.168 [warning] [Decorations] CAPPING events from decorations provider vscode.git 7518
2023-01-11 09:31:57.287 [warning] [Decorations] CAPPING events from decorations provider vscode.git 7518
2023-01-11 09:32:02.419 [warning] [Decorations] CAPPING events from decorations provider vscode.git 7518
2023-01-11 09:32:07.534 [warning] [Decorations] CAPPING events from decorations provider vscode.git 7518
2023-01-11 09:32:12.652 [warning] [Decorations] CAPPING events from decorations provider vscode.git 7518
2023-01-11 09:32:17.770 [warning] [Decorations] CAPPING events from decorations provider vscode.git 7518
2023-01-11 09:32:22.888 [warning] [Decorations] CAPPING events from decorations provider vscode.git 7518
2023-01-11 09:32:28.021 [warning] [Decorations] CAPPING events from decorations provider vscode.git 7518
2023-01-11 09:32:33.142 [warning] [Decorations] CAPPING events from decorations provider vscode.git 7518
2023-01-11 09:32:38.266 [warning] [Decorations] CAPPING events from decorations provider vscode.git 7518
2023-01-11 09:32:43.385 [warning] [Decorations] CAPPING events from decorations provider vscode.git 7518
2023-01-11 09:32:48.506 [warning] [Decorations] CAPPING events from decorations provider vscode.git 7518
2023-01-11 09:32:53.621 [warning] [Decorations] CAPPING events from decorations provider vscode.git 7518
2023-01-11 09:32:58.740 [warning] [Decorations] CAPPING events from decorations provider vscode.git 7518
2023-01-11 09:33:03.860 [warning] [Decorations] CAPPING events from decorations provider vscode.git 7518
2023-01-11 09:33:09.011 [warning] [Decorations] CAPPING events from decorations provider vscode.git 7518
2023-01-11 09:33:14.155 [warning] [Decorations] CAPPING events from decorations provider vscode.git 7518
2023-01-11 09:33:19.302 [warning] [Decorations] CAPPING events from decorations provider vscode.git 7518
2023-01-11 09:33:24.459 [warning] [Decorations] CAPPING events from decorations provider vscode.git 7518
2023-01-11 09:33:29.625 [warning] [Decorations] CAPPING events from decorations provider vscode.git 7518
2023-01-11 09:33:34.749 [warning] [Decorations] CAPPING events from decorations provider vscode.git 7518
2023-01-11 09:33:39.865 [warning] [Decorations] CAPPING events from decorations provider vscode.git 7518
2023-01-11 09:33:44.988 [warning] [Decorations] CAPPING events from decorations provider vscode.git 7518
2023-01-11 09:33:50.103 [warning] [Decorations] CAPPING events from decorations provider vscode.git 7518
2023-01-11 09:33:55.220 [warning] [Decorations] CAPPING events from decorations provider vscode.git 7518
2023-01-11 09:34:00.339 [warning] [Decorations] CAPPING events from decorations provider vscode.git 7518
2023-01-11 09:34:05.468 [warning] [Decorations] CAPPING events from decorations provider vscode.git 7518
2023-01-11 09:34:10.594 [warning] [Decorations] CAPPING events from decorations provider vscode.git 7518
2023-01-11 09:34:15.715 [warning] [Decorations] CAPPING events from decorations provider vscode.git 7518
2023-01-11 09:34:20.839 [warning] [Decorations] CAPPING events from decorations provider vscode.git 7518
2023-01-11 09:34:25.961 [warning] [Decorations] CAPPING events from decorations provider vscode.git 7518
2023-01-11 09:34:31.112 [warning] [Decorations] CAPPING events from decorations provider vscode.git 7518
2023-01-11 09:34:36.268 [warning] [Decorations] CAPPING events from decorations provider vscode.git 7518
2023-01-11 09:34:41.435 [warning] [Decorations] CAPPING events from decorations provider vscode.git 7518
2023-01-11 09:34:46.555 [warning] [Decorations] CAPPING events from decorations provider vscode.git 7518
2023-01-11 09:34:51.671 [warning] [Decorations] CAPPING events from decorations provider vscode.git 7518
2023-01-11 09:34:56.784 [warning] [Decorations] CAPPING events from decorations provider vscode.git 7518
2023-01-11 09:35:01.897 [warning] [Decorations] CAPPING events from decorations provider vscode.git 7518
2023-01-11 09:35:07.022 [warning] [Decorations] CAPPING events from decorations provider vscode.git 7518
2023-01-11 09:35:12.132 [warning] [Decorations] CAPPING events from decorations provider vscode.git 7518
2023-01-11 09:35:17.258 [warning] [Decorations] CAPPING events from decorations provider vscode.git 7518
2023-01-11 09:35:22.372 [warning] [Decorations] CAPPING events from decorations provider vscode.git 7518
2023-01-11 09:35:27.502 [warning] [Decorations] CAPPING events from decorations provider vscode.git 7518
2023-01-11 09:35:32.618 [warning] [Decorations] CAPPING events from decorations provider vscode.git 7518
2023-01-11 09:35:37.741 [warning] [Decorations] CAPPING events from decorations provider vscode.git 7518
2023-01-11 09:35:42.847 [warning] [Decorations] CAPPING events from decorations provider vscode.git 7518
2023-01-11 09:35:47.973 [warning] [Decorations] CAPPING events from decorations provider vscode.git 7518
2023-01-11 09:35:53.103 [warning] [Decorations] CAPPING events from decorations provider vscode.git 7518
2023-01-11 09:35:58.218 [warning] [Decorations] CAPPING events from decorations provider vscode.git 7518
2023-01-11 09:36:03.333 [warning] [Decorations] CAPPING events from decorations provider vscode.git 7518
2023-01-11 09:36:08.456 [warning] [Decorations] CAPPING events from decorations provider vscode.git 7518
2023-01-11 09:36:13.570 [warning] [Decorations] CAPPING events from decorations provider vscode.git 7518
2023-01-11 09:36:18.675 [warning] [Decorations] CAPPING events from decorations provider vscode.git 7518
2023-01-11 09:36:23.796 [warning] [Decorations] CAPPING events from decorations provider vscode.git 7518
2023-01-11 09:36:28.919 [warning] [Decorations] CAPPING events from decorations provider vscode.git 7518
2023-01-11 09:36:34.036 [warning] [Decorations] CAPPING events from decorations provider vscode.git 7518
2023-01-11 09:36:39.143 [warning] [Decorations] CAPPING events from decorations provider vscode.git 7518
2023-01-11 09:36:44.253 [warning] [Decorations] CAPPING events from decorations provider vscode.git 7518
2023-01-11 09:36:49.371 [warning] [Decorations] CAPPING events from decorations provider vscode.git 7518
2023-01-11 09:50:08.994 [info] Extension host terminating: renderer disconnected for too long (2)
2023-01-11 09:50:08.995 [info] Lock '/home/MalkovMA/.vscode-server/data/User/workspaceStorage/243ebfbc496cc3f09efb5717f1a26cb3/vscode.lock': Marking the lockfile as scheduled to be released in 6000 ms.
2023-01-11 09:50:09.003 [info] Extension host with pid 3755 exiting with code 0
