2022-12-28 11:11:41.980 [info] Extension host with pid 1493 started
2022-12-28 11:11:42.058 [error] Error: EEXIST: file already exists, open '/home/ChudakovDA/.vscode-server/data/User/workspaceStorage/32f6ad41183c5beef815be365d8df15a/vscode.lock'
2022-12-28 11:11:42.134 [info] Lock '/home/ChudakovDA/.vscode-server/data/User/workspaceStorage/32f6ad41183c5beef815be365d8df15a/vscode.lock': Could not acquire lock, checking if the file is stale.
2022-12-28 11:11:42.145 [info] Lock '/home/ChudakovDA/.vscode-server/data/User/workspaceStorage/32f6ad41183c5beef815be365d8df15a/vscode.lock': The pid 2735 appears to be gone.
2022-12-28 11:11:42.145 [info] Lock '/home/ChudakovDA/.vscode-server/data/User/workspaceStorage/32f6ad41183c5beef815be365d8df15a/vscode.lock': Deleting a stale lock.
2022-12-28 11:11:42.164 [info] Lock '/home/ChudakovDA/.vscode-server/data/User/workspaceStorage/32f6ad41183c5beef815be365d8df15a/vscode.lock': Lock acquired.
2022-12-28 11:11:42.348 [info] ExtensionService#_doActivateExtension vscode.git-base, startup: true, activationEvent: '*', root cause: vscode.git
2022-12-28 11:11:43.222 [info] ExtensionService#_doActivateExtension vscode.git, startup: true, activationEvent: '*'
2022-12-28 11:11:43.226 [info] ExtensionService#_doActivateExtension vscode.github, startup: true, activationEvent: '*'
2022-12-28 11:11:44.738 [info] ExtensionService#_doActivateExtension vscode.debug-auto-launch, startup: false, activationEvent: 'onStartupFinished'
2022-12-28 11:11:44.739 [info] ExtensionService#_doActivateExtension vscode.emmet, startup: false, activationEvent: 'onStartupFinished'
2022-12-28 11:11:44.741 [info] ExtensionService#_doActivateExtension vscode.merge-conflict, startup: false, activationEvent: 'onStartupFinished'
2022-12-28 11:11:44.742 [info] Eager extensions activated
2022-12-28 11:11:46.153 [warning] [Decorations] CAPPING events from decorations provider vscode.git 5775
2022-12-28 11:11:49.218 [warning] [Decorations] CAPPING events from decorations provider vscode.git 5775
2022-12-28 11:13:08.349 [warning] [Decorations] CAPPING events from decorations provider vscode.git 5767
2022-12-28 11:13:13.621 [warning] [Decorations] CAPPING events from decorations provider vscode.git 5767
2022-12-28 11:13:18.994 [warning] [Decorations] CAPPING events from decorations provider vscode.git 5767
2022-12-28 11:13:57.932 [warning] [Decorations] CAPPING events from decorations provider vscode.git 5767
2022-12-28 11:14:03.204 [warning] [Decorations] CAPPING events from decorations provider vscode.git 5767
2022-12-28 11:14:08.465 [warning] [Decorations] CAPPING events from decorations provider vscode.git 5767
2022-12-28 11:16:20.636 [warning] [Decorations] CAPPING events from decorations provider vscode.git 5767
2022-12-28 11:36:25.255 [warning] [Decorations] CAPPING events from decorations provider vscode.git 5767
2022-12-28 11:37:30.012 [warning] [Decorations] CAPPING events from decorations provider vscode.git 5767
2022-12-28 11:41:31.964 [warning] [Decorations] CAPPING events from decorations provider vscode.git 5767
2022-12-28 11:41:37.228 [warning] [Decorations] CAPPING events from decorations provider vscode.git 5767
2022-12-28 11:41:42.532 [warning] [Decorations] CAPPING events from decorations provider vscode.git 5767
2022-12-28 11:41:47.908 [warning] [Decorations] CAPPING events from decorations provider vscode.git 5767
2022-12-28 11:41:53.160 [warning] [Decorations] CAPPING events from decorations provider vscode.git 5767
2022-12-28 11:41:58.563 [warning] [Decorations] CAPPING events from decorations provider vscode.git 5767
2022-12-28 11:42:03.822 [warning] [Decorations] CAPPING events from decorations provider vscode.git 5767
2022-12-28 11:42:09.157 [warning] [Decorations] CAPPING events from decorations provider vscode.git 5767
2022-12-28 11:42:14.423 [warning] [Decorations] CAPPING events from decorations provider vscode.git 5767
2022-12-28 11:42:19.686 [warning] [Decorations] CAPPING events from decorations provider vscode.git 5767
2022-12-28 11:42:24.950 [warning] [Decorations] CAPPING events from decorations provider vscode.git 5767
2022-12-28 11:42:30.296 [warning] [Decorations] CAPPING events from decorations provider vscode.git 5769
2022-12-28 11:42:35.656 [warning] [Decorations] CAPPING events from decorations provider vscode.git 5769
2022-12-28 11:42:41.016 [warning] [Decorations] CAPPING events from decorations provider vscode.git 5769
2022-12-28 11:42:46.369 [warning] [Decorations] CAPPING events from decorations provider vscode.git 5769
2022-12-28 11:42:51.632 [warning] [Decorations] CAPPING events from decorations provider vscode.git 5769
2022-12-28 11:42:56.986 [warning] [Decorations] CAPPING events from decorations provider vscode.git 5769
2022-12-28 11:43:02.243 [warning] [Decorations] CAPPING events from decorations provider vscode.git 5769
2022-12-28 11:43:07.582 [warning] [Decorations] CAPPING events from decorations provider vscode.git 5769
2022-12-28 11:43:12.829 [warning] [Decorations] CAPPING events from decorations provider vscode.git 5769
2022-12-28 11:43:18.153 [warning] [Decorations] CAPPING events from decorations provider vscode.git 5769
2022-12-28 11:43:23.422 [warning] [Decorations] CAPPING events from decorations provider vscode.git 5769
2022-12-28 11:43:28.772 [warning] [Decorations] CAPPING events from decorations provider vscode.git 5769
2022-12-28 11:44:19.958 [warning] [Decorations] CAPPING events from decorations provider vscode.git 5769
2022-12-28 11:44:33.286 [warning] [Decorations] CAPPING events from decorations provider vscode.git 5769
2022-12-28 11:44:38.584 [warning] [Decorations] CAPPING events from decorations provider vscode.git 5769
2022-12-28 11:44:44.324 [warning] [Decorations] CAPPING events from decorations provider vscode.git 5769
2022-12-28 11:45:48.059 [warning] [Decorations] CAPPING events from decorations provider vscode.git 5769
2022-12-28 11:45:53.331 [warning] [Decorations] CAPPING events from decorations provider vscode.git 5769
2022-12-28 11:45:58.615 [warning] [Decorations] CAPPING events from decorations provider vscode.git 5769
2022-12-28 11:46:04.017 [warning] [Decorations] CAPPING events from decorations provider vscode.git 5769
2022-12-28 11:46:09.264 [warning] [Decorations] CAPPING events from decorations provider vscode.git 5769
2022-12-28 11:46:14.617 [warning] [Decorations] CAPPING events from decorations provider vscode.git 5769
2022-12-28 11:46:19.887 [warning] [Decorations] CAPPING events from decorations provider vscode.git 5769
2022-12-28 11:46:25.252 [warning] [Decorations] CAPPING events from decorations provider vscode.git 5769
2022-12-28 11:46:30.597 [warning] [Decorations] CAPPING events from decorations provider vscode.git 5769
2022-12-28 11:56:30.481 [warning] [Decorations] CAPPING events from decorations provider vscode.git 5769
2022-12-28 11:56:35.909 [warning] [Decorations] CAPPING events from decorations provider vscode.git 5769
2022-12-28 11:56:41.203 [warning] [Decorations] CAPPING events from decorations provider vscode.git 5769
2022-12-28 11:56:46.494 [warning] [Decorations] CAPPING events from decorations provider vscode.git 5769
2022-12-28 11:56:51.761 [warning] [Decorations] CAPPING events from decorations provider vscode.git 5769
2022-12-28 11:56:57.019 [warning] [Decorations] CAPPING events from decorations provider vscode.git 5769
2022-12-28 11:57:02.422 [warning] [Decorations] CAPPING events from decorations provider vscode.git 5769
2022-12-28 11:57:07.678 [warning] [Decorations] CAPPING events from decorations provider vscode.git 5769
2022-12-28 11:57:13.125 [warning] [Decorations] CAPPING events from decorations provider vscode.git 5769
2022-12-28 11:57:18.396 [warning] [Decorations] CAPPING events from decorations provider vscode.git 5769
2022-12-28 11:57:23.738 [warning] [Decorations] CAPPING events from decorations provider vscode.git 5769
2022-12-28 11:57:29.076 [warning] [Decorations] CAPPING events from decorations provider vscode.git 5769
2022-12-28 11:57:34.328 [warning] [Decorations] CAPPING events from decorations provider vscode.git 5769
2022-12-28 11:57:39.688 [warning] [Decorations] CAPPING events from decorations provider vscode.git 5769
2022-12-28 11:58:08.545 [warning] [Decorations] CAPPING events from decorations provider vscode.git 5769
2022-12-28 11:58:13.794 [warning] [Decorations] CAPPING events from decorations provider vscode.git 5769
2022-12-28 11:58:20.728 [warning] [Decorations] CAPPING events from decorations provider vscode.git 5769
2022-12-28 11:58:26.085 [warning] [Decorations] CAPPING events from decorations provider vscode.git 5769
2022-12-28 11:58:31.463 [warning] [Decorations] CAPPING events from decorations provider vscode.git 5769
2022-12-28 11:58:36.715 [warning] [Decorations] CAPPING events from decorations provider vscode.git 5769
2022-12-28 11:58:53.143 [warning] [Decorations] CAPPING events from decorations provider vscode.git 5769
2022-12-28 11:58:58.428 [warning] [Decorations] CAPPING events from decorations provider vscode.git 5769
2022-12-28 11:59:52.778 [warning] [Decorations] CAPPING events from decorations provider vscode.git 5769
2022-12-28 11:59:58.031 [warning] [Decorations] CAPPING events from decorations provider vscode.git 5769
2022-12-28 12:00:03.296 [warning] [Decorations] CAPPING events from decorations provider vscode.git 5769
2022-12-28 12:00:08.687 [warning] [Decorations] CAPPING events from decorations provider vscode.git 5769
2022-12-28 12:00:13.987 [warning] [Decorations] CAPPING events from decorations provider vscode.git 5769
2022-12-28 12:00:19.350 [warning] [Decorations] CAPPING events from decorations provider vscode.git 5769
2022-12-28 12:00:24.613 [warning] [Decorations] CAPPING events from decorations provider vscode.git 5769
2022-12-28 12:00:29.955 [warning] [Decorations] CAPPING events from decorations provider vscode.git 5769
2022-12-28 12:00:35.205 [warning] [Decorations] CAPPING events from decorations provider vscode.git 5769
2022-12-28 12:00:40.477 [warning] [Decorations] CAPPING events from decorations provider vscode.git 5769
2022-12-28 12:00:45.836 [warning] [Decorations] CAPPING events from decorations provider vscode.git 5769
2022-12-28 12:00:51.103 [warning] [Decorations] CAPPING events from decorations provider vscode.git 5769
2022-12-28 12:00:56.373 [warning] [Decorations] CAPPING events from decorations provider vscode.git 5769
2022-12-28 12:01:01.776 [warning] [Decorations] CAPPING events from decorations provider vscode.git 5769
2022-12-28 12:01:25.769 [warning] [Decorations] CAPPING events from decorations provider vscode.git 5769
2022-12-28 12:01:31.034 [warning] [Decorations] CAPPING events from decorations provider vscode.git 5769
2022-12-28 12:01:36.310 [warning] [Decorations] CAPPING events from decorations provider vscode.git 5769
2022-12-28 12:01:47.712 [warning] [Decorations] CAPPING events from decorations provider vscode.git 5769
2022-12-28 12:01:52.982 [warning] [Decorations] CAPPING events from decorations provider vscode.git 5769
2022-12-28 12:01:58.240 [warning] [Decorations] CAPPING events from decorations provider vscode.git 5769
2022-12-28 12:02:03.686 [warning] [Decorations] CAPPING events from decorations provider vscode.git 5769
2022-12-28 12:02:08.977 [warning] [Decorations] CAPPING events from decorations provider vscode.git 5769
2022-12-28 12:02:14.245 [warning] [Decorations] CAPPING events from decorations provider vscode.git 5769
2022-12-28 12:02:19.598 [warning] [Decorations] CAPPING events from decorations provider vscode.git 5769
2022-12-28 12:02:24.866 [warning] [Decorations] CAPPING events from decorations provider vscode.git 5769
2022-12-28 12:02:30.114 [warning] [Decorations] CAPPING events from decorations provider vscode.git 5769
2022-12-28 12:02:35.472 [warning] [Decorations] CAPPING events from decorations provider vscode.git 5769
2022-12-28 12:02:40.722 [warning] [Decorations] CAPPING events from decorations provider vscode.git 5769
2022-12-28 12:02:46.110 [warning] [Decorations] CAPPING events from decorations provider vscode.git 5769
2022-12-28 12:02:51.360 [warning] [Decorations] CAPPING events from decorations provider vscode.git 5769
2022-12-28 12:02:56.706 [warning] [Decorations] CAPPING events from decorations provider vscode.git 5769
2022-12-28 12:03:02.065 [warning] [Decorations] CAPPING events from decorations provider vscode.git 5769
2022-12-28 12:03:07.402 [warning] [Decorations] CAPPING events from decorations provider vscode.git 5769
2022-12-28 12:03:29.172 [warning] [Decorations] CAPPING events from decorations provider vscode.git 5769
2022-12-28 12:03:34.495 [warning] [Decorations] CAPPING events from decorations provider vscode.git 5769
2022-12-28 12:03:39.868 [warning] [Decorations] CAPPING events from decorations provider vscode.git 5769
2022-12-28 12:03:45.189 [warning] [Decorations] CAPPING events from decorations provider vscode.git 5769
2022-12-28 12:03:50.581 [warning] [Decorations] CAPPING events from decorations provider vscode.git 5769
2022-12-28 12:03:55.967 [warning] [Decorations] CAPPING events from decorations provider vscode.git 5769
2022-12-28 12:04:01.284 [warning] [Decorations] CAPPING events from decorations provider vscode.git 5769
2022-12-28 12:04:06.550 [warning] [Decorations] CAPPING events from decorations provider vscode.git 5769
2022-12-28 12:04:11.826 [warning] [Decorations] CAPPING events from decorations provider vscode.git 5770
2022-12-28 12:04:17.186 [warning] [Decorations] CAPPING events from decorations provider vscode.git 5770
2022-12-28 12:05:09.433 [warning] [Decorations] CAPPING events from decorations provider vscode.git 5770
2022-12-28 12:05:14.709 [warning] [Decorations] CAPPING events from decorations provider vscode.git 5770
2022-12-28 12:05:50.164 [warning] [Decorations] CAPPING events from decorations provider vscode.git 5770
2022-12-28 12:06:12.431 [warning] [Decorations] CAPPING events from decorations provider vscode.git 5770
2022-12-28 12:06:17.767 [warning] [Decorations] CAPPING events from decorations provider vscode.git 5770
2022-12-28 12:06:23.164 [warning] [Decorations] CAPPING events from decorations provider vscode.git 5770
2022-12-28 12:06:28.436 [warning] [Decorations] CAPPING events from decorations provider vscode.git 5770
2022-12-28 12:06:33.779 [warning] [Decorations] CAPPING events from decorations provider vscode.git 5770
2022-12-28 12:06:39.044 [warning] [Decorations] CAPPING events from decorations provider vscode.git 5770
2022-12-28 12:06:44.303 [warning] [Decorations] CAPPING events from decorations provider vscode.git 5770
2022-12-28 12:06:49.642 [warning] [Decorations] CAPPING events from decorations provider vscode.git 5770
2022-12-28 12:06:54.907 [warning] [Decorations] CAPPING events from decorations provider vscode.git 5770
2022-12-28 12:07:00.181 [warning] [Decorations] CAPPING events from decorations provider vscode.git 5770
2022-12-28 12:07:05.444 [warning] [Decorations] CAPPING events from decorations provider vscode.git 5770
2022-12-28 12:07:10.772 [warning] [Decorations] CAPPING events from decorations provider vscode.git 5770
2022-12-28 12:07:16.210 [warning] [Decorations] CAPPING events from decorations provider vscode.git 5770
2022-12-28 12:07:21.480 [warning] [Decorations] CAPPING events from decorations provider vscode.git 5770
2022-12-28 12:07:26.833 [warning] [Decorations] CAPPING events from decorations provider vscode.git 5770
2022-12-28 12:07:32.091 [warning] [Decorations] CAPPING events from decorations provider vscode.git 5770
2022-12-28 12:07:37.445 [warning] [Decorations] CAPPING events from decorations provider vscode.git 5770
2022-12-28 12:07:42.810 [warning] [Decorations] CAPPING events from decorations provider vscode.git 5770
2022-12-28 12:07:48.092 [warning] [Decorations] CAPPING events from decorations provider vscode.git 5770
2022-12-28 12:07:53.439 [warning] [Decorations] CAPPING events from decorations provider vscode.git 5770
2022-12-28 12:07:58.683 [warning] [Decorations] CAPPING events from decorations provider vscode.git 5770
2022-12-28 12:08:18.217 [warning] [Decorations] CAPPING events from decorations provider vscode.git 5770
2022-12-28 12:08:23.576 [warning] [Decorations] CAPPING events from decorations provider vscode.git 5770
2022-12-28 12:08:29.894 [warning] [Decorations] CAPPING events from decorations provider vscode.git 5770
2022-12-28 12:08:35.267 [warning] [Decorations] CAPPING events from decorations provider vscode.git 5770
2022-12-28 12:08:40.531 [warning] [Decorations] CAPPING events from decorations provider vscode.git 5770
2022-12-28 12:08:45.867 [warning] [Decorations] CAPPING events from decorations provider vscode.git 5770
2022-12-28 12:08:51.124 [warning] [Decorations] CAPPING events from decorations provider vscode.git 5770
2022-12-28 12:08:56.393 [warning] [Decorations] CAPPING events from decorations provider vscode.git 5770
2022-12-28 12:09:01.690 [warning] [Decorations] CAPPING events from decorations provider vscode.git 5770
2022-12-28 12:09:40.748 [warning] [Decorations] CAPPING events from decorations provider vscode.git 5770
2022-12-28 12:09:48.826 [warning] [Decorations] CAPPING events from decorations provider vscode.git 5770
2022-12-28 12:09:54.103 [warning] [Decorations] CAPPING events from decorations provider vscode.git 5770
2022-12-28 12:09:59.446 [warning] [Decorations] CAPPING events from decorations provider vscode.git 5770
2022-12-28 12:10:07.665 [warning] [Decorations] CAPPING events from decorations provider vscode.git 5770
2022-12-28 12:10:13.126 [warning] [Decorations] CAPPING events from decorations provider vscode.git 5770
2022-12-28 12:10:23.335 [warning] [Decorations] CAPPING events from decorations provider vscode.git 5770
2022-12-28 12:10:28.588 [warning] [Decorations] CAPPING events from decorations provider vscode.git 5770
2022-12-28 12:10:34.183 [warning] [Decorations] CAPPING events from decorations provider vscode.git 5770
2022-12-28 12:10:39.436 [warning] [Decorations] CAPPING events from decorations provider vscode.git 5770
2022-12-28 12:10:44.781 [warning] [Decorations] CAPPING events from decorations provider vscode.git 5770
2022-12-28 12:10:50.174 [warning] [Decorations] CAPPING events from decorations provider vscode.git 5770
2022-12-28 12:10:55.436 [warning] [Decorations] CAPPING events from decorations provider vscode.git 5770
2022-12-28 12:11:00.707 [warning] [Decorations] CAPPING events from decorations provider vscode.git 5770
2022-12-28 12:11:06.069 [warning] [Decorations] CAPPING events from decorations provider vscode.git 5770
2022-12-28 12:11:11.440 [warning] [Decorations] CAPPING events from decorations provider vscode.git 5770
2022-12-28 12:11:20.700 [warning] [Decorations] CAPPING events from decorations provider vscode.git 5770
2022-12-28 12:11:25.977 [warning] [Decorations] CAPPING events from decorations provider vscode.git 5770
2022-12-28 12:11:31.442 [warning] [Decorations] CAPPING events from decorations provider vscode.git 5770
2022-12-28 12:11:36.852 [warning] [Decorations] CAPPING events from decorations provider vscode.git 5770
2022-12-28 12:11:42.250 [warning] [Decorations] CAPPING events from decorations provider vscode.git 5770
2022-12-28 12:11:47.614 [warning] [Decorations] CAPPING events from decorations provider vscode.git 5770
2022-12-28 12:11:53.246 [warning] [Decorations] CAPPING events from decorations provider vscode.git 5770
2022-12-28 12:11:59.266 [warning] [Decorations] CAPPING events from decorations provider vscode.git 5770
2022-12-28 12:12:06.929 [warning] [Decorations] CAPPING events from decorations provider vscode.git 5770
2022-12-28 12:12:12.461 [warning] [Decorations] CAPPING events from decorations provider vscode.git 5770
2022-12-28 12:12:18.024 [warning] [Decorations] CAPPING events from decorations provider vscode.git 5770
2022-12-28 12:12:23.402 [warning] [Decorations] CAPPING events from decorations provider vscode.git 5770
2022-12-28 12:12:28.875 [warning] [Decorations] CAPPING events from decorations provider vscode.git 5770
2022-12-28 12:12:34.970 [warning] [Decorations] CAPPING events from decorations provider vscode.git 5770
2022-12-28 12:12:40.697 [warning] [Decorations] CAPPING events from decorations provider vscode.git 5770
2022-12-28 12:12:46.928 [warning] [Decorations] CAPPING events from decorations provider vscode.git 5770
2022-12-28 12:12:52.743 [warning] [Decorations] CAPPING events from decorations provider vscode.git 5770
2022-12-28 12:12:59.074 [warning] [Decorations] CAPPING events from decorations provider vscode.git 5770
2022-12-28 12:13:04.833 [warning] [Decorations] CAPPING events from decorations provider vscode.git 5770
2022-12-28 12:13:10.209 [warning] [Decorations] CAPPING events from decorations provider vscode.git 5770
2022-12-28 12:13:15.919 [warning] [Decorations] CAPPING events from decorations provider vscode.git 5770
2022-12-28 12:13:21.456 [warning] [Decorations] CAPPING events from decorations provider vscode.git 5770
2022-12-28 12:13:27.337 [warning] [Decorations] CAPPING events from decorations provider vscode.git 5770
2022-12-28 12:13:33.541 [warning] [Decorations] CAPPING events from decorations provider vscode.git 5770
2022-12-28 12:13:39.761 [warning] [Decorations] CAPPING events from decorations provider vscode.git 5770
2022-12-28 12:13:52.328 [warning] [Decorations] CAPPING events from decorations provider vscode.git 5770
2022-12-28 12:13:57.851 [warning] [Decorations] CAPPING events from decorations provider vscode.git 5770
2022-12-28 12:14:03.781 [warning] [Decorations] CAPPING events from decorations provider vscode.git 5770
2022-12-28 12:14:09.141 [warning] [Decorations] CAPPING events from decorations provider vscode.git 5770
2022-12-28 12:14:14.611 [warning] [Decorations] CAPPING events from decorations provider vscode.git 5770
2022-12-28 12:14:19.990 [warning] [Decorations] CAPPING events from decorations provider vscode.git 5770
2022-12-28 12:15:09.990 [warning] [Decorations] CAPPING events from decorations provider vscode.git 5770
2022-12-28 12:15:15.271 [warning] [Decorations] CAPPING events from decorations provider vscode.git 5770
2022-12-28 12:17:13.335 [warning] [Decorations] CAPPING events from decorations provider vscode.git 5770
2022-12-28 12:17:18.598 [warning] [Decorations] CAPPING events from decorations provider vscode.git 5770
2022-12-28 12:17:23.897 [warning] [Decorations] CAPPING events from decorations provider vscode.git 5770
2022-12-28 12:17:29.257 [warning] [Decorations] CAPPING events from decorations provider vscode.git 5770
2022-12-28 12:17:34.515 [warning] [Decorations] CAPPING events from decorations provider vscode.git 5770
2022-12-28 12:17:39.795 [warning] [Decorations] CAPPING events from decorations provider vscode.git 5770
2022-12-28 12:17:45.152 [warning] [Decorations] CAPPING events from decorations provider vscode.git 5770
2022-12-28 12:17:50.753 [warning] [Decorations] CAPPING events from decorations provider vscode.git 5770
2022-12-28 12:17:56.090 [warning] [Decorations] CAPPING events from decorations provider vscode.git 5770
2022-12-28 12:18:01.503 [warning] [Decorations] CAPPING events from decorations provider vscode.git 5770
2022-12-28 12:18:06.856 [warning] [Decorations] CAPPING events from decorations provider vscode.git 5770
2022-12-28 12:18:12.157 [warning] [Decorations] CAPPING events from decorations provider vscode.git 5770
2022-12-28 12:18:17.686 [warning] [Decorations] CAPPING events from decorations provider vscode.git 5770
2022-12-28 12:18:22.993 [warning] [Decorations] CAPPING events from decorations provider vscode.git 5770
2022-12-28 12:18:28.563 [warning] [Decorations] CAPPING events from decorations provider vscode.git 5770
2022-12-28 12:18:34.055 [warning] [Decorations] CAPPING events from decorations provider vscode.git 5770
2022-12-28 12:18:39.308 [warning] [Decorations] CAPPING events from decorations provider vscode.git 5770
2022-12-28 12:18:44.664 [warning] [Decorations] CAPPING events from decorations provider vscode.git 5770
2022-12-28 12:18:49.994 [warning] [Decorations] CAPPING events from decorations provider vscode.git 5770
2022-12-28 12:18:55.333 [warning] [Decorations] CAPPING events from decorations provider vscode.git 5770
2022-12-28 12:19:00.706 [warning] [Decorations] CAPPING events from decorations provider vscode.git 5772
2022-12-28 12:19:05.974 [warning] [Decorations] CAPPING events from decorations provider vscode.git 5772
2022-12-28 12:19:11.243 [warning] [Decorations] CAPPING events from decorations provider vscode.git 5772
2022-12-28 12:19:16.599 [warning] [Decorations] CAPPING events from decorations provider vscode.git 5772
2022-12-28 12:19:21.897 [warning] [Decorations] CAPPING events from decorations provider vscode.git 5772
2022-12-28 12:19:27.175 [warning] [Decorations] CAPPING events from decorations provider vscode.git 5772
2022-12-28 12:19:32.510 [warning] [Decorations] CAPPING events from decorations provider vscode.git 5772
2022-12-28 12:19:37.777 [warning] [Decorations] CAPPING events from decorations provider vscode.git 5772
2022-12-28 12:19:43.126 [warning] [Decorations] CAPPING events from decorations provider vscode.git 5772
2022-12-28 12:19:48.473 [warning] [Decorations] CAPPING events from decorations provider vscode.git 5772
2022-12-28 12:19:53.905 [warning] [Decorations] CAPPING events from decorations provider vscode.git 5772
2022-12-28 12:19:59.167 [warning] [Decorations] CAPPING events from decorations provider vscode.git 5772
2022-12-28 12:20:04.422 [warning] [Decorations] CAPPING events from decorations provider vscode.git 5772
2022-12-28 12:20:09.805 [warning] [Decorations] CAPPING events from decorations provider vscode.git 5772
2022-12-28 12:20:15.212 [warning] [Decorations] CAPPING events from decorations provider vscode.git 5772
2022-12-28 12:20:20.851 [warning] [Decorations] CAPPING events from decorations provider vscode.git 5772
2022-12-28 12:20:26.594 [warning] [Decorations] CAPPING events from decorations provider vscode.git 5772
2022-12-28 12:20:31.858 [warning] [Decorations] CAPPING events from decorations provider vscode.git 5772
2022-12-28 12:21:46.488 [warning] [Decorations] CAPPING events from decorations provider vscode.git 5772
2022-12-28 12:21:51.759 [warning] [Decorations] CAPPING events from decorations provider vscode.git 5772
2022-12-28 12:21:57.023 [warning] [Decorations] CAPPING events from decorations provider vscode.git 5772
2022-12-28 12:22:02.383 [warning] [Decorations] CAPPING events from decorations provider vscode.git 5772
2022-12-28 12:25:15.332 [warning] [Decorations] CAPPING events from decorations provider vscode.git 5772
2022-12-28 12:25:20.588 [warning] [Decorations] CAPPING events from decorations provider vscode.git 5772
2022-12-28 12:25:25.867 [warning] [Decorations] CAPPING events from decorations provider vscode.git 5772
2022-12-28 12:25:31.193 [warning] [Decorations] CAPPING events from decorations provider vscode.git 5772
2022-12-28 12:25:42.888 [warning] [Decorations] CAPPING events from decorations provider vscode.git 5772
2022-12-28 12:25:44.985 [info] Extension host terminating: received terminate message from renderer
2022-12-28 12:25:45.003 [info] Lock '/home/ChudakovDA/.vscode-server/data/User/workspaceStorage/32f6ad41183c5beef815be365d8df15a/vscode.lock': Marking the lockfile as scheduled to be released in 6000 ms.
2022-12-28 12:25:45.105 [info] Extension host with pid 1493 exiting with code 0
