2023-01-11 07:45:51.230 [info] Log level: Info
2023-01-11 07:45:51.230 [info] Validating found git in: "git"
2023-01-11 07:45:51.230 [info] Using git "2.31.1" from "git"
2023-01-11 07:45:51.230 [info] > git rev-parse --show-toplevel [74ms]
2023-01-11 07:45:51.230 [info] > git rev-parse --git-dir --git-common-dir [7ms]
2023-01-11 07:45:51.230 [info] Open repository: /home/MalkovMA
2023-01-11 07:45:51.230 [info] > git config --get commit.template [2ms]
2023-01-11 07:45:51.230 [info] > git rev-parse --show-toplevel [9ms]
2023-01-11 07:45:51.230 [info] > git rev-parse --show-toplevel [9ms]
2023-01-11 07:45:51.230 [info] > git for-each-ref --format=%(refname)%00%(upstream:short)%00%(objectname)%00%(upstream:track)%00%(upstream:remotename)%00%(upstream:remoteref) refs/heads/master refs/remotes/master [5ms]
2023-01-11 07:45:51.230 [info] > git rev-parse --show-toplevel [12ms]
2023-01-11 07:45:51.230 [info] > git for-each-ref --sort -committerdate --format %(refname) %(objectname) %(*objectname) [12ms]
2023-01-11 07:45:51.230 [info] > git rev-parse --show-toplevel [43ms]
2023-01-11 07:45:51.231 [info] > git status -z -uall [73ms]
2023-01-11 07:45:51.231 [info] > git rev-parse --show-toplevel [158ms]
2023-01-11 07:45:51.231 [info] > git config --get commit.template [725ms]
2023-01-11 07:45:51.231 [info] > git rev-parse --show-toplevel [733ms]
2023-01-11 07:45:51.231 [info] > git check-ignore -v -z --stdin [13ms]
2023-01-11 07:45:51.231 [info] > git rev-parse --show-toplevel [19ms]
2023-01-11 07:45:51.231 [info] > git rev-parse --git-dir --git-common-dir [13ms]
2023-01-11 07:45:51.231 [info] Open repository: /home/MalkovMA/lab4
2023-01-11 07:45:51.231 [info] > git for-each-ref --format=%(refname)%00%(upstream:short)%00%(objectname)%00%(upstream:track)%00%(upstream:remotename)%00%(upstream:remoteref) refs/heads/master refs/remotes/master [21ms]
2023-01-11 07:45:51.231 [info] > git config --get commit.template [18ms]
2023-01-11 07:45:51.231 [info] > git for-each-ref --sort -committerdate --format %(refname) %(objectname) %(*objectname) [12ms]
2023-01-11 07:45:51.231 [info] > git for-each-ref --format=%(refname)%00%(upstream:short)%00%(objectname)%00%(upstream:track)%00%(upstream:remotename)%00%(upstream:remoteref) refs/heads/main refs/remotes/main [10ms]
2023-01-11 07:45:51.231 [info] > git status -z -uall [6ms]
2023-01-11 07:45:51.231 [info] > git for-each-ref --sort -committerdate --format %(refname) %(objectname) %(*objectname) [2ms]
2023-01-11 07:45:51.231 [info] > git status -z -uall [75ms]
2023-01-11 07:45:52.083 [info] > git check-ignore -v -z --stdin [43ms]
2023-01-11 07:45:52.084 [info] > git check-ignore -v -z --stdin [20ms]
2023-01-11 07:45:54.106 [info] > git config --get commit.template [7ms]
2023-01-11 07:45:54.107 [info] > git for-each-ref --format=%(refname)%00%(upstream:short)%00%(objectname)%00%(upstream:track)%00%(upstream:remotename)%00%(upstream:remoteref) refs/heads/master refs/remotes/master [2ms]
2023-01-11 07:45:54.117 [info] > git for-each-ref --sort -committerdate --format %(refname) %(objectname) %(*objectname) [2ms]
2023-01-11 07:45:54.154 [info] > git status -z -uall [42ms]
2023-01-11 07:45:59.247 [info] > git config --get commit.template [6ms]
2023-01-11 07:45:59.248 [info] > git for-each-ref --format=%(refname)%00%(upstream:short)%00%(objectname)%00%(upstream:track)%00%(upstream:remotename)%00%(upstream:remoteref) refs/heads/master refs/remotes/master [2ms]
2023-01-11 07:45:59.257 [info] > git for-each-ref --sort -committerdate --format %(refname) %(objectname) %(*objectname) [1ms]
2023-01-11 07:45:59.287 [info] > git status -z -uall [35ms]
2023-01-11 07:46:04.390 [info] > git config --get commit.template [7ms]
2023-01-11 07:46:04.390 [info] > git for-each-ref --format=%(refname)%00%(upstream:short)%00%(objectname)%00%(upstream:track)%00%(upstream:remotename)%00%(upstream:remoteref) refs/heads/master refs/remotes/master [1ms]
2023-01-11 07:46:04.401 [info] > git for-each-ref --sort -committerdate --format %(refname) %(objectname) %(*objectname) [1ms]
2023-01-11 07:46:04.437 [info] > git status -z -uall [42ms]
2023-01-11 07:46:09.538 [info] > git config --get commit.template [6ms]
2023-01-11 07:46:09.538 [info] > git for-each-ref --format=%(refname)%00%(upstream:short)%00%(objectname)%00%(upstream:track)%00%(upstream:remotename)%00%(upstream:remoteref) refs/heads/master refs/remotes/master [1ms]
2023-01-11 07:46:09.549 [info] > git for-each-ref --sort -committerdate --format %(refname) %(objectname) %(*objectname) [1ms]
2023-01-11 07:46:09.589 [info] > git status -z -uall [46ms]
2023-01-11 07:46:14.679 [info] > git config --get commit.template [7ms]
2023-01-11 07:46:14.680 [info] > git for-each-ref --format=%(refname)%00%(upstream:short)%00%(objectname)%00%(upstream:track)%00%(upstream:remotename)%00%(upstream:remoteref) refs/heads/master refs/remotes/master [1ms]
2023-01-11 07:46:14.691 [info] > git for-each-ref --sort -committerdate --format %(refname) %(objectname) %(*objectname) [1ms]
2023-01-11 07:46:14.729 [info] > git status -z -uall [44ms]
2023-01-11 07:46:19.807 [info] > git config --get commit.template [7ms]
2023-01-11 07:46:19.808 [info] > git for-each-ref --format=%(refname)%00%(upstream:short)%00%(objectname)%00%(upstream:track)%00%(upstream:remotename)%00%(upstream:remoteref) refs/heads/master refs/remotes/master [2ms]
2023-01-11 07:46:19.818 [info] > git for-each-ref --sort -committerdate --format %(refname) %(objectname) %(*objectname) [1ms]
2023-01-11 07:46:19.847 [info] > git status -z -uall [34ms]
2023-01-11 07:46:24.938 [info] > git for-each-ref --format=%(refname)%00%(upstream:short)%00%(objectname)%00%(upstream:track)%00%(upstream:remotename)%00%(upstream:remoteref) refs/heads/master refs/remotes/master [1ms]
2023-01-11 07:46:24.939 [info] > git config --get commit.template [7ms]
2023-01-11 07:46:24.950 [info] > git for-each-ref --sort -committerdate --format %(refname) %(objectname) %(*objectname) [2ms]
2023-01-11 07:46:24.979 [info] > git status -z -uall [36ms]
2023-01-11 07:46:30.070 [info] > git config --get commit.template [6ms]
2023-01-11 07:46:30.071 [info] > git for-each-ref --format=%(refname)%00%(upstream:short)%00%(objectname)%00%(upstream:track)%00%(upstream:remotename)%00%(upstream:remoteref) refs/heads/master refs/remotes/master [1ms]
2023-01-11 07:46:30.081 [info] > git for-each-ref --sort -committerdate --format %(refname) %(objectname) %(*objectname) [1ms]
2023-01-11 07:46:30.110 [info] > git status -z -uall [34ms]
2023-01-11 07:46:35.193 [info] > git config --get commit.template [7ms]
2023-01-11 07:46:35.193 [info] > git for-each-ref --format=%(refname)%00%(upstream:short)%00%(objectname)%00%(upstream:track)%00%(upstream:remotename)%00%(upstream:remoteref) refs/heads/master refs/remotes/master [1ms]
2023-01-11 07:46:35.204 [info] > git for-each-ref --sort -committerdate --format %(refname) %(objectname) %(*objectname) [2ms]
2023-01-11 07:46:35.236 [info] > git status -z -uall [38ms]
2023-01-11 07:46:40.319 [info] > git config --get commit.template [6ms]
2023-01-11 07:46:40.320 [info] > git for-each-ref --format=%(refname)%00%(upstream:short)%00%(objectname)%00%(upstream:track)%00%(upstream:remotename)%00%(upstream:remoteref) refs/heads/master refs/remotes/master [2ms]
2023-01-11 07:46:40.329 [info] > git for-each-ref --sort -committerdate --format %(refname) %(objectname) %(*objectname) [1ms]
2023-01-11 07:46:40.359 [info] > git status -z -uall [35ms]
2023-01-11 07:46:45.429 [info] > git config --get commit.template [1ms]
2023-01-11 07:46:45.436 [info] > git for-each-ref --format=%(refname)%00%(upstream:short)%00%(objectname)%00%(upstream:track)%00%(upstream:remotename)%00%(upstream:remoteref) refs/heads/master refs/remotes/master [2ms]
2023-01-11 07:46:45.444 [info] > git for-each-ref --sort -committerdate --format %(refname) %(objectname) %(*objectname) [1ms]
2023-01-11 07:46:45.484 [info] > git status -z -uall [44ms]
2023-01-11 07:51:40.368 [info] > git config --get commit.template [1ms]
2023-01-11 07:51:40.373 [info] > git for-each-ref --format=%(refname)%00%(upstream:short)%00%(objectname)%00%(upstream:track)%00%(upstream:remotename)%00%(upstream:remoteref) refs/heads/master refs/remotes/master [1ms]
2023-01-11 07:51:40.383 [info] > git for-each-ref --sort -committerdate --format %(refname) %(objectname) %(*objectname) [3ms]
2023-01-11 07:51:40.424 [info] > git status -z -uall [47ms]
2023-01-11 07:51:45.525 [info] > git config --get commit.template [7ms]
2023-01-11 07:51:45.525 [info] > git for-each-ref --format=%(refname)%00%(upstream:short)%00%(objectname)%00%(upstream:track)%00%(upstream:remotename)%00%(upstream:remoteref) refs/heads/master refs/remotes/master [1ms]
2023-01-11 07:51:45.536 [info] > git for-each-ref --sort -committerdate --format %(refname) %(objectname) %(*objectname) [2ms]
2023-01-11 07:51:45.565 [info] > git status -z -uall [35ms]
2023-01-11 07:51:50.643 [info] > git config --get commit.template [6ms]
2023-01-11 07:51:50.643 [info] > git for-each-ref --format=%(refname)%00%(upstream:short)%00%(objectname)%00%(upstream:track)%00%(upstream:remotename)%00%(upstream:remoteref) refs/heads/master refs/remotes/master [1ms]
2023-01-11 07:51:50.653 [info] > git for-each-ref --sort -committerdate --format %(refname) %(objectname) %(*objectname) [2ms]
2023-01-11 07:51:50.685 [info] > git status -z -uall [37ms]
2023-01-11 07:51:55.762 [info] > git config --get commit.template [7ms]
2023-01-11 07:51:55.762 [info] > git for-each-ref --format=%(refname)%00%(upstream:short)%00%(objectname)%00%(upstream:track)%00%(upstream:remotename)%00%(upstream:remoteref) refs/heads/master refs/remotes/master [1ms]
2023-01-11 07:51:55.791 [info] > git for-each-ref --sort -committerdate --format %(refname) %(objectname) %(*objectname) [18ms]
2023-01-11 07:51:55.825 [info] > git status -z -uall [57ms]
2023-01-11 08:09:01.968 [info] > git for-each-ref --format=%(refname)%00%(upstream:short)%00%(objectname)%00%(upstream:track)%00%(upstream:remotename)%00%(upstream:remoteref) refs/heads/master refs/remotes/master [1ms]
2023-01-11 08:09:01.969 [info] > git config --get commit.template [5ms]
2023-01-11 08:09:01.977 [info] > git for-each-ref --sort -committerdate --format %(refname) %(objectname) %(*objectname) [2ms]
2023-01-11 08:09:02.023 [info] > git status -z -uall [50ms]
2023-01-11 08:18:03.876 [info] > git config --get commit.template [10ms]
2023-01-11 08:18:03.876 [info] > git for-each-ref --format=%(refname)%00%(upstream:short)%00%(objectname)%00%(upstream:track)%00%(upstream:remotename)%00%(upstream:remoteref) refs/heads/master refs/remotes/master [1ms]
2023-01-11 08:18:03.887 [info] > git for-each-ref --sort -committerdate --format %(refname) %(objectname) %(*objectname) [2ms]
2023-01-11 08:18:03.931 [info] > git status -z -uall [51ms]
2023-01-11 08:18:06.214 [info] > git check-ignore -v -z --stdin [1ms]
2023-01-11 08:18:09.030 [info] > git config --get commit.template [6ms]
2023-01-11 08:18:09.031 [info] > git for-each-ref --format=%(refname)%00%(upstream:short)%00%(objectname)%00%(upstream:track)%00%(upstream:remotename)%00%(upstream:remoteref) refs/heads/master refs/remotes/master [1ms]
2023-01-11 08:18:09.043 [info] > git for-each-ref --sort -committerdate --format %(refname) %(objectname) %(*objectname) [1ms]
2023-01-11 08:18:09.073 [info] > git status -z -uall [37ms]
