2023-01-11 09:45:08.913 [info] Log level: Info
2023-01-11 09:45:08.913 [info] Validating found git in: "git"
2023-01-11 09:45:08.913 [info] Using git "2.31.1" from "git"
2023-01-11 09:45:08.913 [info] > git rev-parse --show-toplevel [89ms]
2023-01-11 09:45:08.913 [info] > git rev-parse --git-dir --git-common-dir [1ms]
2023-01-11 09:45:08.913 [info] Open repository: /home/MalkovMA
2023-01-11 09:45:08.914 [info] > git rev-parse --show-toplevel [12ms]
2023-01-11 09:45:08.914 [info] > git config --get commit.template [7ms]
2023-01-11 09:45:08.914 [info] > git rev-parse --show-toplevel [20ms]
2023-01-11 09:45:08.914 [info] > git for-each-ref --format=%(refname)%00%(upstream:short)%00%(objectname)%00%(upstream:track)%00%(upstream:remotename)%00%(upstream:remoteref) refs/heads/master refs/remotes/master [8ms]
2023-01-11 09:45:08.914 [info] > git rev-parse --show-toplevel [9ms]
2023-01-11 09:45:08.914 [info] > git for-each-ref --sort -committerdate --format %(refname) %(objectname) %(*objectname) [7ms]
2023-01-11 09:45:08.914 [info] > git rev-parse --show-toplevel [17ms]
2023-01-11 09:45:08.914 [info] > git rev-parse --show-toplevel [49ms]
2023-01-11 09:45:08.914 [info] > git rev-parse --show-toplevel [11ms]
2023-01-11 09:45:08.914 [info] > git status -z -uall [102ms]
2023-01-11 09:45:08.914 [info] > git rev-parse --show-toplevel [135ms]
2023-01-11 09:45:08.914 [info] > git config --get commit.template [6ms]
2023-01-11 09:45:08.914 [info] > git rev-parse --git-dir --git-common-dir [2ms]
2023-01-11 09:45:08.914 [info] Open repository: /home/MalkovMA/lab4
2023-01-11 09:45:08.914 [info] > git config --get commit.template [19ms]
2023-01-11 09:45:08.914 [info] > git for-each-ref --format=%(refname)%00%(upstream:short)%00%(objectname)%00%(upstream:track)%00%(upstream:remotename)%00%(upstream:remoteref) refs/heads/master refs/remotes/master [27ms]
2023-01-11 09:45:08.914 [info] > git for-each-ref --sort -committerdate --format %(refname) %(objectname) %(*objectname) [8ms]
2023-01-11 09:45:08.914 [info] > git for-each-ref --format=%(refname)%00%(upstream:short)%00%(objectname)%00%(upstream:track)%00%(upstream:remotename)%00%(upstream:remoteref) refs/heads/main refs/remotes/main [6ms]
2023-01-11 09:45:08.914 [info] > git status -z -uall [5ms]
2023-01-11 09:45:08.919 [info] > git for-each-ref --sort -committerdate --format %(refname) %(objectname) %(*objectname) [7ms]
2023-01-11 09:45:08.963 [info] > git status -z -uall [76ms]
2023-01-11 09:45:10.095 [info] > git check-ignore -v -z --stdin [20ms]
2023-01-11 09:45:10.096 [info] > git check-ignore -v -z --stdin [17ms]
2023-01-11 09:45:10.097 [info] > git config --get commit.template [3ms]
2023-01-11 09:45:10.103 [info] > git for-each-ref --format=%(refname)%00%(upstream:short)%00%(objectname)%00%(upstream:track)%00%(upstream:remotename)%00%(upstream:remoteref) refs/heads/master refs/remotes/master [3ms]
2023-01-11 09:45:10.132 [info] > git show --textconv :.bash_history [8ms]
2023-01-11 09:45:10.133 [info] > git for-each-ref --sort -committerdate --format %(refname) %(objectname) %(*objectname) [21ms]
2023-01-11 09:45:10.138 [info] > git ls-files --stage -- /home/MalkovMA/.bash_history [7ms]
2023-01-11 09:45:10.182 [info] > git status -z -uall [74ms]
2023-01-11 09:45:17.228 [info] > git config --get commit.template [6ms]
2023-01-11 09:45:17.229 [info] > git for-each-ref --format=%(refname)%00%(upstream:short)%00%(objectname)%00%(upstream:track)%00%(upstream:remotename)%00%(upstream:remoteref) refs/heads/master refs/remotes/master [3ms]
2023-01-11 09:45:17.239 [info] > git for-each-ref --sort -committerdate --format %(refname) %(objectname) %(*objectname) [2ms]
2023-01-11 09:45:17.270 [info] > git status -z -uall [38ms]
2023-01-11 09:45:22.358 [info] > git config --get commit.template [6ms]
2023-01-11 09:45:22.358 [info] > git for-each-ref --format=%(refname)%00%(upstream:short)%00%(objectname)%00%(upstream:track)%00%(upstream:remotename)%00%(upstream:remoteref) refs/heads/master refs/remotes/master [1ms]
2023-01-11 09:45:22.369 [info] > git for-each-ref --sort -committerdate --format %(refname) %(objectname) %(*objectname) [1ms]
2023-01-11 09:45:22.407 [info] > git status -z -uall [45ms]
2023-01-11 09:45:27.487 [info] > git config --get commit.template [6ms]
2023-01-11 09:45:27.488 [info] > git for-each-ref --format=%(refname)%00%(upstream:short)%00%(objectname)%00%(upstream:track)%00%(upstream:remotename)%00%(upstream:remoteref) refs/heads/master refs/remotes/master [2ms]
2023-01-11 09:45:27.498 [info] > git for-each-ref --sort -committerdate --format %(refname) %(objectname) %(*objectname) [2ms]
2023-01-11 09:45:27.529 [info] > git status -z -uall [38ms]
2023-01-11 09:45:44.499 [info] > git for-each-ref --format=%(refname)%00%(upstream:short)%00%(objectname)%00%(upstream:track)%00%(upstream:remotename)%00%(upstream:remoteref) refs/heads/master refs/remotes/master [1ms]
2023-01-11 09:45:44.499 [info] > git config --get commit.template [6ms]
2023-01-11 09:45:44.508 [info] > git for-each-ref --sort -committerdate --format %(refname) %(objectname) %(*objectname) [1ms]
2023-01-11 09:45:44.548 [info] > git status -z -uall [45ms]
2023-01-11 09:45:49.643 [info] > git config --get commit.template [5ms]
2023-01-11 09:45:49.644 [info] > git for-each-ref --format=%(refname)%00%(upstream:short)%00%(objectname)%00%(upstream:track)%00%(upstream:remotename)%00%(upstream:remoteref) refs/heads/master refs/remotes/master [2ms]
2023-01-11 09:45:49.652 [info] > git for-each-ref --sort -committerdate --format %(refname) %(objectname) %(*objectname) [1ms]
2023-01-11 09:45:49.682 [info] > git status -z -uall [34ms]
2023-01-11 09:46:29.648 [info] > git config --get commit.template [5ms]
2023-01-11 09:46:29.649 [info] > git for-each-ref --format=%(refname)%00%(upstream:short)%00%(objectname)%00%(upstream:track)%00%(upstream:remotename)%00%(upstream:remoteref) refs/heads/master refs/remotes/master [2ms]
2023-01-11 09:46:29.659 [info] > git for-each-ref --sort -committerdate --format %(refname) %(objectname) %(*objectname) [2ms]
2023-01-11 09:46:29.699 [info] > git status -z -uall [46ms]
2023-01-11 09:46:41.386 [info] > git config --get commit.template [9ms]
2023-01-11 09:46:41.386 [info] > git for-each-ref --format=%(refname)%00%(upstream:short)%00%(objectname)%00%(upstream:track)%00%(upstream:remotename)%00%(upstream:remoteref) refs/heads/master refs/remotes/master [1ms]
2023-01-11 09:46:41.397 [info] > git for-each-ref --sort -committerdate --format %(refname) %(objectname) %(*objectname) [1ms]
2023-01-11 09:46:41.446 [info] > git status -z -uall [54ms]
2023-01-11 09:46:52.303 [info] > git config --get commit.template [1ms]
2023-01-11 09:46:52.309 [info] > git for-each-ref --format=%(refname)%00%(upstream:short)%00%(objectname)%00%(upstream:track)%00%(upstream:remotename)%00%(upstream:remoteref) refs/heads/master refs/remotes/master [1ms]
2023-01-11 09:46:52.320 [info] > git for-each-ref --sort -committerdate --format %(refname) %(objectname) %(*objectname) [1ms]
2023-01-11 09:46:52.363 [info] > git status -z -uall [48ms]
2023-01-11 09:48:26.018 [info] > git config --get commit.template [6ms]
2023-01-11 09:48:26.020 [info] > git for-each-ref --format=%(refname)%00%(upstream:short)%00%(objectname)%00%(upstream:track)%00%(upstream:remotename)%00%(upstream:remoteref) refs/heads/main refs/remotes/main [3ms]
2023-01-11 09:48:26.029 [info] > git status -z -uall [5ms]
2023-01-11 09:48:26.032 [info] > git for-each-ref --sort -committerdate --format %(refname) %(objectname) %(*objectname) [4ms]
2023-01-11 09:50:14.732 [info] > git config --get commit.template [8ms]
2023-01-11 09:50:14.733 [info] > git for-each-ref --format=%(refname)%00%(upstream:short)%00%(objectname)%00%(upstream:track)%00%(upstream:remotename)%00%(upstream:remoteref) refs/heads/master refs/remotes/master [2ms]
2023-01-11 09:50:14.750 [info] > git for-each-ref --sort -committerdate --format %(refname) %(objectname) %(*objectname) [4ms]
2023-01-11 09:50:14.791 [info] > git status -z -uall [51ms]
2023-01-11 09:50:22.737 [info] > git config --get commit.template [9ms]
2023-01-11 09:50:22.737 [info] > git for-each-ref --format=%(refname)%00%(upstream:short)%00%(objectname)%00%(upstream:track)%00%(upstream:remotename)%00%(upstream:remoteref) refs/heads/master refs/remotes/master [1ms]
2023-01-11 09:50:22.748 [info] > git for-each-ref --sort -committerdate --format %(refname) %(objectname) %(*objectname) [2ms]
2023-01-11 09:50:22.781 [info] > git status -z -uall [40ms]
2023-01-11 09:50:36.214 [info] > git config --get commit.template [7ms]
2023-01-11 09:50:36.214 [info] > git for-each-ref --format=%(refname)%00%(upstream:short)%00%(objectname)%00%(upstream:track)%00%(upstream:remotename)%00%(upstream:remoteref) refs/heads/master refs/remotes/master [1ms]
2023-01-11 09:50:36.223 [info] > git for-each-ref --sort -committerdate --format %(refname) %(objectname) %(*objectname) [1ms]
2023-01-11 09:50:36.268 [info] > git status -z -uall [50ms]
2023-01-11 09:50:49.218 [info] > git config --get commit.template [7ms]
2023-01-11 09:50:49.220 [info] > git for-each-ref --format=%(refname)%00%(upstream:short)%00%(objectname)%00%(upstream:track)%00%(upstream:remotename)%00%(upstream:remoteref) refs/heads/master refs/remotes/master [3ms]
2023-01-11 09:50:49.229 [info] > git for-each-ref --sort -committerdate --format %(refname) %(objectname) %(*objectname) [2ms]
2023-01-11 09:50:49.268 [info] > git status -z -uall [44ms]
2023-01-11 09:50:54.345 [info] > git config --get commit.template [1ms]
2023-01-11 09:50:54.358 [info] > git for-each-ref --format=%(refname)%00%(upstream:short)%00%(objectname)%00%(upstream:track)%00%(upstream:remotename)%00%(upstream:remoteref) refs/heads/master refs/remotes/master [2ms]
2023-01-11 09:50:54.368 [info] > git for-each-ref --sort -committerdate --format %(refname) %(objectname) %(*objectname) [1ms]
2023-01-11 09:50:54.411 [info] > git status -z -uall [48ms]
2023-01-11 09:50:59.515 [info] > git config --get commit.template [9ms]
2023-01-11 09:50:59.516 [info] > git for-each-ref --format=%(refname)%00%(upstream:short)%00%(objectname)%00%(upstream:track)%00%(upstream:remotename)%00%(upstream:remoteref) refs/heads/master refs/remotes/master [2ms]
2023-01-11 09:50:59.536 [info] > git for-each-ref --sort -committerdate --format %(refname) %(objectname) %(*objectname) [2ms]
2023-01-11 09:50:59.577 [info] > git status -z -uall [55ms]
2023-01-11 09:51:02.320 [info] > git config --get commit.template [8ms]
2023-01-11 09:51:02.322 [info] > git for-each-ref --format=%(refname)%00%(upstream:short)%00%(objectname)%00%(upstream:track)%00%(upstream:remotename)%00%(upstream:remoteref) refs/heads/main refs/remotes/main [3ms]
2023-01-11 09:51:02.333 [info] > git status -z -uall [6ms]
2023-01-11 09:51:02.335 [info] > git for-each-ref --sort -committerdate --format %(refname) %(objectname) %(*objectname) [3ms]
2023-01-11 09:51:04.702 [info] > git config --get commit.template [5ms]
2023-01-11 09:51:04.704 [info] > git for-each-ref --format=%(refname)%00%(upstream:short)%00%(objectname)%00%(upstream:track)%00%(upstream:remotename)%00%(upstream:remoteref) refs/heads/master refs/remotes/master [2ms]
2023-01-11 09:51:04.724 [info] > git for-each-ref --sort -committerdate --format %(refname) %(objectname) %(*objectname) [3ms]
2023-01-11 09:51:04.757 [info] > git status -z -uall [47ms]
2023-01-11 09:55:15.845 [info] > git config --get commit.template [8ms]
2023-01-11 09:55:15.846 [info] > git for-each-ref --format=%(refname)%00%(upstream:short)%00%(objectname)%00%(upstream:track)%00%(upstream:remotename)%00%(upstream:remoteref) refs/heads/master refs/remotes/master [2ms]
2023-01-11 09:55:15.854 [info] > git for-each-ref --sort -committerdate --format %(refname) %(objectname) %(*objectname) [2ms]
2023-01-11 09:55:15.895 [info] > git status -z -uall [45ms]
