2023-01-10 22:08:28.810 [info] Log level: Info
2023-01-10 22:08:28.810 [info] Validating found git in: "git"
2023-01-10 22:08:28.810 [info] Using git "2.31.1" from "git"
2023-01-10 22:08:28.810 [info] > git rev-parse --show-toplevel [6ms]
2023-01-10 22:08:28.810 [info] > git rev-parse --git-dir --git-common-dir [7ms]
2023-01-10 22:08:28.810 [info] Open repository: /home/MalkovMA
2023-01-10 22:08:28.810 [info] > git rev-parse --show-toplevel [12ms]
2023-01-10 22:08:28.810 [info] > git config --get commit.template [12ms]
2023-01-10 22:08:28.810 [info] > git rev-parse --show-toplevel [14ms]
2023-01-10 22:08:28.810 [info] > git for-each-ref --format=%(refname)%00%(upstream:short)%00%(objectname)%00%(upstream:track)%00%(upstream:remotename)%00%(upstream:remoteref) refs/heads/master refs/remotes/master [11ms]
2023-01-10 22:08:28.810 [info] > git rev-parse --show-toplevel [20ms]
2023-01-10 22:08:28.810 [info] > git for-each-ref --sort -committerdate --format %(refname) %(objectname) %(*objectname) [5ms]
2023-01-10 22:08:28.811 [info] > git rev-parse --show-toplevel [6ms]
2023-01-10 22:08:28.816 [info] > git rev-parse --show-toplevel [1ms]
2023-01-10 22:08:28.821 [info] > git rev-parse --show-toplevel [2ms]
2023-01-10 22:08:28.826 [info] > git rev-parse --show-toplevel [3ms]
2023-01-10 22:08:28.830 [info] > git rev-parse --git-dir --git-common-dir [2ms]
2023-01-10 22:08:28.832 [info] Open repository: /home/MalkovMA/lab4
2023-01-10 22:08:28.845 [info] > git status -z -uall [54ms]
2023-01-10 22:08:28.845 [info] > git config --get commit.template [6ms]
2023-01-10 22:08:29.621 [info] > git for-each-ref --format=%(refname)%00%(upstream:short)%00%(objectname)%00%(upstream:track)%00%(upstream:remotename)%00%(upstream:remoteref) refs/heads/master refs/remotes/master [622ms]
2023-01-10 22:08:29.621 [info] > git config --get commit.template [652ms]
2023-01-10 22:08:29.630 [info] > git for-each-ref --format=%(refname)%00%(upstream:short)%00%(objectname)%00%(upstream:track)%00%(upstream:remotename)%00%(upstream:remoteref) refs/heads/main refs/remotes/main [664ms]
2023-01-10 22:08:29.665 [info] > git status -z -uall [29ms]
2023-01-10 22:08:29.665 [info] > git for-each-ref --sort -committerdate --format %(refname) %(objectname) %(*objectname) [24ms]
2023-01-10 22:08:29.669 [info] > git for-each-ref --sort -committerdate --format %(refname) %(objectname) %(*objectname) [40ms]
2023-01-10 22:08:29.680 [info] > git check-ignore -v -z --stdin [34ms]
2023-01-10 22:08:29.707 [info] > git config --get commit.template [27ms]
2023-01-10 22:08:29.708 [info] > git status -z -uall [83ms]
2023-01-10 22:08:29.708 [info] > git for-each-ref --format=%(refname)%00%(upstream:short)%00%(objectname)%00%(upstream:track)%00%(upstream:remotename)%00%(upstream:remoteref) refs/heads/main refs/remotes/main [14ms]
2023-01-10 22:08:29.766 [info] > git status -z -uall [54ms]
2023-01-10 22:08:29.766 [info] > git for-each-ref --sort -committerdate --format %(refname) %(objectname) %(*objectname) [51ms]
2023-01-10 22:08:30.462 [info] > git check-ignore -v -z --stdin [68ms]
2023-01-10 22:08:30.462 [info] > git check-ignore -v -z --stdin [34ms]
2023-01-10 22:08:31.832 [info] > git config --get commit.template [7ms]
2023-01-10 22:08:31.832 [info] > git for-each-ref --format=%(refname)%00%(upstream:short)%00%(objectname)%00%(upstream:track)%00%(upstream:remotename)%00%(upstream:remoteref) refs/heads/master refs/remotes/master [1ms]
2023-01-10 22:08:31.844 [info] > git for-each-ref --sort -committerdate --format %(refname) %(objectname) %(*objectname) [1ms]
2023-01-10 22:08:31.866 [info] > git status -z -uall [30ms]
2023-01-10 22:08:34.251 [info] > git check-ignore -v -z --stdin [1ms]
2023-01-10 22:08:35.717 [info] > git check-ignore -v -z --stdin [1ms]
2023-01-10 22:08:36.929 [info] > git config --get commit.template [5ms]
2023-01-10 22:08:36.930 [info] > git for-each-ref --format=%(refname)%00%(upstream:short)%00%(objectname)%00%(upstream:track)%00%(upstream:remotename)%00%(upstream:remoteref) refs/heads/master refs/remotes/master [2ms]
2023-01-10 22:08:36.939 [info] > git for-each-ref --sort -committerdate --format %(refname) %(objectname) %(*objectname) [1ms]
2023-01-10 22:08:36.959 [info] > git status -z -uall [25ms]
2023-01-10 22:08:41.222 [info] > git check-ignore -v -z --stdin [10ms]
2023-01-10 22:08:42.021 [info] > git config --get commit.template [4ms]
2023-01-10 22:08:42.021 [info] > git for-each-ref --format=%(refname)%00%(upstream:short)%00%(objectname)%00%(upstream:track)%00%(upstream:remotename)%00%(upstream:remoteref) refs/heads/master refs/remotes/master [2ms]
2023-01-10 22:08:42.029 [info] > git for-each-ref --sort -committerdate --format %(refname) %(objectname) %(*objectname) [2ms]
2023-01-10 22:08:42.049 [info] > git status -z -uall [25ms]
2023-01-10 22:08:46.024 [info] > git check-ignore -v -z --stdin [27ms]
2023-01-10 22:08:47.105 [info] > git config --get commit.template [4ms]
2023-01-10 22:08:47.105 [info] > git for-each-ref --format=%(refname)%00%(upstream:short)%00%(objectname)%00%(upstream:track)%00%(upstream:remotename)%00%(upstream:remoteref) refs/heads/master refs/remotes/master [1ms]
2023-01-10 22:08:47.113 [info] > git for-each-ref --sort -committerdate --format %(refname) %(objectname) %(*objectname) [2ms]
2023-01-10 22:08:47.133 [info] > git status -z -uall [25ms]
2023-01-10 22:08:52.192 [info] > git config --get commit.template [4ms]
2023-01-10 22:08:52.192 [info] > git for-each-ref --format=%(refname)%00%(upstream:short)%00%(objectname)%00%(upstream:track)%00%(upstream:remotename)%00%(upstream:remoteref) refs/heads/master refs/remotes/master [2ms]
2023-01-10 22:08:52.203 [info] > git for-each-ref --sort -committerdate --format %(refname) %(objectname) %(*objectname) [1ms]
2023-01-10 22:08:52.222 [info] > git status -z -uall [25ms]
2023-01-10 22:08:57.282 [info] > git config --get commit.template [5ms]
2023-01-10 22:08:57.282 [info] > git for-each-ref --format=%(refname)%00%(upstream:short)%00%(objectname)%00%(upstream:track)%00%(upstream:remotename)%00%(upstream:remoteref) refs/heads/master refs/remotes/master [1ms]
2023-01-10 22:08:57.292 [info] > git for-each-ref --sort -committerdate --format %(refname) %(objectname) %(*objectname) [1ms]
2023-01-10 22:08:57.337 [info] > git status -z -uall [51ms]
2023-01-10 22:08:57.900 [info] > git check-ignore -v -z --stdin [9ms]
2023-01-10 22:08:59.280 [info] > git check-ignore -v -z --stdin [1ms]
2023-01-10 22:09:02.390 [info] > git config --get commit.template [4ms]
2023-01-10 22:09:02.391 [info] > git for-each-ref --format=%(refname)%00%(upstream:short)%00%(objectname)%00%(upstream:track)%00%(upstream:remotename)%00%(upstream:remoteref) refs/heads/master refs/remotes/master [2ms]
2023-01-10 22:09:02.399 [info] > git for-each-ref --sort -committerdate --format %(refname) %(objectname) %(*objectname) [2ms]
2023-01-10 22:09:02.419 [info] > git status -z -uall [25ms]
2023-01-10 22:09:07.480 [info] > git config --get commit.template [5ms]
2023-01-10 22:09:07.480 [info] > git for-each-ref --format=%(refname)%00%(upstream:short)%00%(objectname)%00%(upstream:track)%00%(upstream:remotename)%00%(upstream:remoteref) refs/heads/master refs/remotes/master [1ms]
2023-01-10 22:09:07.490 [info] > git for-each-ref --sort -committerdate --format %(refname) %(objectname) %(*objectname) [2ms]
2023-01-10 22:09:07.510 [info] > git status -z -uall [25ms]
2023-01-10 22:09:12.569 [info] > git config --get commit.template [6ms]
2023-01-10 22:09:12.569 [info] > git for-each-ref --format=%(refname)%00%(upstream:short)%00%(objectname)%00%(upstream:track)%00%(upstream:remotename)%00%(upstream:remoteref) refs/heads/master refs/remotes/master [1ms]
2023-01-10 22:09:12.583 [info] > git for-each-ref --sort -committerdate --format %(refname) %(objectname) %(*objectname) [2ms]
2023-01-10 22:09:12.611 [info] > git status -z -uall [34ms]
2023-01-10 22:09:17.699 [info] > git config --get commit.template [6ms]
2023-01-10 22:09:17.699 [info] > git for-each-ref --format=%(refname)%00%(upstream:short)%00%(objectname)%00%(upstream:track)%00%(upstream:remotename)%00%(upstream:remoteref) refs/heads/master refs/remotes/master [1ms]
2023-01-10 22:09:17.708 [info] > git for-each-ref --sort -committerdate --format %(refname) %(objectname) %(*objectname) [1ms]
2023-01-10 22:09:17.728 [info] > git status -z -uall [25ms]
2023-01-10 22:09:22.151 [info] > git show --textconv :Python-3.10.7.tgz [5ms]
2023-01-10 22:09:22.152 [info] > git ls-files --stage -- /home/MalkovMA/Python-3.10.7.tgz [2ms]
2023-01-10 22:09:22.784 [info] > git config --get commit.template [5ms]
2023-01-10 22:09:22.784 [info] > git for-each-ref --format=%(refname)%00%(upstream:short)%00%(objectname)%00%(upstream:track)%00%(upstream:remotename)%00%(upstream:remoteref) refs/heads/master refs/remotes/master [1ms]
2023-01-10 22:09:22.793 [info] > git for-each-ref --sort -committerdate --format %(refname) %(objectname) %(*objectname) [2ms]
2023-01-10 22:09:22.816 [info] > git status -z -uall [27ms]
2023-01-10 22:09:27.876 [info] > git config --get commit.template [4ms]
2023-01-10 22:09:27.877 [info] > git for-each-ref --format=%(refname)%00%(upstream:short)%00%(objectname)%00%(upstream:track)%00%(upstream:remotename)%00%(upstream:remoteref) refs/heads/master refs/remotes/master [1ms]
2023-01-10 22:09:27.884 [info] > git for-each-ref --sort -committerdate --format %(refname) %(objectname) %(*objectname) [1ms]
2023-01-10 22:09:27.905 [info] > git status -z -uall [25ms]
2023-01-10 22:09:32.963 [info] > git config --get commit.template [6ms]
2023-01-10 22:09:32.963 [info] > git for-each-ref --format=%(refname)%00%(upstream:short)%00%(objectname)%00%(upstream:track)%00%(upstream:remotename)%00%(upstream:remoteref) refs/heads/master refs/remotes/master [1ms]
2023-01-10 22:09:32.972 [info] > git for-each-ref --sort -committerdate --format %(refname) %(objectname) %(*objectname) [1ms]
2023-01-10 22:09:32.994 [info] > git status -z -uall [27ms]
2023-01-10 22:09:34.326 [info] > git show --textconv :create_infrastructure.sh [7ms]
2023-01-10 22:09:34.326 [info] > git ls-files --stage -- /home/MalkovMA/create_infrastructure.sh [2ms]
2023-01-10 22:09:38.050 [info] > git config --get commit.template [6ms]
2023-01-10 22:09:38.050 [info] > git for-each-ref --format=%(refname)%00%(upstream:short)%00%(objectname)%00%(upstream:track)%00%(upstream:remotename)%00%(upstream:remoteref) refs/heads/master refs/remotes/master [1ms]
2023-01-10 22:09:38.059 [info] > git for-each-ref --sort -committerdate --format %(refname) %(objectname) %(*objectname) [2ms]
2023-01-10 22:09:38.080 [info] > git status -z -uall [25ms]
2023-01-10 22:09:43.134 [info] > git config --get commit.template [5ms]
2023-01-10 22:09:43.135 [info] > git for-each-ref --format=%(refname)%00%(upstream:short)%00%(objectname)%00%(upstream:track)%00%(upstream:remotename)%00%(upstream:remoteref) refs/heads/master refs/remotes/master [1ms]
2023-01-10 22:09:43.144 [info] > git for-each-ref --sort -committerdate --format %(refname) %(objectname) %(*objectname) [2ms]
2023-01-10 22:09:43.186 [info] > git status -z -uall [47ms]
2023-01-10 22:09:48.239 [info] > git config --get commit.template [6ms]
2023-01-10 22:09:48.239 [info] > git for-each-ref --format=%(refname)%00%(upstream:short)%00%(objectname)%00%(upstream:track)%00%(upstream:remotename)%00%(upstream:remoteref) refs/heads/master refs/remotes/master [1ms]
2023-01-10 22:09:48.247 [info] > git for-each-ref --sort -committerdate --format %(refname) %(objectname) %(*objectname) [1ms]
2023-01-10 22:09:48.267 [info] > git status -z -uall [24ms]
2023-01-10 22:09:53.319 [info] > git config --get commit.template [5ms]
2023-01-10 22:09:53.319 [info] > git for-each-ref --format=%(refname)%00%(upstream:short)%00%(objectname)%00%(upstream:track)%00%(upstream:remotename)%00%(upstream:remoteref) refs/heads/master refs/remotes/master [1ms]
2023-01-10 22:09:53.328 [info] > git for-each-ref --sort -committerdate --format %(refname) %(objectname) %(*objectname) [2ms]
2023-01-10 22:09:53.347 [info] > git status -z -uall [24ms]
2023-01-10 22:10:41.147 [info] > git config --get commit.template [6ms]
2023-01-10 22:10:41.148 [info] > git for-each-ref --format=%(refname)%00%(upstream:short)%00%(objectname)%00%(upstream:track)%00%(upstream:remotename)%00%(upstream:remoteref) refs/heads/master refs/remotes/master [2ms]
2023-01-10 22:10:41.156 [info] > git for-each-ref --sort -committerdate --format %(refname) %(objectname) %(*objectname) [2ms]
2023-01-10 22:10:41.183 [info] > git status -z -uall [32ms]
2023-01-10 22:10:46.247 [info] > git config --get commit.template [5ms]
2023-01-10 22:10:46.247 [info] > git for-each-ref --format=%(refname)%00%(upstream:short)%00%(objectname)%00%(upstream:track)%00%(upstream:remotename)%00%(upstream:remoteref) refs/heads/master refs/remotes/master [1ms]
2023-01-10 22:10:46.256 [info] > git for-each-ref --sort -committerdate --format %(refname) %(objectname) %(*objectname) [2ms]
2023-01-10 22:10:46.278 [info] > git status -z -uall [27ms]
2023-01-10 22:10:51.340 [info] > git config --get commit.template [5ms]
2023-01-10 22:10:51.340 [info] > git for-each-ref --format=%(refname)%00%(upstream:short)%00%(objectname)%00%(upstream:track)%00%(upstream:remotename)%00%(upstream:remoteref) refs/heads/master refs/remotes/master [1ms]
2023-01-10 22:10:51.349 [info] > git for-each-ref --sort -committerdate --format %(refname) %(objectname) %(*objectname) [2ms]
2023-01-10 22:10:51.369 [info] > git status -z -uall [25ms]
2023-01-10 22:10:56.422 [info] > git config --get commit.template [5ms]
2023-01-10 22:10:56.423 [info] > git for-each-ref --format=%(refname)%00%(upstream:short)%00%(objectname)%00%(upstream:track)%00%(upstream:remotename)%00%(upstream:remoteref) refs/heads/master refs/remotes/master [1ms]
2023-01-10 22:10:56.432 [info] > git for-each-ref --sort -committerdate --format %(refname) %(objectname) %(*objectname) [2ms]
2023-01-10 22:10:56.452 [info] > git status -z -uall [25ms]
2023-01-10 22:11:01.508 [info] > git config --get commit.template [5ms]
2023-01-10 22:11:01.509 [info] > git for-each-ref --format=%(refname)%00%(upstream:short)%00%(objectname)%00%(upstream:track)%00%(upstream:remotename)%00%(upstream:remoteref) refs/heads/master refs/remotes/master [1ms]
2023-01-10 22:11:01.517 [info] > git for-each-ref --sort -committerdate --format %(refname) %(objectname) %(*objectname) [1ms]
2023-01-10 22:11:01.537 [info] > git status -z -uall [24ms]
2023-01-10 22:11:06.589 [info] > git config --get commit.template [3ms]
2023-01-10 22:11:06.596 [info] > git for-each-ref --format=%(refname)%00%(upstream:short)%00%(objectname)%00%(upstream:track)%00%(upstream:remotename)%00%(upstream:remoteref) refs/heads/master refs/remotes/master [1ms]
2023-01-10 22:11:06.606 [info] > git for-each-ref --sort -committerdate --format %(refname) %(objectname) %(*objectname) [2ms]
2023-01-10 22:11:06.625 [info] > git status -z -uall [25ms]
2023-01-10 22:11:11.680 [info] > git config --get commit.template [7ms]
2023-01-10 22:11:11.680 [info] > git for-each-ref --format=%(refname)%00%(upstream:short)%00%(objectname)%00%(upstream:track)%00%(upstream:remotename)%00%(upstream:remoteref) refs/heads/master refs/remotes/master [2ms]
2023-01-10 22:11:11.694 [info] > git for-each-ref --sort -committerdate --format %(refname) %(objectname) %(*objectname) [1ms]
2023-01-10 22:11:11.733 [info] > git status -z -uall [44ms]
2023-01-10 22:11:16.788 [info] > git config --get commit.template [5ms]
2023-01-10 22:11:16.788 [info] > git for-each-ref --format=%(refname)%00%(upstream:short)%00%(objectname)%00%(upstream:track)%00%(upstream:remotename)%00%(upstream:remoteref) refs/heads/master refs/remotes/master [1ms]
2023-01-10 22:11:16.798 [info] > git for-each-ref --sort -committerdate --format %(refname) %(objectname) %(*objectname) [2ms]
2023-01-10 22:11:16.818 [info] > git status -z -uall [25ms]
2023-01-10 22:11:21.872 [info] > git config --get commit.template [5ms]
2023-01-10 22:11:21.873 [info] > git for-each-ref --format=%(refname)%00%(upstream:short)%00%(objectname)%00%(upstream:track)%00%(upstream:remotename)%00%(upstream:remoteref) refs/heads/master refs/remotes/master [1ms]
2023-01-10 22:11:21.883 [info] > git for-each-ref --sort -committerdate --format %(refname) %(objectname) %(*objectname) [2ms]
2023-01-10 22:11:21.926 [info] > git status -z -uall [48ms]
2023-01-10 22:11:26.980 [info] > git config --get commit.template [6ms]
2023-01-10 22:11:26.980 [info] > git for-each-ref --format=%(refname)%00%(upstream:short)%00%(objectname)%00%(upstream:track)%00%(upstream:remotename)%00%(upstream:remoteref) refs/heads/master refs/remotes/master [1ms]
2023-01-10 22:11:26.989 [info] > git for-each-ref --sort -committerdate --format %(refname) %(objectname) %(*objectname) [2ms]
2023-01-10 22:11:27.008 [info] > git status -z -uall [24ms]
2023-01-10 22:11:32.067 [info] > git config --get commit.template [6ms]
2023-01-10 22:11:32.068 [info] > git for-each-ref --format=%(refname)%00%(upstream:short)%00%(objectname)%00%(upstream:track)%00%(upstream:remotename)%00%(upstream:remoteref) refs/heads/master refs/remotes/master [2ms]
2023-01-10 22:11:32.077 [info] > git for-each-ref --sort -committerdate --format %(refname) %(objectname) %(*objectname) [2ms]
2023-01-10 22:11:32.097 [info] > git status -z -uall [25ms]
2023-01-10 22:11:37.156 [info] > git config --get commit.template [6ms]
2023-01-10 22:11:37.156 [info] > git for-each-ref --format=%(refname)%00%(upstream:short)%00%(objectname)%00%(upstream:track)%00%(upstream:remotename)%00%(upstream:remoteref) refs/heads/master refs/remotes/master [1ms]
2023-01-10 22:11:37.166 [info] > git for-each-ref --sort -committerdate --format %(refname) %(objectname) %(*objectname) [2ms]
2023-01-10 22:11:37.186 [info] > git status -z -uall [25ms]
2023-01-10 22:11:42.244 [info] > git config --get commit.template [5ms]
2023-01-10 22:11:42.245 [info] > git for-each-ref --format=%(refname)%00%(upstream:short)%00%(objectname)%00%(upstream:track)%00%(upstream:remotename)%00%(upstream:remoteref) refs/heads/master refs/remotes/master [1ms]
2023-01-10 22:11:42.252 [info] > git for-each-ref --sort -committerdate --format %(refname) %(objectname) %(*objectname) [1ms]
2023-01-10 22:11:42.274 [info] > git status -z -uall [26ms]
2023-01-10 22:11:47.331 [info] > git config --get commit.template [6ms]
2023-01-10 22:11:47.331 [info] > git for-each-ref --format=%(refname)%00%(upstream:short)%00%(objectname)%00%(upstream:track)%00%(upstream:remotename)%00%(upstream:remoteref) refs/heads/master refs/remotes/master [1ms]
2023-01-10 22:11:47.341 [info] > git for-each-ref --sort -committerdate --format %(refname) %(objectname) %(*objectname) [2ms]
2023-01-10 22:11:47.359 [info] > git status -z -uall [24ms]
2023-01-10 22:11:52.416 [info] > git config --get commit.template [6ms]
2023-01-10 22:11:52.416 [info] > git for-each-ref --format=%(refname)%00%(upstream:short)%00%(objectname)%00%(upstream:track)%00%(upstream:remotename)%00%(upstream:remoteref) refs/heads/master refs/remotes/master [1ms]
2023-01-10 22:11:52.426 [info] > git for-each-ref --sort -committerdate --format %(refname) %(objectname) %(*objectname) [2ms]
2023-01-10 22:11:52.449 [info] > git status -z -uall [27ms]
2023-01-10 22:11:56.918 [info] > git check-ignore -v -z --stdin [1ms]
2023-01-10 22:11:57.534 [info] > git config --get commit.template [14ms]
2023-01-10 22:11:57.534 [info] > git for-each-ref --format=%(refname)%00%(upstream:short)%00%(objectname)%00%(upstream:track)%00%(upstream:remotename)%00%(upstream:remoteref) refs/heads/master refs/remotes/master [1ms]
2023-01-10 22:11:57.543 [info] > git for-each-ref --sort -committerdate --format %(refname) %(objectname) %(*objectname) [2ms]
2023-01-10 22:11:57.565 [info] > git status -z -uall [27ms]
2023-01-10 22:12:00.355 [info] > git show --textconv :Dockerfile [11ms]
2023-01-10 22:12:00.364 [info] > git ls-files --stage -- /home/MalkovMA/lab4/Dockerfile [10ms]
2023-01-10 22:12:00.375 [info] > git cat-file -s 80eb086804c2f523e6f07b566e1c85366149773a [1ms]
2023-01-10 22:12:02.621 [info] > git config --get commit.template [6ms]
2023-01-10 22:12:02.622 [info] > git for-each-ref --format=%(refname)%00%(upstream:short)%00%(objectname)%00%(upstream:track)%00%(upstream:remotename)%00%(upstream:remoteref) refs/heads/master refs/remotes/master [1ms]
2023-01-10 22:12:02.634 [info] > git for-each-ref --sort -committerdate --format %(refname) %(objectname) %(*objectname) [2ms]
2023-01-10 22:12:02.652 [info] > git status -z -uall [25ms]
2023-01-10 22:12:04.843 [info] > git show --textconv :docker-compose.yaml [6ms]
2023-01-10 22:12:04.844 [info] > git ls-files --stage -- /home/MalkovMA/lab4/docker-compose.yaml [1ms]
2023-01-10 22:12:04.851 [info] > git cat-file -s a1474bc484cae32825aeeaf5b3494c7898952179 [2ms]
2023-01-10 22:12:07.717 [info] > git config --get commit.template [6ms]
2023-01-10 22:12:07.718 [info] > git for-each-ref --format=%(refname)%00%(upstream:short)%00%(objectname)%00%(upstream:track)%00%(upstream:remotename)%00%(upstream:remoteref) refs/heads/master refs/remotes/master [2ms]
2023-01-10 22:12:07.730 [info] > git for-each-ref --sort -committerdate --format %(refname) %(objectname) %(*objectname) [3ms]
2023-01-10 22:12:07.749 [info] > git status -z -uall [26ms]
2023-01-10 22:12:12.834 [info] > git config --get commit.template [12ms]
2023-01-10 22:12:12.841 [info] > git for-each-ref --format=%(refname)%00%(upstream:short)%00%(objectname)%00%(upstream:track)%00%(upstream:remotename)%00%(upstream:remoteref) refs/heads/master refs/remotes/master [2ms]
2023-01-10 22:12:12.851 [info] > git for-each-ref --sort -committerdate --format %(refname) %(objectname) %(*objectname) [2ms]
2023-01-10 22:12:12.870 [info] > git status -z -uall [25ms]
2023-01-10 22:12:17.928 [info] > git config --get commit.template [6ms]
2023-01-10 22:12:17.928 [info] > git for-each-ref --format=%(refname)%00%(upstream:short)%00%(objectname)%00%(upstream:track)%00%(upstream:remotename)%00%(upstream:remoteref) refs/heads/master refs/remotes/master [1ms]
2023-01-10 22:12:17.939 [info] > git for-each-ref --sort -committerdate --format %(refname) %(objectname) %(*objectname) [2ms]
2023-01-10 22:12:17.958 [info] > git status -z -uall [25ms]
2023-01-10 22:12:23.015 [info] > git config --get commit.template [7ms]
2023-01-10 22:12:23.015 [info] > git for-each-ref --format=%(refname)%00%(upstream:short)%00%(objectname)%00%(upstream:track)%00%(upstream:remotename)%00%(upstream:remoteref) refs/heads/master refs/remotes/master [1ms]
2023-01-10 22:12:23.026 [info] > git for-each-ref --sort -committerdate --format %(refname) %(objectname) %(*objectname) [2ms]
2023-01-10 22:12:23.046 [info] > git status -z -uall [25ms]
2023-01-10 22:12:28.104 [info] > git config --get commit.template [6ms]
2023-01-10 22:12:28.104 [info] > git for-each-ref --format=%(refname)%00%(upstream:short)%00%(objectname)%00%(upstream:track)%00%(upstream:remotename)%00%(upstream:remoteref) refs/heads/master refs/remotes/master [1ms]
2023-01-10 22:12:28.116 [info] > git for-each-ref --sort -committerdate --format %(refname) %(objectname) %(*objectname) [1ms]
2023-01-10 22:12:28.134 [info] > git status -z -uall [25ms]
2023-01-10 22:12:33.193 [info] > git config --get commit.template [9ms]
2023-01-10 22:12:33.194 [info] > git for-each-ref --format=%(refname)%00%(upstream:short)%00%(objectname)%00%(upstream:track)%00%(upstream:remotename)%00%(upstream:remoteref) refs/heads/master refs/remotes/master [3ms]
2023-01-10 22:12:33.202 [info] > git for-each-ref --sort -committerdate --format %(refname) %(objectname) %(*objectname) [1ms]
2023-01-10 22:12:33.224 [info] > git status -z -uall [26ms]
2023-01-10 22:12:38.282 [info] > git config --get commit.template [5ms]
2023-01-10 22:12:38.282 [info] > git for-each-ref --format=%(refname)%00%(upstream:short)%00%(objectname)%00%(upstream:track)%00%(upstream:remotename)%00%(upstream:remoteref) refs/heads/master refs/remotes/master [1ms]
2023-01-10 22:12:38.292 [info] > git for-each-ref --sort -committerdate --format %(refname) %(objectname) %(*objectname) [1ms]
2023-01-10 22:12:38.313 [info] > git status -z -uall [26ms]
2023-01-10 22:12:43.370 [info] > git config --get commit.template [5ms]
2023-01-10 22:12:43.371 [info] > git for-each-ref --format=%(refname)%00%(upstream:short)%00%(objectname)%00%(upstream:track)%00%(upstream:remotename)%00%(upstream:remoteref) refs/heads/master refs/remotes/master [1ms]
2023-01-10 22:12:43.382 [info] > git for-each-ref --sort -committerdate --format %(refname) %(objectname) %(*objectname) [2ms]
2023-01-10 22:12:43.402 [info] > git status -z -uall [26ms]
2023-01-10 22:12:48.459 [info] > git config --get commit.template [7ms]
2023-01-10 22:12:48.459 [info] > git for-each-ref --format=%(refname)%00%(upstream:short)%00%(objectname)%00%(upstream:track)%00%(upstream:remotename)%00%(upstream:remoteref) refs/heads/master refs/remotes/master [1ms]
2023-01-10 22:12:48.470 [info] > git for-each-ref --sort -committerdate --format %(refname) %(objectname) %(*objectname) [1ms]
2023-01-10 22:12:48.489 [info] > git status -z -uall [25ms]
2023-01-10 22:12:53.544 [info] > git config --get commit.template [4ms]
2023-01-10 22:12:53.544 [info] > git for-each-ref --format=%(refname)%00%(upstream:short)%00%(objectname)%00%(upstream:track)%00%(upstream:remotename)%00%(upstream:remoteref) refs/heads/master refs/remotes/master [1ms]
2023-01-10 22:12:53.556 [info] > git for-each-ref --sort -committerdate --format %(refname) %(objectname) %(*objectname) [2ms]
2023-01-10 22:12:53.575 [info] > git status -z -uall [26ms]
2023-01-10 22:12:58.631 [info] > git config --get commit.template [6ms]
2023-01-10 22:12:58.632 [info] > git for-each-ref --format=%(refname)%00%(upstream:short)%00%(objectname)%00%(upstream:track)%00%(upstream:remotename)%00%(upstream:remoteref) refs/heads/master refs/remotes/master [1ms]
2023-01-10 22:12:58.641 [info] > git for-each-ref --sort -committerdate --format %(refname) %(objectname) %(*objectname) [1ms]
2023-01-10 22:12:58.662 [info] > git status -z -uall [26ms]
2023-01-10 22:13:03.722 [info] > git config --get commit.template [5ms]
2023-01-10 22:13:03.722 [info] > git for-each-ref --format=%(refname)%00%(upstream:short)%00%(objectname)%00%(upstream:track)%00%(upstream:remotename)%00%(upstream:remoteref) refs/heads/master refs/remotes/master [1ms]
2023-01-10 22:13:03.733 [info] > git for-each-ref --sort -committerdate --format %(refname) %(objectname) %(*objectname) [2ms]
2023-01-10 22:13:03.752 [info] > git status -z -uall [25ms]
2023-01-10 22:13:08.838 [info] > git config --get commit.template [33ms]
2023-01-10 22:13:08.844 [info] > git for-each-ref --format=%(refname)%00%(upstream:short)%00%(objectname)%00%(upstream:track)%00%(upstream:remotename)%00%(upstream:remoteref) refs/heads/master refs/remotes/master [1ms]
2023-01-10 22:13:08.854 [info] > git for-each-ref --sort -committerdate --format %(refname) %(objectname) %(*objectname) [2ms]
2023-01-10 22:13:08.874 [info] > git status -z -uall [25ms]
2023-01-10 22:13:13.931 [info] > git config --get commit.template [6ms]
2023-01-10 22:13:13.931 [info] > git for-each-ref --format=%(refname)%00%(upstream:short)%00%(objectname)%00%(upstream:track)%00%(upstream:remotename)%00%(upstream:remoteref) refs/heads/master refs/remotes/master [1ms]
2023-01-10 22:13:13.941 [info] > git for-each-ref --sort -committerdate --format %(refname) %(objectname) %(*objectname) [2ms]
2023-01-10 22:13:13.960 [info] > git status -z -uall [25ms]
2023-01-10 22:13:19.021 [info] > git config --get commit.template [6ms]
2023-01-10 22:13:19.021 [info] > git for-each-ref --format=%(refname)%00%(upstream:short)%00%(objectname)%00%(upstream:track)%00%(upstream:remotename)%00%(upstream:remoteref) refs/heads/master refs/remotes/master [1ms]
2023-01-10 22:13:19.030 [info] > git for-each-ref --sort -committerdate --format %(refname) %(objectname) %(*objectname) [1ms]
2023-01-10 22:13:19.051 [info] > git status -z -uall [26ms]
2023-01-10 22:13:24.109 [info] > git config --get commit.template [6ms]
2023-01-10 22:13:24.109 [info] > git for-each-ref --format=%(refname)%00%(upstream:short)%00%(objectname)%00%(upstream:track)%00%(upstream:remotename)%00%(upstream:remoteref) refs/heads/master refs/remotes/master [1ms]
2023-01-10 22:13:24.120 [info] > git for-each-ref --sort -committerdate --format %(refname) %(objectname) %(*objectname) [2ms]
2023-01-10 22:13:24.141 [info] > git status -z -uall [27ms]
2023-01-10 22:26:13.319 [info] > git config --get commit.template [6ms]
2023-01-10 22:26:13.319 [info] > git for-each-ref --format=%(refname)%00%(upstream:short)%00%(objectname)%00%(upstream:track)%00%(upstream:remotename)%00%(upstream:remoteref) refs/heads/master refs/remotes/master [2ms]
2023-01-10 22:26:13.332 [info] > git for-each-ref --sort -committerdate --format %(refname) %(objectname) %(*objectname) [2ms]
2023-01-10 22:26:13.364 [info] > git status -z -uall [40ms]
2023-01-10 22:26:18.429 [info] > git config --get commit.template [6ms]
2023-01-10 22:26:18.430 [info] > git for-each-ref --format=%(refname)%00%(upstream:short)%00%(objectname)%00%(upstream:track)%00%(upstream:remotename)%00%(upstream:remoteref) refs/heads/master refs/remotes/master [1ms]
2023-01-10 22:26:18.442 [info] > git for-each-ref --sort -committerdate --format %(refname) %(objectname) %(*objectname) [2ms]
2023-01-10 22:26:18.461 [info] > git status -z -uall [26ms]
2023-01-10 22:26:23.518 [info] > git config --get commit.template [7ms]
2023-01-10 22:26:23.518 [info] > git for-each-ref --format=%(refname)%00%(upstream:short)%00%(objectname)%00%(upstream:track)%00%(upstream:remotename)%00%(upstream:remoteref) refs/heads/master refs/remotes/master [1ms]
2023-01-10 22:26:23.529 [info] > git for-each-ref --sort -committerdate --format %(refname) %(objectname) %(*objectname) [2ms]
2023-01-10 22:26:23.549 [info] > git status -z -uall [26ms]
2023-01-10 22:26:28.606 [info] > git config --get commit.template [1ms]
2023-01-10 22:26:28.612 [info] > git for-each-ref --format=%(refname)%00%(upstream:short)%00%(objectname)%00%(upstream:track)%00%(upstream:remotename)%00%(upstream:remoteref) refs/heads/master refs/remotes/master [1ms]
2023-01-10 22:26:28.624 [info] > git for-each-ref --sort -committerdate --format %(refname) %(objectname) %(*objectname) [1ms]
2023-01-10 22:26:28.659 [info] > git status -z -uall [41ms]
2023-01-10 22:26:30.533 [info] > git config --get commit.template [6ms]
2023-01-10 22:26:30.534 [info] > git for-each-ref --format=%(refname)%00%(upstream:short)%00%(objectname)%00%(upstream:track)%00%(upstream:remotename)%00%(upstream:remoteref) refs/heads/main refs/remotes/main [1ms]
2023-01-10 22:26:30.545 [info] > git status -z -uall [6ms]
2023-01-10 22:26:30.546 [info] > git for-each-ref --sort -committerdate --format %(refname) %(objectname) %(*objectname) [1ms]
2023-01-10 22:26:33.724 [info] > git config --get commit.template [6ms]
2023-01-10 22:26:33.725 [info] > git for-each-ref --format=%(refname)%00%(upstream:short)%00%(objectname)%00%(upstream:track)%00%(upstream:remotename)%00%(upstream:remoteref) refs/heads/master refs/remotes/master [1ms]
2023-01-10 22:26:33.734 [info] > git for-each-ref --sort -committerdate --format %(refname) %(objectname) %(*objectname) [1ms]
2023-01-10 22:26:33.756 [info] > git status -z -uall [26ms]
2023-01-10 22:26:38.817 [info] > git config --get commit.template [6ms]
2023-01-10 22:26:38.817 [info] > git for-each-ref --format=%(refname)%00%(upstream:short)%00%(objectname)%00%(upstream:track)%00%(upstream:remotename)%00%(upstream:remoteref) refs/heads/master refs/remotes/master [1ms]
2023-01-10 22:26:38.830 [info] > git for-each-ref --sort -committerdate --format %(refname) %(objectname) %(*objectname) [1ms]
2023-01-10 22:26:38.868 [info] > git status -z -uall [45ms]
2023-01-10 22:26:43.939 [info] > git config --get commit.template [6ms]
2023-01-10 22:26:43.939 [info] > git for-each-ref --format=%(refname)%00%(upstream:short)%00%(objectname)%00%(upstream:track)%00%(upstream:remotename)%00%(upstream:remoteref) refs/heads/master refs/remotes/master [1ms]
2023-01-10 22:26:43.948 [info] > git for-each-ref --sort -committerdate --format %(refname) %(objectname) %(*objectname) [1ms]
2023-01-10 22:26:43.968 [info] > git status -z -uall [25ms]
2023-01-10 22:26:49.027 [info] > git config --get commit.template [6ms]
2023-01-10 22:26:49.027 [info] > git for-each-ref --format=%(refname)%00%(upstream:short)%00%(objectname)%00%(upstream:track)%00%(upstream:remotename)%00%(upstream:remoteref) refs/heads/master refs/remotes/master [1ms]
2023-01-10 22:26:49.037 [info] > git for-each-ref --sort -committerdate --format %(refname) %(objectname) %(*objectname) [2ms]
2023-01-10 22:26:49.057 [info] > git status -z -uall [26ms]
2023-01-10 22:26:54.116 [info] > git config --get commit.template [7ms]
2023-01-10 22:26:54.116 [info] > git for-each-ref --format=%(refname)%00%(upstream:short)%00%(objectname)%00%(upstream:track)%00%(upstream:remotename)%00%(upstream:remoteref) refs/heads/master refs/remotes/master [1ms]
2023-01-10 22:26:54.126 [info] > git for-each-ref --sort -committerdate --format %(refname) %(objectname) %(*objectname) [2ms]
2023-01-10 22:26:54.146 [info] > git status -z -uall [26ms]
2023-01-10 22:26:59.204 [info] > git config --get commit.template [7ms]
2023-01-10 22:26:59.204 [info] > git for-each-ref --format=%(refname)%00%(upstream:short)%00%(objectname)%00%(upstream:track)%00%(upstream:remotename)%00%(upstream:remoteref) refs/heads/master refs/remotes/master [1ms]
2023-01-10 22:26:59.216 [info] > git for-each-ref --sort -committerdate --format %(refname) %(objectname) %(*objectname) [2ms]
2023-01-10 22:26:59.235 [info] > git status -z -uall [26ms]
2023-01-10 22:27:04.294 [info] > git config --get commit.template [5ms]
2023-01-10 22:27:04.294 [info] > git for-each-ref --format=%(refname)%00%(upstream:short)%00%(objectname)%00%(upstream:track)%00%(upstream:remotename)%00%(upstream:remoteref) refs/heads/master refs/remotes/master [1ms]
2023-01-10 22:27:04.305 [info] > git for-each-ref --sort -committerdate --format %(refname) %(objectname) %(*objectname) [2ms]
2023-01-10 22:27:04.324 [info] > git status -z -uall [25ms]
2023-01-10 22:27:09.381 [info] > git config --get commit.template [5ms]
2023-01-10 22:27:09.382 [info] > git for-each-ref --format=%(refname)%00%(upstream:short)%00%(objectname)%00%(upstream:track)%00%(upstream:remotename)%00%(upstream:remoteref) refs/heads/master refs/remotes/master [2ms]
2023-01-10 22:27:09.393 [info] > git for-each-ref --sort -committerdate --format %(refname) %(objectname) %(*objectname) [1ms]
2023-01-10 22:27:09.413 [info] > git status -z -uall [26ms]
2023-01-10 22:27:30.351 [info] > git config --get commit.template [6ms]
2023-01-10 22:27:30.352 [info] > git for-each-ref --format=%(refname)%00%(upstream:short)%00%(objectname)%00%(upstream:track)%00%(upstream:remotename)%00%(upstream:remoteref) refs/heads/master refs/remotes/master [1ms]
2023-01-10 22:27:30.363 [info] > git for-each-ref --sort -committerdate --format %(refname) %(objectname) %(*objectname) [1ms]
2023-01-10 22:27:30.388 [info] > git status -z -uall [31ms]
2023-01-10 22:27:41.805 [info] > git config --get commit.template [6ms]
2023-01-10 22:27:41.807 [info] > git for-each-ref --format=%(refname)%00%(upstream:short)%00%(objectname)%00%(upstream:track)%00%(upstream:remotename)%00%(upstream:remoteref) refs/heads/master refs/remotes/master [2ms]
2023-01-10 22:27:41.818 [info] > git for-each-ref --sort -committerdate --format %(refname) %(objectname) %(*objectname) [1ms]
2023-01-10 22:27:41.842 [info] > git status -z -uall [30ms]
2023-01-10 22:27:51.646 [info] > git config --get commit.template [7ms]
2023-01-10 22:27:51.647 [info] > git for-each-ref --format=%(refname)%00%(upstream:short)%00%(objectname)%00%(upstream:track)%00%(upstream:remotename)%00%(upstream:remoteref) refs/heads/master refs/remotes/master [2ms]
2023-01-10 22:27:51.659 [info] > git for-each-ref --sort -committerdate --format %(refname) %(objectname) %(*objectname) [2ms]
2023-01-10 22:27:51.680 [info] > git status -z -uall [27ms]
2023-01-10 22:27:56.741 [info] > git config --get commit.template [7ms]
2023-01-10 22:27:56.741 [info] > git for-each-ref --format=%(refname)%00%(upstream:short)%00%(objectname)%00%(upstream:track)%00%(upstream:remotename)%00%(upstream:remoteref) refs/heads/master refs/remotes/master [1ms]
2023-01-10 22:27:56.764 [info] > git for-each-ref --sort -committerdate --format %(refname) %(objectname) %(*objectname) [2ms]
2023-01-10 22:27:56.773 [info] > git status -z -uall [26ms]
2023-01-10 22:28:09.328 [info] > git config --get commit.template [12ms]
2023-01-10 22:28:09.343 [info] > git for-each-ref --format=%(refname)%00%(upstream:short)%00%(objectname)%00%(upstream:track)%00%(upstream:remotename)%00%(upstream:remoteref) refs/heads/master refs/remotes/master [1ms]
2023-01-10 22:28:09.355 [info] > git for-each-ref --sort -committerdate --format %(refname) %(objectname) %(*objectname) [1ms]
2023-01-10 22:28:09.376 [info] > git status -z -uall [28ms]
2023-01-10 22:28:14.439 [info] > git config --get commit.template [6ms]
2023-01-10 22:28:14.440 [info] > git for-each-ref --format=%(refname)%00%(upstream:short)%00%(objectname)%00%(upstream:track)%00%(upstream:remotename)%00%(upstream:remoteref) refs/heads/master refs/remotes/master [1ms]
2023-01-10 22:28:14.452 [info] > git for-each-ref --sort -committerdate --format %(refname) %(objectname) %(*objectname) [2ms]
2023-01-10 22:28:14.469 [info] > git status -z -uall [24ms]
2023-01-10 22:28:19.528 [info] > git config --get commit.template [7ms]
2023-01-10 22:28:19.528 [info] > git for-each-ref --format=%(refname)%00%(upstream:short)%00%(objectname)%00%(upstream:track)%00%(upstream:remotename)%00%(upstream:remoteref) refs/heads/master refs/remotes/master [1ms]
2023-01-10 22:28:19.540 [info] > git for-each-ref --sort -committerdate --format %(refname) %(objectname) %(*objectname) [2ms]
2023-01-10 22:28:19.559 [info] > git status -z -uall [26ms]
2023-01-10 22:28:37.052 [info] > git config --get commit.template [1ms]
2023-01-10 22:28:37.059 [info] > git for-each-ref --format=%(refname)%00%(upstream:short)%00%(objectname)%00%(upstream:track)%00%(upstream:remotename)%00%(upstream:remoteref) refs/heads/master refs/remotes/master [1ms]
2023-01-10 22:28:37.069 [info] > git for-each-ref --sort -committerdate --format %(refname) %(objectname) %(*objectname) [1ms]
2023-01-10 22:28:37.100 [info] > git status -z -uall [36ms]
2023-01-10 22:28:42.171 [info] > git config --get commit.template [6ms]
2023-01-10 22:28:42.172 [info] > git for-each-ref --format=%(refname)%00%(upstream:short)%00%(objectname)%00%(upstream:track)%00%(upstream:remotename)%00%(upstream:remoteref) refs/heads/master refs/remotes/master [1ms]
2023-01-10 22:28:42.184 [info] > git for-each-ref --sort -committerdate --format %(refname) %(objectname) %(*objectname) [2ms]
2023-01-10 22:28:42.221 [info] > git status -z -uall [43ms]
2023-01-10 22:28:47.310 [info] > git config --get commit.template [6ms]
2023-01-10 22:28:47.310 [info] > git for-each-ref --format=%(refname)%00%(upstream:short)%00%(objectname)%00%(upstream:track)%00%(upstream:remotename)%00%(upstream:remoteref) refs/heads/master refs/remotes/master [1ms]
2023-01-10 22:28:47.320 [info] > git for-each-ref --sort -committerdate --format %(refname) %(objectname) %(*objectname) [3ms]
2023-01-10 22:28:47.340 [info] > git status -z -uall [27ms]
2023-01-10 22:28:52.399 [info] > git config --get commit.template [6ms]
2023-01-10 22:28:52.399 [info] > git for-each-ref --format=%(refname)%00%(upstream:short)%00%(objectname)%00%(upstream:track)%00%(upstream:remotename)%00%(upstream:remoteref) refs/heads/master refs/remotes/master [1ms]
2023-01-10 22:28:52.409 [info] > git for-each-ref --sort -committerdate --format %(refname) %(objectname) %(*objectname) [1ms]
2023-01-10 22:28:52.430 [info] > git status -z -uall [26ms]
2023-01-10 22:28:57.489 [info] > git config --get commit.template [6ms]
2023-01-10 22:28:57.489 [info] > git for-each-ref --format=%(refname)%00%(upstream:short)%00%(objectname)%00%(upstream:track)%00%(upstream:remotename)%00%(upstream:remoteref) refs/heads/master refs/remotes/master [0ms]
2023-01-10 22:28:57.502 [info] > git for-each-ref --sort -committerdate --format %(refname) %(objectname) %(*objectname) [2ms]
2023-01-10 22:28:57.520 [info] > git status -z -uall [26ms]
2023-01-10 22:29:02.577 [info] > git config --get commit.template [5ms]
2023-01-10 22:29:02.577 [info] > git for-each-ref --format=%(refname)%00%(upstream:short)%00%(objectname)%00%(upstream:track)%00%(upstream:remotename)%00%(upstream:remoteref) refs/heads/master refs/remotes/master [1ms]
2023-01-10 22:29:02.589 [info] > git for-each-ref --sort -committerdate --format %(refname) %(objectname) %(*objectname) [2ms]
2023-01-10 22:29:02.612 [info] > git status -z -uall [28ms]
2023-01-10 22:29:07.669 [info] > git config --get commit.template [6ms]
2023-01-10 22:29:07.669 [info] > git for-each-ref --format=%(refname)%00%(upstream:short)%00%(objectname)%00%(upstream:track)%00%(upstream:remotename)%00%(upstream:remoteref) refs/heads/master refs/remotes/master [1ms]
2023-01-10 22:29:07.679 [info] > git for-each-ref --sort -committerdate --format %(refname) %(objectname) %(*objectname) [1ms]
2023-01-10 22:29:07.699 [info] > git status -z -uall [26ms]
2023-01-10 22:29:12.763 [info] > git config --get commit.template [8ms]
2023-01-10 22:29:12.764 [info] > git for-each-ref --format=%(refname)%00%(upstream:short)%00%(objectname)%00%(upstream:track)%00%(upstream:remotename)%00%(upstream:remoteref) refs/heads/master refs/remotes/master [4ms]
2023-01-10 22:29:12.775 [info] > git for-each-ref --sort -committerdate --format %(refname) %(objectname) %(*objectname) [1ms]
2023-01-10 22:29:12.794 [info] > git status -z -uall [25ms]
2023-01-10 22:29:17.854 [info] > git config --get commit.template [6ms]
2023-01-10 22:29:17.855 [info] > git for-each-ref --format=%(refname)%00%(upstream:short)%00%(objectname)%00%(upstream:track)%00%(upstream:remotename)%00%(upstream:remoteref) refs/heads/master refs/remotes/master [1ms]
2023-01-10 22:29:17.864 [info] > git for-each-ref --sort -committerdate --format %(refname) %(objectname) %(*objectname) [2ms]
2023-01-10 22:29:17.885 [info] > git status -z -uall [26ms]
2023-01-10 22:29:22.944 [info] > git config --get commit.template [7ms]
2023-01-10 22:29:22.945 [info] > git for-each-ref --format=%(refname)%00%(upstream:short)%00%(objectname)%00%(upstream:track)%00%(upstream:remotename)%00%(upstream:remoteref) refs/heads/master refs/remotes/master [1ms]
2023-01-10 22:29:22.957 [info] > git for-each-ref --sort -committerdate --format %(refname) %(objectname) %(*objectname) [2ms]
2023-01-10 22:29:22.976 [info] > git status -z -uall [25ms]
2023-01-10 22:29:28.037 [info] > git config --get commit.template [7ms]
2023-01-10 22:29:28.037 [info] > git for-each-ref --format=%(refname)%00%(upstream:short)%00%(objectname)%00%(upstream:track)%00%(upstream:remotename)%00%(upstream:remoteref) refs/heads/master refs/remotes/master [1ms]
2023-01-10 22:29:28.047 [info] > git for-each-ref --sort -committerdate --format %(refname) %(objectname) %(*objectname) [2ms]
2023-01-10 22:29:28.067 [info] > git status -z -uall [25ms]
2023-01-10 22:29:33.125 [info] > git config --get commit.template [6ms]
2023-01-10 22:29:33.125 [info] > git for-each-ref --format=%(refname)%00%(upstream:short)%00%(objectname)%00%(upstream:track)%00%(upstream:remotename)%00%(upstream:remoteref) refs/heads/master refs/remotes/master [1ms]
2023-01-10 22:29:33.136 [info] > git for-each-ref --sort -committerdate --format %(refname) %(objectname) %(*objectname) [1ms]
2023-01-10 22:29:33.156 [info] > git status -z -uall [25ms]
2023-01-10 22:29:38.214 [info] > git config --get commit.template [5ms]
2023-01-10 22:29:38.214 [info] > git for-each-ref --format=%(refname)%00%(upstream:short)%00%(objectname)%00%(upstream:track)%00%(upstream:remotename)%00%(upstream:remoteref) refs/heads/master refs/remotes/master [1ms]
2023-01-10 22:29:38.226 [info] > git for-each-ref --sort -committerdate --format %(refname) %(objectname) %(*objectname) [2ms]
2023-01-10 22:29:38.244 [info] > git status -z -uall [25ms]
2023-01-10 22:29:43.304 [info] > git config --get commit.template [4ms]
2023-01-10 22:29:43.304 [info] > git for-each-ref --format=%(refname)%00%(upstream:short)%00%(objectname)%00%(upstream:track)%00%(upstream:remotename)%00%(upstream:remoteref) refs/heads/master refs/remotes/master [1ms]
2023-01-10 22:29:43.315 [info] > git for-each-ref --sort -committerdate --format %(refname) %(objectname) %(*objectname) [1ms]
2023-01-10 22:29:43.336 [info] > git status -z -uall [27ms]
2023-01-10 22:29:48.399 [info] > git config --get commit.template [6ms]
2023-01-10 22:29:48.400 [info] > git for-each-ref --format=%(refname)%00%(upstream:short)%00%(objectname)%00%(upstream:track)%00%(upstream:remotename)%00%(upstream:remoteref) refs/heads/master refs/remotes/master [1ms]
2023-01-10 22:29:48.411 [info] > git for-each-ref --sort -committerdate --format %(refname) %(objectname) %(*objectname) [1ms]
2023-01-10 22:29:48.430 [info] > git status -z -uall [25ms]
2023-01-10 22:30:04.030 [info] > git config --get commit.template [5ms]
2023-01-10 22:30:04.031 [info] > git for-each-ref --format=%(refname)%00%(upstream:short)%00%(objectname)%00%(upstream:track)%00%(upstream:remotename)%00%(upstream:remoteref) refs/heads/master refs/remotes/master [2ms]
2023-01-10 22:30:04.043 [info] > git for-each-ref --sort -committerdate --format %(refname) %(objectname) %(*objectname) [1ms]
2023-01-10 22:30:04.071 [info] > git status -z -uall [35ms]
2023-01-10 22:30:09.139 [info] > git config --get commit.template [6ms]
2023-01-10 22:30:09.139 [info] > git for-each-ref --format=%(refname)%00%(upstream:short)%00%(objectname)%00%(upstream:track)%00%(upstream:remotename)%00%(upstream:remoteref) refs/heads/master refs/remotes/master [1ms]
2023-01-10 22:30:09.153 [info] > git for-each-ref --sort -committerdate --format %(refname) %(objectname) %(*objectname) [3ms]
2023-01-10 22:30:09.203 [info] > git status -z -uall [59ms]
2023-01-10 22:30:14.257 [info] > git config --get commit.template [5ms]
2023-01-10 22:30:14.258 [info] > git for-each-ref --format=%(refname)%00%(upstream:short)%00%(objectname)%00%(upstream:track)%00%(upstream:remotename)%00%(upstream:remoteref) refs/heads/master refs/remotes/master [0ms]
2023-01-10 22:30:14.268 [info] > git for-each-ref --sort -committerdate --format %(refname) %(objectname) %(*objectname) [2ms]
2023-01-10 22:30:14.288 [info] > git status -z -uall [25ms]
2023-01-10 22:30:34.971 [info] > git config --get commit.template [5ms]
2023-01-10 22:30:34.971 [info] > git for-each-ref --format=%(refname)%00%(upstream:short)%00%(objectname)%00%(upstream:track)%00%(upstream:remotename)%00%(upstream:remoteref) refs/heads/master refs/remotes/master [1ms]
2023-01-10 22:30:34.983 [info] > git for-each-ref --sort -committerdate --format %(refname) %(objectname) %(*objectname) [2ms]
2023-01-10 22:30:35.013 [info] > git status -z -uall [36ms]
2023-01-10 22:30:40.079 [info] > git config --get commit.template [1ms]
2023-01-10 22:30:40.085 [info] > git for-each-ref --format=%(refname)%00%(upstream:short)%00%(objectname)%00%(upstream:track)%00%(upstream:remotename)%00%(upstream:remoteref) refs/heads/master refs/remotes/master [0ms]
2023-01-10 22:30:40.096 [info] > git for-each-ref --sort -committerdate --format %(refname) %(objectname) %(*objectname) [1ms]
2023-01-10 22:30:40.116 [info] > git status -z -uall [26ms]
