2023-01-11 08:21:45.379 [info] Log level: Info
2023-01-11 08:21:45.380 [info] Validating found git in: "git"
2023-01-11 08:21:45.380 [info] Using git "2.31.1" from "git"
2023-01-11 08:21:45.380 [info] > git rev-parse --show-toplevel [64ms]
2023-01-11 08:21:45.380 [info] > git rev-parse --git-dir --git-common-dir [16ms]
2023-01-11 08:21:45.380 [info] Open repository: /home/MalkovMA
2023-01-11 08:21:45.380 [info] > git rev-parse --show-toplevel [8ms]
2023-01-11 08:21:45.380 [info] > git config --get commit.template [6ms]
2023-01-11 08:21:45.380 [info] > git for-each-ref --format=%(refname)%00%(upstream:short)%00%(objectname)%00%(upstream:track)%00%(upstream:remotename)%00%(upstream:remoteref) refs/heads/master refs/remotes/master [2ms]
2023-01-11 08:21:45.380 [info] > git rev-parse --show-toplevel [18ms]
2023-01-11 08:21:45.380 [info] > git for-each-ref --sort -committerdate --format %(refname) %(objectname) %(*objectname) [5ms]
2023-01-11 08:21:45.380 [info] > git rev-parse --show-toplevel [15ms]
2023-01-11 08:21:45.380 [info] > git rev-parse --show-toplevel [40ms]
2023-01-11 08:21:45.380 [info] > git rev-parse --show-toplevel [8ms]
2023-01-11 08:21:45.380 [info] > git status -z -uall [89ms]
2023-01-11 08:21:45.380 [info] > git rev-parse --show-toplevel [8ms]
2023-01-11 08:21:45.380 [info] > git rev-parse --show-toplevel [132ms]
2023-01-11 08:21:45.380 [info] > git config --get commit.template [6ms]
2023-01-11 08:21:45.380 [info] > git rev-parse --git-dir --git-common-dir [2ms]
2023-01-11 08:21:45.380 [info] Open repository: /home/MalkovMA/lab4
2023-01-11 08:21:45.380 [info] > git config --get commit.template [672ms]
2023-01-11 08:21:45.380 [info] > git for-each-ref --format=%(refname)%00%(upstream:short)%00%(objectname)%00%(upstream:track)%00%(upstream:remotename)%00%(upstream:remoteref) refs/heads/master refs/remotes/master [680ms]
2023-01-11 08:21:45.380 [info] > git for-each-ref --sort -committerdate --format %(refname) %(objectname) %(*objectname) [14ms]
2023-01-11 08:21:45.380 [info] > git check-ignore -v -z --stdin [12ms]
2023-01-11 08:21:45.380 [info] > git check-ignore -v -z --stdin [9ms]
2023-01-11 08:21:45.380 [info] > git status -z -uall [48ms]
2023-01-11 08:21:45.380 [info] > git for-each-ref --format=%(refname)%00%(upstream:short)%00%(objectname)%00%(upstream:track)%00%(upstream:remotename)%00%(upstream:remoteref) refs/heads/main refs/remotes/main [11ms]
2023-01-11 08:21:45.380 [info] > git status -z -uall [77ms]
2023-01-11 08:21:45.380 [info] > git for-each-ref --sort -committerdate --format %(refname) %(objectname) %(*objectname) [74ms]
2023-01-11 08:21:45.380 [info] > git check-ignore -v -z --stdin [18ms]
2023-01-11 08:21:45.380 [info] > git check-ignore -v -z --stdin [12ms]
2023-01-11 08:21:46.551 [info] > git config --get commit.template [5ms]
2023-01-11 08:21:46.552 [info] > git for-each-ref --format=%(refname)%00%(upstream:short)%00%(objectname)%00%(upstream:track)%00%(upstream:remotename)%00%(upstream:remoteref) refs/heads/master refs/remotes/master [2ms]
2023-01-11 08:21:46.564 [info] > git for-each-ref --sort -committerdate --format %(refname) %(objectname) %(*objectname) [4ms]
2023-01-11 08:21:46.603 [info] > git status -z -uall [46ms]
2023-01-11 08:21:47.667 [info] > git show --textconv :.bash_logout [5ms]
2023-01-11 08:21:47.667 [info] > git ls-files --stage -- /home/MalkovMA/.bash_logout [1ms]
2023-01-11 08:21:48.084 [info] > git show --textconv :.bash_history [6ms]
2023-01-11 08:21:48.086 [info] > git ls-files --stage -- /home/MalkovMA/.bash_history [2ms]
2023-01-11 08:21:50.041 [info] > git show --textconv :.bash_logout [6ms]
2023-01-11 08:21:50.042 [info] > git ls-files --stage -- /home/MalkovMA/.bash_logout [1ms]
2023-01-11 08:21:51.702 [info] > git config --get commit.template [7ms]
2023-01-11 08:21:51.702 [info] > git for-each-ref --format=%(refname)%00%(upstream:short)%00%(objectname)%00%(upstream:track)%00%(upstream:remotename)%00%(upstream:remoteref) refs/heads/master refs/remotes/master [1ms]
2023-01-11 08:21:51.717 [info] > git for-each-ref --sort -committerdate --format %(refname) %(objectname) %(*objectname) [3ms]
2023-01-11 08:21:51.749 [info] > git status -z -uall [40ms]
2023-01-11 08:21:53.296 [info] > git show --textconv :.bash_history [5ms]
2023-01-11 08:21:53.297 [info] > git ls-files --stage -- /home/MalkovMA/.bash_history [1ms]
2023-01-11 08:21:56.832 [info] > git config --get commit.template [6ms]
2023-01-11 08:21:56.833 [info] > git for-each-ref --format=%(refname)%00%(upstream:short)%00%(objectname)%00%(upstream:track)%00%(upstream:remotename)%00%(upstream:remoteref) refs/heads/master refs/remotes/master [2ms]
2023-01-11 08:21:56.842 [info] > git for-each-ref --sort -committerdate --format %(refname) %(objectname) %(*objectname) [2ms]
2023-01-11 08:21:56.877 [info] > git status -z -uall [39ms]
2023-01-11 08:22:01.968 [info] > git config --get commit.template [5ms]
2023-01-11 08:22:01.969 [info] > git for-each-ref --format=%(refname)%00%(upstream:short)%00%(objectname)%00%(upstream:track)%00%(upstream:remotename)%00%(upstream:remoteref) refs/heads/master refs/remotes/master [2ms]
2023-01-11 08:22:01.979 [info] > git for-each-ref --sort -committerdate --format %(refname) %(objectname) %(*objectname) [1ms]
2023-01-11 08:22:02.012 [info] > git status -z -uall [38ms]
2023-01-11 08:22:07.091 [info] > git config --get commit.template [6ms]
2023-01-11 08:22:07.092 [info] > git for-each-ref --format=%(refname)%00%(upstream:short)%00%(objectname)%00%(upstream:track)%00%(upstream:remotename)%00%(upstream:remoteref) refs/heads/master refs/remotes/master [1ms]
2023-01-11 08:22:07.102 [info] > git for-each-ref --sort -committerdate --format %(refname) %(objectname) %(*objectname) [1ms]
2023-01-11 08:22:07.133 [info] > git status -z -uall [36ms]
2023-01-11 08:22:12.218 [info] > git config --get commit.template [7ms]
2023-01-11 08:22:12.218 [info] > git for-each-ref --format=%(refname)%00%(upstream:short)%00%(objectname)%00%(upstream:track)%00%(upstream:remotename)%00%(upstream:remoteref) refs/heads/master refs/remotes/master [1ms]
2023-01-11 08:22:12.230 [info] > git for-each-ref --sort -committerdate --format %(refname) %(objectname) %(*objectname) [2ms]
2023-01-11 08:22:12.257 [info] > git status -z -uall [35ms]
2023-01-11 08:22:17.346 [info] > git config --get commit.template [7ms]
2023-01-11 08:22:17.347 [info] > git for-each-ref --format=%(refname)%00%(upstream:short)%00%(objectname)%00%(upstream:track)%00%(upstream:remotename)%00%(upstream:remoteref) refs/heads/master refs/remotes/master [2ms]
2023-01-11 08:22:17.355 [info] > git for-each-ref --sort -committerdate --format %(refname) %(objectname) %(*objectname) [1ms]
2023-01-11 08:22:17.396 [info] > git status -z -uall [45ms]
2023-01-11 08:22:22.477 [info] > git config --get commit.template [7ms]
2023-01-11 08:22:22.477 [info] > git for-each-ref --format=%(refname)%00%(upstream:short)%00%(objectname)%00%(upstream:track)%00%(upstream:remotename)%00%(upstream:remoteref) refs/heads/master refs/remotes/master [1ms]
2023-01-11 08:22:22.490 [info] > git for-each-ref --sort -committerdate --format %(refname) %(objectname) %(*objectname) [2ms]
2023-01-11 08:22:22.542 [info] > git status -z -uall [59ms]
2023-01-11 08:22:27.631 [info] > git config --get commit.template [6ms]
2023-01-11 08:22:27.631 [info] > git for-each-ref --format=%(refname)%00%(upstream:short)%00%(objectname)%00%(upstream:track)%00%(upstream:remotename)%00%(upstream:remoteref) refs/heads/master refs/remotes/master [1ms]
2023-01-11 08:22:27.641 [info] > git for-each-ref --sort -committerdate --format %(refname) %(objectname) %(*objectname) [2ms]
2023-01-11 08:22:27.670 [info] > git status -z -uall [34ms]
2023-01-11 08:22:32.746 [info] > git config --get commit.template [6ms]
2023-01-11 08:22:32.747 [info] > git for-each-ref --format=%(refname)%00%(upstream:short)%00%(objectname)%00%(upstream:track)%00%(upstream:remotename)%00%(upstream:remoteref) refs/heads/master refs/remotes/master [2ms]
2023-01-11 08:22:32.758 [info] > git for-each-ref --sort -committerdate --format %(refname) %(objectname) %(*objectname) [1ms]
2023-01-11 08:22:32.789 [info] > git status -z -uall [37ms]
2023-01-11 08:22:37.878 [info] > git config --get commit.template [7ms]
2023-01-11 08:22:37.878 [info] > git for-each-ref --format=%(refname)%00%(upstream:short)%00%(objectname)%00%(upstream:track)%00%(upstream:remotename)%00%(upstream:remoteref) refs/heads/master refs/remotes/master [1ms]
2023-01-11 08:22:37.889 [info] > git for-each-ref --sort -committerdate --format %(refname) %(objectname) %(*objectname) [2ms]
2023-01-11 08:22:37.918 [info] > git status -z -uall [35ms]
2023-01-11 08:22:43.001 [info] > git config --get commit.template [7ms]
2023-01-11 08:22:43.001 [info] > git for-each-ref --format=%(refname)%00%(upstream:short)%00%(objectname)%00%(upstream:track)%00%(upstream:remotename)%00%(upstream:remoteref) refs/heads/master refs/remotes/master [1ms]
2023-01-11 08:22:43.013 [info] > git for-each-ref --sort -committerdate --format %(refname) %(objectname) %(*objectname) [1ms]
2023-01-11 08:22:43.046 [info] > git status -z -uall [39ms]
2023-01-11 08:22:48.134 [info] > git config --get commit.template [6ms]
2023-01-11 08:22:48.134 [info] > git for-each-ref --format=%(refname)%00%(upstream:short)%00%(objectname)%00%(upstream:track)%00%(upstream:remotename)%00%(upstream:remoteref) refs/heads/master refs/remotes/master [1ms]
2023-01-11 08:22:48.145 [info] > git for-each-ref --sort -committerdate --format %(refname) %(objectname) %(*objectname) [2ms]
2023-01-11 08:22:48.174 [info] > git status -z -uall [35ms]
2023-01-11 08:22:53.253 [info] > git config --get commit.template [7ms]
2023-01-11 08:22:53.253 [info] > git for-each-ref --format=%(refname)%00%(upstream:short)%00%(objectname)%00%(upstream:track)%00%(upstream:remotename)%00%(upstream:remoteref) refs/heads/master refs/remotes/master [1ms]
2023-01-11 08:22:53.265 [info] > git for-each-ref --sort -committerdate --format %(refname) %(objectname) %(*objectname) [2ms]
2023-01-11 08:22:53.296 [info] > git status -z -uall [37ms]
2023-01-11 08:22:58.382 [info] > git config --get commit.template [5ms]
2023-01-11 08:22:58.383 [info] > git for-each-ref --format=%(refname)%00%(upstream:short)%00%(objectname)%00%(upstream:track)%00%(upstream:remotename)%00%(upstream:remoteref) refs/heads/master refs/remotes/master [2ms]
2023-01-11 08:22:58.394 [info] > git for-each-ref --sort -committerdate --format %(refname) %(objectname) %(*objectname) [2ms]
2023-01-11 08:22:58.435 [info] > git status -z -uall [47ms]
2023-01-11 08:23:03.518 [info] > git config --get commit.template [7ms]
2023-01-11 08:23:03.519 [info] > git for-each-ref --format=%(refname)%00%(upstream:short)%00%(objectname)%00%(upstream:track)%00%(upstream:remotename)%00%(upstream:remoteref) refs/heads/master refs/remotes/master [1ms]
2023-01-11 08:23:03.530 [info] > git for-each-ref --sort -committerdate --format %(refname) %(objectname) %(*objectname) [2ms]
2023-01-11 08:23:03.558 [info] > git status -z -uall [34ms]
2023-01-11 08:23:08.639 [info] > git config --get commit.template [6ms]
2023-01-11 08:23:08.640 [info] > git for-each-ref --format=%(refname)%00%(upstream:short)%00%(objectname)%00%(upstream:track)%00%(upstream:remotename)%00%(upstream:remoteref) refs/heads/master refs/remotes/master [1ms]
2023-01-11 08:23:08.651 [info] > git for-each-ref --sort -committerdate --format %(refname) %(objectname) %(*objectname) [2ms]
2023-01-11 08:23:08.679 [info] > git status -z -uall [34ms]
2023-01-11 08:23:13.751 [info] > git config --get commit.template [1ms]
2023-01-11 08:23:13.757 [info] > git for-each-ref --format=%(refname)%00%(upstream:short)%00%(objectname)%00%(upstream:track)%00%(upstream:remotename)%00%(upstream:remoteref) refs/heads/master refs/remotes/master [1ms]
2023-01-11 08:23:13.768 [info] > git for-each-ref --sort -committerdate --format %(refname) %(objectname) %(*objectname) [1ms]
2023-01-11 08:23:13.797 [info] > git status -z -uall [34ms]
2023-01-11 08:23:18.869 [info] > git config --get commit.template [7ms]
2023-01-11 08:23:18.869 [info] > git for-each-ref --format=%(refname)%00%(upstream:short)%00%(objectname)%00%(upstream:track)%00%(upstream:remotename)%00%(upstream:remoteref) refs/heads/master refs/remotes/master [1ms]
2023-01-11 08:23:18.880 [info] > git for-each-ref --sort -committerdate --format %(refname) %(objectname) %(*objectname) [1ms]
2023-01-11 08:23:18.939 [info] > git status -z -uall [64ms]
2023-01-11 08:23:24.016 [info] > git config --get commit.template [6ms]
2023-01-11 08:23:24.017 [info] > git for-each-ref --format=%(refname)%00%(upstream:short)%00%(objectname)%00%(upstream:track)%00%(upstream:remotename)%00%(upstream:remoteref) refs/heads/master refs/remotes/master [1ms]
2023-01-11 08:23:24.028 [info] > git for-each-ref --sort -committerdate --format %(refname) %(objectname) %(*objectname) [2ms]
2023-01-11 08:23:24.057 [info] > git status -z -uall [35ms]
2023-01-11 08:23:29.137 [info] > git config --get commit.template [1ms]
2023-01-11 08:23:29.145 [info] > git for-each-ref --format=%(refname)%00%(upstream:short)%00%(objectname)%00%(upstream:track)%00%(upstream:remotename)%00%(upstream:remoteref) refs/heads/master refs/remotes/master [2ms]
2023-01-11 08:23:29.156 [info] > git for-each-ref --sort -committerdate --format %(refname) %(objectname) %(*objectname) [2ms]
2023-01-11 08:23:29.186 [info] > git status -z -uall [36ms]
2023-01-11 08:23:34.268 [info] > git config --get commit.template [7ms]
2023-01-11 08:23:34.268 [info] > git for-each-ref --format=%(refname)%00%(upstream:short)%00%(objectname)%00%(upstream:track)%00%(upstream:remotename)%00%(upstream:remoteref) refs/heads/master refs/remotes/master [1ms]
2023-01-11 08:23:34.278 [info] > git for-each-ref --sort -committerdate --format %(refname) %(objectname) %(*objectname) [1ms]
2023-01-11 08:23:34.309 [info] > git status -z -uall [36ms]
2023-01-11 08:23:39.395 [info] > git config --get commit.template [7ms]
2023-01-11 08:23:39.395 [info] > git for-each-ref --format=%(refname)%00%(upstream:short)%00%(objectname)%00%(upstream:track)%00%(upstream:remotename)%00%(upstream:remoteref) refs/heads/master refs/remotes/master [1ms]
2023-01-11 08:23:39.409 [info] > git for-each-ref --sort -committerdate --format %(refname) %(objectname) %(*objectname) [3ms]
2023-01-11 08:23:39.439 [info] > git status -z -uall [38ms]
2023-01-11 08:23:44.516 [info] > git config --get commit.template [6ms]
2023-01-11 08:23:44.516 [info] > git for-each-ref --format=%(refname)%00%(upstream:short)%00%(objectname)%00%(upstream:track)%00%(upstream:remotename)%00%(upstream:remoteref) refs/heads/master refs/remotes/master [1ms]
2023-01-11 08:23:44.526 [info] > git for-each-ref --sort -committerdate --format %(refname) %(objectname) %(*objectname) [2ms]
2023-01-11 08:23:44.555 [info] > git status -z -uall [35ms]
2023-01-11 08:23:49.627 [info] > git config --get commit.template [7ms]
2023-01-11 08:23:49.628 [info] > git for-each-ref --format=%(refname)%00%(upstream:short)%00%(objectname)%00%(upstream:track)%00%(upstream:remotename)%00%(upstream:remoteref) refs/heads/master refs/remotes/master [1ms]
2023-01-11 08:23:49.639 [info] > git for-each-ref --sort -committerdate --format %(refname) %(objectname) %(*objectname) [2ms]
2023-01-11 08:23:49.670 [info] > git status -z -uall [36ms]
2023-01-11 08:23:54.750 [info] > git config --get commit.template [6ms]
2023-01-11 08:23:54.750 [info] > git for-each-ref --format=%(refname)%00%(upstream:short)%00%(objectname)%00%(upstream:track)%00%(upstream:remotename)%00%(upstream:remoteref) refs/heads/master refs/remotes/master [1ms]
2023-01-11 08:23:54.762 [info] > git for-each-ref --sort -committerdate --format %(refname) %(objectname) %(*objectname) [2ms]
2023-01-11 08:23:54.791 [info] > git status -z -uall [35ms]
2023-01-11 08:23:59.865 [info] > git config --get commit.template [6ms]
2023-01-11 08:23:59.865 [info] > git for-each-ref --format=%(refname)%00%(upstream:short)%00%(objectname)%00%(upstream:track)%00%(upstream:remotename)%00%(upstream:remoteref) refs/heads/master refs/remotes/master [1ms]
2023-01-11 08:23:59.879 [info] > git for-each-ref --sort -committerdate --format %(refname) %(objectname) %(*objectname) [1ms]
2023-01-11 08:23:59.907 [info] > git status -z -uall [34ms]
2023-01-11 08:24:04.999 [info] > git config --get commit.template [6ms]
2023-01-11 08:24:05.000 [info] > git for-each-ref --format=%(refname)%00%(upstream:short)%00%(objectname)%00%(upstream:track)%00%(upstream:remotename)%00%(upstream:remoteref) refs/heads/master refs/remotes/master [2ms]
2023-01-11 08:24:05.010 [info] > git for-each-ref --sort -committerdate --format %(refname) %(objectname) %(*objectname) [2ms]
2023-01-11 08:24:05.043 [info] > git status -z -uall [38ms]
2023-01-11 08:24:10.128 [info] > git config --get commit.template [7ms]
2023-01-11 08:24:10.129 [info] > git for-each-ref --format=%(refname)%00%(upstream:short)%00%(objectname)%00%(upstream:track)%00%(upstream:remotename)%00%(upstream:remoteref) refs/heads/master refs/remotes/master [2ms]
2023-01-11 08:24:10.137 [info] > git for-each-ref --sort -committerdate --format %(refname) %(objectname) %(*objectname) [1ms]
2023-01-11 08:24:10.176 [info] > git status -z -uall [44ms]
2023-01-11 08:24:15.256 [info] > git config --get commit.template [6ms]
2023-01-11 08:24:15.257 [info] > git for-each-ref --format=%(refname)%00%(upstream:short)%00%(objectname)%00%(upstream:track)%00%(upstream:remotename)%00%(upstream:remoteref) refs/heads/master refs/remotes/master [2ms]
2023-01-11 08:24:15.268 [info] > git for-each-ref --sort -committerdate --format %(refname) %(objectname) %(*objectname) [1ms]
2023-01-11 08:24:15.297 [info] > git status -z -uall [35ms]
2023-01-11 08:24:20.372 [info] > git config --get commit.template [6ms]
2023-01-11 08:24:20.373 [info] > git for-each-ref --format=%(refname)%00%(upstream:short)%00%(objectname)%00%(upstream:track)%00%(upstream:remotename)%00%(upstream:remoteref) refs/heads/master refs/remotes/master [1ms]
2023-01-11 08:24:20.385 [info] > git for-each-ref --sort -committerdate --format %(refname) %(objectname) %(*objectname) [2ms]
2023-01-11 08:24:20.417 [info] > git status -z -uall [38ms]
2023-01-11 08:24:25.505 [info] > git config --get commit.template [7ms]
2023-01-11 08:24:25.506 [info] > git for-each-ref --format=%(refname)%00%(upstream:short)%00%(objectname)%00%(upstream:track)%00%(upstream:remotename)%00%(upstream:remoteref) refs/heads/master refs/remotes/master [1ms]
2023-01-11 08:24:25.517 [info] > git for-each-ref --sort -committerdate --format %(refname) %(objectname) %(*objectname) [1ms]
2023-01-11 08:24:25.554 [info] > git status -z -uall [43ms]
2023-01-11 08:24:30.635 [info] > git config --get commit.template [6ms]
2023-01-11 08:24:30.636 [info] > git for-each-ref --format=%(refname)%00%(upstream:short)%00%(objectname)%00%(upstream:track)%00%(upstream:remotename)%00%(upstream:remoteref) refs/heads/master refs/remotes/master [1ms]
2023-01-11 08:24:30.647 [info] > git for-each-ref --sort -committerdate --format %(refname) %(objectname) %(*objectname) [2ms]
2023-01-11 08:24:30.675 [info] > git status -z -uall [34ms]
2023-01-11 08:24:35.758 [info] > git config --get commit.template [7ms]
2023-01-11 08:24:35.758 [info] > git for-each-ref --format=%(refname)%00%(upstream:short)%00%(objectname)%00%(upstream:track)%00%(upstream:remotename)%00%(upstream:remoteref) refs/heads/master refs/remotes/master [1ms]
2023-01-11 08:24:35.769 [info] > git for-each-ref --sort -committerdate --format %(refname) %(objectname) %(*objectname) [2ms]
2023-01-11 08:24:35.797 [info] > git status -z -uall [34ms]
2023-01-11 08:24:40.868 [info] > git config --get commit.template [7ms]
2023-01-11 08:24:40.869 [info] > git for-each-ref --format=%(refname)%00%(upstream:short)%00%(objectname)%00%(upstream:track)%00%(upstream:remotename)%00%(upstream:remoteref) refs/heads/master refs/remotes/master [1ms]
2023-01-11 08:24:40.879 [info] > git for-each-ref --sort -committerdate --format %(refname) %(objectname) %(*objectname) [1ms]
2023-01-11 08:24:40.908 [info] > git status -z -uall [34ms]
2023-01-11 08:24:45.986 [info] > git config --get commit.template [7ms]
2023-01-11 08:24:45.986 [info] > git for-each-ref --format=%(refname)%00%(upstream:short)%00%(objectname)%00%(upstream:track)%00%(upstream:remotename)%00%(upstream:remoteref) refs/heads/master refs/remotes/master [1ms]
2023-01-11 08:24:45.995 [info] > git for-each-ref --sort -committerdate --format %(refname) %(objectname) %(*objectname) [1ms]
2023-01-11 08:24:46.025 [info] > git status -z -uall [34ms]
2023-01-11 08:24:51.098 [info] > git config --get commit.template [6ms]
2023-01-11 08:24:51.098 [info] > git for-each-ref --format=%(refname)%00%(upstream:short)%00%(objectname)%00%(upstream:track)%00%(upstream:remotename)%00%(upstream:remoteref) refs/heads/master refs/remotes/master [1ms]
2023-01-11 08:24:51.108 [info] > git for-each-ref --sort -committerdate --format %(refname) %(objectname) %(*objectname) [2ms]
2023-01-11 08:24:51.139 [info] > git status -z -uall [36ms]
2023-01-11 08:53:55.801 [info] > git config --get commit.template [6ms]
2023-01-11 08:53:55.802 [info] > git for-each-ref --format=%(refname)%00%(upstream:short)%00%(objectname)%00%(upstream:track)%00%(upstream:remotename)%00%(upstream:remoteref) refs/heads/master refs/remotes/master [2ms]
2023-01-11 08:53:55.811 [info] > git for-each-ref --sort -committerdate --format %(refname) %(objectname) %(*objectname) [1ms]
2023-01-11 08:53:55.856 [info] > git status -z -uall [49ms]
2023-01-11 08:53:58.190 [info] > git check-ignore -v -z --stdin [2ms]
2023-01-11 09:26:59.664 [info] > git config --get commit.template [5ms]
2023-01-11 09:26:59.664 [info] > git for-each-ref --format=%(refname)%00%(upstream:short)%00%(objectname)%00%(upstream:track)%00%(upstream:remotename)%00%(upstream:remoteref) refs/heads/master refs/remotes/master [1ms]
2023-01-11 09:26:59.675 [info] > git for-each-ref --sort -committerdate --format %(refname) %(objectname) %(*objectname) [1ms]
2023-01-11 09:26:59.715 [info] > git status -z -uall [46ms]
2023-01-11 09:27:04.838 [info] > git config --get commit.template [5ms]
2023-01-11 09:27:04.839 [info] > git for-each-ref --format=%(refname)%00%(upstream:short)%00%(objectname)%00%(upstream:track)%00%(upstream:remotename)%00%(upstream:remoteref) refs/heads/master refs/remotes/master [1ms]
2023-01-11 09:27:04.851 [info] > git for-each-ref --sort -committerdate --format %(refname) %(objectname) %(*objectname) [1ms]
2023-01-11 09:27:04.881 [info] > git status -z -uall [35ms]
2023-01-11 09:27:09.969 [info] > git config --get commit.template [6ms]
2023-01-11 09:27:09.969 [info] > git for-each-ref --format=%(refname)%00%(upstream:short)%00%(objectname)%00%(upstream:track)%00%(upstream:remotename)%00%(upstream:remoteref) refs/heads/master refs/remotes/master [1ms]
2023-01-11 09:27:09.979 [info] > git for-each-ref --sort -committerdate --format %(refname) %(objectname) %(*objectname) [2ms]
2023-01-11 09:27:10.011 [info] > git status -z -uall [38ms]
2023-01-11 09:27:15.089 [info] > git config --get commit.template [6ms]
2023-01-11 09:27:15.090 [info] > git for-each-ref --format=%(refname)%00%(upstream:short)%00%(objectname)%00%(upstream:track)%00%(upstream:remotename)%00%(upstream:remoteref) refs/heads/master refs/remotes/master [2ms]
2023-01-11 09:27:15.100 [info] > git for-each-ref --sort -committerdate --format %(refname) %(objectname) %(*objectname) [1ms]
2023-01-11 09:27:15.131 [info] > git status -z -uall [36ms]
2023-01-11 09:27:20.203 [info] > git config --get commit.template [7ms]
2023-01-11 09:27:20.203 [info] > git for-each-ref --format=%(refname)%00%(upstream:short)%00%(objectname)%00%(upstream:track)%00%(upstream:remotename)%00%(upstream:remoteref) refs/heads/master refs/remotes/master [1ms]
2023-01-11 09:27:20.215 [info] > git for-each-ref --sort -committerdate --format %(refname) %(objectname) %(*objectname) [2ms]
2023-01-11 09:27:20.244 [info] > git status -z -uall [35ms]
2023-01-11 09:27:25.314 [info] > git config --get commit.template [4ms]
2023-01-11 09:27:25.314 [info] > git for-each-ref --format=%(refname)%00%(upstream:short)%00%(objectname)%00%(upstream:track)%00%(upstream:remotename)%00%(upstream:remoteref) refs/heads/master refs/remotes/master [1ms]
2023-01-11 09:27:25.324 [info] > git for-each-ref --sort -committerdate --format %(refname) %(objectname) %(*objectname) [1ms]
2023-01-11 09:27:25.361 [info] > git status -z -uall [42ms]
2023-01-11 09:27:30.443 [info] > git config --get commit.template [6ms]
2023-01-11 09:27:30.443 [info] > git for-each-ref --format=%(refname)%00%(upstream:short)%00%(objectname)%00%(upstream:track)%00%(upstream:remotename)%00%(upstream:remoteref) refs/heads/master refs/remotes/master [1ms]
2023-01-11 09:27:30.455 [info] > git for-each-ref --sort -committerdate --format %(refname) %(objectname) %(*objectname) [1ms]
2023-01-11 09:27:30.484 [info] > git status -z -uall [35ms]
2023-01-11 09:27:35.577 [info] > git config --get commit.template [7ms]
2023-01-11 09:27:35.577 [info] > git for-each-ref --format=%(refname)%00%(upstream:short)%00%(objectname)%00%(upstream:track)%00%(upstream:remotename)%00%(upstream:remoteref) refs/heads/master refs/remotes/master [1ms]
2023-01-11 09:27:35.589 [info] > git for-each-ref --sort -committerdate --format %(refname) %(objectname) %(*objectname) [1ms]
2023-01-11 09:27:35.618 [info] > git status -z -uall [34ms]
2023-01-11 09:27:40.703 [info] > git config --get commit.template [6ms]
2023-01-11 09:27:40.703 [info] > git for-each-ref --format=%(refname)%00%(upstream:short)%00%(objectname)%00%(upstream:track)%00%(upstream:remotename)%00%(upstream:remoteref) refs/heads/master refs/remotes/master [1ms]
2023-01-11 09:27:40.714 [info] > git for-each-ref --sort -committerdate --format %(refname) %(objectname) %(*objectname) [2ms]
2023-01-11 09:27:40.746 [info] > git status -z -uall [38ms]
2023-01-11 09:27:45.830 [info] > git config --get commit.template [6ms]
2023-01-11 09:27:45.831 [info] > git for-each-ref --format=%(refname)%00%(upstream:short)%00%(objectname)%00%(upstream:track)%00%(upstream:remotename)%00%(upstream:remoteref) refs/heads/master refs/remotes/master [1ms]
2023-01-11 09:27:45.842 [info] > git for-each-ref --sort -committerdate --format %(refname) %(objectname) %(*objectname) [1ms]
2023-01-11 09:27:45.871 [info] > git status -z -uall [35ms]
2023-01-11 09:27:50.948 [info] > git config --get commit.template [7ms]
2023-01-11 09:27:50.949 [info] > git for-each-ref --format=%(refname)%00%(upstream:short)%00%(objectname)%00%(upstream:track)%00%(upstream:remotename)%00%(upstream:remoteref) refs/heads/master refs/remotes/master [2ms]
2023-01-11 09:27:50.960 [info] > git for-each-ref --sort -committerdate --format %(refname) %(objectname) %(*objectname) [1ms]
2023-01-11 09:27:50.990 [info] > git status -z -uall [35ms]
2023-01-11 09:27:56.070 [info] > git config --get commit.template [7ms]
2023-01-11 09:27:56.070 [info] > git for-each-ref --format=%(refname)%00%(upstream:short)%00%(objectname)%00%(upstream:track)%00%(upstream:remotename)%00%(upstream:remoteref) refs/heads/master refs/remotes/master [1ms]
2023-01-11 09:27:56.080 [info] > git for-each-ref --sort -committerdate --format %(refname) %(objectname) %(*objectname) [1ms]
2023-01-11 09:27:56.117 [info] > git status -z -uall [43ms]
2023-01-11 09:28:01.195 [info] > git config --get commit.template [6ms]
2023-01-11 09:28:01.195 [info] > git for-each-ref --format=%(refname)%00%(upstream:short)%00%(objectname)%00%(upstream:track)%00%(upstream:remotename)%00%(upstream:remoteref) refs/heads/master refs/remotes/master [1ms]
2023-01-11 09:28:01.204 [info] > git for-each-ref --sort -committerdate --format %(refname) %(objectname) %(*objectname) [1ms]
2023-01-11 09:28:01.243 [info] > git status -z -uall [44ms]
2023-01-11 09:28:06.315 [info] > git config --get commit.template [6ms]
2023-01-11 09:28:06.316 [info] > git for-each-ref --format=%(refname)%00%(upstream:short)%00%(objectname)%00%(upstream:track)%00%(upstream:remotename)%00%(upstream:remoteref) refs/heads/master refs/remotes/master [2ms]
2023-01-11 09:28:06.325 [info] > git for-each-ref --sort -committerdate --format %(refname) %(objectname) %(*objectname) [1ms]
2023-01-11 09:28:06.366 [info] > git status -z -uall [47ms]
2023-01-11 09:28:11.457 [info] > git config --get commit.template [7ms]
2023-01-11 09:28:11.458 [info] > git for-each-ref --format=%(refname)%00%(upstream:short)%00%(objectname)%00%(upstream:track)%00%(upstream:remotename)%00%(upstream:remoteref) refs/heads/master refs/remotes/master [1ms]
2023-01-11 09:28:11.471 [info] > git for-each-ref --sort -committerdate --format %(refname) %(objectname) %(*objectname) [2ms]
2023-01-11 09:28:11.535 [info] > git status -z -uall [71ms]
2023-01-11 09:28:16.624 [info] > git config --get commit.template [5ms]
2023-01-11 09:28:16.625 [info] > git for-each-ref --format=%(refname)%00%(upstream:short)%00%(objectname)%00%(upstream:track)%00%(upstream:remotename)%00%(upstream:remoteref) refs/heads/master refs/remotes/master [1ms]
2023-01-11 09:28:16.636 [info] > git for-each-ref --sort -committerdate --format %(refname) %(objectname) %(*objectname) [2ms]
2023-01-11 09:28:16.700 [info] > git status -z -uall [70ms]
2023-01-11 09:28:21.779 [info] > git config --get commit.template [6ms]
2023-01-11 09:28:21.779 [info] > git for-each-ref --format=%(refname)%00%(upstream:short)%00%(objectname)%00%(upstream:track)%00%(upstream:remotename)%00%(upstream:remoteref) refs/heads/master refs/remotes/master [1ms]
2023-01-11 09:28:21.789 [info] > git for-each-ref --sort -committerdate --format %(refname) %(objectname) %(*objectname) [1ms]
2023-01-11 09:28:21.818 [info] > git status -z -uall [35ms]
2023-01-11 09:28:26.890 [info] > git config --get commit.template [5ms]
2023-01-11 09:28:26.892 [info] > git for-each-ref --format=%(refname)%00%(upstream:short)%00%(objectname)%00%(upstream:track)%00%(upstream:remotename)%00%(upstream:remoteref) refs/heads/master refs/remotes/master [2ms]
2023-01-11 09:28:26.904 [info] > git for-each-ref --sort -committerdate --format %(refname) %(objectname) %(*objectname) [1ms]
2023-01-11 09:28:26.933 [info] > git status -z -uall [35ms]
2023-01-11 09:28:32.012 [info] > git config --get commit.template [7ms]
2023-01-11 09:28:32.012 [info] > git for-each-ref --format=%(refname)%00%(upstream:short)%00%(objectname)%00%(upstream:track)%00%(upstream:remotename)%00%(upstream:remoteref) refs/heads/master refs/remotes/master [1ms]
2023-01-11 09:28:32.024 [info] > git for-each-ref --sort -committerdate --format %(refname) %(objectname) %(*objectname) [2ms]
2023-01-11 09:28:32.056 [info] > git status -z -uall [38ms]
2023-01-11 09:28:37.133 [info] > git config --get commit.template [5ms]
2023-01-11 09:28:37.133 [info] > git for-each-ref --format=%(refname)%00%(upstream:short)%00%(objectname)%00%(upstream:track)%00%(upstream:remotename)%00%(upstream:remoteref) refs/heads/master refs/remotes/master [1ms]
2023-01-11 09:28:37.145 [info] > git for-each-ref --sort -committerdate --format %(refname) %(objectname) %(*objectname) [2ms]
2023-01-11 09:28:37.174 [info] > git status -z -uall [35ms]
2023-01-11 09:28:42.249 [info] > git config --get commit.template [6ms]
2023-01-11 09:28:42.249 [info] > git for-each-ref --format=%(refname)%00%(upstream:short)%00%(objectname)%00%(upstream:track)%00%(upstream:remotename)%00%(upstream:remoteref) refs/heads/master refs/remotes/master [1ms]
2023-01-11 09:28:42.261 [info] > git for-each-ref --sort -committerdate --format %(refname) %(objectname) %(*objectname) [1ms]
2023-01-11 09:28:42.291 [info] > git status -z -uall [36ms]
2023-01-11 09:28:47.370 [info] > git config --get commit.template [1ms]
2023-01-11 09:28:47.375 [info] > git for-each-ref --format=%(refname)%00%(upstream:short)%00%(objectname)%00%(upstream:track)%00%(upstream:remotename)%00%(upstream:remoteref) refs/heads/master refs/remotes/master [1ms]
2023-01-11 09:28:47.387 [info] > git for-each-ref --sort -committerdate --format %(refname) %(objectname) %(*objectname) [2ms]
2023-01-11 09:28:47.416 [info] > git status -z -uall [35ms]
2023-01-11 09:28:52.493 [info] > git config --get commit.template [6ms]
2023-01-11 09:28:52.493 [info] > git for-each-ref --format=%(refname)%00%(upstream:short)%00%(objectname)%00%(upstream:track)%00%(upstream:remotename)%00%(upstream:remoteref) refs/heads/master refs/remotes/master [1ms]
2023-01-11 09:28:52.503 [info] > git for-each-ref --sort -committerdate --format %(refname) %(objectname) %(*objectname) [2ms]
2023-01-11 09:28:52.534 [info] > git status -z -uall [36ms]
2023-01-11 09:28:57.618 [info] > git config --get commit.template [7ms]
2023-01-11 09:28:57.618 [info] > git for-each-ref --format=%(refname)%00%(upstream:short)%00%(objectname)%00%(upstream:track)%00%(upstream:remotename)%00%(upstream:remoteref) refs/heads/master refs/remotes/master [1ms]
2023-01-11 09:28:57.629 [info] > git for-each-ref --sort -committerdate --format %(refname) %(objectname) %(*objectname) [1ms]
2023-01-11 09:28:57.660 [info] > git status -z -uall [35ms]
2023-01-11 09:29:02.737 [info] > git config --get commit.template [6ms]
2023-01-11 09:29:02.737 [info] > git for-each-ref --format=%(refname)%00%(upstream:short)%00%(objectname)%00%(upstream:track)%00%(upstream:remotename)%00%(upstream:remoteref) refs/heads/master refs/remotes/master [1ms]
2023-01-11 09:29:02.749 [info] > git for-each-ref --sort -committerdate --format %(refname) %(objectname) %(*objectname) [1ms]
2023-01-11 09:29:02.777 [info] > git status -z -uall [34ms]
2023-01-11 09:29:07.865 [info] > git config --get commit.template [6ms]
2023-01-11 09:29:07.866 [info] > git for-each-ref --format=%(refname)%00%(upstream:short)%00%(objectname)%00%(upstream:track)%00%(upstream:remotename)%00%(upstream:remoteref) refs/heads/master refs/remotes/master [1ms]
2023-01-11 09:29:07.880 [info] > git for-each-ref --sort -committerdate --format %(refname) %(objectname) %(*objectname) [2ms]
2023-01-11 09:29:07.917 [info] > git status -z -uall [45ms]
2023-01-11 09:29:13.024 [info] > git config --get commit.template [7ms]
2023-01-11 09:29:13.024 [info] > git for-each-ref --format=%(refname)%00%(upstream:short)%00%(objectname)%00%(upstream:track)%00%(upstream:remotename)%00%(upstream:remoteref) refs/heads/master refs/remotes/master [1ms]
2023-01-11 09:29:13.035 [info] > git for-each-ref --sort -committerdate --format %(refname) %(objectname) %(*objectname) [2ms]
2023-01-11 09:29:13.065 [info] > git status -z -uall [35ms]
2023-01-11 09:29:18.149 [info] > git config --get commit.template [6ms]
2023-01-11 09:29:18.149 [info] > git for-each-ref --format=%(refname)%00%(upstream:short)%00%(objectname)%00%(upstream:track)%00%(upstream:remotename)%00%(upstream:remoteref) refs/heads/master refs/remotes/master [1ms]
2023-01-11 09:29:18.161 [info] > git for-each-ref --sort -committerdate --format %(refname) %(objectname) %(*objectname) [2ms]
2023-01-11 09:29:18.191 [info] > git status -z -uall [35ms]
2023-01-11 09:29:23.290 [info] > git config --get commit.template [23ms]
2023-01-11 09:29:23.307 [info] > git for-each-ref --format=%(refname)%00%(upstream:short)%00%(objectname)%00%(upstream:track)%00%(upstream:remotename)%00%(upstream:remoteref) refs/heads/master refs/remotes/master [3ms]
2023-01-11 09:29:23.315 [info] > git for-each-ref --sort -committerdate --format %(refname) %(objectname) %(*objectname) [1ms]
2023-01-11 09:29:23.353 [info] > git status -z -uall [43ms]
2023-01-11 09:29:28.438 [info] > git config --get commit.template [7ms]
2023-01-11 09:29:28.438 [info] > git for-each-ref --format=%(refname)%00%(upstream:short)%00%(objectname)%00%(upstream:track)%00%(upstream:remotename)%00%(upstream:remoteref) refs/heads/master refs/remotes/master [1ms]
2023-01-11 09:29:28.449 [info] > git for-each-ref --sort -committerdate --format %(refname) %(objectname) %(*objectname) [1ms]
2023-01-11 09:29:28.495 [info] > git status -z -uall [52ms]
2023-01-11 09:29:33.581 [info] > git config --get commit.template [6ms]
2023-01-11 09:29:33.581 [info] > git for-each-ref --format=%(refname)%00%(upstream:short)%00%(objectname)%00%(upstream:track)%00%(upstream:remotename)%00%(upstream:remoteref) refs/heads/master refs/remotes/master [1ms]
2023-01-11 09:29:33.588 [info] > git for-each-ref --sort -committerdate --format %(refname) %(objectname) %(*objectname) [1ms]
2023-01-11 09:29:33.623 [info] > git status -z -uall [38ms]
2023-01-11 09:29:38.704 [info] > git config --get commit.template [7ms]
2023-01-11 09:29:38.704 [info] > git for-each-ref --format=%(refname)%00%(upstream:short)%00%(objectname)%00%(upstream:track)%00%(upstream:remotename)%00%(upstream:remoteref) refs/heads/master refs/remotes/master [1ms]
2023-01-11 09:29:38.716 [info] > git for-each-ref --sort -committerdate --format %(refname) %(objectname) %(*objectname) [1ms]
2023-01-11 09:29:38.749 [info] > git status -z -uall [38ms]
2023-01-11 09:29:43.822 [info] > git config --get commit.template [1ms]
2023-01-11 09:29:43.828 [info] > git for-each-ref --format=%(refname)%00%(upstream:short)%00%(objectname)%00%(upstream:track)%00%(upstream:remotename)%00%(upstream:remoteref) refs/heads/master refs/remotes/master [1ms]
2023-01-11 09:29:43.838 [info] > git for-each-ref --sort -committerdate --format %(refname) %(objectname) %(*objectname) [2ms]
2023-01-11 09:29:43.866 [info] > git status -z -uall [34ms]
2023-01-11 09:29:48.951 [info] > git config --get commit.template [6ms]
2023-01-11 09:29:48.952 [info] > git for-each-ref --format=%(refname)%00%(upstream:short)%00%(objectname)%00%(upstream:track)%00%(upstream:remotename)%00%(upstream:remoteref) refs/heads/master refs/remotes/master [1ms]
2023-01-11 09:29:48.964 [info] > git for-each-ref --sort -committerdate --format %(refname) %(objectname) %(*objectname) [1ms]
2023-01-11 09:29:48.993 [info] > git status -z -uall [35ms]
2023-01-11 09:29:54.077 [info] > git config --get commit.template [7ms]
2023-01-11 09:29:54.077 [info] > git for-each-ref --format=%(refname)%00%(upstream:short)%00%(objectname)%00%(upstream:track)%00%(upstream:remotename)%00%(upstream:remoteref) refs/heads/master refs/remotes/master [1ms]
2023-01-11 09:29:54.088 [info] > git for-each-ref --sort -committerdate --format %(refname) %(objectname) %(*objectname) [1ms]
2023-01-11 09:29:54.117 [info] > git status -z -uall [35ms]
2023-01-11 09:29:59.198 [info] > git config --get commit.template [7ms]
2023-01-11 09:29:59.208 [info] > git for-each-ref --format=%(refname)%00%(upstream:short)%00%(objectname)%00%(upstream:track)%00%(upstream:remotename)%00%(upstream:remoteref) refs/heads/master refs/remotes/master [11ms]
2023-01-11 09:29:59.241 [info] > git for-each-ref --sort -committerdate --format %(refname) %(objectname) %(*objectname) [17ms]
2023-01-11 09:29:59.259 [info] > git status -z -uall [46ms]
2023-01-11 09:30:04.326 [info] > git config --get commit.template [5ms]
2023-01-11 09:30:04.326 [info] > git for-each-ref --format=%(refname)%00%(upstream:short)%00%(objectname)%00%(upstream:track)%00%(upstream:remotename)%00%(upstream:remoteref) refs/heads/master refs/remotes/master [1ms]
2023-01-11 09:30:04.356 [info] > git for-each-ref --sort -committerdate --format %(refname) %(objectname) %(*objectname) [19ms]
2023-01-11 09:30:04.384 [info] > git status -z -uall [53ms]
2023-01-11 09:30:09.459 [info] > git config --get commit.template [6ms]
2023-01-11 09:30:09.466 [info] > git for-each-ref --format=%(refname)%00%(upstream:short)%00%(objectname)%00%(upstream:track)%00%(upstream:remotename)%00%(upstream:remoteref) refs/heads/master refs/remotes/master [9ms]
2023-01-11 09:30:09.506 [info] > git for-each-ref --sort -committerdate --format %(refname) %(objectname) %(*objectname) [9ms]
2023-01-11 09:30:09.538 [info] > git status -z -uall [44ms]
2023-01-11 09:30:14.617 [info] > git config --get commit.template [6ms]
2023-01-11 09:30:14.617 [info] > git for-each-ref --format=%(refname)%00%(upstream:short)%00%(objectname)%00%(upstream:track)%00%(upstream:remotename)%00%(upstream:remoteref) refs/heads/master refs/remotes/master [1ms]
2023-01-11 09:30:14.649 [info] > git for-each-ref --sort -committerdate --format %(refname) %(objectname) %(*objectname) [23ms]
2023-01-11 09:30:14.674 [info] > git status -z -uall [50ms]
2023-01-11 09:30:19.758 [info] > git config --get commit.template [14ms]
2023-01-11 09:30:19.772 [info] > git for-each-ref --format=%(refname)%00%(upstream:short)%00%(objectname)%00%(upstream:track)%00%(upstream:remotename)%00%(upstream:remoteref) refs/heads/master refs/remotes/master [23ms]
2023-01-11 09:30:19.803 [info] > git for-each-ref --sort -committerdate --format %(refname) %(objectname) %(*objectname) [2ms]
2023-01-11 09:30:19.832 [info] > git status -z -uall [34ms]
2023-01-11 09:30:24.911 [info] > git config --get commit.template [5ms]
2023-01-11 09:30:24.912 [info] > git for-each-ref --format=%(refname)%00%(upstream:short)%00%(objectname)%00%(upstream:track)%00%(upstream:remotename)%00%(upstream:remoteref) refs/heads/master refs/remotes/master [2ms]
2023-01-11 09:30:24.921 [info] > git for-each-ref --sort -committerdate --format %(refname) %(objectname) %(*objectname) [1ms]
2023-01-11 09:30:24.968 [info] > git status -z -uall [52ms]
2023-01-11 09:30:30.042 [info] > git config --get commit.template [6ms]
2023-01-11 09:30:30.043 [info] > git for-each-ref --format=%(refname)%00%(upstream:short)%00%(objectname)%00%(upstream:track)%00%(upstream:remotename)%00%(upstream:remoteref) refs/heads/master refs/remotes/master [0ms]
2023-01-11 09:30:30.053 [info] > git for-each-ref --sort -committerdate --format %(refname) %(objectname) %(*objectname) [1ms]
2023-01-11 09:30:30.114 [info] > git status -z -uall [67ms]
2023-01-11 09:30:35.191 [info] > git config --get commit.template [5ms]
2023-01-11 09:30:35.193 [info] > git for-each-ref --format=%(refname)%00%(upstream:short)%00%(objectname)%00%(upstream:track)%00%(upstream:remotename)%00%(upstream:remoteref) refs/heads/master refs/remotes/master [2ms]
2023-01-11 09:30:35.203 [info] > git for-each-ref --sort -committerdate --format %(refname) %(objectname) %(*objectname) [1ms]
2023-01-11 09:30:35.238 [info] > git status -z -uall [39ms]
2023-01-11 09:30:40.331 [info] > git config --get commit.template [7ms]
2023-01-11 09:30:40.332 [info] > git for-each-ref --format=%(refname)%00%(upstream:short)%00%(objectname)%00%(upstream:track)%00%(upstream:remotename)%00%(upstream:remoteref) refs/heads/master refs/remotes/master [1ms]
2023-01-11 09:30:40.344 [info] > git for-each-ref --sort -committerdate --format %(refname) %(objectname) %(*objectname) [2ms]
2023-01-11 09:30:40.372 [info] > git status -z -uall [34ms]
2023-01-11 09:30:45.459 [info] > git config --get commit.template [6ms]
2023-01-11 09:30:45.459 [info] > git for-each-ref --format=%(refname)%00%(upstream:short)%00%(objectname)%00%(upstream:track)%00%(upstream:remotename)%00%(upstream:remoteref) refs/heads/master refs/remotes/master [1ms]
2023-01-11 09:30:45.470 [info] > git for-each-ref --sort -committerdate --format %(refname) %(objectname) %(*objectname) [1ms]
2023-01-11 09:30:45.508 [info] > git status -z -uall [44ms]
2023-01-11 09:30:50.590 [info] > git config --get commit.template [6ms]
2023-01-11 09:30:50.592 [info] > git for-each-ref --format=%(refname)%00%(upstream:short)%00%(objectname)%00%(upstream:track)%00%(upstream:remotename)%00%(upstream:remoteref) refs/heads/master refs/remotes/master [3ms]
2023-01-11 09:30:50.603 [info] > git for-each-ref --sort -committerdate --format %(refname) %(objectname) %(*objectname) [2ms]
2023-01-11 09:30:50.633 [info] > git status -z -uall [36ms]
2023-01-11 09:30:55.709 [info] > git config --get commit.template [8ms]
2023-01-11 09:30:55.709 [info] > git for-each-ref --format=%(refname)%00%(upstream:short)%00%(objectname)%00%(upstream:track)%00%(upstream:remotename)%00%(upstream:remoteref) refs/heads/master refs/remotes/master [1ms]
2023-01-11 09:30:55.720 [info] > git for-each-ref --sort -committerdate --format %(refname) %(objectname) %(*objectname) [1ms]
2023-01-11 09:30:55.758 [info] > git status -z -uall [45ms]
2023-01-11 09:31:00.842 [info] > git config --get commit.template [6ms]
2023-01-11 09:31:00.843 [info] > git for-each-ref --format=%(refname)%00%(upstream:short)%00%(objectname)%00%(upstream:track)%00%(upstream:remotename)%00%(upstream:remoteref) refs/heads/master refs/remotes/master [1ms]
2023-01-11 09:31:00.854 [info] > git for-each-ref --sort -committerdate --format %(refname) %(objectname) %(*objectname) [1ms]
2023-01-11 09:31:00.882 [info] > git status -z -uall [35ms]
2023-01-11 09:31:05.961 [info] > git config --get commit.template [6ms]
2023-01-11 09:31:05.962 [info] > git for-each-ref --format=%(refname)%00%(upstream:short)%00%(objectname)%00%(upstream:track)%00%(upstream:remotename)%00%(upstream:remoteref) refs/heads/master refs/remotes/master [2ms]
2023-01-11 09:31:05.972 [info] > git for-each-ref --sort -committerdate --format %(refname) %(objectname) %(*objectname) [2ms]
2023-01-11 09:31:06.003 [info] > git status -z -uall [37ms]
2023-01-11 09:31:11.082 [info] > git config --get commit.template [6ms]
2023-01-11 09:31:11.082 [info] > git for-each-ref --format=%(refname)%00%(upstream:short)%00%(objectname)%00%(upstream:track)%00%(upstream:remotename)%00%(upstream:remoteref) refs/heads/master refs/remotes/master [1ms]
2023-01-11 09:31:11.093 [info] > git for-each-ref --sort -committerdate --format %(refname) %(objectname) %(*objectname) [1ms]
2023-01-11 09:31:11.123 [info] > git status -z -uall [35ms]
2023-01-11 09:31:16.201 [info] > git config --get commit.template [6ms]
2023-01-11 09:31:16.201 [info] > git for-each-ref --format=%(refname)%00%(upstream:short)%00%(objectname)%00%(upstream:track)%00%(upstream:remotename)%00%(upstream:remoteref) refs/heads/master refs/remotes/master [0ms]
2023-01-11 09:31:16.215 [info] > git for-each-ref --sort -committerdate --format %(refname) %(objectname) %(*objectname) [2ms]
2023-01-11 09:31:16.242 [info] > git status -z -uall [35ms]
2023-01-11 09:31:21.316 [info] > git config --get commit.template [6ms]
2023-01-11 09:31:21.316 [info] > git for-each-ref --format=%(refname)%00%(upstream:short)%00%(objectname)%00%(upstream:track)%00%(upstream:remotename)%00%(upstream:remoteref) refs/heads/master refs/remotes/master [1ms]
2023-01-11 09:31:21.326 [info] > git for-each-ref --sort -committerdate --format %(refname) %(objectname) %(*objectname) [1ms]
2023-01-11 09:31:21.357 [info] > git status -z -uall [36ms]
2023-01-11 09:31:26.443 [info] > git config --get commit.template [7ms]
2023-01-11 09:31:26.443 [info] > git for-each-ref --format=%(refname)%00%(upstream:short)%00%(objectname)%00%(upstream:track)%00%(upstream:remotename)%00%(upstream:remoteref) refs/heads/master refs/remotes/master [1ms]
2023-01-11 09:31:26.453 [info] > git for-each-ref --sort -committerdate --format %(refname) %(objectname) %(*objectname) [2ms]
2023-01-11 09:31:26.483 [info] > git status -z -uall [35ms]
2023-01-11 09:31:31.562 [info] > git config --get commit.template [6ms]
2023-01-11 09:31:31.562 [info] > git for-each-ref --format=%(refname)%00%(upstream:short)%00%(objectname)%00%(upstream:track)%00%(upstream:remotename)%00%(upstream:remoteref) refs/heads/master refs/remotes/master [1ms]
2023-01-11 09:31:31.573 [info] > git for-each-ref --sort -committerdate --format %(refname) %(objectname) %(*objectname) [1ms]
2023-01-11 09:31:31.603 [info] > git status -z -uall [36ms]
2023-01-11 09:31:36.685 [info] > git config --get commit.template [5ms]
2023-01-11 09:31:36.686 [info] > git for-each-ref --format=%(refname)%00%(upstream:short)%00%(objectname)%00%(upstream:track)%00%(upstream:remotename)%00%(upstream:remoteref) refs/heads/master refs/remotes/master [1ms]
2023-01-11 09:31:36.696 [info] > git for-each-ref --sort -committerdate --format %(refname) %(objectname) %(*objectname) [1ms]
2023-01-11 09:31:36.726 [info] > git status -z -uall [35ms]
2023-01-11 09:31:41.815 [info] > git config --get commit.template [7ms]
2023-01-11 09:31:41.815 [info] > git for-each-ref --format=%(refname)%00%(upstream:short)%00%(objectname)%00%(upstream:track)%00%(upstream:remotename)%00%(upstream:remoteref) refs/heads/master refs/remotes/master [0ms]
2023-01-11 09:31:41.824 [info] > git for-each-ref --sort -committerdate --format %(refname) %(objectname) %(*objectname) [1ms]
2023-01-11 09:31:41.855 [info] > git status -z -uall [36ms]
2023-01-11 09:31:46.937 [info] > git config --get commit.template [8ms]
2023-01-11 09:31:46.937 [info] > git for-each-ref --format=%(refname)%00%(upstream:short)%00%(objectname)%00%(upstream:track)%00%(upstream:remotename)%00%(upstream:remoteref) refs/heads/master refs/remotes/master [1ms]
2023-01-11 09:31:46.949 [info] > git for-each-ref --sort -committerdate --format %(refname) %(objectname) %(*objectname) [1ms]
2023-01-11 09:31:46.981 [info] > git status -z -uall [38ms]
2023-01-11 09:31:52.071 [info] > git config --get commit.template [7ms]
2023-01-11 09:31:52.071 [info] > git for-each-ref --format=%(refname)%00%(upstream:short)%00%(objectname)%00%(upstream:track)%00%(upstream:remotename)%00%(upstream:remoteref) refs/heads/master refs/remotes/master [1ms]
2023-01-11 09:31:52.085 [info] > git for-each-ref --sort -committerdate --format %(refname) %(objectname) %(*objectname) [2ms]
2023-01-11 09:31:52.115 [info] > git status -z -uall [38ms]
2023-01-11 09:31:57.194 [info] > git config --get commit.template [6ms]
2023-01-11 09:31:57.195 [info] > git for-each-ref --format=%(refname)%00%(upstream:short)%00%(objectname)%00%(upstream:track)%00%(upstream:remotename)%00%(upstream:remoteref) refs/heads/master refs/remotes/master [1ms]
2023-01-11 09:31:57.207 [info] > git for-each-ref --sort -committerdate --format %(refname) %(objectname) %(*objectname) [2ms]
2023-01-11 09:31:57.237 [info] > git status -z -uall [36ms]
2023-01-11 09:32:02.325 [info] > git config --get commit.template [7ms]
2023-01-11 09:32:02.326 [info] > git for-each-ref --format=%(refname)%00%(upstream:short)%00%(objectname)%00%(upstream:track)%00%(upstream:remotename)%00%(upstream:remoteref) refs/heads/master refs/remotes/master [1ms]
2023-01-11 09:32:02.340 [info] > git for-each-ref --sort -committerdate --format %(refname) %(objectname) %(*objectname) [2ms]
2023-01-11 09:32:02.368 [info] > git status -z -uall [36ms]
2023-01-11 09:32:07.443 [info] > git config --get commit.template [7ms]
2023-01-11 09:32:07.444 [info] > git for-each-ref --format=%(refname)%00%(upstream:short)%00%(objectname)%00%(upstream:track)%00%(upstream:remotename)%00%(upstream:remoteref) refs/heads/master refs/remotes/master [1ms]
2023-01-11 09:32:07.453 [info] > git for-each-ref --sort -committerdate --format %(refname) %(objectname) %(*objectname) [1ms]
2023-01-11 09:32:07.483 [info] > git status -z -uall [35ms]
2023-01-11 09:32:12.561 [info] > git config --get commit.template [7ms]
2023-01-11 09:32:12.561 [info] > git for-each-ref --format=%(refname)%00%(upstream:short)%00%(objectname)%00%(upstream:track)%00%(upstream:remotename)%00%(upstream:remoteref) refs/heads/master refs/remotes/master [1ms]
2023-01-11 09:32:12.573 [info] > git for-each-ref --sort -committerdate --format %(refname) %(objectname) %(*objectname) [2ms]
2023-01-11 09:32:12.603 [info] > git status -z -uall [36ms]
2023-01-11 09:32:17.681 [info] > git config --get commit.template [6ms]
2023-01-11 09:32:17.681 [info] > git for-each-ref --format=%(refname)%00%(upstream:short)%00%(objectname)%00%(upstream:track)%00%(upstream:remotename)%00%(upstream:remoteref) refs/heads/master refs/remotes/master [1ms]
2023-01-11 09:32:17.692 [info] > git for-each-ref --sort -committerdate --format %(refname) %(objectname) %(*objectname) [1ms]
2023-01-11 09:32:17.724 [info] > git status -z -uall [37ms]
2023-01-11 09:32:22.794 [info] > git config --get commit.template [7ms]
2023-01-11 09:32:22.795 [info] > git for-each-ref --format=%(refname)%00%(upstream:short)%00%(objectname)%00%(upstream:track)%00%(upstream:remotename)%00%(upstream:remoteref) refs/heads/master refs/remotes/master [2ms]
2023-01-11 09:32:22.808 [info] > git for-each-ref --sort -committerdate --format %(refname) %(objectname) %(*objectname) [2ms]
2023-01-11 09:32:22.841 [info] > git status -z -uall [39ms]
2023-01-11 09:32:27.932 [info] > git config --get commit.template [8ms]
2023-01-11 09:32:27.932 [info] > git for-each-ref --format=%(refname)%00%(upstream:short)%00%(objectname)%00%(upstream:track)%00%(upstream:remotename)%00%(upstream:remoteref) refs/heads/master refs/remotes/master [1ms]
2023-01-11 09:32:27.944 [info] > git for-each-ref --sort -committerdate --format %(refname) %(objectname) %(*objectname) [1ms]
2023-01-11 09:32:27.972 [info] > git status -z -uall [35ms]
2023-01-11 09:32:33.043 [info] > git config --get commit.template [5ms]
2023-01-11 09:32:33.044 [info] > git for-each-ref --format=%(refname)%00%(upstream:short)%00%(objectname)%00%(upstream:track)%00%(upstream:remotename)%00%(upstream:remoteref) refs/heads/master refs/remotes/master [1ms]
2023-01-11 09:32:33.055 [info] > git for-each-ref --sort -committerdate --format %(refname) %(objectname) %(*objectname) [1ms]
2023-01-11 09:32:33.092 [info] > git status -z -uall [43ms]
2023-01-11 09:32:38.174 [info] > git config --get commit.template [7ms]
2023-01-11 09:32:38.174 [info] > git for-each-ref --format=%(refname)%00%(upstream:short)%00%(objectname)%00%(upstream:track)%00%(upstream:remotename)%00%(upstream:remoteref) refs/heads/master refs/remotes/master [0ms]
2023-01-11 09:32:38.186 [info] > git for-each-ref --sort -committerdate --format %(refname) %(objectname) %(*objectname) [2ms]
2023-01-11 09:32:38.217 [info] > git status -z -uall [37ms]
2023-01-11 09:32:43.299 [info] > git config --get commit.template [6ms]
2023-01-11 09:32:43.299 [info] > git for-each-ref --format=%(refname)%00%(upstream:short)%00%(objectname)%00%(upstream:track)%00%(upstream:remotename)%00%(upstream:remoteref) refs/heads/master refs/remotes/master [1ms]
2023-01-11 09:32:43.309 [info] > git for-each-ref --sort -committerdate --format %(refname) %(objectname) %(*objectname) [1ms]
2023-01-11 09:32:43.339 [info] > git status -z -uall [36ms]
2023-01-11 09:32:48.417 [info] > git config --get commit.template [7ms]
2023-01-11 09:32:48.418 [info] > git for-each-ref --format=%(refname)%00%(upstream:short)%00%(objectname)%00%(upstream:track)%00%(upstream:remotename)%00%(upstream:remoteref) refs/heads/master refs/remotes/master [1ms]
2023-01-11 09:32:48.429 [info] > git for-each-ref --sort -committerdate --format %(refname) %(objectname) %(*objectname) [2ms]
2023-01-11 09:32:48.458 [info] > git status -z -uall [35ms]
2023-01-11 09:32:53.519 [info] > git config --get commit.template [6ms]
2023-01-11 09:32:53.520 [info] > git for-each-ref --format=%(refname)%00%(upstream:short)%00%(objectname)%00%(upstream:track)%00%(upstream:remotename)%00%(upstream:remoteref) refs/heads/master refs/remotes/master [1ms]
2023-01-11 09:32:53.531 [info] > git for-each-ref --sort -committerdate --format %(refname) %(objectname) %(*objectname) [1ms]
2023-01-11 09:32:53.568 [info] > git status -z -uall [44ms]
2023-01-11 09:32:58.646 [info] > git config --get commit.template [7ms]
2023-01-11 09:32:58.647 [info] > git for-each-ref --format=%(refname)%00%(upstream:short)%00%(objectname)%00%(upstream:track)%00%(upstream:remotename)%00%(upstream:remoteref) refs/heads/master refs/remotes/master [1ms]
2023-01-11 09:32:58.658 [info] > git for-each-ref --sort -committerdate --format %(refname) %(objectname) %(*objectname) [1ms]
2023-01-11 09:32:58.688 [info] > git status -z -uall [37ms]
2023-01-11 09:33:03.769 [info] > git config --get commit.template [7ms]
2023-01-11 09:33:03.770 [info] > git for-each-ref --format=%(refname)%00%(upstream:short)%00%(objectname)%00%(upstream:track)%00%(upstream:remotename)%00%(upstream:remoteref) refs/heads/master refs/remotes/master [1ms]
2023-01-11 09:33:03.780 [info] > git for-each-ref --sort -committerdate --format %(refname) %(objectname) %(*objectname) [1ms]
2023-01-11 09:33:03.812 [info] > git status -z -uall [37ms]
2023-01-11 09:33:08.894 [info] > git config --get commit.template [8ms]
2023-01-11 09:33:08.895 [info] > git for-each-ref --format=%(refname)%00%(upstream:short)%00%(objectname)%00%(upstream:track)%00%(upstream:remotename)%00%(upstream:remoteref) refs/heads/master refs/remotes/master [1ms]
2023-01-11 09:33:08.906 [info] > git for-each-ref --sort -committerdate --format %(refname) %(objectname) %(*objectname) [1ms]
2023-01-11 09:33:08.964 [info] > git status -z -uall [65ms]
2023-01-11 09:33:14.041 [info] > git config --get commit.template [6ms]
2023-01-11 09:33:14.041 [info] > git for-each-ref --format=%(refname)%00%(upstream:short)%00%(objectname)%00%(upstream:track)%00%(upstream:remotename)%00%(upstream:remoteref) refs/heads/master refs/remotes/master [1ms]
2023-01-11 09:33:14.053 [info] > git for-each-ref --sort -committerdate --format %(refname) %(objectname) %(*objectname) [2ms]
2023-01-11 09:33:14.109 [info] > git status -z -uall [62ms]
2023-01-11 09:33:19.185 [info] > git config --get commit.template [6ms]
2023-01-11 09:33:19.185 [info] > git for-each-ref --format=%(refname)%00%(upstream:short)%00%(objectname)%00%(upstream:track)%00%(upstream:remotename)%00%(upstream:remoteref) refs/heads/master refs/remotes/master [1ms]
2023-01-11 09:33:19.196 [info] > git for-each-ref --sort -committerdate --format %(refname) %(objectname) %(*objectname) [2ms]
2023-01-11 09:33:19.252 [info] > git status -z -uall [62ms]
2023-01-11 09:33:24.329 [info] > git config --get commit.template [2ms]
2023-01-11 09:33:24.364 [info] > git for-each-ref --format=%(refname)%00%(upstream:short)%00%(objectname)%00%(upstream:track)%00%(upstream:remotename)%00%(upstream:remoteref) refs/heads/master refs/remotes/master [12ms]
2023-01-11 09:33:24.380 [info] > git for-each-ref --sort -committerdate --format %(refname) %(objectname) %(*objectname) [1ms]
2023-01-11 09:33:24.409 [info] > git status -z -uall [34ms]
2023-01-11 09:33:29.493 [info] > git config --get commit.template [7ms]
2023-01-11 09:33:29.493 [info] > git for-each-ref --format=%(refname)%00%(upstream:short)%00%(objectname)%00%(upstream:track)%00%(upstream:remotename)%00%(upstream:remoteref) refs/heads/master refs/remotes/master [1ms]
2023-01-11 09:33:29.503 [info] > git for-each-ref --sort -committerdate --format %(refname) %(objectname) %(*objectname) [2ms]
2023-01-11 09:33:29.554 [info] > git status -z -uall [56ms]
2023-01-11 09:33:34.666 [info] > git config --get commit.template [6ms]
2023-01-11 09:33:34.666 [info] > git for-each-ref --format=%(refname)%00%(upstream:short)%00%(objectname)%00%(upstream:track)%00%(upstream:remotename)%00%(upstream:remoteref) refs/heads/master refs/remotes/master [1ms]
2023-01-11 09:33:34.675 [info] > git for-each-ref --sort -committerdate --format %(refname) %(objectname) %(*objectname) [1ms]
2023-01-11 09:33:34.704 [info] > git status -z -uall [34ms]
2023-01-11 09:33:39.779 [info] > git config --get commit.template [6ms]
2023-01-11 09:33:39.779 [info] > git for-each-ref --format=%(refname)%00%(upstream:short)%00%(objectname)%00%(upstream:track)%00%(upstream:remotename)%00%(upstream:remoteref) refs/heads/master refs/remotes/master [1ms]
2023-01-11 09:33:39.790 [info] > git for-each-ref --sort -committerdate --format %(refname) %(objectname) %(*objectname) [1ms]
2023-01-11 09:33:39.819 [info] > git status -z -uall [35ms]
2023-01-11 09:33:44.902 [info] > git config --get commit.template [6ms]
2023-01-11 09:33:44.902 [info] > git for-each-ref --format=%(refname)%00%(upstream:short)%00%(objectname)%00%(upstream:track)%00%(upstream:remotename)%00%(upstream:remoteref) refs/heads/master refs/remotes/master [1ms]
2023-01-11 09:33:44.912 [info] > git for-each-ref --sort -committerdate --format %(refname) %(objectname) %(*objectname) [2ms]
2023-01-11 09:33:44.942 [info] > git status -z -uall [35ms]
2023-01-11 09:33:50.016 [info] > git config --get commit.template [6ms]
2023-01-11 09:33:50.016 [info] > git for-each-ref --format=%(refname)%00%(upstream:short)%00%(objectname)%00%(upstream:track)%00%(upstream:remotename)%00%(upstream:remoteref) refs/heads/master refs/remotes/master [1ms]
2023-01-11 09:33:50.026 [info] > git for-each-ref --sort -committerdate --format %(refname) %(objectname) %(*objectname) [2ms]
2023-01-11 09:33:50.056 [info] > git status -z -uall [36ms]
2023-01-11 09:33:55.130 [info] > git config --get commit.template [6ms]
2023-01-11 09:33:55.130 [info] > git for-each-ref --format=%(refname)%00%(upstream:short)%00%(objectname)%00%(upstream:track)%00%(upstream:remotename)%00%(upstream:remoteref) refs/heads/master refs/remotes/master [1ms]
2023-01-11 09:33:55.141 [info] > git for-each-ref --sort -committerdate --format %(refname) %(objectname) %(*objectname) [1ms]
2023-01-11 09:33:55.174 [info] > git status -z -uall [38ms]
2023-01-11 09:34:00.242 [info] > git config --get commit.template [0ms]
2023-01-11 09:34:00.250 [info] > git for-each-ref --format=%(refname)%00%(upstream:short)%00%(objectname)%00%(upstream:track)%00%(upstream:remotename)%00%(upstream:remoteref) refs/heads/master refs/remotes/master [1ms]
2023-01-11 09:34:00.261 [info] > git for-each-ref --sort -committerdate --format %(refname) %(objectname) %(*objectname) [1ms]
2023-01-11 09:34:00.290 [info] > git status -z -uall [35ms]
2023-01-11 09:34:05.376 [info] > git config --get commit.template [6ms]
2023-01-11 09:34:05.376 [info] > git for-each-ref --format=%(refname)%00%(upstream:short)%00%(objectname)%00%(upstream:track)%00%(upstream:remotename)%00%(upstream:remoteref) refs/heads/master refs/remotes/master [1ms]
2023-01-11 09:34:05.386 [info] > git for-each-ref --sort -committerdate --format %(refname) %(objectname) %(*objectname) [1ms]
2023-01-11 09:34:05.418 [info] > git status -z -uall [37ms]
2023-01-11 09:34:10.505 [info] > git config --get commit.template [7ms]
2023-01-11 09:34:10.507 [info] > git for-each-ref --format=%(refname)%00%(upstream:short)%00%(objectname)%00%(upstream:track)%00%(upstream:remotename)%00%(upstream:remoteref) refs/heads/master refs/remotes/master [2ms]
2023-01-11 09:34:10.519 [info] > git for-each-ref --sort -committerdate --format %(refname) %(objectname) %(*objectname) [2ms]
2023-01-11 09:34:10.549 [info] > git status -z -uall [36ms]
2023-01-11 09:34:15.628 [info] > git config --get commit.template [6ms]
2023-01-11 09:34:15.628 [info] > git for-each-ref --format=%(refname)%00%(upstream:short)%00%(objectname)%00%(upstream:track)%00%(upstream:remotename)%00%(upstream:remoteref) refs/heads/master refs/remotes/master [0ms]
2023-01-11 09:34:15.639 [info] > git for-each-ref --sort -committerdate --format %(refname) %(objectname) %(*objectname) [1ms]
2023-01-11 09:34:15.669 [info] > git status -z -uall [35ms]
2023-01-11 09:34:20.741 [info] > git config --get commit.template [7ms]
2023-01-11 09:34:20.741 [info] > git for-each-ref --format=%(refname)%00%(upstream:short)%00%(objectname)%00%(upstream:track)%00%(upstream:remotename)%00%(upstream:remoteref) refs/heads/master refs/remotes/master [1ms]
2023-01-11 09:34:20.749 [info] > git for-each-ref --sort -committerdate --format %(refname) %(objectname) %(*objectname) [1ms]
2023-01-11 09:34:20.788 [info] > git status -z -uall [43ms]
2023-01-11 09:34:25.871 [info] > git config --get commit.template [6ms]
2023-01-11 09:34:25.872 [info] > git for-each-ref --format=%(refname)%00%(upstream:short)%00%(objectname)%00%(upstream:track)%00%(upstream:remotename)%00%(upstream:remoteref) refs/heads/master refs/remotes/master [1ms]
2023-01-11 09:34:25.885 [info] > git for-each-ref --sort -committerdate --format %(refname) %(objectname) %(*objectname) [2ms]
2023-01-11 09:34:25.917 [info] > git status -z -uall [39ms]
2023-01-11 09:34:30.996 [info] > git config --get commit.template [6ms]
2023-01-11 09:34:30.997 [info] > git for-each-ref --format=%(refname)%00%(upstream:short)%00%(objectname)%00%(upstream:track)%00%(upstream:remotename)%00%(upstream:remoteref) refs/heads/master refs/remotes/master [1ms]
2023-01-11 09:34:31.009 [info] > git for-each-ref --sort -committerdate --format %(refname) %(objectname) %(*objectname) [1ms]
2023-01-11 09:34:31.067 [info] > git status -z -uall [64ms]
2023-01-11 09:34:36.149 [info] > git config --get commit.template [7ms]
2023-01-11 09:34:36.150 [info] > git for-each-ref --format=%(refname)%00%(upstream:short)%00%(objectname)%00%(upstream:track)%00%(upstream:remotename)%00%(upstream:remoteref) refs/heads/master refs/remotes/master [1ms]
2023-01-11 09:34:36.158 [info] > git for-each-ref --sort -committerdate --format %(refname) %(objectname) %(*objectname) [1ms]
2023-01-11 09:34:36.221 [info] > git status -z -uall [67ms]
2023-01-11 09:34:41.327 [info] > git config --get commit.template [5ms]
2023-01-11 09:34:41.347 [info] > git for-each-ref --format=%(refname)%00%(upstream:short)%00%(objectname)%00%(upstream:track)%00%(upstream:remotename)%00%(upstream:remoteref) refs/heads/master refs/remotes/master [1ms]
2023-01-11 09:34:41.355 [info] > git for-each-ref --sort -committerdate --format %(refname) %(objectname) %(*objectname) [1ms]
2023-01-11 09:34:41.387 [info] > git status -z -uall [35ms]
2023-01-11 09:34:46.469 [info] > git config --get commit.template [7ms]
2023-01-11 09:34:46.469 [info] > git for-each-ref --format=%(refname)%00%(upstream:short)%00%(objectname)%00%(upstream:track)%00%(upstream:remotename)%00%(upstream:remoteref) refs/heads/master refs/remotes/master [0ms]
2023-01-11 09:34:46.480 [info] > git for-each-ref --sort -committerdate --format %(refname) %(objectname) %(*objectname) [2ms]
2023-01-11 09:34:46.509 [info] > git status -z -uall [35ms]
2023-01-11 09:34:51.586 [info] > git config --get commit.template [6ms]
2023-01-11 09:34:51.587 [info] > git for-each-ref --format=%(refname)%00%(upstream:short)%00%(objectname)%00%(upstream:track)%00%(upstream:remotename)%00%(upstream:remoteref) refs/heads/master refs/remotes/master [1ms]
2023-01-11 09:34:51.596 [info] > git for-each-ref --sort -committerdate --format %(refname) %(objectname) %(*objectname) [1ms]
2023-01-11 09:34:51.627 [info] > git status -z -uall [35ms]
2023-01-11 09:34:56.695 [info] > git config --get commit.template [6ms]
2023-01-11 09:34:56.696 [info] > git for-each-ref --format=%(refname)%00%(upstream:short)%00%(objectname)%00%(upstream:track)%00%(upstream:remotename)%00%(upstream:remoteref) refs/heads/master refs/remotes/master [1ms]
2023-01-11 09:34:56.707 [info] > git for-each-ref --sort -committerdate --format %(refname) %(objectname) %(*objectname) [2ms]
2023-01-11 09:34:56.735 [info] > git status -z -uall [34ms]
2023-01-11 09:35:01.811 [info] > git config --get commit.template [7ms]
2023-01-11 09:35:01.811 [info] > git for-each-ref --format=%(refname)%00%(upstream:short)%00%(objectname)%00%(upstream:track)%00%(upstream:remotename)%00%(upstream:remoteref) refs/heads/master refs/remotes/master [1ms]
2023-01-11 09:35:01.823 [info] > git for-each-ref --sort -committerdate --format %(refname) %(objectname) %(*objectname) [1ms]
2023-01-11 09:35:01.852 [info] > git status -z -uall [34ms]
2023-01-11 09:35:06.928 [info] > git config --get commit.template [6ms]
2023-01-11 09:35:06.928 [info] > git for-each-ref --format=%(refname)%00%(upstream:short)%00%(objectname)%00%(upstream:track)%00%(upstream:remotename)%00%(upstream:remoteref) refs/heads/master refs/remotes/master [0ms]
2023-01-11 09:35:06.940 [info] > git for-each-ref --sort -committerdate --format %(refname) %(objectname) %(*objectname) [2ms]
2023-01-11 09:35:06.972 [info] > git status -z -uall [37ms]
2023-01-11 09:35:12.046 [info] > git config --get commit.template [5ms]
2023-01-11 09:35:12.046 [info] > git for-each-ref --format=%(refname)%00%(upstream:short)%00%(objectname)%00%(upstream:track)%00%(upstream:remotename)%00%(upstream:remoteref) refs/heads/master refs/remotes/master [1ms]
2023-01-11 09:35:12.057 [info] > git for-each-ref --sort -committerdate --format %(refname) %(objectname) %(*objectname) [2ms]
2023-01-11 09:35:12.086 [info] > git status -z -uall [35ms]
2023-01-11 09:35:17.169 [info] > git config --get commit.template [6ms]
2023-01-11 09:35:17.169 [info] > git for-each-ref --format=%(refname)%00%(upstream:short)%00%(objectname)%00%(upstream:track)%00%(upstream:remotename)%00%(upstream:remoteref) refs/heads/master refs/remotes/master [1ms]
2023-01-11 09:35:17.177 [info] > git for-each-ref --sort -committerdate --format %(refname) %(objectname) %(*objectname) [1ms]
2023-01-11 09:35:17.214 [info] > git status -z -uall [41ms]
2023-01-11 09:35:22.287 [info] > git config --get commit.template [6ms]
2023-01-11 09:35:22.287 [info] > git for-each-ref --format=%(refname)%00%(upstream:short)%00%(objectname)%00%(upstream:track)%00%(upstream:remotename)%00%(upstream:remoteref) refs/heads/master refs/remotes/master [1ms]
2023-01-11 09:35:22.296 [info] > git for-each-ref --sort -committerdate --format %(refname) %(objectname) %(*objectname) [1ms]
2023-01-11 09:35:22.327 [info] > git status -z -uall [36ms]
2023-01-11 09:35:27.415 [info] > git config --get commit.template [6ms]
2023-01-11 09:35:27.415 [info] > git for-each-ref --format=%(refname)%00%(upstream:short)%00%(objectname)%00%(upstream:track)%00%(upstream:remotename)%00%(upstream:remoteref) refs/heads/master refs/remotes/master [2ms]
2023-01-11 09:35:27.425 [info] > git for-each-ref --sort -committerdate --format %(refname) %(objectname) %(*objectname) [2ms]
2023-01-11 09:35:27.455 [info] > git status -z -uall [35ms]
2023-01-11 09:35:32.530 [info] > git config --get commit.template [6ms]
2023-01-11 09:35:32.530 [info] > git for-each-ref --format=%(refname)%00%(upstream:short)%00%(objectname)%00%(upstream:track)%00%(upstream:remotename)%00%(upstream:remoteref) refs/heads/master refs/remotes/master [1ms]
2023-01-11 09:35:32.541 [info] > git for-each-ref --sort -committerdate --format %(refname) %(objectname) %(*objectname) [1ms]
2023-01-11 09:35:32.571 [info] > git status -z -uall [35ms]
2023-01-11 09:35:37.652 [info] > git config --get commit.template [6ms]
2023-01-11 09:35:37.653 [info] > git for-each-ref --format=%(refname)%00%(upstream:short)%00%(objectname)%00%(upstream:track)%00%(upstream:remotename)%00%(upstream:remoteref) refs/heads/master refs/remotes/master [1ms]
2023-01-11 09:35:37.664 [info] > git for-each-ref --sort -committerdate --format %(refname) %(objectname) %(*objectname) [1ms]
2023-01-11 09:35:37.694 [info] > git status -z -uall [35ms]
2023-01-11 09:35:42.763 [info] > git config --get commit.template [5ms]
2023-01-11 09:35:42.764 [info] > git for-each-ref --format=%(refname)%00%(upstream:short)%00%(objectname)%00%(upstream:track)%00%(upstream:remotename)%00%(upstream:remoteref) refs/heads/master refs/remotes/master [1ms]
2023-01-11 09:35:42.775 [info] > git for-each-ref --sort -committerdate --format %(refname) %(objectname) %(*objectname) [2ms]
2023-01-11 09:35:42.803 [info] > git status -z -uall [34ms]
2023-01-11 09:35:47.884 [info] > git config --get commit.template [6ms]
2023-01-11 09:35:47.885 [info] > git for-each-ref --format=%(refname)%00%(upstream:short)%00%(objectname)%00%(upstream:track)%00%(upstream:remotename)%00%(upstream:remoteref) refs/heads/master refs/remotes/master [0ms]
2023-01-11 09:35:47.893 [info] > git for-each-ref --sort -committerdate --format %(refname) %(objectname) %(*objectname) [1ms]
2023-01-11 09:35:47.923 [info] > git status -z -uall [34ms]
2023-01-11 09:35:53.010 [info] > git config --get commit.template [7ms]
2023-01-11 09:35:53.010 [info] > git for-each-ref --format=%(refname)%00%(upstream:short)%00%(objectname)%00%(upstream:track)%00%(upstream:remotename)%00%(upstream:remoteref) refs/heads/master refs/remotes/master [1ms]
2023-01-11 09:35:53.021 [info] > git for-each-ref --sort -committerdate --format %(refname) %(objectname) %(*objectname) [2ms]
2023-01-11 09:35:53.051 [info] > git status -z -uall [36ms]
2023-01-11 09:35:58.128 [info] > git config --get commit.template [6ms]
2023-01-11 09:35:58.128 [info] > git for-each-ref --format=%(refname)%00%(upstream:short)%00%(objectname)%00%(upstream:track)%00%(upstream:remotename)%00%(upstream:remoteref) refs/heads/master refs/remotes/master [1ms]
2023-01-11 09:35:58.139 [info] > git for-each-ref --sort -committerdate --format %(refname) %(objectname) %(*objectname) [2ms]
2023-01-11 09:35:58.169 [info] > git status -z -uall [36ms]
2023-01-11 09:36:03.244 [info] > git config --get commit.template [6ms]
2023-01-11 09:36:03.244 [info] > git for-each-ref --format=%(refname)%00%(upstream:short)%00%(objectname)%00%(upstream:track)%00%(upstream:remotename)%00%(upstream:remoteref) refs/heads/master refs/remotes/master [1ms]
2023-01-11 09:36:03.254 [info] > git for-each-ref --sort -committerdate --format %(refname) %(objectname) %(*objectname) [1ms]
2023-01-11 09:36:03.286 [info] > git status -z -uall [37ms]
2023-01-11 09:36:08.365 [info] > git config --get commit.template [7ms]
2023-01-11 09:36:08.365 [info] > git for-each-ref --format=%(refname)%00%(upstream:short)%00%(objectname)%00%(upstream:track)%00%(upstream:remotename)%00%(upstream:remoteref) refs/heads/master refs/remotes/master [1ms]
2023-01-11 09:36:08.376 [info] > git for-each-ref --sort -committerdate --format %(refname) %(objectname) %(*objectname) [1ms]
2023-01-11 09:36:08.406 [info] > git status -z -uall [35ms]
2023-01-11 09:36:13.480 [info] > git config --get commit.template [7ms]
2023-01-11 09:36:13.480 [info] > git for-each-ref --format=%(refname)%00%(upstream:short)%00%(objectname)%00%(upstream:track)%00%(upstream:remotename)%00%(upstream:remoteref) refs/heads/master refs/remotes/master [1ms]
2023-01-11 09:36:13.492 [info] > git for-each-ref --sort -committerdate --format %(refname) %(objectname) %(*objectname) [2ms]
2023-01-11 09:36:13.520 [info] > git status -z -uall [34ms]
2023-01-11 09:36:18.590 [info] > git config --get commit.template [7ms]
2023-01-11 09:36:18.590 [info] > git for-each-ref --format=%(refname)%00%(upstream:short)%00%(objectname)%00%(upstream:track)%00%(upstream:remotename)%00%(upstream:remoteref) refs/heads/master refs/remotes/master [1ms]
2023-01-11 09:36:18.601 [info] > git for-each-ref --sort -committerdate --format %(refname) %(objectname) %(*objectname) [2ms]
2023-01-11 09:36:18.630 [info] > git status -z -uall [34ms]
2023-01-11 09:36:23.706 [info] > git config --get commit.template [7ms]
2023-01-11 09:36:23.706 [info] > git for-each-ref --format=%(refname)%00%(upstream:short)%00%(objectname)%00%(upstream:track)%00%(upstream:remotename)%00%(upstream:remoteref) refs/heads/master refs/remotes/master [1ms]
2023-01-11 09:36:23.717 [info] > git for-each-ref --sort -committerdate --format %(refname) %(objectname) %(*objectname) [2ms]
2023-01-11 09:36:23.747 [info] > git status -z -uall [36ms]
2023-01-11 09:36:28.827 [info] > git config --get commit.template [6ms]
2023-01-11 09:36:28.828 [info] > git for-each-ref --format=%(refname)%00%(upstream:short)%00%(objectname)%00%(upstream:track)%00%(upstream:remotename)%00%(upstream:remoteref) refs/heads/master refs/remotes/master [1ms]
2023-01-11 09:36:28.837 [info] > git for-each-ref --sort -committerdate --format %(refname) %(objectname) %(*objectname) [1ms]
2023-01-11 09:36:28.868 [info] > git status -z -uall [35ms]
2023-01-11 09:36:33.943 [info] > git config --get commit.template [6ms]
2023-01-11 09:36:33.944 [info] > git for-each-ref --format=%(refname)%00%(upstream:short)%00%(objectname)%00%(upstream:track)%00%(upstream:remotename)%00%(upstream:remoteref) refs/heads/master refs/remotes/master [2ms]
2023-01-11 09:36:33.960 [info] > git for-each-ref --sort -committerdate --format %(refname) %(objectname) %(*objectname) [4ms]
2023-01-11 09:36:33.986 [info] > git status -z -uall [36ms]
2023-01-11 09:36:39.050 [info] > git config --get commit.template [6ms]
2023-01-11 09:36:39.050 [info] > git for-each-ref --format=%(refname)%00%(upstream:short)%00%(objectname)%00%(upstream:track)%00%(upstream:remotename)%00%(upstream:remoteref) refs/heads/master refs/remotes/master [1ms]
2023-01-11 09:36:39.062 [info] > git for-each-ref --sort -committerdate --format %(refname) %(objectname) %(*objectname) [2ms]
2023-01-11 09:36:39.091 [info] > git status -z -uall [37ms]
2023-01-11 09:36:44.167 [info] > git config --get commit.template [5ms]
2023-01-11 09:36:44.168 [info] > git for-each-ref --format=%(refname)%00%(upstream:short)%00%(objectname)%00%(upstream:track)%00%(upstream:remotename)%00%(upstream:remoteref) refs/heads/master refs/remotes/master [1ms]
2023-01-11 09:36:44.181 [info] > git for-each-ref --sort -committerdate --format %(refname) %(objectname) %(*objectname) [2ms]
2023-01-11 09:36:44.208 [info] > git status -z -uall [35ms]
2023-01-11 09:36:49.283 [info] > git config --get commit.template [6ms]
2023-01-11 09:36:49.283 [info] > git for-each-ref --format=%(refname)%00%(upstream:short)%00%(objectname)%00%(upstream:track)%00%(upstream:remotename)%00%(upstream:remoteref) refs/heads/master refs/remotes/master [1ms]
2023-01-11 09:36:49.295 [info] > git for-each-ref --sort -committerdate --format %(refname) %(objectname) %(*objectname) [2ms]
2023-01-11 09:36:49.324 [info] > git status -z -uall [35ms]
