2023-01-10 22:31:09.509 [info] Log level: Info
2023-01-10 22:31:09.509 [info] Validating found git in: "git"
2023-01-10 22:31:09.509 [info] Using git "2.31.1" from "git"
2023-01-10 22:31:09.509 [info] > git rev-parse --show-toplevel [67ms]
2023-01-10 22:31:09.509 [info] > git rev-parse --git-dir --git-common-dir [2ms]
2023-01-10 22:31:09.509 [info] Open repository: /home/MalkovMA
2023-01-10 22:31:09.509 [info] > git rev-parse --show-toplevel [5ms]
2023-01-10 22:31:09.509 [info] > git config --get commit.template [5ms]
2023-01-10 22:31:09.509 [info] > git rev-parse --show-toplevel [5ms]
2023-01-10 22:31:09.509 [info] > git for-each-ref --format=%(refname)%00%(upstream:short)%00%(objectname)%00%(upstream:track)%00%(upstream:remotename)%00%(upstream:remoteref) refs/heads/master refs/remotes/master [7ms]
2023-01-10 22:31:09.509 [info] > git rev-parse --show-toplevel [15ms]
2023-01-10 22:31:09.510 [info] > git for-each-ref --sort -committerdate --format %(refname) %(objectname) %(*objectname) [10ms]
2023-01-10 22:31:09.510 [info] > git rev-parse --show-toplevel [36ms]
2023-01-10 22:31:09.510 [info] > git status -z -uall [64ms]
2023-01-10 22:31:09.512 [info] > git rev-parse --show-toplevel [8ms]
2023-01-10 22:31:09.512 [info] > git rev-parse --show-toplevel [156ms]
2023-01-10 22:31:09.512 [info] > git rev-parse --show-toplevel [734ms]
2023-01-10 22:31:09.512 [info] > git config --get commit.template [744ms]
2023-01-10 22:31:09.512 [info] > git rev-parse --git-dir --git-common-dir [20ms]
2023-01-10 22:31:09.512 [info] Open repository: /home/MalkovMA/lab4
2023-01-10 22:31:09.512 [info] > git check-ignore -v -z --stdin [31ms]
2023-01-10 22:31:09.512 [info] > git config --get commit.template [1ms]
2023-01-10 22:31:09.512 [info] > git for-each-ref --format=%(refname)%00%(upstream:short)%00%(objectname)%00%(upstream:track)%00%(upstream:remotename)%00%(upstream:remoteref) refs/heads/master refs/remotes/master [6ms]
2023-01-10 22:31:09.512 [info] > git for-each-ref --sort -committerdate --format %(refname) %(objectname) %(*objectname) [8ms]
2023-01-10 22:31:09.528 [info] > git for-each-ref --format=%(refname)%00%(upstream:short)%00%(objectname)%00%(upstream:track)%00%(upstream:remotename)%00%(upstream:remoteref) refs/heads/main refs/remotes/main [28ms]
2023-01-10 22:31:09.546 [info] > git status -z -uall [9ms]
2023-01-10 22:31:09.555 [info] > git for-each-ref --sort -committerdate --format %(refname) %(objectname) %(*objectname) [10ms]
2023-01-10 22:31:09.562 [info] > git status -z -uall [71ms]
2023-01-10 22:31:10.478 [info] > git check-ignore -v -z --stdin [25ms]
2023-01-10 22:31:10.482 [info] > git check-ignore -v -z --stdin [25ms]
2023-01-10 22:31:10.995 [info] > git check-ignore -v -z --stdin [5ms]
2023-01-10 22:31:10.997 [info] > git check-ignore -v -z --stdin [3ms]
2023-01-10 22:31:11.571 [info] > git for-each-ref --format=%(refname)%00%(upstream:short)%00%(objectname)%00%(upstream:track)%00%(upstream:remotename)%00%(upstream:remoteref) refs/heads/master refs/remotes/master [1ms]
2023-01-10 22:31:11.572 [info] > git config --get commit.template [11ms]
2023-01-10 22:31:11.586 [info] > git for-each-ref --sort -committerdate --format %(refname) %(objectname) %(*objectname) [1ms]
2023-01-10 22:31:11.617 [info] > git status -z -uall [42ms]
2023-01-10 22:31:16.697 [info] > git config --get commit.template [6ms]
2023-01-10 22:31:16.698 [info] > git for-each-ref --format=%(refname)%00%(upstream:short)%00%(objectname)%00%(upstream:track)%00%(upstream:remotename)%00%(upstream:remoteref) refs/heads/master refs/remotes/master [2ms]
2023-01-10 22:31:16.708 [info] > git for-each-ref --sort -committerdate --format %(refname) %(objectname) %(*objectname) [2ms]
2023-01-10 22:31:16.737 [info] > git status -z -uall [35ms]
2023-01-10 22:31:21.800 [info] > git config --get commit.template [6ms]
2023-01-10 22:31:21.801 [info] > git for-each-ref --format=%(refname)%00%(upstream:short)%00%(objectname)%00%(upstream:track)%00%(upstream:remotename)%00%(upstream:remoteref) refs/heads/master refs/remotes/master [2ms]
2023-01-10 22:31:21.811 [info] > git for-each-ref --sort -committerdate --format %(refname) %(objectname) %(*objectname) [1ms]
2023-01-10 22:31:21.838 [info] > git status -z -uall [33ms]
2023-01-10 22:31:23.465 [info] > git check-ignore -v -z --stdin [1ms]
2023-01-10 22:31:24.682 [info] > git show --textconv :docker-compose.yaml [88ms]
2023-01-10 22:31:24.682 [info] > git ls-files --stage -- /home/MalkovMA/lab4/docker-compose.yaml [82ms]
2023-01-10 22:31:24.705 [info] > git cat-file -s a1474bc484cae32825aeeaf5b3494c7898952179 [10ms]
2023-01-10 22:31:26.907 [info] > git config --get commit.template [7ms]
2023-01-10 22:31:26.914 [info] > git for-each-ref --format=%(refname)%00%(upstream:short)%00%(objectname)%00%(upstream:track)%00%(upstream:remotename)%00%(upstream:remoteref) refs/heads/master refs/remotes/master [1ms]
2023-01-10 22:31:26.925 [info] > git for-each-ref --sort -committerdate --format %(refname) %(objectname) %(*objectname) [2ms]
2023-01-10 22:31:26.961 [info] > git status -z -uall [42ms]
2023-01-10 22:31:32.037 [info] > git config --get commit.template [6ms]
2023-01-10 22:31:32.037 [info] > git for-each-ref --format=%(refname)%00%(upstream:short)%00%(objectname)%00%(upstream:track)%00%(upstream:remotename)%00%(upstream:remoteref) refs/heads/master refs/remotes/master [1ms]
2023-01-10 22:31:32.049 [info] > git for-each-ref --sort -committerdate --format %(refname) %(objectname) %(*objectname) [2ms]
2023-01-10 22:31:32.074 [info] > git status -z -uall [32ms]
2023-01-10 22:31:37.144 [info] > git config --get commit.template [8ms]
2023-01-10 22:31:37.145 [info] > git for-each-ref --format=%(refname)%00%(upstream:short)%00%(objectname)%00%(upstream:track)%00%(upstream:remotename)%00%(upstream:remoteref) refs/heads/master refs/remotes/master [2ms]
2023-01-10 22:31:37.156 [info] > git for-each-ref --sort -committerdate --format %(refname) %(objectname) %(*objectname) [3ms]
2023-01-10 22:31:37.199 [info] > git status -z -uall [50ms]
2023-01-10 22:31:42.268 [info] > git config --get commit.template [7ms]
2023-01-10 22:31:42.268 [info] > git for-each-ref --format=%(refname)%00%(upstream:short)%00%(objectname)%00%(upstream:track)%00%(upstream:remotename)%00%(upstream:remoteref) refs/heads/master refs/remotes/master [1ms]
2023-01-10 22:31:42.280 [info] > git for-each-ref --sort -committerdate --format %(refname) %(objectname) %(*objectname) [1ms]
2023-01-10 22:31:42.335 [info] > git status -z -uall [62ms]
2023-01-10 22:31:47.412 [info] > git config --get commit.template [6ms]
2023-01-10 22:31:47.413 [info] > git for-each-ref --format=%(refname)%00%(upstream:short)%00%(objectname)%00%(upstream:track)%00%(upstream:remotename)%00%(upstream:remoteref) refs/heads/master refs/remotes/master [1ms]
2023-01-10 22:31:47.425 [info] > git for-each-ref --sort -committerdate --format %(refname) %(objectname) %(*objectname) [2ms]
2023-01-10 22:31:47.451 [info] > git status -z -uall [33ms]
2023-01-10 22:31:52.532 [info] > git config --get commit.template [5ms]
2023-01-10 22:31:52.532 [info] > git for-each-ref --format=%(refname)%00%(upstream:short)%00%(objectname)%00%(upstream:track)%00%(upstream:remotename)%00%(upstream:remoteref) refs/heads/master refs/remotes/master [1ms]
2023-01-10 22:31:52.544 [info] > git for-each-ref --sort -committerdate --format %(refname) %(objectname) %(*objectname) [2ms]
2023-01-10 22:31:52.572 [info] > git status -z -uall [34ms]
2023-01-10 22:31:57.641 [info] > git config --get commit.template [6ms]
2023-01-10 22:31:57.642 [info] > git for-each-ref --format=%(refname)%00%(upstream:short)%00%(objectname)%00%(upstream:track)%00%(upstream:remotename)%00%(upstream:remoteref) refs/heads/master refs/remotes/master [2ms]
2023-01-10 22:31:57.652 [info] > git for-each-ref --sort -committerdate --format %(refname) %(objectname) %(*objectname) [2ms]
2023-01-10 22:31:57.678 [info] > git status -z -uall [32ms]
2023-01-10 22:32:02.748 [info] > git config --get commit.template [6ms]
2023-01-10 22:32:02.749 [info] > git for-each-ref --format=%(refname)%00%(upstream:short)%00%(objectname)%00%(upstream:track)%00%(upstream:remotename)%00%(upstream:remoteref) refs/heads/master refs/remotes/master [2ms]
2023-01-10 22:32:02.762 [info] > git for-each-ref --sort -committerdate --format %(refname) %(objectname) %(*objectname) [2ms]
2023-01-10 22:32:02.786 [info] > git status -z -uall [32ms]
2023-01-10 22:32:07.855 [info] > git config --get commit.template [6ms]
2023-01-10 22:32:07.855 [info] > git for-each-ref --format=%(refname)%00%(upstream:short)%00%(objectname)%00%(upstream:track)%00%(upstream:remotename)%00%(upstream:remoteref) refs/heads/master refs/remotes/master [1ms]
2023-01-10 22:32:07.867 [info] > git for-each-ref --sort -committerdate --format %(refname) %(objectname) %(*objectname) [2ms]
2023-01-10 22:32:07.892 [info] > git status -z -uall [32ms]
2023-01-10 22:32:12.961 [info] > git config --get commit.template [6ms]
2023-01-10 22:32:12.962 [info] > git for-each-ref --format=%(refname)%00%(upstream:short)%00%(objectname)%00%(upstream:track)%00%(upstream:remotename)%00%(upstream:remoteref) refs/heads/master refs/remotes/master [1ms]
2023-01-10 22:32:12.975 [info] > git for-each-ref --sort -committerdate --format %(refname) %(objectname) %(*objectname) [2ms]
2023-01-10 22:32:13.005 [info] > git status -z -uall [38ms]
2023-01-10 22:32:18.077 [info] > git config --get commit.template [7ms]
2023-01-10 22:32:18.077 [info] > git for-each-ref --format=%(refname)%00%(upstream:short)%00%(objectname)%00%(upstream:track)%00%(upstream:remotename)%00%(upstream:remoteref) refs/heads/master refs/remotes/master [1ms]
2023-01-10 22:32:18.090 [info] > git for-each-ref --sort -committerdate --format %(refname) %(objectname) %(*objectname) [1ms]
2023-01-10 22:32:18.114 [info] > git status -z -uall [31ms]
2023-01-10 22:32:23.183 [info] > git config --get commit.template [6ms]
2023-01-10 22:32:23.184 [info] > git for-each-ref --format=%(refname)%00%(upstream:short)%00%(objectname)%00%(upstream:track)%00%(upstream:remotename)%00%(upstream:remoteref) refs/heads/master refs/remotes/master [1ms]
2023-01-10 22:32:23.196 [info] > git for-each-ref --sort -committerdate --format %(refname) %(objectname) %(*objectname) [2ms]
2023-01-10 22:32:23.224 [info] > git status -z -uall [35ms]
2023-01-10 22:32:28.292 [info] > git config --get commit.template [5ms]
2023-01-10 22:32:28.292 [info] > git for-each-ref --format=%(refname)%00%(upstream:short)%00%(objectname)%00%(upstream:track)%00%(upstream:remotename)%00%(upstream:remoteref) refs/heads/master refs/remotes/master [1ms]
2023-01-10 22:32:28.302 [info] > git for-each-ref --sort -committerdate --format %(refname) %(objectname) %(*objectname) [2ms]
2023-01-10 22:32:28.329 [info] > git status -z -uall [31ms]
2023-01-10 22:32:33.399 [info] > git config --get commit.template [6ms]
2023-01-10 22:32:33.399 [info] > git for-each-ref --format=%(refname)%00%(upstream:short)%00%(objectname)%00%(upstream:track)%00%(upstream:remotename)%00%(upstream:remoteref) refs/heads/master refs/remotes/master [1ms]
2023-01-10 22:32:33.410 [info] > git for-each-ref --sort -committerdate --format %(refname) %(objectname) %(*objectname) [2ms]
2023-01-10 22:32:33.435 [info] > git status -z -uall [32ms]
2023-01-10 22:32:38.503 [info] > git config --get commit.template [7ms]
2023-01-10 22:32:38.503 [info] > git for-each-ref --format=%(refname)%00%(upstream:short)%00%(objectname)%00%(upstream:track)%00%(upstream:remotename)%00%(upstream:remoteref) refs/heads/master refs/remotes/master [1ms]
2023-01-10 22:32:38.514 [info] > git for-each-ref --sort -committerdate --format %(refname) %(objectname) %(*objectname) [2ms]
2023-01-10 22:32:38.540 [info] > git status -z -uall [32ms]
2023-01-10 22:32:43.610 [info] > git config --get commit.template [7ms]
2023-01-10 22:32:43.610 [info] > git for-each-ref --format=%(refname)%00%(upstream:short)%00%(objectname)%00%(upstream:track)%00%(upstream:remotename)%00%(upstream:remoteref) refs/heads/master refs/remotes/master [1ms]
2023-01-10 22:32:43.622 [info] > git for-each-ref --sort -committerdate --format %(refname) %(objectname) %(*objectname) [2ms]
2023-01-10 22:32:43.650 [info] > git status -z -uall [35ms]
2023-01-10 22:32:48.721 [info] > git config --get commit.template [9ms]
2023-01-10 22:32:48.721 [info] > git for-each-ref --format=%(refname)%00%(upstream:short)%00%(objectname)%00%(upstream:track)%00%(upstream:remotename)%00%(upstream:remoteref) refs/heads/master refs/remotes/master [1ms]
2023-01-10 22:32:48.736 [info] > git for-each-ref --sort -committerdate --format %(refname) %(objectname) %(*objectname) [2ms]
2023-01-10 22:32:48.782 [info] > git status -z -uall [56ms]
2023-01-10 22:32:53.879 [info] > git config --get commit.template [7ms]
2023-01-10 22:32:53.879 [info] > git for-each-ref --format=%(refname)%00%(upstream:short)%00%(objectname)%00%(upstream:track)%00%(upstream:remotename)%00%(upstream:remoteref) refs/heads/master refs/remotes/master [1ms]
2023-01-10 22:32:53.892 [info] > git for-each-ref --sort -committerdate --format %(refname) %(objectname) %(*objectname) [2ms]
2023-01-10 22:32:53.920 [info] > git status -z -uall [35ms]
2023-01-10 22:32:58.992 [info] > git config --get commit.template [8ms]
2023-01-10 22:32:58.992 [info] > git for-each-ref --format=%(refname)%00%(upstream:short)%00%(objectname)%00%(upstream:track)%00%(upstream:remotename)%00%(upstream:remoteref) refs/heads/master refs/remotes/master [1ms]
2023-01-10 22:32:59.005 [info] > git for-each-ref --sort -committerdate --format %(refname) %(objectname) %(*objectname) [2ms]
2023-01-10 22:32:59.030 [info] > git status -z -uall [33ms]
2023-01-10 22:33:04.100 [info] > git config --get commit.template [7ms]
2023-01-10 22:33:04.100 [info] > git for-each-ref --format=%(refname)%00%(upstream:short)%00%(objectname)%00%(upstream:track)%00%(upstream:remotename)%00%(upstream:remoteref) refs/heads/master refs/remotes/master [0ms]
2023-01-10 22:33:04.110 [info] > git for-each-ref --sort -committerdate --format %(refname) %(objectname) %(*objectname) [1ms]
2023-01-10 22:33:04.137 [info] > git status -z -uall [32ms]
2023-01-10 22:33:09.206 [info] > git config --get commit.template [7ms]
2023-01-10 22:33:09.206 [info] > git for-each-ref --format=%(refname)%00%(upstream:short)%00%(objectname)%00%(upstream:track)%00%(upstream:remotename)%00%(upstream:remoteref) refs/heads/master refs/remotes/master [1ms]
2023-01-10 22:33:09.216 [info] > git for-each-ref --sort -committerdate --format %(refname) %(objectname) %(*objectname) [1ms]
2023-01-10 22:33:09.255 [info] > git status -z -uall [44ms]
2023-01-10 22:33:14.346 [info] > git config --get commit.template [5ms]
2023-01-10 22:33:14.347 [info] > git for-each-ref --format=%(refname)%00%(upstream:short)%00%(objectname)%00%(upstream:track)%00%(upstream:remotename)%00%(upstream:remoteref) refs/heads/master refs/remotes/master [1ms]
2023-01-10 22:33:14.357 [info] > git for-each-ref --sort -committerdate --format %(refname) %(objectname) %(*objectname) [2ms]
2023-01-10 22:33:14.382 [info] > git status -z -uall [31ms]
2023-01-10 22:33:19.459 [info] > git config --get commit.template [7ms]
2023-01-10 22:33:19.459 [info] > git for-each-ref --format=%(refname)%00%(upstream:short)%00%(objectname)%00%(upstream:track)%00%(upstream:remotename)%00%(upstream:remoteref) refs/heads/master refs/remotes/master [1ms]
2023-01-10 22:33:19.473 [info] > git for-each-ref --sort -committerdate --format %(refname) %(objectname) %(*objectname) [2ms]
2023-01-10 22:33:19.498 [info] > git status -z -uall [33ms]
