2023-01-11 07:45:49.278 [info] Extension host with pid 3345 started
2023-01-11 07:45:49.309 [info] Lock '/home/MalkovMA/.vscode-server/data/User/workspaceStorage/243ebfbc496cc3f09efb5717f1a26cb3/vscode.lock': Lock acquired.
2023-01-11 07:45:49.336 [info] ExtensionService#_doActivateExtension vscode.git-base, startup: true, activationEvent: '*', root cause: vscode.git
2023-01-11 07:45:49.650 [info] ExtensionService#_doActivateExtension vscode.git, startup: true, activationEvent: '*'
2023-01-11 07:45:49.651 [info] ExtensionService#_doActivateExtension vscode.github, startup: true, activationEvent: '*'
2023-01-11 07:45:49.883 [info] ExtensionService#_doActivateExtension vscode.debug-auto-launch, startup: false, activationEvent: 'onStartupFinished'
2023-01-11 07:45:49.884 [info] ExtensionService#_doActivateExtension vscode.emmet, startup: false, activationEvent: 'onStartupFinished'
2023-01-11 07:45:49.884 [info] ExtensionService#_doActivateExtension vscode.merge-conflict, startup: false, activationEvent: 'onStartupFinished'
2023-01-11 07:45:49.884 [info] Eager extensions activated
2023-01-11 07:45:50.217 [warning] [Decorations] CAPPING events from decorations provider vscode.git 7525
2023-01-11 07:45:51.191 [warning] [Decorations] CAPPING events from decorations provider vscode.git 7526
2023-01-11 07:45:54.208 [warning] [Decorations] CAPPING events from decorations provider vscode.git 7526
2023-01-11 07:45:59.335 [warning] [Decorations] CAPPING events from decorations provider vscode.git 7526
2023-01-11 07:46:04.498 [warning] [Decorations] CAPPING events from decorations provider vscode.git 7515
2023-01-11 07:46:09.640 [warning] [Decorations] CAPPING events from decorations provider vscode.git 7515
2023-01-11 07:46:14.776 [warning] [Decorations] CAPPING events from decorations provider vscode.git 7515
2023-01-11 07:46:19.896 [warning] [Decorations] CAPPING events from decorations provider vscode.git 7515
2023-01-11 07:46:25.034 [warning] [Decorations] CAPPING events from decorations provider vscode.git 7515
2023-01-11 07:46:30.156 [warning] [Decorations] CAPPING events from decorations provider vscode.git 7515
2023-01-11 07:46:35.284 [warning] [Decorations] CAPPING events from decorations provider vscode.git 7515
2023-01-11 07:46:40.407 [warning] [Decorations] CAPPING events from decorations provider vscode.git 7515
2023-01-11 07:46:45.531 [warning] [Decorations] CAPPING events from decorations provider vscode.git 7515
2023-01-11 07:51:40.490 [warning] [Decorations] CAPPING events from decorations provider vscode.git 7515
2023-01-11 07:51:45.610 [warning] [Decorations] CAPPING events from decorations provider vscode.git 7515
2023-01-11 07:51:50.732 [warning] [Decorations] CAPPING events from decorations provider vscode.git 7515
2023-01-11 07:51:55.870 [warning] [Decorations] CAPPING events from decorations provider vscode.git 7515
2023-01-11 08:09:02.094 [warning] [Decorations] CAPPING events from decorations provider vscode.git 7515
2023-01-11 08:18:03.997 [warning] [Decorations] CAPPING events from decorations provider vscode.git 7515
2023-01-11 08:18:09.133 [warning] [Decorations] CAPPING events from decorations provider vscode.git 7515
2023-01-11 08:18:09.159 [info] Extension host terminating: received terminate message from renderer
2023-01-11 08:18:09.160 [info] Lock '/home/MalkovMA/.vscode-server/data/User/workspaceStorage/243ebfbc496cc3f09efb5717f1a26cb3/vscode.lock': Marking the lockfile as scheduled to be released in 6000 ms.
2023-01-11 08:18:09.171 [info] Extension host with pid 3345 exiting with code 0
