2023-01-11 10:43:06.521 [info] Log level: Info
2023-01-11 10:43:06.521 [info] Validating found git in: "git"
2023-01-11 10:43:06.522 [info] Using git "2.31.1" from "git"
2023-01-11 10:43:06.522 [info] > git rev-parse --show-toplevel [64ms]
2023-01-11 10:43:06.522 [info] > git rev-parse --git-dir --git-common-dir [14ms]
2023-01-11 10:43:06.522 [info] Open repository: /home/MalkovMA
2023-01-11 10:43:06.522 [info] > git rev-parse --show-toplevel [6ms]
2023-01-11 10:43:06.522 [info] > git config --get commit.template [4ms]
2023-01-11 10:43:06.522 [info] > git rev-parse --show-toplevel [8ms]
2023-01-11 10:43:06.522 [info] > git for-each-ref --format=%(refname)%00%(upstream:short)%00%(objectname)%00%(upstream:track)%00%(upstream:remotename)%00%(upstream:remoteref) refs/heads/master refs/remotes/master [6ms]
2023-01-11 10:43:06.522 [info] > git rev-parse --show-toplevel [7ms]
2023-01-11 10:43:06.522 [info] > git for-each-ref --sort -committerdate --format %(refname) %(objectname) %(*objectname) [6ms]
2023-01-11 10:43:06.522 [info] > git rev-parse --show-toplevel [3ms]
2023-01-11 10:43:06.522 [info] > git rev-parse --show-toplevel [1ms]
2023-01-11 10:43:06.522 [info] > git rev-parse --show-toplevel [2ms]
2023-01-11 10:43:06.522 [info] > git rev-parse --show-toplevel [2ms]
2023-01-11 10:43:06.522 [info] > git rev-parse --git-dir --git-common-dir [2ms]
2023-01-11 10:43:06.522 [info] Open repository: /home/MalkovMA/lab4
2023-01-11 10:43:06.522 [info] > git status -z -uall [57ms]
2023-01-11 10:43:06.523 [info] > git config --get commit.template [9ms]
2023-01-11 10:43:06.523 [info] > git config --get commit.template [22ms]
2023-01-11 10:43:06.523 [info] > git for-each-ref --format=%(refname)%00%(upstream:short)%00%(objectname)%00%(upstream:track)%00%(upstream:remotename)%00%(upstream:remoteref) refs/heads/main refs/remotes/main [28ms]
2023-01-11 10:43:06.523 [info] > git status -z -uall [6ms]
2023-01-11 10:43:06.523 [info] > git for-each-ref --format=%(refname)%00%(upstream:short)%00%(objectname)%00%(upstream:track)%00%(upstream:remotename)%00%(upstream:remoteref) refs/heads/master refs/remotes/master [2ms]
2023-01-11 10:43:06.523 [info] > git for-each-ref --sort -committerdate --format %(refname) %(objectname) %(*objectname) [23ms]
2023-01-11 10:43:06.523 [info] > git for-each-ref --sort -committerdate --format %(refname) %(objectname) %(*objectname) [11ms]
2023-01-11 10:43:06.523 [info] > git config --get commit.template [18ms]
2023-01-11 10:43:06.523 [info] > git for-each-ref --format=%(refname)%00%(upstream:short)%00%(objectname)%00%(upstream:track)%00%(upstream:remotename)%00%(upstream:remoteref) refs/heads/main refs/remotes/main [2ms]
2023-01-11 10:43:06.523 [info] > git status -z -uall [5ms]
2023-01-11 10:43:06.523 [info] > git for-each-ref --sort -committerdate --format %(refname) %(objectname) %(*objectname) [14ms]
2023-01-11 10:43:06.523 [info] > git status -z -uall [100ms]
2023-01-11 10:43:06.523 [info] > git check-ignore -v -z --stdin [43ms]
2023-01-11 10:43:06.523 [info] > git check-ignore -v -z --stdin [31ms]
2023-01-11 10:43:08.538 [info] > git config --get commit.template [9ms]
2023-01-11 10:43:08.539 [info] > git for-each-ref --format=%(refname)%00%(upstream:short)%00%(objectname)%00%(upstream:track)%00%(upstream:remotename)%00%(upstream:remoteref) refs/heads/master refs/remotes/master [2ms]
2023-01-11 10:43:08.552 [info] > git for-each-ref --sort -committerdate --format %(refname) %(objectname) %(*objectname) [2ms]
2023-01-11 10:43:08.587 [info] > git status -z -uall [42ms]
2023-01-11 10:43:13.682 [info] > git config --get commit.template [9ms]
2023-01-11 10:43:13.682 [info] > git for-each-ref --format=%(refname)%00%(upstream:short)%00%(objectname)%00%(upstream:track)%00%(upstream:remotename)%00%(upstream:remoteref) refs/heads/master refs/remotes/master [1ms]
2023-01-11 10:43:13.696 [info] > git for-each-ref --sort -committerdate --format %(refname) %(objectname) %(*objectname) [3ms]
2023-01-11 10:43:13.726 [info] > git status -z -uall [38ms]
2023-01-11 10:43:18.808 [info] > git config --get commit.template [6ms]
2023-01-11 10:43:18.808 [info] > git for-each-ref --format=%(refname)%00%(upstream:short)%00%(objectname)%00%(upstream:track)%00%(upstream:remotename)%00%(upstream:remoteref) refs/heads/master refs/remotes/master [1ms]
2023-01-11 10:43:18.820 [info] > git for-each-ref --sort -committerdate --format %(refname) %(objectname) %(*objectname) [2ms]
2023-01-11 10:43:18.851 [info] > git status -z -uall [37ms]
2023-01-11 10:43:23.927 [info] > git config --get commit.template [6ms]
2023-01-11 10:43:23.927 [info] > git for-each-ref --format=%(refname)%00%(upstream:short)%00%(objectname)%00%(upstream:track)%00%(upstream:remotename)%00%(upstream:remoteref) refs/heads/master refs/remotes/master [1ms]
2023-01-11 10:43:23.939 [info] > git for-each-ref --sort -committerdate --format %(refname) %(objectname) %(*objectname) [2ms]
2023-01-11 10:43:23.970 [info] > git status -z -uall [37ms]
2023-01-11 10:43:29.048 [info] > git config --get commit.template [6ms]
2023-01-11 10:43:29.049 [info] > git for-each-ref --format=%(refname)%00%(upstream:short)%00%(objectname)%00%(upstream:track)%00%(upstream:remotename)%00%(upstream:remoteref) refs/heads/master refs/remotes/master [2ms]
2023-01-11 10:43:29.063 [info] > git for-each-ref --sort -committerdate --format %(refname) %(objectname) %(*objectname) [2ms]
2023-01-11 10:43:29.091 [info] > git status -z -uall [36ms]
2023-01-11 10:43:34.172 [info] > git config --get commit.template [9ms]
2023-01-11 10:43:34.173 [info] > git for-each-ref --format=%(refname)%00%(upstream:short)%00%(objectname)%00%(upstream:track)%00%(upstream:remotename)%00%(upstream:remoteref) refs/heads/master refs/remotes/master [2ms]
2023-01-11 10:43:34.183 [info] > git for-each-ref --sort -committerdate --format %(refname) %(objectname) %(*objectname) [2ms]
2023-01-11 10:43:34.214 [info] > git status -z -uall [37ms]
2023-01-11 10:43:39.293 [info] > git config --get commit.template [6ms]
2023-01-11 10:43:39.294 [info] > git for-each-ref --format=%(refname)%00%(upstream:short)%00%(objectname)%00%(upstream:track)%00%(upstream:remotename)%00%(upstream:remoteref) refs/heads/master refs/remotes/master [2ms]
2023-01-11 10:43:39.305 [info] > git for-each-ref --sort -committerdate --format %(refname) %(objectname) %(*objectname) [1ms]
2023-01-11 10:43:39.335 [info] > git status -z -uall [36ms]
2023-01-11 10:43:44.413 [info] > git config --get commit.template [5ms]
2023-01-11 10:43:44.413 [info] > git for-each-ref --format=%(refname)%00%(upstream:short)%00%(objectname)%00%(upstream:track)%00%(upstream:remotename)%00%(upstream:remoteref) refs/heads/master refs/remotes/master [1ms]
2023-01-11 10:43:44.423 [info] > git for-each-ref --sort -committerdate --format %(refname) %(objectname) %(*objectname) [2ms]
2023-01-11 10:43:44.452 [info] > git status -z -uall [35ms]
2023-01-11 10:43:49.531 [info] > git config --get commit.template [4ms]
2023-01-11 10:43:49.531 [info] > git for-each-ref --format=%(refname)%00%(upstream:short)%00%(objectname)%00%(upstream:track)%00%(upstream:remotename)%00%(upstream:remoteref) refs/heads/master refs/remotes/master [1ms]
2023-01-11 10:43:49.542 [info] > git for-each-ref --sort -committerdate --format %(refname) %(objectname) %(*objectname) [2ms]
2023-01-11 10:43:49.578 [info] > git status -z -uall [41ms]
2023-01-11 10:43:54.657 [info] > git config --get commit.template [5ms]
2023-01-11 10:43:54.658 [info] > git for-each-ref --format=%(refname)%00%(upstream:short)%00%(objectname)%00%(upstream:track)%00%(upstream:remotename)%00%(upstream:remoteref) refs/heads/master refs/remotes/master [2ms]
2023-01-11 10:43:54.668 [info] > git for-each-ref --sort -committerdate --format %(refname) %(objectname) %(*objectname) [2ms]
2023-01-11 10:43:54.699 [info] > git status -z -uall [36ms]
2023-01-11 10:43:58.354 [info] > git check-ignore -v -z --stdin [1ms]
2023-01-11 10:43:59.770 [info] > git config --get commit.template [6ms]
2023-01-11 10:43:59.770 [info] > git for-each-ref --format=%(refname)%00%(upstream:short)%00%(objectname)%00%(upstream:track)%00%(upstream:remotename)%00%(upstream:remoteref) refs/heads/master refs/remotes/master [1ms]
2023-01-11 10:43:59.780 [info] > git for-each-ref --sort -committerdate --format %(refname) %(objectname) %(*objectname) [1ms]
2023-01-11 10:43:59.812 [info] > git status -z -uall [38ms]
2023-01-11 10:55:15.886 [info] > git config --get commit.template [6ms]
2023-01-11 10:55:15.886 [info] > git for-each-ref --format=%(refname)%00%(upstream:short)%00%(objectname)%00%(upstream:track)%00%(upstream:remotename)%00%(upstream:remoteref) refs/heads/master refs/remotes/master [2ms]
2023-01-11 10:55:15.894 [info] > git for-each-ref --sort -committerdate --format %(refname) %(objectname) %(*objectname) [1ms]
2023-01-11 10:55:15.936 [info] > git status -z -uall [46ms]
2023-01-11 10:55:21.024 [info] > git config --get commit.template [4ms]
2023-01-11 10:55:21.025 [info] > git for-each-ref --format=%(refname)%00%(upstream:short)%00%(objectname)%00%(upstream:track)%00%(upstream:remotename)%00%(upstream:remoteref) refs/heads/master refs/remotes/master [2ms]
2023-01-11 10:55:21.035 [info] > git for-each-ref --sort -committerdate --format %(refname) %(objectname) %(*objectname) [2ms]
2023-01-11 10:55:21.066 [info] > git status -z -uall [36ms]
2023-01-11 10:58:04.682 [info] > git config --get commit.template [7ms]
2023-01-11 10:58:04.682 [info] > git for-each-ref --format=%(refname)%00%(upstream:short)%00%(objectname)%00%(upstream:track)%00%(upstream:remotename)%00%(upstream:remoteref) refs/heads/master refs/remotes/master [1ms]
2023-01-11 10:58:04.690 [info] > git for-each-ref --sort -committerdate --format %(refname) %(objectname) %(*objectname) [1ms]
2023-01-11 10:58:04.733 [info] > git status -z -uall [47ms]
2023-01-11 10:58:09.819 [info] > git for-each-ref --format=%(refname)%00%(upstream:short)%00%(objectname)%00%(upstream:track)%00%(upstream:remotename)%00%(upstream:remoteref) refs/heads/master refs/remotes/master [2ms]
2023-01-11 10:58:09.820 [info] > git config --get commit.template [6ms]
2023-01-11 10:58:09.831 [info] > git for-each-ref --sort -committerdate --format %(refname) %(objectname) %(*objectname) [2ms]
2023-01-11 10:58:09.862 [info] > git status -z -uall [36ms]
2023-01-11 11:24:56.447 [info] > git config --get commit.template [6ms]
2023-01-11 11:24:56.447 [info] > git for-each-ref --format=%(refname)%00%(upstream:short)%00%(objectname)%00%(upstream:track)%00%(upstream:remotename)%00%(upstream:remoteref) refs/heads/master refs/remotes/master [1ms]
2023-01-11 11:24:56.459 [info] > git for-each-ref --sort -committerdate --format %(refname) %(objectname) %(*objectname) [4ms]
2023-01-11 11:24:56.508 [info] > git status -z -uall [55ms]
2023-01-11 11:25:00.314 [info] > git show --textconv :create_infrastructure.sh [7ms]
2023-01-11 11:25:00.317 [info] > git ls-files --stage -- /home/MalkovMA/create_infrastructure.sh [4ms]
2023-01-11 11:25:01.617 [info] > git config --get commit.template [7ms]
2023-01-11 11:25:01.618 [info] > git for-each-ref --format=%(refname)%00%(upstream:short)%00%(objectname)%00%(upstream:track)%00%(upstream:remotename)%00%(upstream:remoteref) refs/heads/master refs/remotes/master [1ms]
2023-01-11 11:25:01.634 [info] > git for-each-ref --sort -committerdate --format %(refname) %(objectname) %(*objectname) [2ms]
2023-01-11 11:25:01.663 [info] > git status -z -uall [37ms]
2023-01-11 11:25:15.235 [info] > git config --get commit.template [6ms]
2023-01-11 11:25:15.235 [info] > git for-each-ref --format=%(refname)%00%(upstream:short)%00%(objectname)%00%(upstream:track)%00%(upstream:remotename)%00%(upstream:remoteref) refs/heads/master refs/remotes/master [1ms]
2023-01-11 11:25:15.245 [info] > git for-each-ref --sort -committerdate --format %(refname) %(objectname) %(*objectname) [2ms]
2023-01-11 11:25:15.286 [info] > git status -z -uall [47ms]
2023-01-11 11:26:38.776 [info] > git config --get commit.template [1ms]
2023-01-11 11:26:38.783 [info] > git for-each-ref --format=%(refname)%00%(upstream:short)%00%(objectname)%00%(upstream:track)%00%(upstream:remotename)%00%(upstream:remoteref) refs/heads/master refs/remotes/master [2ms]
2023-01-11 11:26:38.791 [info] > git for-each-ref --sort -committerdate --format %(refname) %(objectname) %(*objectname) [1ms]
2023-01-11 11:26:38.830 [info] > git status -z -uall [43ms]
2023-01-11 11:26:43.911 [info] > git config --get commit.template [6ms]
2023-01-11 11:26:43.911 [info] > git for-each-ref --format=%(refname)%00%(upstream:short)%00%(objectname)%00%(upstream:track)%00%(upstream:remotename)%00%(upstream:remoteref) refs/heads/master refs/remotes/master [2ms]
2023-01-11 11:26:43.924 [info] > git for-each-ref --sort -committerdate --format %(refname) %(objectname) %(*objectname) [2ms]
2023-01-11 11:26:43.953 [info] > git status -z -uall [36ms]
2023-01-11 11:27:59.242 [info] > git config --get commit.template [5ms]
2023-01-11 11:27:59.243 [info] > git for-each-ref --format=%(refname)%00%(upstream:short)%00%(objectname)%00%(upstream:track)%00%(upstream:remotename)%00%(upstream:remoteref) refs/heads/master refs/remotes/master [1ms]
2023-01-11 11:27:59.251 [info] > git for-each-ref --sort -committerdate --format %(refname) %(objectname) %(*objectname) [2ms]
2023-01-11 11:27:59.294 [info] > git status -z -uall [48ms]
2023-01-11 11:28:38.082 [info] > git config --get commit.template [7ms]
2023-01-11 11:28:38.082 [info] > git for-each-ref --format=%(refname)%00%(upstream:short)%00%(objectname)%00%(upstream:track)%00%(upstream:remotename)%00%(upstream:remoteref) refs/heads/master refs/remotes/master [1ms]
2023-01-11 11:28:38.094 [info] > git for-each-ref --sort -committerdate --format %(refname) %(objectname) %(*objectname) [2ms]
2023-01-11 11:28:38.136 [info] > git status -z -uall [48ms]
2023-01-11 11:28:59.794 [info] > git config --get commit.template [7ms]
2023-01-11 11:28:59.794 [info] > git for-each-ref --format=%(refname)%00%(upstream:short)%00%(objectname)%00%(upstream:track)%00%(upstream:remotename)%00%(upstream:remoteref) refs/heads/master refs/remotes/master [1ms]
2023-01-11 11:28:59.806 [info] > git for-each-ref --sort -committerdate --format %(refname) %(objectname) %(*objectname) [3ms]
2023-01-11 11:28:59.846 [info] > git status -z -uall [46ms]
2023-01-11 11:29:04.929 [info] > git config --get commit.template [7ms]
2023-01-11 11:29:04.930 [info] > git for-each-ref --format=%(refname)%00%(upstream:short)%00%(objectname)%00%(upstream:track)%00%(upstream:remotename)%00%(upstream:remoteref) refs/heads/master refs/remotes/master [2ms]
2023-01-11 11:29:04.940 [info] > git for-each-ref --sort -committerdate --format %(refname) %(objectname) %(*objectname) [1ms]
2023-01-11 11:29:04.973 [info] > git status -z -uall [38ms]
2023-01-11 11:36:22.707 [info] > git config --get commit.template [6ms]
2023-01-11 11:36:22.707 [info] > git for-each-ref --format=%(refname)%00%(upstream:short)%00%(objectname)%00%(upstream:track)%00%(upstream:remotename)%00%(upstream:remoteref) refs/heads/master refs/remotes/master [2ms]
2023-01-11 11:36:22.717 [info] > git for-each-ref --sort -committerdate --format %(refname) %(objectname) %(*objectname) [1ms]
2023-01-11 11:36:22.761 [info] > git status -z -uall [50ms]
2023-01-11 11:36:27.848 [info] > git config --get commit.template [7ms]
2023-01-11 11:36:27.849 [info] > git for-each-ref --format=%(refname)%00%(upstream:short)%00%(objectname)%00%(upstream:track)%00%(upstream:remotename)%00%(upstream:remoteref) refs/heads/master refs/remotes/master [1ms]
2023-01-11 11:36:27.859 [info] > git for-each-ref --sort -committerdate --format %(refname) %(objectname) %(*objectname) [2ms]
2023-01-11 11:36:27.890 [info] > git status -z -uall [36ms]
2023-01-11 11:36:32.969 [info] > git config --get commit.template [7ms]
2023-01-11 11:36:32.970 [info] > git for-each-ref --format=%(refname)%00%(upstream:short)%00%(objectname)%00%(upstream:track)%00%(upstream:remotename)%00%(upstream:remoteref) refs/heads/master refs/remotes/master [1ms]
2023-01-11 11:36:32.982 [info] > git for-each-ref --sort -committerdate --format %(refname) %(objectname) %(*objectname) [2ms]
2023-01-11 11:36:33.012 [info] > git status -z -uall [37ms]
2023-01-11 11:36:38.090 [info] > git config --get commit.template [8ms]
2023-01-11 11:36:38.090 [info] > git for-each-ref --format=%(refname)%00%(upstream:short)%00%(objectname)%00%(upstream:track)%00%(upstream:remotename)%00%(upstream:remoteref) refs/heads/master refs/remotes/master [1ms]
2023-01-11 11:36:38.102 [info] > git for-each-ref --sort -committerdate --format %(refname) %(objectname) %(*objectname) [2ms]
2023-01-11 11:36:38.133 [info] > git status -z -uall [37ms]
2023-01-11 11:37:04.299 [info] > git config --get commit.template [2ms]
2023-01-11 11:37:04.306 [info] > git for-each-ref --format=%(refname)%00%(upstream:short)%00%(objectname)%00%(upstream:track)%00%(upstream:remotename)%00%(upstream:remoteref) refs/heads/master refs/remotes/master [2ms]
2023-01-11 11:37:04.313 [info] > git for-each-ref --sort -committerdate --format %(refname) %(objectname) %(*objectname) [1ms]
2023-01-11 11:37:04.354 [info] > git status -z -uall [44ms]
2023-01-11 11:37:09.435 [info] > git config --get commit.template [5ms]
2023-01-11 11:37:09.436 [info] > git for-each-ref --format=%(refname)%00%(upstream:short)%00%(objectname)%00%(upstream:track)%00%(upstream:remotename)%00%(upstream:remoteref) refs/heads/master refs/remotes/master [1ms]
2023-01-11 11:37:09.445 [info] > git for-each-ref --sort -committerdate --format %(refname) %(objectname) %(*objectname) [1ms]
2023-01-11 11:37:09.477 [info] > git status -z -uall [37ms]
2023-01-11 11:37:14.555 [info] > git config --get commit.template [7ms]
2023-01-11 11:37:14.555 [info] > git for-each-ref --format=%(refname)%00%(upstream:short)%00%(objectname)%00%(upstream:track)%00%(upstream:remotename)%00%(upstream:remoteref) refs/heads/master refs/remotes/master [1ms]
2023-01-11 11:37:14.566 [info] > git for-each-ref --sort -committerdate --format %(refname) %(objectname) %(*objectname) [2ms]
2023-01-11 11:37:14.597 [info] > git status -z -uall [36ms]
2023-01-11 11:37:19.677 [info] > git config --get commit.template [6ms]
2023-01-11 11:37:19.677 [info] > git for-each-ref --format=%(refname)%00%(upstream:short)%00%(objectname)%00%(upstream:track)%00%(upstream:remotename)%00%(upstream:remoteref) refs/heads/master refs/remotes/master [1ms]
2023-01-11 11:37:19.688 [info] > git for-each-ref --sort -committerdate --format %(refname) %(objectname) %(*objectname) [2ms]
2023-01-11 11:37:19.723 [info] > git status -z -uall [41ms]
2023-01-11 11:37:24.799 [info] > git config --get commit.template [5ms]
2023-01-11 11:37:24.799 [info] > git for-each-ref --format=%(refname)%00%(upstream:short)%00%(objectname)%00%(upstream:track)%00%(upstream:remotename)%00%(upstream:remoteref) refs/heads/master refs/remotes/master [1ms]
2023-01-11 11:37:24.809 [info] > git for-each-ref --sort -committerdate --format %(refname) %(objectname) %(*objectname) [2ms]
2023-01-11 11:37:24.840 [info] > git status -z -uall [36ms]
2023-01-11 11:37:29.917 [info] > git config --get commit.template [9ms]
2023-01-11 11:37:29.918 [info] > git for-each-ref --format=%(refname)%00%(upstream:short)%00%(objectname)%00%(upstream:track)%00%(upstream:remotename)%00%(upstream:remoteref) refs/heads/master refs/remotes/master [2ms]
2023-01-11 11:37:29.932 [info] > git for-each-ref --sort -committerdate --format %(refname) %(objectname) %(*objectname) [2ms]
2023-01-11 11:37:29.965 [info] > git status -z -uall [40ms]
2023-01-11 11:37:35.039 [info] > git config --get commit.template [6ms]
2023-01-11 11:37:35.040 [info] > git for-each-ref --format=%(refname)%00%(upstream:short)%00%(objectname)%00%(upstream:track)%00%(upstream:remotename)%00%(upstream:remoteref) refs/heads/master refs/remotes/master [1ms]
2023-01-11 11:37:35.051 [info] > git for-each-ref --sort -committerdate --format %(refname) %(objectname) %(*objectname) [2ms]
2023-01-11 11:37:35.082 [info] > git status -z -uall [36ms]
2023-01-11 11:37:40.156 [info] > git config --get commit.template [7ms]
2023-01-11 11:37:40.156 [info] > git for-each-ref --format=%(refname)%00%(upstream:short)%00%(objectname)%00%(upstream:track)%00%(upstream:remotename)%00%(upstream:remoteref) refs/heads/master refs/remotes/master [1ms]
2023-01-11 11:37:40.166 [info] > git for-each-ref --sort -committerdate --format %(refname) %(objectname) %(*objectname) [1ms]
2023-01-11 11:37:40.199 [info] > git status -z -uall [38ms]
2023-01-11 11:37:45.272 [info] > git config --get commit.template [8ms]
2023-01-11 11:37:45.273 [info] > git for-each-ref --format=%(refname)%00%(upstream:short)%00%(objectname)%00%(upstream:track)%00%(upstream:remotename)%00%(upstream:remoteref) refs/heads/master refs/remotes/master [1ms]
2023-01-11 11:37:45.283 [info] > git for-each-ref --sort -committerdate --format %(refname) %(objectname) %(*objectname) [1ms]
2023-01-11 11:37:45.314 [info] > git status -z -uall [37ms]
2023-01-11 11:37:50.389 [info] > git config --get commit.template [7ms]
2023-01-11 11:37:50.390 [info] > git for-each-ref --format=%(refname)%00%(upstream:short)%00%(objectname)%00%(upstream:track)%00%(upstream:remotename)%00%(upstream:remoteref) refs/heads/master refs/remotes/master [1ms]
2023-01-11 11:37:50.399 [info] > git for-each-ref --sort -committerdate --format %(refname) %(objectname) %(*objectname) [1ms]
2023-01-11 11:37:50.432 [info] > git status -z -uall [37ms]
2023-01-11 11:37:55.509 [info] > git config --get commit.template [12ms]
2023-01-11 11:37:55.548 [info] > git for-each-ref --format=%(refname)%00%(upstream:short)%00%(objectname)%00%(upstream:track)%00%(upstream:remotename)%00%(upstream:remoteref) refs/heads/master refs/remotes/master [11ms]
2023-01-11 11:37:55.567 [info] > git for-each-ref --sort -committerdate --format %(refname) %(objectname) %(*objectname) [2ms]
2023-01-11 11:37:55.600 [info] > git status -z -uall [39ms]
2023-01-11 11:38:00.672 [info] > git config --get commit.template [6ms]
2023-01-11 11:38:00.672 [info] > git for-each-ref --format=%(refname)%00%(upstream:short)%00%(objectname)%00%(upstream:track)%00%(upstream:remotename)%00%(upstream:remoteref) refs/heads/master refs/remotes/master [1ms]
2023-01-11 11:38:00.686 [info] > git for-each-ref --sort -committerdate --format %(refname) %(objectname) %(*objectname) [2ms]
2023-01-11 11:38:00.715 [info] > git status -z -uall [36ms]
2023-01-11 11:38:05.793 [info] > git config --get commit.template [7ms]
2023-01-11 11:38:05.793 [info] > git for-each-ref --format=%(refname)%00%(upstream:short)%00%(objectname)%00%(upstream:track)%00%(upstream:remotename)%00%(upstream:remoteref) refs/heads/master refs/remotes/master [1ms]
2023-01-11 11:38:05.803 [info] > git for-each-ref --sort -committerdate --format %(refname) %(objectname) %(*objectname) [2ms]
2023-01-11 11:38:05.835 [info] > git status -z -uall [38ms]
2023-01-11 11:38:10.905 [info] > git config --get commit.template [7ms]
2023-01-11 11:38:10.906 [info] > git for-each-ref --format=%(refname)%00%(upstream:short)%00%(objectname)%00%(upstream:track)%00%(upstream:remotename)%00%(upstream:remoteref) refs/heads/master refs/remotes/master [4ms]
2023-01-11 11:38:10.916 [info] > git for-each-ref --sort -committerdate --format %(refname) %(objectname) %(*objectname) [2ms]
2023-01-11 11:38:10.947 [info] > git status -z -uall [36ms]
2023-01-11 11:46:45.123 [info] > git config --get commit.template [4ms]
2023-01-11 11:46:45.124 [info] > git for-each-ref --format=%(refname)%00%(upstream:short)%00%(objectname)%00%(upstream:track)%00%(upstream:remotename)%00%(upstream:remoteref) refs/heads/master refs/remotes/master [2ms]
2023-01-11 11:46:45.133 [info] > git for-each-ref --sort -committerdate --format %(refname) %(objectname) %(*objectname) [2ms]
2023-01-11 11:46:45.175 [info] > git status -z -uall [47ms]
2023-01-11 11:47:07.726 [info] > git config --get commit.template [8ms]
2023-01-11 11:47:07.726 [info] > git for-each-ref --format=%(refname)%00%(upstream:short)%00%(objectname)%00%(upstream:track)%00%(upstream:remotename)%00%(upstream:remoteref) refs/heads/master refs/remotes/master [1ms]
2023-01-11 11:47:07.738 [info] > git for-each-ref --sort -committerdate --format %(refname) %(objectname) %(*objectname) [2ms]
2023-01-11 11:47:07.778 [info] > git status -z -uall [45ms]
2023-01-11 11:47:16.067 [info] > git config --get commit.template [7ms]
2023-01-11 11:47:16.067 [info] > git for-each-ref --format=%(refname)%00%(upstream:short)%00%(objectname)%00%(upstream:track)%00%(upstream:remotename)%00%(upstream:remoteref) refs/heads/master refs/remotes/master [1ms]
2023-01-11 11:47:16.079 [info] > git for-each-ref --sort -committerdate --format %(refname) %(objectname) %(*objectname) [2ms]
2023-01-11 11:47:16.112 [info] > git status -z -uall [38ms]
2023-01-11 11:47:26.452 [info] > git config --get commit.template [1ms]
2023-01-11 11:47:26.460 [info] > git for-each-ref --format=%(refname)%00%(upstream:short)%00%(objectname)%00%(upstream:track)%00%(upstream:remotename)%00%(upstream:remoteref) refs/heads/master refs/remotes/master [3ms]
2023-01-11 11:47:26.470 [info] > git for-each-ref --sort -committerdate --format %(refname) %(objectname) %(*objectname) [2ms]
2023-01-11 11:47:26.514 [info] > git status -z -uall [49ms]
2023-01-11 11:47:31.588 [info] > git config --get commit.template [6ms]
2023-01-11 11:47:31.589 [info] > git for-each-ref --format=%(refname)%00%(upstream:short)%00%(objectname)%00%(upstream:track)%00%(upstream:remotename)%00%(upstream:remoteref) refs/heads/master refs/remotes/master [2ms]
2023-01-11 11:47:31.599 [info] > git for-each-ref --sort -committerdate --format %(refname) %(objectname) %(*objectname) [2ms]
2023-01-11 11:47:31.633 [info] > git status -z -uall [39ms]
2023-01-11 11:47:41.651 [info] > git config --get commit.template [18ms]
2023-01-11 11:47:41.674 [info] > git for-each-ref --format=%(refname)%00%(upstream:short)%00%(objectname)%00%(upstream:track)%00%(upstream:remotename)%00%(upstream:remoteref) refs/heads/master refs/remotes/master [18ms]
2023-01-11 11:47:41.684 [info] > git for-each-ref --sort -committerdate --format %(refname) %(objectname) %(*objectname) [1ms]
2023-01-11 11:47:41.718 [info] > git status -z -uall [38ms]
2023-01-11 11:47:46.809 [info] > git config --get commit.template [7ms]
2023-01-11 11:47:46.810 [info] > git for-each-ref --format=%(refname)%00%(upstream:short)%00%(objectname)%00%(upstream:track)%00%(upstream:remotename)%00%(upstream:remoteref) refs/heads/master refs/remotes/master [2ms]
2023-01-11 11:47:46.819 [info] > git for-each-ref --sort -committerdate --format %(refname) %(objectname) %(*objectname) [2ms]
2023-01-11 11:47:46.854 [info] > git status -z -uall [40ms]
2023-01-11 11:47:51.940 [info] > git config --get commit.template [9ms]
2023-01-11 11:47:51.943 [info] > git for-each-ref --format=%(refname)%00%(upstream:short)%00%(objectname)%00%(upstream:track)%00%(upstream:remotename)%00%(upstream:remoteref) refs/heads/master refs/remotes/master [4ms]
2023-01-11 11:47:51.982 [info] > git for-each-ref --sort -committerdate --format %(refname) %(objectname) %(*objectname) [3ms]
2023-01-11 11:47:52.103 [info] > git status -z -uall [150ms]
2023-01-11 11:47:57.240 [info] > git config --get commit.template [7ms]
2023-01-11 11:47:57.240 [info] > git for-each-ref --format=%(refname)%00%(upstream:short)%00%(objectname)%00%(upstream:track)%00%(upstream:remotename)%00%(upstream:remoteref) refs/heads/master refs/remotes/master [1ms]
2023-01-11 11:47:57.250 [info] > git for-each-ref --sort -committerdate --format %(refname) %(objectname) %(*objectname) [2ms]
2023-01-11 11:47:57.297 [info] > git status -z -uall [53ms]
2023-01-11 11:47:57.399 [info] > git config --get commit.template [8ms]
2023-01-11 11:47:57.402 [info] > git for-each-ref --format=%(refname)%00%(upstream:short)%00%(objectname)%00%(upstream:track)%00%(upstream:remotename)%00%(upstream:remoteref) refs/heads/main refs/remotes/main [4ms]
2023-01-11 11:47:57.413 [info] > git status -z -uall [5ms]
2023-01-11 11:47:57.414 [info] > git for-each-ref --sort -committerdate --format %(refname) %(objectname) %(*objectname) [2ms]
2023-01-11 11:48:06.464 [info] > git config --get commit.template [1ms]
2023-01-11 11:48:06.471 [info] > git for-each-ref --format=%(refname)%00%(upstream:short)%00%(objectname)%00%(upstream:track)%00%(upstream:remotename)%00%(upstream:remoteref) refs/heads/master refs/remotes/master [2ms]
2023-01-11 11:48:06.485 [info] > git for-each-ref --sort -committerdate --format %(refname) %(objectname) %(*objectname) [2ms]
2023-01-11 11:48:06.514 [info] > git status -z -uall [37ms]
2023-01-11 11:49:08.412 [info] > git config --get commit.template [7ms]
2023-01-11 11:49:08.413 [info] > git for-each-ref --format=%(refname)%00%(upstream:short)%00%(objectname)%00%(upstream:track)%00%(upstream:remotename)%00%(upstream:remoteref) refs/heads/master refs/remotes/master [1ms]
2023-01-11 11:49:08.422 [info] > git for-each-ref --sort -committerdate --format %(refname) %(objectname) %(*objectname) [1ms]
2023-01-11 11:49:08.463 [info] > git status -z -uall [46ms]
2023-01-11 11:49:13.541 [info] > git config --get commit.template [4ms]
2023-01-11 11:49:13.541 [info] > git for-each-ref --format=%(refname)%00%(upstream:short)%00%(objectname)%00%(upstream:track)%00%(upstream:remotename)%00%(upstream:remoteref) refs/heads/master refs/remotes/master [1ms]
2023-01-11 11:49:13.553 [info] > git for-each-ref --sort -committerdate --format %(refname) %(objectname) %(*objectname) [2ms]
2023-01-11 11:49:13.583 [info] > git status -z -uall [36ms]
2023-01-11 11:49:20.445 [info] > git config --get commit.template [1ms]
2023-01-11 11:49:20.455 [info] > git for-each-ref --format=%(refname)%00%(upstream:short)%00%(objectname)%00%(upstream:track)%00%(upstream:remotename)%00%(upstream:remoteref) refs/heads/master refs/remotes/master [1ms]
2023-01-11 11:49:20.475 [info] > git for-each-ref --sort -committerdate --format %(refname) %(objectname) %(*objectname) [2ms]
2023-01-11 11:49:20.511 [info] > git status -z -uall [46ms]
2023-01-11 11:49:56.724 [info] > git config --get commit.template [2ms]
2023-01-11 11:49:56.729 [info] > git for-each-ref --format=%(refname)%00%(upstream:short)%00%(objectname)%00%(upstream:track)%00%(upstream:remotename)%00%(upstream:remoteref) refs/heads/master refs/remotes/master [1ms]
2023-01-11 11:49:56.739 [info] > git for-each-ref --sort -committerdate --format %(refname) %(objectname) %(*objectname) [2ms]
2023-01-11 11:49:56.779 [info] > git status -z -uall [45ms]
2023-01-11 11:50:19.118 [info] > git config --get commit.template [7ms]
2023-01-11 11:50:19.118 [info] > git for-each-ref --format=%(refname)%00%(upstream:short)%00%(objectname)%00%(upstream:track)%00%(upstream:remotename)%00%(upstream:remoteref) refs/heads/master refs/remotes/master [1ms]
2023-01-11 11:50:19.127 [info] > git for-each-ref --sort -committerdate --format %(refname) %(objectname) %(*objectname) [1ms]
2023-01-11 11:50:19.172 [info] > git status -z -uall [48ms]
2023-01-11 11:50:24.254 [info] > git config --get commit.template [5ms]
2023-01-11 11:50:24.255 [info] > git for-each-ref --format=%(refname)%00%(upstream:short)%00%(objectname)%00%(upstream:track)%00%(upstream:remotename)%00%(upstream:remoteref) refs/heads/master refs/remotes/master [1ms]
2023-01-11 11:50:24.267 [info] > git for-each-ref --sort -committerdate --format %(refname) %(objectname) %(*objectname) [2ms]
2023-01-11 11:50:24.297 [info] > git status -z -uall [36ms]
2023-01-11 11:50:29.370 [info] > git config --get commit.template [7ms]
2023-01-11 11:50:29.371 [info] > git for-each-ref --format=%(refname)%00%(upstream:short)%00%(objectname)%00%(upstream:track)%00%(upstream:remotename)%00%(upstream:remoteref) refs/heads/master refs/remotes/master [1ms]
2023-01-11 11:50:29.380 [info] > git for-each-ref --sort -committerdate --format %(refname) %(objectname) %(*objectname) [2ms]
2023-01-11 11:50:29.411 [info] > git status -z -uall [36ms]
2023-01-11 11:52:06.591 [info] > git config --get commit.template [5ms]
2023-01-11 11:52:06.592 [info] > git for-each-ref --format=%(refname)%00%(upstream:short)%00%(objectname)%00%(upstream:track)%00%(upstream:remotename)%00%(upstream:remoteref) refs/heads/master refs/remotes/master [2ms]
2023-01-11 11:52:06.602 [info] > git for-each-ref --sort -committerdate --format %(refname) %(objectname) %(*objectname) [2ms]
2023-01-11 11:52:06.641 [info] > git status -z -uall [45ms]
2023-01-11 11:52:11.727 [info] > git config --get commit.template [6ms]
2023-01-11 11:52:11.727 [info] > git for-each-ref --format=%(refname)%00%(upstream:short)%00%(objectname)%00%(upstream:track)%00%(upstream:remotename)%00%(upstream:remoteref) refs/heads/master refs/remotes/master [1ms]
2023-01-11 11:52:11.738 [info] > git for-each-ref --sort -committerdate --format %(refname) %(objectname) %(*objectname) [1ms]
2023-01-11 11:52:11.767 [info] > git status -z -uall [35ms]
