2023-01-10 23:40:55.637 [info] Extension host with pid 1375 started
2023-01-10 23:40:55.640 [error] Error: EEXIST: file already exists, open '/home/MalkovMA/.vscode-server/data/User/workspaceStorage/243ebfbc496cc3f09efb5717f1a26cb3/vscode.lock'
2023-01-10 23:40:55.669 [info] Lock '/home/MalkovMA/.vscode-server/data/User/workspaceStorage/243ebfbc496cc3f09efb5717f1a26cb3/vscode.lock': Could not acquire lock, checking if the file is stale.
2023-01-10 23:40:55.672 [info] Lock '/home/MalkovMA/.vscode-server/data/User/workspaceStorage/243ebfbc496cc3f09efb5717f1a26cb3/vscode.lock': The pid 1325 appears to be gone.
2023-01-10 23:40:55.672 [info] Lock '/home/MalkovMA/.vscode-server/data/User/workspaceStorage/243ebfbc496cc3f09efb5717f1a26cb3/vscode.lock': Deleting a stale lock.
2023-01-10 23:40:55.700 [info] ExtensionService#_doActivateExtension vscode.git-base, startup: true, activationEvent: '*', root cause: vscode.git
2023-01-10 23:40:55.714 [info] Lock '/home/MalkovMA/.vscode-server/data/User/workspaceStorage/243ebfbc496cc3f09efb5717f1a26cb3/vscode.lock': Lock acquired.
2023-01-10 23:40:55.996 [info] ExtensionService#_doActivateExtension vscode.git, startup: true, activationEvent: '*'
2023-01-10 23:40:55.997 [info] ExtensionService#_doActivateExtension vscode.github, startup: true, activationEvent: '*'
2023-01-10 23:40:56.232 [info] ExtensionService#_doActivateExtension vscode.debug-auto-launch, startup: false, activationEvent: 'onStartupFinished'
2023-01-10 23:40:56.233 [info] ExtensionService#_doActivateExtension vscode.emmet, startup: false, activationEvent: 'onStartupFinished'
2023-01-10 23:40:56.234 [info] ExtensionService#_doActivateExtension vscode.merge-conflict, startup: false, activationEvent: 'onStartupFinished'
2023-01-10 23:40:56.236 [info] Eager extensions activated
2023-01-10 23:40:56.608 [warning] [Decorations] CAPPING events from decorations provider vscode.git 7521
2023-01-10 23:40:57.544 [warning] [Decorations] CAPPING events from decorations provider vscode.git 7522
2023-01-10 23:41:05.509 [warning] [Decorations] CAPPING events from decorations provider vscode.git 7522
2023-01-10 23:41:13.262 [warning] [Decorations] CAPPING events from decorations provider vscode.git 7520
2023-01-10 23:41:21.904 [warning] [Decorations] CAPPING events from decorations provider vscode.git 7520
2023-01-10 23:41:27.053 [warning] [Decorations] CAPPING events from decorations provider vscode.git 7520
2023-01-10 23:41:32.155 [warning] [Decorations] CAPPING events from decorations provider vscode.git 7520
2023-01-10 23:41:49.302 [warning] [Decorations] CAPPING events from decorations provider vscode.git 7520
2023-01-10 23:41:54.404 [warning] [Decorations] CAPPING events from decorations provider vscode.git 7520
2023-01-10 23:41:59.507 [warning] [Decorations] CAPPING events from decorations provider vscode.git 7520
2023-01-10 23:42:04.653 [warning] [Decorations] CAPPING events from decorations provider vscode.git 7520
2023-01-10 23:42:09.773 [warning] [Decorations] CAPPING events from decorations provider vscode.git 7520
2023-01-11 00:40:26.293 [warning] [Decorations] CAPPING events from decorations provider vscode.git 7520
2023-01-11 00:40:27.929 [info] Extension host terminating: received terminate message from renderer
2023-01-11 00:40:27.929 [info] Lock '/home/MalkovMA/.vscode-server/data/User/workspaceStorage/243ebfbc496cc3f09efb5717f1a26cb3/vscode.lock': Marking the lockfile as scheduled to be released in 6000 ms.
2023-01-11 00:40:27.942 [info] Extension host with pid 1375 exiting with code 0
