2022-12-28 13:37:40.476 [info] Extension host with pid 7892 started
2022-12-28 13:37:40.615 [info] ExtensionService#_doActivateExtension vscode.git-base, startup: true, activationEvent: '*', root cause: vscode.git
2022-12-28 13:37:40.635 [info] Lock '/home/ChudakovDA/.vscode-server/data/User/workspaceStorage/32f6ad41183c5beef815be365d8df15a/vscode.lock': Lock acquired.
2022-12-28 13:37:41.068 [info] ExtensionService#_doActivateExtension vscode.git, startup: true, activationEvent: '*'
2022-12-28 13:37:41.069 [info] ExtensionService#_doActivateExtension vscode.github, startup: true, activationEvent: '*'
2022-12-28 13:37:41.588 [info] ExtensionService#_doActivateExtension vscode.debug-auto-launch, startup: false, activationEvent: 'onStartupFinished'
2022-12-28 13:37:41.592 [info] ExtensionService#_doActivateExtension vscode.emmet, startup: false, activationEvent: 'onStartupFinished'
2022-12-28 13:37:41.593 [info] ExtensionService#_doActivateExtension vscode.merge-conflict, startup: false, activationEvent: 'onStartupFinished'
2022-12-28 13:37:41.594 [info] Eager extensions activated
2022-12-28 13:37:42.569 [warning] [Decorations] CAPPING events from decorations provider vscode.git 5775
2022-12-28 13:37:44.046 [warning] [Decorations] CAPPING events from decorations provider vscode.git 5775
2022-12-28 13:37:45.581 [warning] [Decorations] CAPPING events from decorations provider vscode.git 5775
2022-12-28 13:37:50.782 [warning] [Decorations] CAPPING events from decorations provider vscode.git 5776
2022-12-28 13:37:55.944 [warning] [Decorations] CAPPING events from decorations provider vscode.git 5758
2022-12-28 13:38:01.108 [warning] [Decorations] CAPPING events from decorations provider vscode.git 5758
2022-12-28 13:38:17.658 [warning] [Decorations] CAPPING events from decorations provider vscode.git 5758
2022-12-28 13:38:29.951 [warning] [Decorations] CAPPING events from decorations provider vscode.git 5758
2022-12-28 13:38:35.105 [warning] [Decorations] CAPPING events from decorations provider vscode.git 5758
2022-12-28 13:38:40.257 [warning] [Decorations] CAPPING events from decorations provider vscode.git 5758
2022-12-28 13:39:10.979 [warning] [Decorations] CAPPING events from decorations provider vscode.git 5758
2022-12-28 13:39:16.232 [warning] [Decorations] CAPPING events from decorations provider vscode.git 5758
2022-12-28 13:39:21.391 [warning] [Decorations] CAPPING events from decorations provider vscode.git 5758
2022-12-28 13:39:27.764 [warning] [Decorations] CAPPING events from decorations provider vscode.git 5758
2022-12-28 13:39:32.923 [warning] [Decorations] CAPPING events from decorations provider vscode.git 5758
2022-12-28 13:39:38.359 [warning] [Decorations] CAPPING events from decorations provider vscode.git 5758
2022-12-28 13:39:43.515 [warning] [Decorations] CAPPING events from decorations provider vscode.git 5758
2022-12-28 13:39:48.675 [warning] [Decorations] CAPPING events from decorations provider vscode.git 5758
2022-12-28 13:39:53.839 [warning] [Decorations] CAPPING events from decorations provider vscode.git 5758
2022-12-28 13:40:07.545 [warning] [Decorations] CAPPING events from decorations provider vscode.git 5758
2022-12-28 13:40:12.730 [warning] [Decorations] CAPPING events from decorations provider vscode.git 5758
2022-12-28 13:40:17.920 [warning] [Decorations] CAPPING events from decorations provider vscode.git 5758
2022-12-28 13:40:23.229 [warning] [Decorations] CAPPING events from decorations provider vscode.git 5758
2022-12-28 13:40:28.588 [warning] [Decorations] CAPPING events from decorations provider vscode.git 5758
2022-12-28 13:40:33.947 [warning] [Decorations] CAPPING events from decorations provider vscode.git 5758
2022-12-28 13:40:39.631 [warning] [Decorations] CAPPING events from decorations provider vscode.git 5758
2022-12-28 13:40:45.219 [warning] [Decorations] CAPPING events from decorations provider vscode.git 5758
2022-12-28 13:42:50.895 [warning] [Decorations] CAPPING events from decorations provider vscode.git 5758
2022-12-28 13:42:56.120 [warning] [Decorations] CAPPING events from decorations provider vscode.git 5758
2022-12-28 13:43:01.325 [warning] [Decorations] CAPPING events from decorations provider vscode.git 5758
2022-12-28 13:43:27.273 [warning] [Decorations] CAPPING events from decorations provider vscode.git 5758
2022-12-28 13:43:32.477 [warning] [Decorations] CAPPING events from decorations provider vscode.git 5758
2022-12-28 13:43:37.676 [warning] [Decorations] CAPPING events from decorations provider vscode.git 5758
2022-12-28 13:43:42.907 [warning] [Decorations] CAPPING events from decorations provider vscode.git 5758
2022-12-28 13:43:49.495 [warning] [Decorations] CAPPING events from decorations provider vscode.git 5758
2022-12-28 13:43:54.711 [warning] [Decorations] CAPPING events from decorations provider vscode.git 5758
2022-12-28 13:44:13.793 [warning] [Decorations] CAPPING events from decorations provider vscode.git 5758
2022-12-28 13:44:18.996 [warning] [Decorations] CAPPING events from decorations provider vscode.git 5758
2022-12-28 13:44:24.191 [warning] [Decorations] CAPPING events from decorations provider vscode.git 5758
2022-12-28 13:44:29.397 [warning] [Decorations] CAPPING events from decorations provider vscode.git 5758
2022-12-28 13:44:34.600 [warning] [Decorations] CAPPING events from decorations provider vscode.git 5758
2022-12-28 13:44:39.815 [warning] [Decorations] CAPPING events from decorations provider vscode.git 5758
2022-12-28 13:44:45.002 [warning] [Decorations] CAPPING events from decorations provider vscode.git 5758
2022-12-28 13:44:54.199 [warning] [Decorations] CAPPING events from decorations provider vscode.git 5758
2022-12-28 13:45:13.973 [warning] [Decorations] CAPPING events from decorations provider vscode.git 5758
2022-12-28 13:45:19.201 [warning] [Decorations] CAPPING events from decorations provider vscode.git 5758
2022-12-28 13:45:24.381 [warning] [Decorations] CAPPING events from decorations provider vscode.git 5758
2022-12-28 13:46:01.832 [warning] [Decorations] CAPPING events from decorations provider vscode.git 5758
2022-12-28 13:46:10.566 [warning] [Decorations] CAPPING events from decorations provider vscode.git 5758
2022-12-28 13:46:15.724 [warning] [Decorations] CAPPING events from decorations provider vscode.git 5758
2022-12-28 13:46:20.883 [warning] [Decorations] CAPPING events from decorations provider vscode.git 5758
2022-12-28 13:46:26.046 [warning] [Decorations] CAPPING events from decorations provider vscode.git 5758
2022-12-28 13:46:31.265 [warning] [Decorations] CAPPING events from decorations provider vscode.git 5758
2022-12-28 13:47:25.885 [warning] [Decorations] CAPPING events from decorations provider vscode.git 5758
2022-12-28 13:47:31.050 [warning] [Decorations] CAPPING events from decorations provider vscode.git 5758
2022-12-28 13:47:36.321 [warning] [Decorations] CAPPING events from decorations provider vscode.git 5758
2022-12-28 13:47:55.049 [warning] [Decorations] CAPPING events from decorations provider vscode.git 5758
2022-12-28 13:48:20.979 [warning] [Decorations] CAPPING events from decorations provider vscode.git 5758
2022-12-28 13:48:26.218 [warning] [Decorations] CAPPING events from decorations provider vscode.git 5758
2022-12-28 13:48:33.223 [warning] [Decorations] CAPPING events from decorations provider vscode.git 5758
2022-12-28 13:48:39.688 [warning] [Decorations] CAPPING events from decorations provider vscode.git 5758
2022-12-28 13:48:44.848 [warning] [Decorations] CAPPING events from decorations provider vscode.git 5758
2022-12-28 13:48:50.010 [warning] [Decorations] CAPPING events from decorations provider vscode.git 5758
2022-12-28 13:49:00.509 [warning] [Decorations] CAPPING events from decorations provider vscode.git 5758
2022-12-28 13:49:05.704 [warning] [Decorations] CAPPING events from decorations provider vscode.git 5758
2022-12-28 13:49:15.947 [warning] [Decorations] CAPPING events from decorations provider vscode.git 5758
2022-12-28 13:49:21.145 [warning] [Decorations] CAPPING events from decorations provider vscode.git 5758
2022-12-28 13:49:26.337 [warning] [Decorations] CAPPING events from decorations provider vscode.git 5758
2022-12-28 13:49:31.694 [warning] [Decorations] CAPPING events from decorations provider vscode.git 5758
2022-12-28 13:49:37.073 [warning] [Decorations] CAPPING events from decorations provider vscode.git 5758
2022-12-28 13:49:42.452 [warning] [Decorations] CAPPING events from decorations provider vscode.git 5758
2022-12-28 13:49:47.863 [warning] [Decorations] CAPPING events from decorations provider vscode.git 5758
2022-12-28 13:49:53.245 [warning] [Decorations] CAPPING events from decorations provider vscode.git 5758
2022-12-28 13:49:58.656 [warning] [Decorations] CAPPING events from decorations provider vscode.git 5758
2022-12-28 13:50:03.923 [warning] [Decorations] CAPPING events from decorations provider vscode.git 5758
2022-12-28 13:50:09.315 [warning] [Decorations] CAPPING events from decorations provider vscode.git 5758
2022-12-28 13:50:14.580 [warning] [Decorations] CAPPING events from decorations provider vscode.git 5758
2022-12-28 13:50:21.933 [warning] [Decorations] CAPPING events from decorations provider vscode.git 5758
2022-12-28 13:50:27.227 [warning] [Decorations] CAPPING events from decorations provider vscode.git 5758
2022-12-28 13:50:32.440 [warning] [Decorations] CAPPING events from decorations provider vscode.git 5758
2022-12-28 13:50:37.668 [warning] [Decorations] CAPPING events from decorations provider vscode.git 5758
2022-12-28 13:50:42.871 [warning] [Decorations] CAPPING events from decorations provider vscode.git 5758
2022-12-28 13:50:48.239 [warning] [Decorations] CAPPING events from decorations provider vscode.git 5758
2022-12-28 13:52:20.146 [warning] [Decorations] CAPPING events from decorations provider vscode.git 5758
2022-12-28 13:52:30.053 [warning] [Decorations] CAPPING events from decorations provider vscode.git 5758
2022-12-28 13:52:35.227 [warning] [Decorations] CAPPING events from decorations provider vscode.git 5758
2022-12-28 13:52:40.388 [warning] [Decorations] CAPPING events from decorations provider vscode.git 5758
2022-12-28 13:52:45.550 [warning] [Decorations] CAPPING events from decorations provider vscode.git 5758
2022-12-28 13:52:50.721 [warning] [Decorations] CAPPING events from decorations provider vscode.git 5758
2022-12-28 13:52:55.879 [warning] [Decorations] CAPPING events from decorations provider vscode.git 5758
2022-12-28 13:53:01.052 [warning] [Decorations] CAPPING events from decorations provider vscode.git 5758
2022-12-28 13:53:16.497 [warning] [Decorations] CAPPING events from decorations provider vscode.git 5758
2022-12-28 13:53:21.752 [warning] [Decorations] CAPPING events from decorations provider vscode.git 5758
2022-12-28 13:53:26.998 [warning] [Decorations] CAPPING events from decorations provider vscode.git 5758
2022-12-28 13:53:32.381 [warning] [Decorations] CAPPING events from decorations provider vscode.git 5758
2022-12-28 13:53:37.697 [warning] [Decorations] CAPPING events from decorations provider vscode.git 5758
2022-12-28 13:53:43.164 [warning] [Decorations] CAPPING events from decorations provider vscode.git 5758
2022-12-28 13:53:48.607 [warning] [Decorations] CAPPING events from decorations provider vscode.git 5758
2022-12-28 13:53:54.185 [warning] [Decorations] CAPPING events from decorations provider vscode.git 5758
2022-12-28 13:53:59.653 [warning] [Decorations] CAPPING events from decorations provider vscode.git 5758
2022-12-28 13:54:05.109 [warning] [Decorations] CAPPING events from decorations provider vscode.git 5758
2022-12-28 13:54:10.379 [warning] [Decorations] CAPPING events from decorations provider vscode.git 5758
2022-12-28 13:56:02.375 [warning] [Decorations] CAPPING events from decorations provider vscode.git 5758
2022-12-28 13:56:49.654 [warning] [Decorations] CAPPING events from decorations provider vscode.git 5758
2022-12-28 13:56:55.551 [warning] [Decorations] CAPPING events from decorations provider vscode.git 5758
2022-12-28 13:57:02.062 [warning] [Decorations] CAPPING events from decorations provider vscode.git 5758
2022-12-28 13:57:07.257 [warning] [Decorations] CAPPING events from decorations provider vscode.git 5758
2022-12-28 13:57:13.747 [warning] [Decorations] CAPPING events from decorations provider vscode.git 5758
2022-12-28 13:57:43.019 [warning] [Decorations] CAPPING events from decorations provider vscode.git 5758
2022-12-28 13:57:48.176 [warning] [Decorations] CAPPING events from decorations provider vscode.git 5758
2022-12-28 13:57:53.360 [warning] [Decorations] CAPPING events from decorations provider vscode.git 5758
2022-12-28 13:57:58.580 [warning] [Decorations] CAPPING events from decorations provider vscode.git 5758
2022-12-28 13:58:03.908 [warning] [Decorations] CAPPING events from decorations provider vscode.git 5758
2022-12-28 13:58:09.368 [warning] [Decorations] CAPPING events from decorations provider vscode.git 5758
2022-12-28 13:58:14.787 [warning] [Decorations] CAPPING events from decorations provider vscode.git 5758
2022-12-28 13:58:20.244 [warning] [Decorations] CAPPING events from decorations provider vscode.git 5758
2022-12-28 13:58:25.597 [warning] [Decorations] CAPPING events from decorations provider vscode.git 5758
2022-12-28 13:58:30.900 [warning] [Decorations] CAPPING events from decorations provider vscode.git 5758
2022-12-28 13:58:36.452 [warning] [Decorations] CAPPING events from decorations provider vscode.git 5758
2022-12-28 13:58:41.745 [warning] [Decorations] CAPPING events from decorations provider vscode.git 5758
2022-12-28 14:06:42.523 [warning] [Decorations] CAPPING events from decorations provider vscode.git 5758
2022-12-28 14:07:23.105 [warning] [Decorations] CAPPING events from decorations provider vscode.git 5758
2022-12-28 14:08:13.130 [warning] [Decorations] CAPPING events from decorations provider vscode.git 5758
2022-12-28 14:08:18.279 [warning] [Decorations] CAPPING events from decorations provider vscode.git 5758
2022-12-28 14:08:23.433 [warning] [Decorations] CAPPING events from decorations provider vscode.git 5758
2022-12-28 14:08:28.591 [warning] [Decorations] CAPPING events from decorations provider vscode.git 5758
2022-12-28 14:08:33.745 [warning] [Decorations] CAPPING events from decorations provider vscode.git 5758
2022-12-28 14:08:38.908 [warning] [Decorations] CAPPING events from decorations provider vscode.git 5758
2022-12-28 14:08:44.069 [warning] [Decorations] CAPPING events from decorations provider vscode.git 5758
2022-12-28 14:08:49.218 [warning] [Decorations] CAPPING events from decorations provider vscode.git 5758
2022-12-28 14:08:54.374 [warning] [Decorations] CAPPING events from decorations provider vscode.git 5758
2022-12-28 14:08:59.534 [warning] [Decorations] CAPPING events from decorations provider vscode.git 5758
2022-12-28 14:09:04.693 [warning] [Decorations] CAPPING events from decorations provider vscode.git 5758
2022-12-28 14:09:09.854 [warning] [Decorations] CAPPING events from decorations provider vscode.git 5758
2022-12-28 14:09:15.008 [warning] [Decorations] CAPPING events from decorations provider vscode.git 5758
2022-12-28 14:09:20.163 [warning] [Decorations] CAPPING events from decorations provider vscode.git 5758
2022-12-28 14:09:25.329 [warning] [Decorations] CAPPING events from decorations provider vscode.git 5758
2022-12-28 14:09:30.487 [warning] [Decorations] CAPPING events from decorations provider vscode.git 5758
2022-12-28 14:09:35.640 [warning] [Decorations] CAPPING events from decorations provider vscode.git 5758
2022-12-28 14:09:40.793 [warning] [Decorations] CAPPING events from decorations provider vscode.git 5758
2022-12-28 14:09:45.944 [warning] [Decorations] CAPPING events from decorations provider vscode.git 5758
2022-12-28 14:09:51.088 [warning] [Decorations] CAPPING events from decorations provider vscode.git 5758
2022-12-28 14:09:56.250 [warning] [Decorations] CAPPING events from decorations provider vscode.git 5758
2022-12-28 14:10:01.400 [warning] [Decorations] CAPPING events from decorations provider vscode.git 5758
2022-12-28 14:10:06.562 [warning] [Decorations] CAPPING events from decorations provider vscode.git 5758
2022-12-28 14:10:11.712 [warning] [Decorations] CAPPING events from decorations provider vscode.git 5758
2022-12-28 14:10:16.865 [warning] [Decorations] CAPPING events from decorations provider vscode.git 5758
2022-12-28 14:10:22.020 [warning] [Decorations] CAPPING events from decorations provider vscode.git 5758
2022-12-28 14:10:27.175 [warning] [Decorations] CAPPING events from decorations provider vscode.git 5758
2022-12-28 14:10:32.326 [warning] [Decorations] CAPPING events from decorations provider vscode.git 5758
2022-12-28 14:10:37.476 [warning] [Decorations] CAPPING events from decorations provider vscode.git 5758
2022-12-28 14:10:42.633 [warning] [Decorations] CAPPING events from decorations provider vscode.git 5758
2022-12-28 14:10:47.785 [warning] [Decorations] CAPPING events from decorations provider vscode.git 5758
2022-12-28 14:10:52.937 [warning] [Decorations] CAPPING events from decorations provider vscode.git 5758
2022-12-28 14:10:58.090 [warning] [Decorations] CAPPING events from decorations provider vscode.git 5758
2022-12-28 14:11:03.234 [warning] [Decorations] CAPPING events from decorations provider vscode.git 5758
2022-12-28 14:11:08.391 [warning] [Decorations] CAPPING events from decorations provider vscode.git 5758
2022-12-28 14:11:13.542 [warning] [Decorations] CAPPING events from decorations provider vscode.git 5758
2022-12-28 14:11:18.695 [warning] [Decorations] CAPPING events from decorations provider vscode.git 5758
2022-12-28 14:11:23.842 [warning] [Decorations] CAPPING events from decorations provider vscode.git 5758
2022-12-28 14:11:28.999 [warning] [Decorations] CAPPING events from decorations provider vscode.git 5758
2022-12-28 14:11:34.159 [warning] [Decorations] CAPPING events from decorations provider vscode.git 5758
2022-12-28 14:11:39.321 [warning] [Decorations] CAPPING events from decorations provider vscode.git 5758
2022-12-28 14:11:44.477 [warning] [Decorations] CAPPING events from decorations provider vscode.git 5758
2022-12-28 14:11:49.635 [warning] [Decorations] CAPPING events from decorations provider vscode.git 5758
2022-12-28 14:11:54.783 [warning] [Decorations] CAPPING events from decorations provider vscode.git 5758
2022-12-28 14:11:59.935 [warning] [Decorations] CAPPING events from decorations provider vscode.git 5758
2022-12-28 14:12:05.111 [warning] [Decorations] CAPPING events from decorations provider vscode.git 5758
2022-12-28 14:12:10.261 [warning] [Decorations] CAPPING events from decorations provider vscode.git 5758
2022-12-28 14:12:15.412 [warning] [Decorations] CAPPING events from decorations provider vscode.git 5758
2022-12-28 14:12:20.570 [warning] [Decorations] CAPPING events from decorations provider vscode.git 5758
2022-12-28 14:12:25.727 [warning] [Decorations] CAPPING events from decorations provider vscode.git 5758
2022-12-28 14:12:30.883 [warning] [Decorations] CAPPING events from decorations provider vscode.git 5758
2022-12-28 14:12:36.041 [warning] [Decorations] CAPPING events from decorations provider vscode.git 5758
2022-12-28 14:12:41.224 [warning] [Decorations] CAPPING events from decorations provider vscode.git 5758
2022-12-28 14:12:46.502 [warning] [Decorations] CAPPING events from decorations provider vscode.git 5758
2022-12-28 14:12:51.719 [warning] [Decorations] CAPPING events from decorations provider vscode.git 5758
2022-12-28 14:12:56.934 [warning] [Decorations] CAPPING events from decorations provider vscode.git 5758
2022-12-28 14:13:02.146 [warning] [Decorations] CAPPING events from decorations provider vscode.git 5758
2022-12-28 14:13:07.317 [warning] [Decorations] CAPPING events from decorations provider vscode.git 5758
2022-12-28 14:13:17.852 [warning] [Decorations] CAPPING events from decorations provider vscode.git 5758
2022-12-28 14:13:23.019 [warning] [Decorations] CAPPING events from decorations provider vscode.git 5758
2022-12-28 14:13:28.239 [warning] [Decorations] CAPPING events from decorations provider vscode.git 5758
2022-12-28 14:13:33.400 [warning] [Decorations] CAPPING events from decorations provider vscode.git 5758
2022-12-28 14:13:38.562 [warning] [Decorations] CAPPING events from decorations provider vscode.git 5758
2022-12-28 14:13:43.714 [warning] [Decorations] CAPPING events from decorations provider vscode.git 5758
2022-12-28 14:14:18.926 [warning] [Decorations] CAPPING events from decorations provider vscode.git 5758
2022-12-28 14:14:30.031 [warning] [Decorations] CAPPING events from decorations provider vscode.git 5758
2022-12-28 14:14:59.805 [warning] [Decorations] CAPPING events from decorations provider vscode.git 5758
2022-12-28 14:15:06.790 [warning] [Decorations] CAPPING events from decorations provider vscode.git 5758
2022-12-28 14:15:12.326 [warning] [Decorations] CAPPING events from decorations provider vscode.git 5758
2022-12-28 14:15:17.491 [warning] [Decorations] CAPPING events from decorations provider vscode.git 5758
2022-12-28 14:15:22.678 [warning] [Decorations] CAPPING events from decorations provider vscode.git 5758
2022-12-28 14:15:27.840 [warning] [Decorations] CAPPING events from decorations provider vscode.git 5758
2022-12-28 14:16:29.300 [warning] [Decorations] CAPPING events from decorations provider vscode.git 5758
2022-12-28 14:17:58.154 [warning] [Decorations] CAPPING events from decorations provider vscode.git 5758
2022-12-28 14:18:03.478 [warning] [Decorations] CAPPING events from decorations provider vscode.git 5758
2022-12-28 14:18:11.569 [warning] [Decorations] CAPPING events from decorations provider vscode.git 5758
2022-12-28 14:18:16.887 [warning] [Decorations] CAPPING events from decorations provider vscode.git 5758
2022-12-28 14:18:22.220 [warning] [Decorations] CAPPING events from decorations provider vscode.git 5758
2022-12-28 14:18:27.573 [warning] [Decorations] CAPPING events from decorations provider vscode.git 5758
2022-12-28 14:24:41.652 [warning] [Decorations] CAPPING events from decorations provider vscode.git 5758
2022-12-28 14:24:47.066 [warning] [Decorations] CAPPING events from decorations provider vscode.git 5758
2022-12-28 14:24:52.491 [warning] [Decorations] CAPPING events from decorations provider vscode.git 5758
2022-12-28 14:27:46.929 [warning] [Decorations] CAPPING events from decorations provider vscode.git 5758
2022-12-28 14:27:52.253 [warning] [Decorations] CAPPING events from decorations provider vscode.git 5758
2022-12-28 14:27:58.429 [warning] [Decorations] CAPPING events from decorations provider vscode.git 5758
2022-12-28 14:28:07.201 [warning] [Decorations] CAPPING events from decorations provider vscode.git 5758
2022-12-28 14:28:12.535 [warning] [Decorations] CAPPING events from decorations provider vscode.git 5758
2022-12-28 14:28:17.864 [warning] [Decorations] CAPPING events from decorations provider vscode.git 5758
2022-12-28 14:28:25.250 [warning] [Decorations] CAPPING events from decorations provider vscode.git 5758
2022-12-28 14:28:30.816 [warning] [Decorations] CAPPING events from decorations provider vscode.git 5758
2022-12-28 14:28:38.102 [warning] [Decorations] CAPPING events from decorations provider vscode.git 5758
2022-12-28 14:28:44.259 [warning] [Decorations] CAPPING events from decorations provider vscode.git 5758
2022-12-28 14:28:50.895 [warning] [Decorations] CAPPING events from decorations provider vscode.git 5758
2022-12-28 14:28:56.842 [warning] [Decorations] CAPPING events from decorations provider vscode.git 5758
2022-12-28 14:29:03.130 [warning] [Decorations] CAPPING events from decorations provider vscode.git 5758
2022-12-28 14:29:09.060 [warning] [Decorations] CAPPING events from decorations provider vscode.git 5758
2022-12-28 14:29:15.213 [warning] [Decorations] CAPPING events from decorations provider vscode.git 5758
2022-12-28 14:29:21.031 [warning] [Decorations] CAPPING events from decorations provider vscode.git 5758
2022-12-28 14:29:26.787 [warning] [Decorations] CAPPING events from decorations provider vscode.git 5758
2022-12-28 14:29:33.071 [warning] [Decorations] CAPPING events from decorations provider vscode.git 5758
2022-12-28 14:29:38.750 [warning] [Decorations] CAPPING events from decorations provider vscode.git 5758
2022-12-28 14:29:44.610 [warning] [Decorations] CAPPING events from decorations provider vscode.git 5758
2022-12-28 14:29:50.691 [warning] [Decorations] CAPPING events from decorations provider vscode.git 5758
2022-12-28 14:29:56.406 [warning] [Decorations] CAPPING events from decorations provider vscode.git 5758
2022-12-28 14:30:02.297 [warning] [Decorations] CAPPING events from decorations provider vscode.git 5758
2022-12-28 14:45:22.890 [warning] [Decorations] CAPPING events from decorations provider vscode.git 5758
2022-12-28 14:45:28.563 [warning] [Decorations] CAPPING events from decorations provider vscode.git 5758
2022-12-28 14:45:34.138 [warning] [Decorations] CAPPING events from decorations provider vscode.git 5758
2022-12-28 14:45:41.926 [warning] [Decorations] CAPPING events from decorations provider vscode.git 5758
2022-12-28 14:45:47.255 [warning] [Decorations] CAPPING events from decorations provider vscode.git 5758
2022-12-28 14:45:52.582 [warning] [Decorations] CAPPING events from decorations provider vscode.git 5758
2022-12-28 14:45:58.489 [warning] [Decorations] CAPPING events from decorations provider vscode.git 5758
2022-12-28 14:48:32.363 [warning] [Decorations] CAPPING events from decorations provider vscode.git 5758
2022-12-28 14:49:09.472 [warning] [Decorations] CAPPING events from decorations provider vscode.git 5758
2022-12-28 14:49:21.014 [warning] [Decorations] CAPPING events from decorations provider vscode.git 5758
2022-12-28 14:49:27.142 [warning] [Decorations] CAPPING events from decorations provider vscode.git 5758
2022-12-28 14:49:32.557 [warning] [Decorations] CAPPING events from decorations provider vscode.git 5758
2022-12-28 14:49:38.294 [warning] [Decorations] CAPPING events from decorations provider vscode.git 5758
2022-12-28 14:49:44.650 [warning] [Decorations] CAPPING events from decorations provider vscode.git 5758
2022-12-28 14:49:50.836 [warning] [Decorations] CAPPING events from decorations provider vscode.git 5758
2022-12-28 14:49:56.742 [warning] [Decorations] CAPPING events from decorations provider vscode.git 5758
2022-12-28 14:50:03.029 [warning] [Decorations] CAPPING events from decorations provider vscode.git 5758
2022-12-28 14:50:08.702 [warning] [Decorations] CAPPING events from decorations provider vscode.git 5758
2022-12-28 14:50:14.482 [warning] [Decorations] CAPPING events from decorations provider vscode.git 5758
2022-12-28 14:50:20.583 [warning] [Decorations] CAPPING events from decorations provider vscode.git 5758
2022-12-28 14:50:26.663 [warning] [Decorations] CAPPING events from decorations provider vscode.git 5758
2022-12-28 14:50:32.631 [warning] [Decorations] CAPPING events from decorations provider vscode.git 5758
2022-12-28 14:50:38.283 [warning] [Decorations] CAPPING events from decorations provider vscode.git 5758
2022-12-28 14:50:43.996 [warning] [Decorations] CAPPING events from decorations provider vscode.git 5758
2022-12-28 14:50:49.768 [warning] [Decorations] CAPPING events from decorations provider vscode.git 5758
2022-12-28 14:50:55.502 [warning] [Decorations] CAPPING events from decorations provider vscode.git 5758
2022-12-28 14:51:50.814 [warning] [Decorations] CAPPING events from decorations provider vscode.git 5758
2022-12-28 14:51:53.253 [info] Extension host terminating: received terminate message from renderer
2022-12-28 14:51:53.260 [info] Lock '/home/ChudakovDA/.vscode-server/data/User/workspaceStorage/32f6ad41183c5beef815be365d8df15a/vscode.lock': Marking the lockfile as scheduled to be released in 6000 ms.
2022-12-28 14:51:53.425 [info] Extension host with pid 7892 exiting with code 0
