2023-01-14 11:28:48.771 [info] Log level: Info
2023-01-14 11:28:48.772 [info] Validating found git in: "git"
2023-01-14 11:28:48.772 [info] Using git "2.31.1" from "git"
2023-01-14 11:28:48.772 [info] > git rev-parse --show-toplevel [98ms]
2023-01-14 11:28:48.772 [info] > git rev-parse --git-dir --git-common-dir [1ms]
2023-01-14 11:28:48.772 [info] Open repository: /home/MalkovMA
2023-01-14 11:28:48.772 [info] > git rev-parse --show-toplevel [4ms]
2023-01-14 11:28:48.772 [info] > git config --get commit.template [6ms]
2023-01-14 11:28:48.772 [info] > git rev-parse --show-toplevel [8ms]
2023-01-14 11:28:48.772 [info] > git for-each-ref --format=%(refname)%00%(upstream:short)%00%(objectname)%00%(upstream:track)%00%(upstream:remotename)%00%(upstream:remoteref) refs/heads/master refs/remotes/master [5ms]
2023-01-14 11:28:48.772 [info] > git rev-parse --show-toplevel [19ms]
2023-01-14 11:28:48.772 [info] > git rev-parse --show-toplevel [39ms]
2023-01-14 11:28:48.772 [info] > git for-each-ref --sort -committerdate --format %(refname) %(objectname) %(*objectname) [45ms]
2023-01-14 11:28:48.772 [info] > git rev-parse --show-toplevel [12ms]
2023-01-14 11:28:48.772 [info] > git status -z -uall [75ms]
2023-01-14 11:28:48.772 [info] > git rev-parse --show-toplevel [5ms]
2023-01-14 11:28:48.772 [info] > git rev-parse --show-toplevel [148ms]
2023-01-14 11:28:48.773 [info] > git rev-parse --git-dir --git-common-dir [775ms]
2023-01-14 11:28:48.775 [info] Open repository: /home/MalkovMA/lab4
2023-01-14 11:28:48.779 [info] > git config --get commit.template [791ms]
2023-01-14 11:28:48.848 [info] > git check-ignore -v -z --stdin [54ms]
2023-01-14 11:28:48.850 [info] > git for-each-ref --format=%(refname)%00%(upstream:short)%00%(objectname)%00%(upstream:track)%00%(upstream:remotename)%00%(upstream:remoteref) refs/heads/master refs/remotes/master [3ms]
2023-01-14 11:28:48.866 [info] > git config --get commit.template [33ms]
2023-01-14 11:28:48.875 [info] > git for-each-ref --sort -committerdate --format %(refname) %(objectname) %(*objectname) [9ms]
2023-01-14 11:28:48.909 [info] > git for-each-ref --format=%(refname)%00%(upstream:short)%00%(objectname)%00%(upstream:track)%00%(upstream:remotename)%00%(upstream:remoteref) refs/heads/main refs/remotes/main [35ms]
2023-01-14 11:28:48.919 [info] > git status -z -uall [5ms]
2023-01-14 11:28:48.921 [info] > git for-each-ref --sort -committerdate --format %(refname) %(objectname) %(*objectname) [2ms]
2023-01-14 11:28:48.941 [info] > git status -z -uall [77ms]
2023-01-14 11:28:49.925 [info] > git check-ignore -v -z --stdin [44ms]
2023-01-14 11:28:49.926 [info] > git check-ignore -v -z --stdin [38ms]
2023-01-14 11:28:51.966 [info] > git config --get commit.template [5ms]
2023-01-14 11:28:51.966 [info] > git for-each-ref --format=%(refname)%00%(upstream:short)%00%(objectname)%00%(upstream:track)%00%(upstream:remotename)%00%(upstream:remoteref) refs/heads/master refs/remotes/master [1ms]
2023-01-14 11:28:51.974 [info] > git for-each-ref --sort -committerdate --format %(refname) %(objectname) %(*objectname) [1ms]
2023-01-14 11:28:52.003 [info] > git status -z -uall [34ms]
2023-01-14 11:28:57.081 [info] > git config --get commit.template [5ms]
2023-01-14 11:28:57.081 [info] > git for-each-ref --format=%(refname)%00%(upstream:short)%00%(objectname)%00%(upstream:track)%00%(upstream:remotename)%00%(upstream:remoteref) refs/heads/master refs/remotes/master [1ms]
2023-01-14 11:28:57.090 [info] > git for-each-ref --sort -committerdate --format %(refname) %(objectname) %(*objectname) [2ms]
2023-01-14 11:28:57.120 [info] > git status -z -uall [35ms]
2023-01-14 11:29:02.188 [info] > git config --get commit.template [5ms]
2023-01-14 11:29:02.188 [info] > git for-each-ref --format=%(refname)%00%(upstream:short)%00%(objectname)%00%(upstream:track)%00%(upstream:remotename)%00%(upstream:remoteref) refs/heads/master refs/remotes/master [1ms]
2023-01-14 11:29:02.198 [info] > git for-each-ref --sort -committerdate --format %(refname) %(objectname) %(*objectname) [2ms]
2023-01-14 11:29:02.224 [info] > git status -z -uall [32ms]
2023-01-14 11:29:03.596 [info] > git show --textconv :create_infrastructure.sh [5ms]
2023-01-14 11:29:03.598 [info] > git ls-files --stage -- /home/MalkovMA/create_infrastructure.sh [3ms]
2023-01-14 11:29:07.287 [info] > git config --get commit.template [5ms]
2023-01-14 11:29:07.287 [info] > git for-each-ref --format=%(refname)%00%(upstream:short)%00%(objectname)%00%(upstream:track)%00%(upstream:remotename)%00%(upstream:remoteref) refs/heads/master refs/remotes/master [1ms]
2023-01-14 11:29:07.295 [info] > git for-each-ref --sort -committerdate --format %(refname) %(objectname) %(*objectname) [1ms]
2023-01-14 11:29:07.325 [info] > git status -z -uall [34ms]
2023-01-14 11:29:12.393 [info] > git config --get commit.template [5ms]
2023-01-14 11:29:12.393 [info] > git for-each-ref --format=%(refname)%00%(upstream:short)%00%(objectname)%00%(upstream:track)%00%(upstream:remotename)%00%(upstream:remoteref) refs/heads/master refs/remotes/master [1ms]
2023-01-14 11:29:12.401 [info] > git for-each-ref --sort -committerdate --format %(refname) %(objectname) %(*objectname) [2ms]
2023-01-14 11:29:12.428 [info] > git status -z -uall [32ms]
2023-01-14 11:29:17.494 [info] > git config --get commit.template [5ms]
2023-01-14 11:29:17.495 [info] > git for-each-ref --format=%(refname)%00%(upstream:short)%00%(objectname)%00%(upstream:track)%00%(upstream:remotename)%00%(upstream:remoteref) refs/heads/master refs/remotes/master [2ms]
2023-01-14 11:29:17.503 [info] > git for-each-ref --sort -committerdate --format %(refname) %(objectname) %(*objectname) [2ms]
2023-01-14 11:29:17.529 [info] > git status -z -uall [31ms]
2023-01-14 11:29:22.594 [info] > git config --get commit.template [5ms]
2023-01-14 11:29:22.594 [info] > git for-each-ref --format=%(refname)%00%(upstream:short)%00%(objectname)%00%(upstream:track)%00%(upstream:remotename)%00%(upstream:remoteref) refs/heads/master refs/remotes/master [1ms]
2023-01-14 11:29:22.604 [info] > git for-each-ref --sort -committerdate --format %(refname) %(objectname) %(*objectname) [2ms]
2023-01-14 11:29:22.632 [info] > git status -z -uall [33ms]
2023-01-14 11:29:27.702 [info] > git config --get commit.template [5ms]
2023-01-14 11:29:27.703 [info] > git for-each-ref --format=%(refname)%00%(upstream:short)%00%(objectname)%00%(upstream:track)%00%(upstream:remotename)%00%(upstream:remoteref) refs/heads/master refs/remotes/master [1ms]
2023-01-14 11:29:27.714 [info] > git for-each-ref --sort -committerdate --format %(refname) %(objectname) %(*objectname) [2ms]
2023-01-14 11:29:27.741 [info] > git status -z -uall [32ms]
2023-01-14 11:29:32.527 [info] > git check-ignore -v -z --stdin [1ms]
2023-01-14 11:29:32.811 [info] > git config --get commit.template [5ms]
2023-01-14 11:29:32.811 [info] > git for-each-ref --format=%(refname)%00%(upstream:short)%00%(objectname)%00%(upstream:track)%00%(upstream:remotename)%00%(upstream:remoteref) refs/heads/master refs/remotes/master [1ms]
2023-01-14 11:29:32.820 [info] > git for-each-ref --sort -committerdate --format %(refname) %(objectname) %(*objectname) [2ms]
2023-01-14 11:29:32.847 [info] > git status -z -uall [32ms]
2023-01-14 11:29:37.918 [info] > git config --get commit.template [5ms]
2023-01-14 11:29:37.920 [info] > git for-each-ref --format=%(refname)%00%(upstream:short)%00%(objectname)%00%(upstream:track)%00%(upstream:remotename)%00%(upstream:remoteref) refs/heads/master refs/remotes/master [3ms]
2023-01-14 11:29:37.928 [info] > git for-each-ref --sort -committerdate --format %(refname) %(objectname) %(*objectname) [1ms]
2023-01-14 11:29:37.955 [info] > git status -z -uall [31ms]
2023-01-14 11:29:43.020 [info] > git config --get commit.template [6ms]
2023-01-14 11:29:43.021 [info] > git for-each-ref --format=%(refname)%00%(upstream:short)%00%(objectname)%00%(upstream:track)%00%(upstream:remotename)%00%(upstream:remoteref) refs/heads/master refs/remotes/master [1ms]
2023-01-14 11:29:43.029 [info] > git for-each-ref --sort -committerdate --format %(refname) %(objectname) %(*objectname) [2ms]
2023-01-14 11:29:43.056 [info] > git status -z -uall [31ms]
2023-01-14 11:29:43.767 [info] > git check-ignore -v -z --stdin [19ms]
2023-01-14 11:29:48.123 [info] > git config --get commit.template [6ms]
2023-01-14 11:29:48.123 [info] > git for-each-ref --format=%(refname)%00%(upstream:short)%00%(objectname)%00%(upstream:track)%00%(upstream:remotename)%00%(upstream:remoteref) refs/heads/master refs/remotes/master [1ms]
2023-01-14 11:29:48.132 [info] > git for-each-ref --sort -committerdate --format %(refname) %(objectname) %(*objectname) [1ms]
2023-01-14 11:29:48.159 [info] > git status -z -uall [32ms]
2023-01-14 11:29:49.726 [info] > git check-ignore -v -z --stdin [1ms]
2023-01-14 11:29:52.610 [info] > git show --textconv :app/models.py [7ms]
2023-01-14 11:29:52.610 [info] > git ls-files --stage -- /home/MalkovMA/lab4/app/models.py [0ms]
2023-01-14 11:29:53.224 [info] > git config --get commit.template [6ms]
2023-01-14 11:29:53.224 [info] > git for-each-ref --format=%(refname)%00%(upstream:short)%00%(objectname)%00%(upstream:track)%00%(upstream:remotename)%00%(upstream:remoteref) refs/heads/master refs/remotes/master [1ms]
2023-01-14 11:29:53.234 [info] > git for-each-ref --sort -committerdate --format %(refname) %(objectname) %(*objectname) [1ms]
2023-01-14 11:29:53.260 [info] > git status -z -uall [32ms]
2023-01-14 11:29:54.393 [info] > git show --textconv :app/README.md [7ms]
2023-01-14 11:29:54.396 [info] > git ls-files --stage -- /home/MalkovMA/lab4/app/README.md [3ms]
2023-01-14 11:29:58.342 [info] > git config --get commit.template [22ms]
2023-01-14 11:29:58.342 [info] > git for-each-ref --format=%(refname)%00%(upstream:short)%00%(objectname)%00%(upstream:track)%00%(upstream:remotename)%00%(upstream:remoteref) refs/heads/master refs/remotes/master [1ms]
2023-01-14 11:29:58.352 [info] > git for-each-ref --sort -committerdate --format %(refname) %(objectname) %(*objectname) [1ms]
2023-01-14 11:29:58.384 [info] > git status -z -uall [37ms]
2023-01-14 11:30:03.466 [info] > git config --get commit.template [5ms]
2023-01-14 11:30:03.466 [info] > git for-each-ref --format=%(refname)%00%(upstream:short)%00%(objectname)%00%(upstream:track)%00%(upstream:remotename)%00%(upstream:remoteref) refs/heads/master refs/remotes/master [1ms]
2023-01-14 11:30:03.478 [info] > git for-each-ref --sort -committerdate --format %(refname) %(objectname) %(*objectname) [2ms]
2023-01-14 11:30:03.505 [info] > git status -z -uall [33ms]
2023-01-14 11:30:08.572 [info] > git config --get commit.template [7ms]
2023-01-14 11:30:08.573 [info] > git for-each-ref --format=%(refname)%00%(upstream:short)%00%(objectname)%00%(upstream:track)%00%(upstream:remotename)%00%(upstream:remoteref) refs/heads/master refs/remotes/master [1ms]
2023-01-14 11:30:08.586 [info] > git for-each-ref --sort -committerdate --format %(refname) %(objectname) %(*objectname) [2ms]
2023-01-14 11:30:08.648 [info] > git status -z -uall [70ms]
2023-01-14 11:30:13.715 [info] > git config --get commit.template [5ms]
2023-01-14 11:30:13.715 [info] > git for-each-ref --format=%(refname)%00%(upstream:short)%00%(objectname)%00%(upstream:track)%00%(upstream:remotename)%00%(upstream:remoteref) refs/heads/master refs/remotes/master [1ms]
2023-01-14 11:30:13.725 [info] > git for-each-ref --sort -committerdate --format %(refname) %(objectname) %(*objectname) [2ms]
2023-01-14 11:30:13.750 [info] > git status -z -uall [31ms]
2023-01-14 11:30:18.815 [info] > git config --get commit.template [6ms]
2023-01-14 11:30:18.815 [info] > git for-each-ref --format=%(refname)%00%(upstream:short)%00%(objectname)%00%(upstream:track)%00%(upstream:remotename)%00%(upstream:remoteref) refs/heads/master refs/remotes/master [0ms]
2023-01-14 11:30:18.824 [info] > git for-each-ref --sort -committerdate --format %(refname) %(objectname) %(*objectname) [2ms]
2023-01-14 11:30:18.851 [info] > git status -z -uall [32ms]
2023-01-14 11:30:23.914 [info] > git config --get commit.template [6ms]
2023-01-14 11:30:23.915 [info] > git for-each-ref --format=%(refname)%00%(upstream:short)%00%(objectname)%00%(upstream:track)%00%(upstream:remotename)%00%(upstream:remoteref) refs/heads/master refs/remotes/master [1ms]
2023-01-14 11:30:23.926 [info] > git for-each-ref --sort -committerdate --format %(refname) %(objectname) %(*objectname) [1ms]
2023-01-14 11:30:23.953 [info] > git status -z -uall [32ms]
2023-01-14 11:30:29.021 [info] > git config --get commit.template [6ms]
2023-01-14 11:30:29.021 [info] > git for-each-ref --format=%(refname)%00%(upstream:short)%00%(objectname)%00%(upstream:track)%00%(upstream:remotename)%00%(upstream:remoteref) refs/heads/master refs/remotes/master [1ms]
2023-01-14 11:30:29.031 [info] > git for-each-ref --sort -committerdate --format %(refname) %(objectname) %(*objectname) [2ms]
2023-01-14 11:30:29.057 [info] > git status -z -uall [32ms]
2023-01-14 11:30:34.131 [info] > git config --get commit.template [7ms]
2023-01-14 11:30:34.131 [info] > git for-each-ref --format=%(refname)%00%(upstream:short)%00%(objectname)%00%(upstream:track)%00%(upstream:remotename)%00%(upstream:remoteref) refs/heads/master refs/remotes/master [1ms]
2023-01-14 11:30:34.143 [info] > git for-each-ref --sort -committerdate --format %(refname) %(objectname) %(*objectname) [3ms]
2023-01-14 11:30:34.200 [info] > git status -z -uall [65ms]
2023-01-14 11:30:39.267 [info] > git config --get commit.template [6ms]
2023-01-14 11:30:39.268 [info] > git for-each-ref --format=%(refname)%00%(upstream:short)%00%(objectname)%00%(upstream:track)%00%(upstream:remotename)%00%(upstream:remoteref) refs/heads/master refs/remotes/master [1ms]
2023-01-14 11:30:39.277 [info] > git for-each-ref --sort -committerdate --format %(refname) %(objectname) %(*objectname) [2ms]
2023-01-14 11:30:39.312 [info] > git status -z -uall [39ms]
2023-01-14 11:30:44.414 [info] > git config --get commit.template [6ms]
2023-01-14 11:30:44.414 [info] > git for-each-ref --format=%(refname)%00%(upstream:short)%00%(objectname)%00%(upstream:track)%00%(upstream:remotename)%00%(upstream:remoteref) refs/heads/master refs/remotes/master [1ms]
2023-01-14 11:30:44.425 [info] > git for-each-ref --sort -committerdate --format %(refname) %(objectname) %(*objectname) [2ms]
2023-01-14 11:30:44.451 [info] > git status -z -uall [32ms]
2023-01-14 11:30:49.512 [info] > git config --get commit.template [5ms]
2023-01-14 11:30:49.512 [info] > git for-each-ref --format=%(refname)%00%(upstream:short)%00%(objectname)%00%(upstream:track)%00%(upstream:remotename)%00%(upstream:remoteref) refs/heads/master refs/remotes/master [1ms]
2023-01-14 11:30:49.523 [info] > git for-each-ref --sort -committerdate --format %(refname) %(objectname) %(*objectname) [2ms]
2023-01-14 11:30:49.549 [info] > git status -z -uall [32ms]
2023-01-14 11:30:54.620 [info] > git config --get commit.template [7ms]
2023-01-14 11:30:54.621 [info] > git for-each-ref --format=%(refname)%00%(upstream:short)%00%(objectname)%00%(upstream:track)%00%(upstream:remotename)%00%(upstream:remoteref) refs/heads/master refs/remotes/master [2ms]
2023-01-14 11:30:54.630 [info] > git for-each-ref --sort -committerdate --format %(refname) %(objectname) %(*objectname) [1ms]
2023-01-14 11:30:54.657 [info] > git status -z -uall [30ms]
2023-01-14 11:30:59.727 [info] > git config --get commit.template [6ms]
2023-01-14 11:30:59.729 [info] > git for-each-ref --format=%(refname)%00%(upstream:short)%00%(objectname)%00%(upstream:track)%00%(upstream:remotename)%00%(upstream:remoteref) refs/heads/master refs/remotes/master [2ms]
2023-01-14 11:30:59.739 [info] > git for-each-ref --sort -committerdate --format %(refname) %(objectname) %(*objectname) [1ms]
2023-01-14 11:30:59.765 [info] > git status -z -uall [32ms]
2023-01-14 11:31:04.833 [info] > git for-each-ref --format=%(refname)%00%(upstream:short)%00%(objectname)%00%(upstream:track)%00%(upstream:remotename)%00%(upstream:remoteref) refs/heads/master refs/remotes/master [2ms]
2023-01-14 11:31:04.833 [info] > git config --get commit.template [7ms]
2023-01-14 11:31:04.845 [info] > git for-each-ref --sort -committerdate --format %(refname) %(objectname) %(*objectname) [2ms]
2023-01-14 11:31:04.871 [info] > git status -z -uall [31ms]
2023-01-14 11:31:09.933 [info] > git config --get commit.template [4ms]
2023-01-14 11:31:09.934 [info] > git for-each-ref --format=%(refname)%00%(upstream:short)%00%(objectname)%00%(upstream:track)%00%(upstream:remotename)%00%(upstream:remoteref) refs/heads/master refs/remotes/master [2ms]
2023-01-14 11:31:09.943 [info] > git for-each-ref --sort -committerdate --format %(refname) %(objectname) %(*objectname) [1ms]
2023-01-14 11:31:09.970 [info] > git status -z -uall [32ms]
2023-01-14 11:31:15.033 [info] > git config --get commit.template [5ms]
2023-01-14 11:31:15.033 [info] > git for-each-ref --format=%(refname)%00%(upstream:short)%00%(objectname)%00%(upstream:track)%00%(upstream:remotename)%00%(upstream:remoteref) refs/heads/master refs/remotes/master [1ms]
2023-01-14 11:31:15.043 [info] > git for-each-ref --sort -committerdate --format %(refname) %(objectname) %(*objectname) [2ms]
2023-01-14 11:31:15.069 [info] > git status -z -uall [32ms]
2023-01-14 11:31:20.138 [info] > git config --get commit.template [5ms]
2023-01-14 11:31:20.138 [info] > git for-each-ref --format=%(refname)%00%(upstream:short)%00%(objectname)%00%(upstream:track)%00%(upstream:remotename)%00%(upstream:remoteref) refs/heads/master refs/remotes/master [1ms]
2023-01-14 11:31:20.148 [info] > git for-each-ref --sort -committerdate --format %(refname) %(objectname) %(*objectname) [1ms]
2023-01-14 11:31:20.174 [info] > git status -z -uall [32ms]
2023-01-14 11:31:25.239 [info] > git config --get commit.template [6ms]
2023-01-14 11:31:25.239 [info] > git for-each-ref --format=%(refname)%00%(upstream:short)%00%(objectname)%00%(upstream:track)%00%(upstream:remotename)%00%(upstream:remoteref) refs/heads/master refs/remotes/master [1ms]
2023-01-14 11:31:25.250 [info] > git for-each-ref --sort -committerdate --format %(refname) %(objectname) %(*objectname) [3ms]
2023-01-14 11:31:25.282 [info] > git status -z -uall [38ms]
2023-01-14 11:31:30.345 [info] > git config --get commit.template [6ms]
2023-01-14 11:31:30.345 [info] > git for-each-ref --format=%(refname)%00%(upstream:short)%00%(objectname)%00%(upstream:track)%00%(upstream:remotename)%00%(upstream:remoteref) refs/heads/master refs/remotes/master [1ms]
2023-01-14 11:31:30.356 [info] > git for-each-ref --sort -committerdate --format %(refname) %(objectname) %(*objectname) [1ms]
2023-01-14 11:31:30.384 [info] > git status -z -uall [34ms]
2023-01-14 11:31:35.476 [info] > git config --get commit.template [6ms]
2023-01-14 11:31:35.476 [info] > git for-each-ref --format=%(refname)%00%(upstream:short)%00%(objectname)%00%(upstream:track)%00%(upstream:remotename)%00%(upstream:remoteref) refs/heads/master refs/remotes/master [1ms]
2023-01-14 11:31:35.487 [info] > git for-each-ref --sort -committerdate --format %(refname) %(objectname) %(*objectname) [2ms]
2023-01-14 11:31:35.514 [info] > git status -z -uall [33ms]
2023-01-14 11:31:40.615 [info] > git config --get commit.template [10ms]
2023-01-14 11:31:40.615 [info] > git for-each-ref --format=%(refname)%00%(upstream:short)%00%(objectname)%00%(upstream:track)%00%(upstream:remotename)%00%(upstream:remoteref) refs/heads/master refs/remotes/master [4ms]
2023-01-14 11:31:40.626 [info] > git for-each-ref --sort -committerdate --format %(refname) %(objectname) %(*objectname) [2ms]
2023-01-14 11:31:40.688 [info] > git status -z -uall [69ms]
2023-01-14 11:31:45.754 [info] > git config --get commit.template [5ms]
2023-01-14 11:31:45.754 [info] > git for-each-ref --format=%(refname)%00%(upstream:short)%00%(objectname)%00%(upstream:track)%00%(upstream:remotename)%00%(upstream:remoteref) refs/heads/master refs/remotes/master [1ms]
2023-01-14 11:31:45.763 [info] > git for-each-ref --sort -committerdate --format %(refname) %(objectname) %(*objectname) [1ms]
2023-01-14 11:31:45.803 [info] > git status -z -uall [45ms]
2023-01-14 11:32:54.263 [info] > git config --get commit.template [1ms]
2023-01-14 11:32:54.267 [info] > git for-each-ref --format=%(refname)%00%(upstream:short)%00%(objectname)%00%(upstream:track)%00%(upstream:remotename)%00%(upstream:remoteref) refs/heads/master refs/remotes/master [1ms]
2023-01-14 11:32:54.276 [info] > git for-each-ref --sort -committerdate --format %(refname) %(objectname) %(*objectname) [1ms]
2023-01-14 11:32:54.311 [info] > git status -z -uall [40ms]
2023-01-14 11:32:59.395 [info] > git config --get commit.template [5ms]
2023-01-14 11:32:59.396 [info] > git for-each-ref --format=%(refname)%00%(upstream:short)%00%(objectname)%00%(upstream:track)%00%(upstream:remotename)%00%(upstream:remoteref) refs/heads/master refs/remotes/master [1ms]
2023-01-14 11:32:59.405 [info] > git for-each-ref --sort -committerdate --format %(refname) %(objectname) %(*objectname) [2ms]
2023-01-14 11:32:59.433 [info] > git status -z -uall [34ms]
2023-01-14 11:32:59.497 [info] > git check-ignore -v -z --stdin [5ms]
2023-01-14 11:33:00.421 [info] > git show --textconv :app/app.py [7ms]
2023-01-14 11:33:00.422 [info] > git ls-files --stage -- /home/MalkovMA/app/app.py [1ms]
2023-01-14 11:33:04.501 [info] > git config --get commit.template [6ms]
2023-01-14 11:33:04.501 [info] > git for-each-ref --format=%(refname)%00%(upstream:short)%00%(objectname)%00%(upstream:track)%00%(upstream:remotename)%00%(upstream:remoteref) refs/heads/master refs/remotes/master [1ms]
2023-01-14 11:33:04.509 [info] > git for-each-ref --sort -committerdate --format %(refname) %(objectname) %(*objectname) [1ms]
2023-01-14 11:33:04.539 [info] > git status -z -uall [34ms]
2023-01-14 11:33:05.259 [info] > git check-ignore -v -z --stdin [18ms]
2023-01-14 11:33:05.647 [info] > git show --textconv :html/index.html [6ms]
2023-01-14 11:33:05.650 [info] > git ls-files --stage -- /home/MalkovMA/html/index.html [3ms]
2023-01-14 11:33:09.453 [info] > git show --textconv :docker-compose.yaml [6ms]
2023-01-14 11:33:09.475 [info] > git ls-files --stage -- /home/MalkovMA/lab4/docker-compose.yaml [22ms]
2023-01-14 11:33:09.491 [info] > git cat-file -s a1474bc484cae32825aeeaf5b3494c7898952179 [1ms]
2023-01-14 11:33:09.651 [info] > git for-each-ref --format=%(refname)%00%(upstream:short)%00%(objectname)%00%(upstream:track)%00%(upstream:remotename)%00%(upstream:remoteref) refs/heads/master refs/remotes/master [1ms]
2023-01-14 11:33:09.651 [info] > git config --get commit.template [7ms]
2023-01-14 11:33:09.677 [info] > git for-each-ref --sort -committerdate --format %(refname) %(objectname) %(*objectname) [5ms]
2023-01-14 11:33:09.701 [info] > git status -z -uall [45ms]
2023-01-14 11:33:14.154 [info] > git show --textconv :create_infrastructure.sh [7ms]
2023-01-14 11:33:14.154 [info] > git ls-files --stage -- /home/MalkovMA/create_infrastructure.sh [1ms]
2023-01-14 11:33:14.790 [info] > git config --get commit.template [6ms]
2023-01-14 11:33:14.791 [info] > git for-each-ref --format=%(refname)%00%(upstream:short)%00%(objectname)%00%(upstream:track)%00%(upstream:remotename)%00%(upstream:remoteref) refs/heads/master refs/remotes/master [1ms]
2023-01-14 11:33:14.802 [info] > git for-each-ref --sort -committerdate --format %(refname) %(objectname) %(*objectname) [1ms]
2023-01-14 11:33:14.836 [info] > git status -z -uall [40ms]
2023-01-14 11:33:19.906 [info] > git config --get commit.template [5ms]
2023-01-14 11:33:19.907 [info] > git for-each-ref --format=%(refname)%00%(upstream:short)%00%(objectname)%00%(upstream:track)%00%(upstream:remotename)%00%(upstream:remoteref) refs/heads/master refs/remotes/master [1ms]
2023-01-14 11:33:19.917 [info] > git for-each-ref --sort -committerdate --format %(refname) %(objectname) %(*objectname) [1ms]
2023-01-14 11:33:19.944 [info] > git status -z -uall [32ms]
2023-01-14 11:33:25.009 [info] > git config --get commit.template [1ms]
2023-01-14 11:33:25.014 [info] > git for-each-ref --format=%(refname)%00%(upstream:short)%00%(objectname)%00%(upstream:track)%00%(upstream:remotename)%00%(upstream:remoteref) refs/heads/master refs/remotes/master [1ms]
2023-01-14 11:33:25.023 [info] > git for-each-ref --sort -committerdate --format %(refname) %(objectname) %(*objectname) [1ms]
2023-01-14 11:33:25.050 [info] > git status -z -uall [32ms]
2023-01-14 11:33:30.122 [info] > git config --get commit.template [6ms]
2023-01-14 11:33:30.122 [info] > git for-each-ref --format=%(refname)%00%(upstream:short)%00%(objectname)%00%(upstream:track)%00%(upstream:remotename)%00%(upstream:remoteref) refs/heads/master refs/remotes/master [1ms]
2023-01-14 11:33:30.136 [info] > git for-each-ref --sort -committerdate --format %(refname) %(objectname) %(*objectname) [2ms]
2023-01-14 11:33:30.162 [info] > git status -z -uall [32ms]
2023-01-14 11:33:35.234 [info] > git config --get commit.template [7ms]
2023-01-14 11:33:35.234 [info] > git for-each-ref --format=%(refname)%00%(upstream:short)%00%(objectname)%00%(upstream:track)%00%(upstream:remotename)%00%(upstream:remoteref) refs/heads/master refs/remotes/master [1ms]
2023-01-14 11:33:35.246 [info] > git for-each-ref --sort -committerdate --format %(refname) %(objectname) %(*objectname) [1ms]
2023-01-14 11:33:35.272 [info] > git status -z -uall [33ms]
2023-01-14 11:33:40.335 [info] > git config --get commit.template [5ms]
2023-01-14 11:33:40.335 [info] > git for-each-ref --format=%(refname)%00%(upstream:short)%00%(objectname)%00%(upstream:track)%00%(upstream:remotename)%00%(upstream:remoteref) refs/heads/master refs/remotes/master [1ms]
2023-01-14 11:33:40.346 [info] > git for-each-ref --sort -committerdate --format %(refname) %(objectname) %(*objectname) [2ms]
2023-01-14 11:33:40.373 [info] > git status -z -uall [33ms]
2023-01-14 11:33:45.439 [info] > git config --get commit.template [7ms]
2023-01-14 11:33:45.439 [info] > git for-each-ref --format=%(refname)%00%(upstream:short)%00%(objectname)%00%(upstream:track)%00%(upstream:remotename)%00%(upstream:remoteref) refs/heads/master refs/remotes/master [0ms]
2023-01-14 11:33:45.450 [info] > git for-each-ref --sort -committerdate --format %(refname) %(objectname) %(*objectname) [2ms]
2023-01-14 11:33:45.479 [info] > git status -z -uall [35ms]
2023-01-14 11:33:50.548 [info] > git config --get commit.template [7ms]
2023-01-14 11:33:50.549 [info] > git for-each-ref --format=%(refname)%00%(upstream:short)%00%(objectname)%00%(upstream:track)%00%(upstream:remotename)%00%(upstream:remoteref) refs/heads/master refs/remotes/master [2ms]
2023-01-14 11:33:50.561 [info] > git for-each-ref --sort -committerdate --format %(refname) %(objectname) %(*objectname) [2ms]
2023-01-14 11:33:50.586 [info] > git status -z -uall [32ms]
2023-01-14 11:33:55.651 [info] > git config --get commit.template [4ms]
2023-01-14 11:33:55.651 [info] > git for-each-ref --format=%(refname)%00%(upstream:short)%00%(objectname)%00%(upstream:track)%00%(upstream:remotename)%00%(upstream:remoteref) refs/heads/master refs/remotes/master [1ms]
2023-01-14 11:33:55.661 [info] > git for-each-ref --sort -committerdate --format %(refname) %(objectname) %(*objectname) [2ms]
2023-01-14 11:33:55.687 [info] > git status -z -uall [32ms]
2023-01-14 11:34:00.794 [info] > git config --get commit.template [15ms]
2023-01-14 11:34:00.800 [info] > git for-each-ref --format=%(refname)%00%(upstream:short)%00%(objectname)%00%(upstream:track)%00%(upstream:remotename)%00%(upstream:remoteref) refs/heads/master refs/remotes/master [2ms]
2023-01-14 11:34:00.811 [info] > git for-each-ref --sort -committerdate --format %(refname) %(objectname) %(*objectname) [1ms]
2023-01-14 11:34:00.836 [info] > git status -z -uall [31ms]
2023-01-14 11:34:05.905 [info] > git config --get commit.template [6ms]
2023-01-14 11:34:05.905 [info] > git for-each-ref --format=%(refname)%00%(upstream:short)%00%(objectname)%00%(upstream:track)%00%(upstream:remotename)%00%(upstream:remoteref) refs/heads/master refs/remotes/master [1ms]
2023-01-14 11:34:05.917 [info] > git for-each-ref --sort -committerdate --format %(refname) %(objectname) %(*objectname) [2ms]
2023-01-14 11:34:05.941 [info] > git status -z -uall [31ms]
2023-01-14 11:34:11.012 [info] > git config --get commit.template [7ms]
2023-01-14 11:34:11.012 [info] > git for-each-ref --format=%(refname)%00%(upstream:short)%00%(objectname)%00%(upstream:track)%00%(upstream:remotename)%00%(upstream:remoteref) refs/heads/master refs/remotes/master [1ms]
2023-01-14 11:34:11.025 [info] > git for-each-ref --sort -committerdate --format %(refname) %(objectname) %(*objectname) [2ms]
2023-01-14 11:34:11.050 [info] > git status -z -uall [32ms]
2023-01-14 11:34:16.117 [info] > git config --get commit.template [6ms]
2023-01-14 11:34:16.118 [info] > git for-each-ref --format=%(refname)%00%(upstream:short)%00%(objectname)%00%(upstream:track)%00%(upstream:remotename)%00%(upstream:remoteref) refs/heads/master refs/remotes/master [1ms]
2023-01-14 11:34:16.128 [info] > git for-each-ref --sort -committerdate --format %(refname) %(objectname) %(*objectname) [1ms]
2023-01-14 11:34:16.155 [info] > git status -z -uall [33ms]
2023-01-14 11:34:21.221 [info] > git config --get commit.template [6ms]
2023-01-14 11:34:21.223 [info] > git for-each-ref --format=%(refname)%00%(upstream:short)%00%(objectname)%00%(upstream:track)%00%(upstream:remotename)%00%(upstream:remoteref) refs/heads/master refs/remotes/master [1ms]
2023-01-14 11:34:21.234 [info] > git for-each-ref --sort -committerdate --format %(refname) %(objectname) %(*objectname) [1ms]
2023-01-14 11:34:21.261 [info] > git status -z -uall [32ms]
2023-01-14 11:34:27.645 [info] > git config --get commit.template [6ms]
2023-01-14 11:34:27.645 [info] > git for-each-ref --format=%(refname)%00%(upstream:short)%00%(objectname)%00%(upstream:track)%00%(upstream:remotename)%00%(upstream:remoteref) refs/heads/master refs/remotes/master [0ms]
2023-01-14 11:34:27.659 [info] > git for-each-ref --sort -committerdate --format %(refname) %(objectname) %(*objectname) [2ms]
2023-01-14 11:34:27.686 [info] > git status -z -uall [33ms]
2023-01-14 11:34:28.648 [info] > git show --textconv :Python-3.10.7.tgz [6ms]
2023-01-14 11:34:28.650 [info] > git ls-files --stage -- /home/MalkovMA/Python-3.10.7.tgz [2ms]
2023-01-14 11:34:31.892 [info] > git show --textconv :.zshrc [5ms]
2023-01-14 11:34:31.893 [info] > git ls-files --stage -- /home/MalkovMA/.zshrc [1ms]
2023-01-14 11:34:32.758 [info] > git config --get commit.template [6ms]
2023-01-14 11:34:32.759 [info] > git for-each-ref --format=%(refname)%00%(upstream:short)%00%(objectname)%00%(upstream:track)%00%(upstream:remotename)%00%(upstream:remoteref) refs/heads/master refs/remotes/master [1ms]
2023-01-14 11:34:32.772 [info] > git for-each-ref --sort -committerdate --format %(refname) %(objectname) %(*objectname) [1ms]
2023-01-14 11:34:32.799 [info] > git status -z -uall [35ms]
2023-01-14 11:34:34.334 [info] > git show --textconv :.bashrc [7ms]
2023-01-14 11:34:34.336 [info] > git ls-files --stage -- /home/MalkovMA/.bashrc [2ms]
2023-01-14 11:34:34.953 [info] > git show --textconv :.lesshst [6ms]
2023-01-14 11:34:34.954 [info] > git ls-files --stage -- /home/MalkovMA/.lesshst [1ms]
2023-01-14 11:34:36.409 [info] > git show --textconv :.bashrc [5ms]
2023-01-14 11:34:36.410 [info] > git ls-files --stage -- /home/MalkovMA/.bashrc [1ms]
2023-01-14 11:34:36.931 [info] > git show --textconv :.bash_profile [6ms]
2023-01-14 11:34:36.932 [info] > git ls-files --stage -- /home/MalkovMA/.bash_profile [1ms]
2023-01-14 11:34:37.876 [info] > git config --get commit.template [6ms]
2023-01-14 11:34:37.877 [info] > git for-each-ref --format=%(refname)%00%(upstream:short)%00%(objectname)%00%(upstream:track)%00%(upstream:remotename)%00%(upstream:remoteref) refs/heads/master refs/remotes/master [2ms]
2023-01-14 11:34:37.890 [info] > git for-each-ref --sort -committerdate --format %(refname) %(objectname) %(*objectname) [2ms]
2023-01-14 11:34:37.916 [info] > git status -z -uall [33ms]
2023-01-14 11:34:37.997 [info] > git show --textconv :.bash_logout [8ms]
2023-01-14 11:34:37.997 [info] > git ls-files --stage -- /home/MalkovMA/.bash_logout [1ms]
2023-01-14 11:34:39.050 [info] > git show --textconv :.bash_history [6ms]
2023-01-14 11:34:39.051 [info] > git ls-files --stage -- /home/MalkovMA/.bash_history [2ms]
2023-01-14 11:34:42.986 [info] > git config --get commit.template [7ms]
2023-01-14 11:34:42.986 [info] > git for-each-ref --format=%(refname)%00%(upstream:short)%00%(objectname)%00%(upstream:track)%00%(upstream:remotename)%00%(upstream:remoteref) refs/heads/master refs/remotes/master [1ms]
2023-01-14 11:34:42.998 [info] > git for-each-ref --sort -committerdate --format %(refname) %(objectname) %(*objectname) [1ms]
2023-01-14 11:34:43.024 [info] > git status -z -uall [33ms]
2023-01-14 11:34:48.110 [info] > git config --get commit.template [17ms]
2023-01-14 11:34:48.140 [info] > git for-each-ref --format=%(refname)%00%(upstream:short)%00%(objectname)%00%(upstream:track)%00%(upstream:remotename)%00%(upstream:remoteref) refs/heads/master refs/remotes/master [19ms]
2023-01-14 11:34:48.153 [info] > git for-each-ref --sort -committerdate --format %(refname) %(objectname) %(*objectname) [2ms]
2023-01-14 11:34:48.178 [info] > git status -z -uall [33ms]
2023-01-14 11:34:53.246 [info] > git config --get commit.template [7ms]
2023-01-14 11:34:53.246 [info] > git for-each-ref --format=%(refname)%00%(upstream:short)%00%(objectname)%00%(upstream:track)%00%(upstream:remotename)%00%(upstream:remoteref) refs/heads/master refs/remotes/master [1ms]
2023-01-14 11:34:53.258 [info] > git for-each-ref --sort -committerdate --format %(refname) %(objectname) %(*objectname) [1ms]
2023-01-14 11:34:53.284 [info] > git status -z -uall [33ms]
2023-01-14 11:34:58.352 [info] > git config --get commit.template [6ms]
2023-01-14 11:34:58.352 [info] > git for-each-ref --format=%(refname)%00%(upstream:short)%00%(objectname)%00%(upstream:track)%00%(upstream:remotename)%00%(upstream:remoteref) refs/heads/master refs/remotes/master [1ms]
2023-01-14 11:34:58.366 [info] > git for-each-ref --sort -committerdate --format %(refname) %(objectname) %(*objectname) [2ms]
2023-01-14 11:34:58.394 [info] > git status -z -uall [36ms]
2023-01-14 11:35:03.461 [info] > git config --get commit.template [6ms]
2023-01-14 11:35:03.462 [info] > git for-each-ref --format=%(refname)%00%(upstream:short)%00%(objectname)%00%(upstream:track)%00%(upstream:remotename)%00%(upstream:remoteref) refs/heads/master refs/remotes/master [1ms]
2023-01-14 11:35:03.474 [info] > git for-each-ref --sort -committerdate --format %(refname) %(objectname) %(*objectname) [1ms]
2023-01-14 11:35:03.508 [info] > git status -z -uall [39ms]
2023-01-14 11:35:08.577 [info] > git config --get commit.template [6ms]
2023-01-14 11:35:08.577 [info] > git for-each-ref --format=%(refname)%00%(upstream:short)%00%(objectname)%00%(upstream:track)%00%(upstream:remotename)%00%(upstream:remoteref) refs/heads/master refs/remotes/master [1ms]
2023-01-14 11:35:08.590 [info] > git for-each-ref --sort -committerdate --format %(refname) %(objectname) %(*objectname) [2ms]
2023-01-14 11:35:08.615 [info] > git status -z -uall [32ms]
2023-01-14 11:35:13.683 [info] > git config --get commit.template [7ms]
2023-01-14 11:35:13.684 [info] > git for-each-ref --format=%(refname)%00%(upstream:short)%00%(objectname)%00%(upstream:track)%00%(upstream:remotename)%00%(upstream:remoteref) refs/heads/master refs/remotes/master [1ms]
2023-01-14 11:35:13.695 [info] > git for-each-ref --sort -committerdate --format %(refname) %(objectname) %(*objectname) [2ms]
2023-01-14 11:35:13.721 [info] > git status -z -uall [32ms]
2023-01-14 11:35:18.790 [info] > git config --get commit.template [6ms]
2023-01-14 11:35:18.791 [info] > git for-each-ref --format=%(refname)%00%(upstream:short)%00%(objectname)%00%(upstream:track)%00%(upstream:remotename)%00%(upstream:remoteref) refs/heads/master refs/remotes/master [2ms]
2023-01-14 11:35:18.803 [info] > git for-each-ref --sort -committerdate --format %(refname) %(objectname) %(*objectname) [1ms]
2023-01-14 11:35:18.830 [info] > git status -z -uall [33ms]
2023-01-14 11:35:23.899 [info] > git config --get commit.template [7ms]
2023-01-14 11:35:23.899 [info] > git for-each-ref --format=%(refname)%00%(upstream:short)%00%(objectname)%00%(upstream:track)%00%(upstream:remotename)%00%(upstream:remoteref) refs/heads/master refs/remotes/master [1ms]
2023-01-14 11:35:23.911 [info] > git for-each-ref --sort -committerdate --format %(refname) %(objectname) %(*objectname) [2ms]
2023-01-14 11:35:23.936 [info] > git status -z -uall [32ms]
2023-01-14 11:35:27.306 [info] > git config --get commit.template [5ms]
2023-01-14 11:35:27.307 [info] > git for-each-ref --format=%(refname)%00%(upstream:short)%00%(objectname)%00%(upstream:track)%00%(upstream:remotename)%00%(upstream:remoteref) refs/heads/main refs/remotes/main [2ms]
2023-01-14 11:35:27.317 [info] > git status -z -uall [5ms]
2023-01-14 11:35:27.319 [info] > git for-each-ref --sort -committerdate --format %(refname) %(objectname) %(*objectname) [3ms]
2023-01-14 11:35:29.006 [info] > git config --get commit.template [7ms]
2023-01-14 11:35:29.008 [info] > git for-each-ref --format=%(refname)%00%(upstream:short)%00%(objectname)%00%(upstream:track)%00%(upstream:remotename)%00%(upstream:remoteref) refs/heads/master refs/remotes/master [2ms]
2023-01-14 11:35:29.026 [info] > git for-each-ref --sort -committerdate --format %(refname) %(objectname) %(*objectname) [1ms]
2023-01-14 11:35:29.057 [info] > git status -z -uall [45ms]
2023-01-14 11:35:34.130 [info] > git config --get commit.template [1ms]
2023-01-14 11:35:34.138 [info] > git for-each-ref --format=%(refname)%00%(upstream:short)%00%(objectname)%00%(upstream:track)%00%(upstream:remotename)%00%(upstream:remoteref) refs/heads/master refs/remotes/master [2ms]
2023-01-14 11:35:34.170 [info] > git for-each-ref --sort -committerdate --format %(refname) %(objectname) %(*objectname) [9ms]
2023-01-14 11:35:34.222 [info] > git status -z -uall [78ms]
2023-01-14 11:35:39.297 [info] > git config --get commit.template [11ms]
2023-01-14 11:35:39.297 [info] > git for-each-ref --format=%(refname)%00%(upstream:short)%00%(objectname)%00%(upstream:track)%00%(upstream:remotename)%00%(upstream:remoteref) refs/heads/master refs/remotes/master [0ms]
2023-01-14 11:35:39.307 [info] > git for-each-ref --sort -committerdate --format %(refname) %(objectname) %(*objectname) [1ms]
2023-01-14 11:35:39.333 [info] > git status -z -uall [32ms]
2023-01-14 11:35:44.401 [info] > git config --get commit.template [7ms]
2023-01-14 11:35:44.401 [info] > git for-each-ref --format=%(refname)%00%(upstream:short)%00%(objectname)%00%(upstream:track)%00%(upstream:remotename)%00%(upstream:remoteref) refs/heads/master refs/remotes/master [1ms]
2023-01-14 11:35:44.413 [info] > git for-each-ref --sort -committerdate --format %(refname) %(objectname) %(*objectname) [2ms]
2023-01-14 11:35:44.438 [info] > git status -z -uall [32ms]
2023-01-14 11:35:49.509 [info] > git config --get commit.template [7ms]
2023-01-14 11:35:49.509 [info] > git for-each-ref --format=%(refname)%00%(upstream:short)%00%(objectname)%00%(upstream:track)%00%(upstream:remotename)%00%(upstream:remoteref) refs/heads/master refs/remotes/master [1ms]
2023-01-14 11:35:49.518 [info] > git for-each-ref --sort -committerdate --format %(refname) %(objectname) %(*objectname) [1ms]
2023-01-14 11:35:49.545 [info] > git status -z -uall [32ms]
2023-01-14 11:35:54.616 [info] > git config --get commit.template [6ms]
2023-01-14 11:35:54.617 [info] > git for-each-ref --format=%(refname)%00%(upstream:short)%00%(objectname)%00%(upstream:track)%00%(upstream:remotename)%00%(upstream:remoteref) refs/heads/master refs/remotes/master [1ms]
2023-01-14 11:35:54.628 [info] > git for-each-ref --sort -committerdate --format %(refname) %(objectname) %(*objectname) [2ms]
2023-01-14 11:35:54.654 [info] > git status -z -uall [32ms]
2023-01-14 11:35:59.722 [info] > git config --get commit.template [6ms]
2023-01-14 11:35:59.722 [info] > git for-each-ref --format=%(refname)%00%(upstream:short)%00%(objectname)%00%(upstream:track)%00%(upstream:remotename)%00%(upstream:remoteref) refs/heads/master refs/remotes/master [1ms]
2023-01-14 11:35:59.735 [info] > git for-each-ref --sort -committerdate --format %(refname) %(objectname) %(*objectname) [1ms]
2023-01-14 11:35:59.761 [info] > git status -z -uall [33ms]
2023-01-14 11:36:04.827 [info] > git config --get commit.template [5ms]
2023-01-14 11:36:04.829 [info] > git for-each-ref --format=%(refname)%00%(upstream:short)%00%(objectname)%00%(upstream:track)%00%(upstream:remotename)%00%(upstream:remoteref) refs/heads/master refs/remotes/master [2ms]
2023-01-14 11:36:04.841 [info] > git for-each-ref --sort -committerdate --format %(refname) %(objectname) %(*objectname) [2ms]
2023-01-14 11:36:04.866 [info] > git status -z -uall [32ms]
2023-01-14 11:36:09.942 [info] > git config --get commit.template [8ms]
2023-01-14 11:36:09.943 [info] > git for-each-ref --format=%(refname)%00%(upstream:short)%00%(objectname)%00%(upstream:track)%00%(upstream:remotename)%00%(upstream:remoteref) refs/heads/master refs/remotes/master [1ms]
2023-01-14 11:36:09.955 [info] > git for-each-ref --sort -committerdate --format %(refname) %(objectname) %(*objectname) [2ms]
2023-01-14 11:36:10.015 [info] > git status -z -uall [68ms]
2023-01-14 11:36:15.092 [info] > git config --get commit.template [7ms]
2023-01-14 11:36:15.092 [info] > git for-each-ref --format=%(refname)%00%(upstream:short)%00%(objectname)%00%(upstream:track)%00%(upstream:remotename)%00%(upstream:remoteref) refs/heads/master refs/remotes/master [1ms]
2023-01-14 11:36:15.103 [info] > git for-each-ref --sort -committerdate --format %(refname) %(objectname) %(*objectname) [1ms]
2023-01-14 11:36:15.132 [info] > git status -z -uall [34ms]
2023-01-14 11:36:20.210 [info] > git config --get commit.template [7ms]
2023-01-14 11:36:20.210 [info] > git for-each-ref --format=%(refname)%00%(upstream:short)%00%(objectname)%00%(upstream:track)%00%(upstream:remotename)%00%(upstream:remoteref) refs/heads/master refs/remotes/master [1ms]
2023-01-14 11:36:20.224 [info] > git for-each-ref --sort -committerdate --format %(refname) %(objectname) %(*objectname) [2ms]
2023-01-14 11:36:20.247 [info] > git status -z -uall [31ms]
2023-01-14 11:36:25.320 [info] > git config --get commit.template [7ms]
2023-01-14 11:36:25.320 [info] > git for-each-ref --format=%(refname)%00%(upstream:short)%00%(objectname)%00%(upstream:track)%00%(upstream:remotename)%00%(upstream:remoteref) refs/heads/master refs/remotes/master [1ms]
2023-01-14 11:36:25.332 [info] > git for-each-ref --sort -committerdate --format %(refname) %(objectname) %(*objectname) [1ms]
2023-01-14 11:36:25.358 [info] > git status -z -uall [33ms]
2023-01-14 11:36:30.429 [info] > git config --get commit.template [6ms]
2023-01-14 11:36:30.429 [info] > git for-each-ref --format=%(refname)%00%(upstream:short)%00%(objectname)%00%(upstream:track)%00%(upstream:remotename)%00%(upstream:remoteref) refs/heads/master refs/remotes/master [1ms]
2023-01-14 11:36:30.440 [info] > git for-each-ref --sort -committerdate --format %(refname) %(objectname) %(*objectname) [1ms]
2023-01-14 11:36:30.466 [info] > git status -z -uall [32ms]
2023-01-14 11:36:35.535 [info] > git config --get commit.template [7ms]
2023-01-14 11:36:35.535 [info] > git for-each-ref --format=%(refname)%00%(upstream:short)%00%(objectname)%00%(upstream:track)%00%(upstream:remotename)%00%(upstream:remoteref) refs/heads/master refs/remotes/master [1ms]
2023-01-14 11:36:35.545 [info] > git for-each-ref --sort -committerdate --format %(refname) %(objectname) %(*objectname) [1ms]
2023-01-14 11:36:35.572 [info] > git status -z -uall [33ms]
2023-01-14 11:36:40.644 [info] > git config --get commit.template [7ms]
2023-01-14 11:36:40.644 [info] > git for-each-ref --format=%(refname)%00%(upstream:short)%00%(objectname)%00%(upstream:track)%00%(upstream:remotename)%00%(upstream:remoteref) refs/heads/master refs/remotes/master [1ms]
2023-01-14 11:36:40.657 [info] > git for-each-ref --sort -committerdate --format %(refname) %(objectname) %(*objectname) [2ms]
2023-01-14 11:36:40.683 [info] > git status -z -uall [33ms]
2023-01-14 11:36:45.752 [info] > git config --get commit.template [6ms]
2023-01-14 11:36:45.753 [info] > git for-each-ref --format=%(refname)%00%(upstream:short)%00%(objectname)%00%(upstream:track)%00%(upstream:remotename)%00%(upstream:remoteref) refs/heads/master refs/remotes/master [1ms]
2023-01-14 11:36:45.763 [info] > git for-each-ref --sort -committerdate --format %(refname) %(objectname) %(*objectname) [1ms]
2023-01-14 11:36:45.790 [info] > git status -z -uall [32ms]
2023-01-14 11:36:50.856 [info] > git config --get commit.template [0ms]
2023-01-14 11:36:50.863 [info] > git for-each-ref --format=%(refname)%00%(upstream:short)%00%(objectname)%00%(upstream:track)%00%(upstream:remotename)%00%(upstream:remoteref) refs/heads/master refs/remotes/master [1ms]
2023-01-14 11:36:50.875 [info] > git for-each-ref --sort -committerdate --format %(refname) %(objectname) %(*objectname) [2ms]
2023-01-14 11:36:50.900 [info] > git status -z -uall [31ms]
2023-01-14 11:36:55.969 [info] > git config --get commit.template [6ms]
2023-01-14 11:36:55.969 [info] > git for-each-ref --format=%(refname)%00%(upstream:short)%00%(objectname)%00%(upstream:track)%00%(upstream:remotename)%00%(upstream:remoteref) refs/heads/master refs/remotes/master [1ms]
2023-01-14 11:36:55.982 [info] > git for-each-ref --sort -committerdate --format %(refname) %(objectname) %(*objectname) [2ms]
2023-01-14 11:36:56.037 [info] > git status -z -uall [63ms]
2023-01-14 11:37:01.113 [info] > git config --get commit.template [5ms]
2023-01-14 11:37:01.113 [info] > git for-each-ref --format=%(refname)%00%(upstream:short)%00%(objectname)%00%(upstream:track)%00%(upstream:remotename)%00%(upstream:remoteref) refs/heads/master refs/remotes/master [1ms]
2023-01-14 11:37:01.127 [info] > git for-each-ref --sort -committerdate --format %(refname) %(objectname) %(*objectname) [2ms]
2023-01-14 11:37:01.153 [info] > git status -z -uall [33ms]
2023-01-14 11:37:06.224 [info] > git config --get commit.template [6ms]
2023-01-14 11:37:06.224 [info] > git for-each-ref --format=%(refname)%00%(upstream:short)%00%(objectname)%00%(upstream:track)%00%(upstream:remotename)%00%(upstream:remoteref) refs/heads/master refs/remotes/master [1ms]
2023-01-14 11:37:06.237 [info] > git for-each-ref --sort -committerdate --format %(refname) %(objectname) %(*objectname) [1ms]
2023-01-14 11:37:06.262 [info] > git status -z -uall [32ms]
2023-01-14 11:37:11.328 [info] > git config --get commit.template [7ms]
2023-01-14 11:37:11.328 [info] > git for-each-ref --format=%(refname)%00%(upstream:short)%00%(objectname)%00%(upstream:track)%00%(upstream:remotename)%00%(upstream:remoteref) refs/heads/master refs/remotes/master [0ms]
2023-01-14 11:37:11.340 [info] > git for-each-ref --sort -committerdate --format %(refname) %(objectname) %(*objectname) [1ms]
2023-01-14 11:37:11.365 [info] > git status -z -uall [32ms]
2023-01-14 11:37:16.434 [info] > git config --get commit.template [6ms]
2023-01-14 11:37:16.436 [info] > git for-each-ref --format=%(refname)%00%(upstream:short)%00%(objectname)%00%(upstream:track)%00%(upstream:remotename)%00%(upstream:remoteref) refs/heads/master refs/remotes/master [3ms]
2023-01-14 11:37:16.448 [info] > git for-each-ref --sort -committerdate --format %(refname) %(objectname) %(*objectname) [2ms]
2023-01-14 11:37:16.474 [info] > git status -z -uall [32ms]
2023-01-14 11:37:21.542 [info] > git config --get commit.template [6ms]
2023-01-14 11:37:21.543 [info] > git for-each-ref --format=%(refname)%00%(upstream:short)%00%(objectname)%00%(upstream:track)%00%(upstream:remotename)%00%(upstream:remoteref) refs/heads/master refs/remotes/master [1ms]
2023-01-14 11:37:21.554 [info] > git for-each-ref --sort -committerdate --format %(refname) %(objectname) %(*objectname) [1ms]
2023-01-14 11:37:21.580 [info] > git status -z -uall [33ms]
2023-01-14 11:37:26.648 [info] > git config --get commit.template [6ms]
2023-01-14 11:37:26.648 [info] > git for-each-ref --format=%(refname)%00%(upstream:short)%00%(objectname)%00%(upstream:track)%00%(upstream:remotename)%00%(upstream:remoteref) refs/heads/master refs/remotes/master [1ms]
2023-01-14 11:37:26.660 [info] > git for-each-ref --sort -committerdate --format %(refname) %(objectname) %(*objectname) [2ms]
2023-01-14 11:37:26.686 [info] > git status -z -uall [32ms]
2023-01-14 11:37:31.753 [info] > git config --get commit.template [6ms]
2023-01-14 11:37:31.753 [info] > git for-each-ref --format=%(refname)%00%(upstream:short)%00%(objectname)%00%(upstream:track)%00%(upstream:remotename)%00%(upstream:remoteref) refs/heads/master refs/remotes/master [1ms]
2023-01-14 11:37:31.764 [info] > git for-each-ref --sort -committerdate --format %(refname) %(objectname) %(*objectname) [2ms]
2023-01-14 11:37:31.789 [info] > git status -z -uall [32ms]
2023-01-14 11:37:36.857 [info] > git config --get commit.template [6ms]
2023-01-14 11:37:36.857 [info] > git for-each-ref --format=%(refname)%00%(upstream:short)%00%(objectname)%00%(upstream:track)%00%(upstream:remotename)%00%(upstream:remoteref) refs/heads/master refs/remotes/master [1ms]
2023-01-14 11:37:36.869 [info] > git for-each-ref --sort -committerdate --format %(refname) %(objectname) %(*objectname) [2ms]
2023-01-14 11:37:36.895 [info] > git status -z -uall [32ms]
2023-01-14 11:37:41.959 [warning] ENOENT: no such file or directory, open '/home/MalkovMA/.git/config'
2023-01-14 11:37:41.966 [warning] ENOENT: no such file or directory, open '/home/MalkovMA/.git/HEAD'
2023-01-14 11:37:41.972 [info] > git symbolic-ref --short HEAD [6ms]
2023-01-14 11:37:41.972 [info] fatal: not a git repository (or any of the parent directories): .git
2023-01-14 11:37:41.978 [info] > git remote --verbose [19ms]
2023-01-14 11:37:41.978 [info] fatal: not a git repository (or any of the parent directories): .git
2023-01-14 11:37:41.980 [info] > git rev-parse HEAD [2ms]
2023-01-14 11:37:41.980 [info] fatal: not a git repository (or any of the parent directories): .git
2023-01-14 11:37:41.980 [info] > git config --get commit.template [8ms]
2023-01-14 11:37:42.605 [info] > git check-ignore -v -z --stdin [1ms]
2023-01-14 11:39:15.426 [info] > git rev-parse --show-toplevel [2ms]
2023-01-14 11:39:15.431 [info] > git rev-parse --git-dir --git-common-dir [1ms]
2023-01-14 11:39:15.435 [info] Open repository: /home/MalkovMA
2023-01-14 11:39:15.449 [warning] No remotes found in the git config file.
2023-01-14 11:39:15.450 [info] > git for-each-ref --format=%(refname)%00%(upstream:short)%00%(objectname)%00%(upstream:track)%00%(upstream:remotename)%00%(upstream:remoteref) refs/heads/master refs/remotes/master [6ms]
2023-01-14 11:39:15.450 [info] > git config --get commit.template [11ms]
2023-01-14 11:39:15.451 [info] > git remote --verbose [2ms]
2023-01-14 11:39:15.466 [info] > git for-each-ref --sort -committerdate --format %(refname) %(objectname) %(*objectname) [4ms]
2023-01-14 11:39:15.497 [info] > git status -z -uall [40ms]
2023-01-14 11:39:16.134 [info] > git check-ignore -v -z --stdin [16ms]
2023-01-14 11:39:16.175 [info] > git check-ignore -v -z --stdin [43ms]
2023-01-14 11:39:20.252 [info] > git config --get commit.template [6ms]
2023-01-14 11:39:20.259 [warning] No remotes found in the git config file.
2023-01-14 11:39:20.259 [info] > git for-each-ref --format=%(refname)%00%(upstream:short)%00%(objectname)%00%(upstream:track)%00%(upstream:remotename)%00%(upstream:remoteref) refs/heads/master refs/remotes/master [7ms]
2023-01-14 11:39:20.260 [info] > git remote --verbose [1ms]
2023-01-14 11:39:20.272 [info] > git for-each-ref --sort -committerdate --format %(refname) %(objectname) %(*objectname) [1ms]
2023-01-14 11:39:20.297 [info] > git status -z -uall [32ms]
2023-01-14 11:39:25.375 [warning] No remotes found in the git config file.
2023-01-14 11:39:25.376 [info] > git for-each-ref --format=%(refname)%00%(upstream:short)%00%(objectname)%00%(upstream:track)%00%(upstream:remotename)%00%(upstream:remoteref) refs/heads/master refs/remotes/master [6ms]
2023-01-14 11:39:25.376 [info] > git config --get commit.template [13ms]
2023-01-14 11:39:25.378 [info] > git remote --verbose [3ms]
2023-01-14 11:39:25.393 [info] > git for-each-ref --sort -committerdate --format %(refname) %(objectname) %(*objectname) [1ms]
2023-01-14 11:39:25.496 [info] > git status -z -uall [112ms]
2023-01-14 11:39:30.580 [warning] No remotes found in the git config file.
2023-01-14 11:39:30.580 [info] > git for-each-ref --format=%(refname)%00%(upstream:short)%00%(objectname)%00%(upstream:track)%00%(upstream:remotename)%00%(upstream:remoteref) refs/heads/master refs/remotes/master [5ms]
2023-01-14 11:39:30.581 [info] > git config --get commit.template [15ms]
2023-01-14 11:39:30.582 [info] > git remote --verbose [2ms]
2023-01-14 11:39:30.599 [info] > git for-each-ref --sort -committerdate --format %(refname) %(objectname) %(*objectname) [2ms]
2023-01-14 11:39:30.631 [info] > git status -z -uall [45ms]
2023-01-14 11:39:35.709 [warning] No remotes found in the git config file.
2023-01-14 11:39:35.710 [info] > git for-each-ref --format=%(refname)%00%(upstream:short)%00%(objectname)%00%(upstream:track)%00%(upstream:remotename)%00%(upstream:remoteref) refs/heads/master refs/remotes/master [7ms]
2023-01-14 11:39:35.710 [info] > git config --get commit.template [14ms]
2023-01-14 11:39:35.710 [info] > git remote --verbose [1ms]
2023-01-14 11:39:35.724 [info] > git for-each-ref --sort -committerdate --format %(refname) %(objectname) %(*objectname) [1ms]
2023-01-14 11:39:35.749 [info] > git status -z -uall [32ms]
2023-01-14 11:39:40.823 [warning] No remotes found in the git config file.
2023-01-14 11:39:40.823 [info] > git config --get commit.template [14ms]
2023-01-14 11:39:40.823 [info] > git remote --verbose [1ms]
2023-01-14 11:39:40.824 [info] > git for-each-ref --format=%(refname)%00%(upstream:short)%00%(objectname)%00%(upstream:track)%00%(upstream:remotename)%00%(upstream:remoteref) refs/heads/master refs/remotes/master [7ms]
2023-01-14 11:39:40.836 [info] > git for-each-ref --sort -committerdate --format %(refname) %(objectname) %(*objectname) [2ms]
2023-01-14 11:39:40.861 [info] > git status -z -uall [31ms]
2023-01-14 11:39:45.935 [warning] No remotes found in the git config file.
2023-01-14 11:39:45.935 [info] > git for-each-ref --format=%(refname)%00%(upstream:short)%00%(objectname)%00%(upstream:track)%00%(upstream:remotename)%00%(upstream:remoteref) refs/heads/master refs/remotes/master [6ms]
2023-01-14 11:39:45.936 [info] > git config --get commit.template [13ms]
2023-01-14 11:39:45.936 [info] > git remote --verbose [1ms]
2023-01-14 11:39:45.950 [info] > git for-each-ref --sort -committerdate --format %(refname) %(objectname) %(*objectname) [1ms]
2023-01-14 11:39:45.974 [info] > git status -z -uall [32ms]
2023-01-14 11:39:51.048 [warning] No remotes found in the git config file.
2023-01-14 11:39:51.048 [info] > git config --get commit.template [13ms]
2023-01-14 11:39:51.049 [info] > git for-each-ref --format=%(refname)%00%(upstream:short)%00%(objectname)%00%(upstream:track)%00%(upstream:remotename)%00%(upstream:remoteref) refs/heads/master refs/remotes/master [7ms]
2023-01-14 11:39:51.049 [info] > git remote --verbose [1ms]
2023-01-14 11:39:51.063 [info] > git for-each-ref --sort -committerdate --format %(refname) %(objectname) %(*objectname) [2ms]
2023-01-14 11:39:51.089 [info] > git status -z -uall [34ms]
2023-01-14 11:39:56.169 [warning] No remotes found in the git config file.
2023-01-14 11:39:56.170 [info] > git for-each-ref --format=%(refname)%00%(upstream:short)%00%(objectname)%00%(upstream:track)%00%(upstream:remotename)%00%(upstream:remoteref) refs/heads/master refs/remotes/master [7ms]
2023-01-14 11:39:56.171 [info] > git config --get commit.template [19ms]
2023-01-14 11:39:56.171 [info] > git remote --verbose [2ms]
2023-01-14 11:39:56.199 [info] > git for-each-ref --sort -committerdate --format %(refname) %(objectname) %(*objectname) [9ms]
2023-01-14 11:39:56.217 [info] > git status -z -uall [38ms]
