2023-01-11 09:56:12.947 [info] Extension host with pid 7184 started
2023-01-11 09:56:12.983 [info] Lock '/home/MalkovMA/.vscode-server/data/User/workspaceStorage/243ebfbc496cc3f09efb5717f1a26cb3/vscode.lock': Lock acquired.
2023-01-11 09:56:13.017 [info] ExtensionService#_doActivateExtension vscode.git-base, startup: true, activationEvent: '*', root cause: vscode.git
2023-01-11 09:56:13.320 [info] ExtensionService#_doActivateExtension vscode.git, startup: true, activationEvent: '*'
2023-01-11 09:56:13.320 [info] ExtensionService#_doActivateExtension vscode.github, startup: true, activationEvent: '*'
2023-01-11 09:56:13.546 [info] ExtensionService#_doActivateExtension vscode.debug-auto-launch, startup: false, activationEvent: 'onStartupFinished'
2023-01-11 09:56:13.547 [info] ExtensionService#_doActivateExtension vscode.emmet, startup: false, activationEvent: 'onStartupFinished'
2023-01-11 09:56:13.547 [info] ExtensionService#_doActivateExtension vscode.merge-conflict, startup: false, activationEvent: 'onStartupFinished'
2023-01-11 09:56:13.547 [info] Eager extensions activated
2023-01-11 09:56:13.847 [warning] [Decorations] CAPPING events from decorations provider vscode.git 7523
2023-01-11 09:56:14.749 [warning] [Decorations] CAPPING events from decorations provider vscode.git 7523
2023-01-11 10:01:14.436 [warning] [Decorations] CAPPING events from decorations provider vscode.git 7523
2023-01-11 10:01:19.555 [warning] [Decorations] CAPPING events from decorations provider vscode.git 7521
2023-01-11 10:01:24.702 [warning] [Decorations] CAPPING events from decorations provider vscode.git 7521
2023-01-11 10:02:06.506 [warning] [Decorations] CAPPING events from decorations provider vscode.git 7521
2023-01-11 10:02:11.620 [warning] [Decorations] CAPPING events from decorations provider vscode.git 7521
2023-01-11 10:02:19.379 [warning] [Decorations] CAPPING events from decorations provider vscode.git 7521
2023-01-11 10:02:24.529 [warning] [Decorations] CAPPING events from decorations provider vscode.git 7521
2023-01-11 10:02:29.645 [warning] [Decorations] CAPPING events from decorations provider vscode.git 7521
2023-01-11 10:02:34.767 [warning] [Decorations] CAPPING events from decorations provider vscode.git 7521
2023-01-11 10:02:39.888 [warning] [Decorations] CAPPING events from decorations provider vscode.git 7521
2023-01-11 10:02:45.006 [warning] [Decorations] CAPPING events from decorations provider vscode.git 7521
2023-01-11 10:02:50.125 [warning] [Decorations] CAPPING events from decorations provider vscode.git 7521
2023-01-11 10:02:55.240 [warning] [Decorations] CAPPING events from decorations provider vscode.git 7521
2023-01-11 10:03:00.393 [warning] [Decorations] CAPPING events from decorations provider vscode.git 7521
2023-01-11 10:03:10.443 [warning] [Decorations] CAPPING events from decorations provider vscode.git 7521
2023-01-11 10:03:15.560 [warning] [Decorations] CAPPING events from decorations provider vscode.git 7521
2023-01-11 10:03:20.677 [warning] [Decorations] CAPPING events from decorations provider vscode.git 7521
2023-01-11 10:03:25.794 [warning] [Decorations] CAPPING events from decorations provider vscode.git 7521
2023-01-11 10:03:30.916 [warning] [Decorations] CAPPING events from decorations provider vscode.git 7521
2023-01-11 10:03:36.032 [warning] [Decorations] CAPPING events from decorations provider vscode.git 7521
2023-01-11 10:03:41.181 [warning] [Decorations] CAPPING events from decorations provider vscode.git 7521
2023-01-11 10:03:46.325 [warning] [Decorations] CAPPING events from decorations provider vscode.git 7521
2023-01-11 10:03:51.472 [warning] [Decorations] CAPPING events from decorations provider vscode.git 7521
2023-01-11 10:03:56.588 [warning] [Decorations] CAPPING events from decorations provider vscode.git 7521
2023-01-11 10:04:03.222 [warning] [Decorations] CAPPING events from decorations provider vscode.git 7521
2023-01-11 10:04:13.754 [warning] [Decorations] CAPPING events from decorations provider vscode.git 7521
2023-01-11 10:04:18.907 [warning] [Decorations] CAPPING events from decorations provider vscode.git 7521
2023-01-11 10:04:24.142 [warning] [Decorations] CAPPING events from decorations provider vscode.git 7521
2023-01-11 10:04:29.280 [warning] [Decorations] CAPPING events from decorations provider vscode.git 7521
2023-01-11 10:08:58.805 [warning] [Decorations] CAPPING events from decorations provider vscode.git 7521
2023-01-11 10:09:03.922 [warning] [Decorations] CAPPING events from decorations provider vscode.git 7521
2023-01-11 10:09:22.192 [warning] [Decorations] CAPPING events from decorations provider vscode.git 7521
2023-01-11 10:09:31.149 [warning] [Decorations] CAPPING events from decorations provider vscode.git 7521
2023-01-11 10:09:41.888 [warning] [Decorations] CAPPING events from decorations provider vscode.git 7521
2023-01-11 10:09:47.001 [warning] [Decorations] CAPPING events from decorations provider vscode.git 7521
2023-01-11 10:09:52.115 [warning] [Decorations] CAPPING events from decorations provider vscode.git 7521
2023-01-11 10:09:57.860 [warning] [Decorations] CAPPING events from decorations provider vscode.git 7521
2023-01-11 10:10:08.201 [warning] [Decorations] CAPPING events from decorations provider vscode.git 7521
2023-01-11 10:10:13.350 [warning] [Decorations] CAPPING events from decorations provider vscode.git 7521
2023-01-11 10:10:18.464 [warning] [Decorations] CAPPING events from decorations provider vscode.git 7521
2023-01-11 10:10:23.576 [warning] [Decorations] CAPPING events from decorations provider vscode.git 7521
2023-01-11 10:10:28.689 [warning] [Decorations] CAPPING events from decorations provider vscode.git 7521
2023-01-11 10:10:33.800 [warning] [Decorations] CAPPING events from decorations provider vscode.git 7521
2023-01-11 10:10:38.910 [warning] [Decorations] CAPPING events from decorations provider vscode.git 7521
2023-01-11 10:10:44.057 [warning] [Decorations] CAPPING events from decorations provider vscode.git 7521
2023-01-11 10:10:49.207 [warning] [Decorations] CAPPING events from decorations provider vscode.git 7521
2023-01-11 10:10:54.353 [warning] [Decorations] CAPPING events from decorations provider vscode.git 7521
2023-01-11 10:10:59.475 [warning] [Decorations] CAPPING events from decorations provider vscode.git 7521
2023-01-11 10:11:04.589 [warning] [Decorations] CAPPING events from decorations provider vscode.git 7521
2023-01-11 10:11:09.701 [warning] [Decorations] CAPPING events from decorations provider vscode.git 7521
2023-01-11 10:11:14.816 [warning] [Decorations] CAPPING events from decorations provider vscode.git 7521
2023-01-11 10:11:19.975 [warning] [Decorations] CAPPING events from decorations provider vscode.git 7521
2023-01-11 10:11:25.083 [warning] [Decorations] CAPPING events from decorations provider vscode.git 7521
2023-01-11 10:11:30.195 [warning] [Decorations] CAPPING events from decorations provider vscode.git 7521
2023-01-11 10:11:35.347 [warning] [Decorations] CAPPING events from decorations provider vscode.git 7521
2023-01-11 10:11:40.458 [warning] [Decorations] CAPPING events from decorations provider vscode.git 7521
2023-01-11 10:11:45.573 [warning] [Decorations] CAPPING events from decorations provider vscode.git 7521
2023-01-11 10:11:50.693 [warning] [Decorations] CAPPING events from decorations provider vscode.git 7521
2023-01-11 10:11:55.805 [warning] [Decorations] CAPPING events from decorations provider vscode.git 7521
2023-01-11 10:12:50.047 [warning] [Decorations] CAPPING events from decorations provider vscode.git 7521
2023-01-11 10:14:48.257 [warning] [Decorations] CAPPING events from decorations provider vscode.git 7521
2023-01-11 10:14:53.413 [warning] [Decorations] CAPPING events from decorations provider vscode.git 7521
2023-01-11 10:14:58.633 [warning] [Decorations] CAPPING events from decorations provider vscode.git 7521
2023-01-11 10:15:03.777 [warning] [Decorations] CAPPING events from decorations provider vscode.git 7521
2023-01-11 10:15:08.907 [warning] [Decorations] CAPPING events from decorations provider vscode.git 7521
2023-01-11 10:15:14.024 [warning] [Decorations] CAPPING events from decorations provider vscode.git 7521
2023-01-11 10:15:19.143 [warning] [Decorations] CAPPING events from decorations provider vscode.git 7521
2023-01-11 10:15:24.255 [warning] [Decorations] CAPPING events from decorations provider vscode.git 7521
2023-01-11 10:15:29.369 [warning] [Decorations] CAPPING events from decorations provider vscode.git 7521
2023-01-11 10:15:34.482 [warning] [Decorations] CAPPING events from decorations provider vscode.git 7521
2023-01-11 10:15:39.599 [warning] [Decorations] CAPPING events from decorations provider vscode.git 7521
2023-01-11 10:15:44.713 [warning] [Decorations] CAPPING events from decorations provider vscode.git 7521
2023-01-11 10:15:49.829 [warning] [Decorations] CAPPING events from decorations provider vscode.git 7521
2023-01-11 10:16:10.118 [warning] [Decorations] CAPPING events from decorations provider vscode.git 7521
2023-01-11 10:16:13.788 [info] ExtensionService#_doActivateExtension ms-azuretools.vscode-docker, startup: false, activationEvent: 'onLanguage:dockercompose'
2023-01-11 10:16:15.241 [warning] [Decorations] CAPPING events from decorations provider vscode.git 7522
2023-01-11 10:16:20.361 [warning] [Decorations] CAPPING events from decorations provider vscode.git 7522
2023-01-11 10:16:25.488 [warning] [Decorations] CAPPING events from decorations provider vscode.git 7522
2023-01-11 10:18:00.782 [warning] [Decorations] CAPPING events from decorations provider vscode.git 7522
2023-01-11 10:18:05.899 [warning] [Decorations] CAPPING events from decorations provider vscode.git 7522
2023-01-11 10:18:18.040 [warning] [Decorations] CAPPING events from decorations provider vscode.git 7522
2023-01-11 10:18:29.184 [warning] [Decorations] CAPPING events from decorations provider vscode.git 7522
2023-01-11 10:18:37.336 [warning] [Decorations] CAPPING events from decorations provider vscode.git 7522
2023-01-11 10:18:42.459 [warning] [Decorations] CAPPING events from decorations provider vscode.git 7522
2023-01-11 10:18:47.573 [warning] [Decorations] CAPPING events from decorations provider vscode.git 7522
2023-01-11 10:18:52.687 [warning] [Decorations] CAPPING events from decorations provider vscode.git 7522
2023-01-11 10:18:57.809 [warning] [Decorations] CAPPING events from decorations provider vscode.git 7522
2023-01-11 10:19:17.311 [warning] [Decorations] CAPPING events from decorations provider vscode.git 7522
2023-01-11 10:19:22.427 [warning] [Decorations] CAPPING events from decorations provider vscode.git 7522
2023-01-11 10:19:27.543 [warning] [Decorations] CAPPING events from decorations provider vscode.git 7522
2023-01-11 10:19:32.656 [warning] [Decorations] CAPPING events from decorations provider vscode.git 7522
2023-01-11 10:19:37.769 [warning] [Decorations] CAPPING events from decorations provider vscode.git 7522
2023-01-11 10:19:42.884 [warning] [Decorations] CAPPING events from decorations provider vscode.git 7522
2023-01-11 10:19:47.995 [warning] [Decorations] CAPPING events from decorations provider vscode.git 7522
2023-01-11 10:19:53.110 [warning] [Decorations] CAPPING events from decorations provider vscode.git 7522
2023-01-11 10:19:58.223 [warning] [Decorations] CAPPING events from decorations provider vscode.git 7522
2023-01-11 10:20:03.342 [warning] [Decorations] CAPPING events from decorations provider vscode.git 7522
2023-01-11 10:20:08.456 [warning] [Decorations] CAPPING events from decorations provider vscode.git 7522
2023-01-11 10:20:13.571 [warning] [Decorations] CAPPING events from decorations provider vscode.git 7522
2023-01-11 10:20:18.691 [warning] [Decorations] CAPPING events from decorations provider vscode.git 7522
2023-01-11 10:20:23.806 [warning] [Decorations] CAPPING events from decorations provider vscode.git 7522
2023-01-11 10:20:28.917 [warning] [Decorations] CAPPING events from decorations provider vscode.git 7522
2023-01-11 10:20:34.029 [warning] [Decorations] CAPPING events from decorations provider vscode.git 7522
2023-01-11 10:20:39.181 [warning] [Decorations] CAPPING events from decorations provider vscode.git 7522
2023-01-11 10:20:44.329 [warning] [Decorations] CAPPING events from decorations provider vscode.git 7522
2023-01-11 10:20:49.446 [warning] [Decorations] CAPPING events from decorations provider vscode.git 7522
2023-01-11 10:20:54.571 [warning] [Decorations] CAPPING events from decorations provider vscode.git 7522
2023-01-11 10:20:59.689 [warning] [Decorations] CAPPING events from decorations provider vscode.git 7522
2023-01-11 10:21:29.754 [warning] [Decorations] CAPPING events from decorations provider vscode.git 7522
2023-01-11 10:21:34.867 [warning] [Decorations] CAPPING events from decorations provider vscode.git 7522
2023-01-11 10:21:40.081 [warning] [Decorations] CAPPING events from decorations provider vscode.git 7522
2023-01-11 10:21:45.238 [warning] [Decorations] CAPPING events from decorations provider vscode.git 7522
2023-01-11 10:35:35.998 [warning] [Decorations] CAPPING events from decorations provider vscode.git 7522
2023-01-11 10:35:41.113 [warning] [Decorations] CAPPING events from decorations provider vscode.git 7522
2023-01-11 10:35:46.235 [warning] [Decorations] CAPPING events from decorations provider vscode.git 7522
2023-01-11 10:35:51.354 [warning] [Decorations] CAPPING events from decorations provider vscode.git 7522
2023-01-11 10:35:56.468 [warning] [Decorations] CAPPING events from decorations provider vscode.git 7522
2023-01-11 10:36:01.594 [warning] [Decorations] CAPPING events from decorations provider vscode.git 7522
2023-01-11 10:36:06.761 [warning] [Decorations] CAPPING events from decorations provider vscode.git 7522
2023-01-11 10:36:12.002 [warning] [Decorations] CAPPING events from decorations provider vscode.git 7522
2023-01-11 10:36:17.148 [warning] [Decorations] CAPPING events from decorations provider vscode.git 7522
2023-01-11 10:38:11.265 [warning] [Decorations] CAPPING events from decorations provider vscode.git 7522
2023-01-11 10:38:16.381 [warning] [Decorations] CAPPING events from decorations provider vscode.git 7522
2023-01-11 10:38:21.498 [warning] [Decorations] CAPPING events from decorations provider vscode.git 7522
2023-01-11 10:38:27.969 [warning] [Decorations] CAPPING events from decorations provider vscode.git 7522
2023-01-11 10:38:40.597 [warning] [Decorations] CAPPING events from decorations provider vscode.git 7522
2023-01-11 10:39:06.975 [warning] [Decorations] CAPPING events from decorations provider vscode.git 7522
2023-01-11 10:39:19.983 [warning] [Decorations] CAPPING events from decorations provider vscode.git 7522
2023-01-11 10:41:50.084 [warning] [Decorations] CAPPING events from decorations provider vscode.git 7522
2023-01-11 10:41:55.208 [warning] [Decorations] CAPPING events from decorations provider vscode.git 7522
2023-01-11 10:42:00.355 [warning] [Decorations] CAPPING events from decorations provider vscode.git 7522
2023-01-11 10:42:00.369 [info] Extension host terminating: received terminate message from renderer
2023-01-11 10:42:00.370 [info] Lock '/home/MalkovMA/.vscode-server/data/User/workspaceStorage/243ebfbc496cc3f09efb5717f1a26cb3/vscode.lock': Marking the lockfile as scheduled to be released in 6000 ms.
2023-01-11 10:42:00.414 [info] Extension host with pid 7184 exiting with code 0
