2023-01-10 23:40:58.456 [info] Log level: Info
2023-01-10 23:40:58.456 [info] Validating found git in: "git"
2023-01-10 23:40:58.456 [info] Using git "2.31.1" from "git"
2023-01-10 23:40:58.456 [info] > git rev-parse --show-toplevel [84ms]
2023-01-10 23:40:58.457 [info] > git rev-parse --git-dir --git-common-dir [6ms]
2023-01-10 23:40:58.457 [info] Open repository: /home/MalkovMA
2023-01-10 23:40:58.457 [info] > git rev-parse --show-toplevel [12ms]
2023-01-10 23:40:58.457 [info] > git config --get commit.template [15ms]
2023-01-10 23:40:58.457 [info] > git rev-parse --show-toplevel [5ms]
2023-01-10 23:40:58.457 [info] > git for-each-ref --format=%(refname)%00%(upstream:short)%00%(objectname)%00%(upstream:track)%00%(upstream:remotename)%00%(upstream:remoteref) refs/heads/master refs/remotes/master [11ms]
2023-01-10 23:40:58.457 [info] > git rev-parse --show-toplevel [19ms]
2023-01-10 23:40:58.457 [info] > git for-each-ref --sort -committerdate --format %(refname) %(objectname) %(*objectname) [5ms]
2023-01-10 23:40:58.457 [info] > git rev-parse --show-toplevel [35ms]
2023-01-10 23:40:58.457 [info] > git rev-parse --show-toplevel [8ms]
2023-01-10 23:40:58.457 [info] > git rev-parse --show-toplevel [0ms]
2023-01-10 23:40:58.457 [info] > git status -z -uall [83ms]
2023-01-10 23:40:58.457 [info] > git rev-parse --show-toplevel [162ms]
2023-01-10 23:40:58.457 [info] > git rev-parse --git-dir --git-common-dir [743ms]
2023-01-10 23:40:58.457 [info] Open repository: /home/MalkovMA/lab4
2023-01-10 23:40:58.457 [info] > git config --get commit.template [766ms]
2023-01-10 23:40:58.457 [info] > git check-ignore -v -z --stdin [20ms]
2023-01-10 23:40:58.457 [info] > git for-each-ref --format=%(refname)%00%(upstream:short)%00%(objectname)%00%(upstream:track)%00%(upstream:remotename)%00%(upstream:remoteref) refs/heads/master refs/remotes/master [3ms]
2023-01-10 23:40:58.457 [info] > git config --get commit.template [15ms]
2023-01-10 23:40:58.457 [info] > git for-each-ref --sort -committerdate --format %(refname) %(objectname) %(*objectname) [6ms]
2023-01-10 23:40:58.457 [info] > git for-each-ref --format=%(refname)%00%(upstream:short)%00%(objectname)%00%(upstream:track)%00%(upstream:remotename)%00%(upstream:remoteref) refs/heads/main refs/remotes/main [30ms]
2023-01-10 23:40:58.457 [info] > git status -z -uall [5ms]
2023-01-10 23:40:58.457 [info] > git status -z -uall [54ms]
2023-01-10 23:40:58.457 [info] > git for-each-ref --sort -committerdate --format %(refname) %(objectname) %(*objectname) [83ms]
2023-01-10 23:40:58.457 [info] > git check-ignore -v -z --stdin [42ms]
2023-01-10 23:40:58.457 [info] > git check-ignore -v -z --stdin [39ms]
2023-01-10 23:40:58.986 [info] > git check-ignore -v -z --stdin [16ms]
2023-01-10 23:40:58.987 [info] > git check-ignore -v -z --stdin [2ms]
2023-01-10 23:41:05.399 [info] > git config --get commit.template [4ms]
2023-01-10 23:41:05.400 [info] > git for-each-ref --format=%(refname)%00%(upstream:short)%00%(objectname)%00%(upstream:track)%00%(upstream:remotename)%00%(upstream:remoteref) refs/heads/master refs/remotes/master [2ms]
2023-01-10 23:41:05.408 [info] > git for-each-ref --sort -committerdate --format %(refname) %(objectname) %(*objectname) [2ms]
2023-01-10 23:41:05.442 [info] > git status -z -uall [39ms]
2023-01-10 23:41:13.179 [info] > git config --get commit.template [5ms]
2023-01-10 23:41:13.180 [info] > git for-each-ref --format=%(refname)%00%(upstream:short)%00%(objectname)%00%(upstream:track)%00%(upstream:remotename)%00%(upstream:remoteref) refs/heads/master refs/remotes/master [2ms]
2023-01-10 23:41:13.190 [info] > git for-each-ref --sort -committerdate --format %(refname) %(objectname) %(*objectname) [1ms]
2023-01-10 23:41:13.217 [info] > git status -z -uall [33ms]
2023-01-10 23:41:21.776 [info] > git config --get commit.template [1ms]
2023-01-10 23:41:21.783 [info] > git for-each-ref --format=%(refname)%00%(upstream:short)%00%(objectname)%00%(upstream:track)%00%(upstream:remotename)%00%(upstream:remoteref) refs/heads/master refs/remotes/master [3ms]
2023-01-10 23:41:21.793 [info] > git for-each-ref --sort -committerdate --format %(refname) %(objectname) %(*objectname) [2ms]
2023-01-10 23:41:21.828 [info] > git status -z -uall [41ms]
2023-01-10 23:41:26.926 [info] > git config --get commit.template [5ms]
2023-01-10 23:41:26.926 [info] > git for-each-ref --format=%(refname)%00%(upstream:short)%00%(objectname)%00%(upstream:track)%00%(upstream:remotename)%00%(upstream:remoteref) refs/heads/master refs/remotes/master [1ms]
2023-01-10 23:41:26.938 [info] > git for-each-ref --sort -committerdate --format %(refname) %(objectname) %(*objectname) [2ms]
2023-01-10 23:41:26.982 [info] > git status -z -uall [49ms]
2023-01-10 23:41:32.073 [info] > git config --get commit.template [5ms]
2023-01-10 23:41:32.073 [info] > git for-each-ref --format=%(refname)%00%(upstream:short)%00%(objectname)%00%(upstream:track)%00%(upstream:remotename)%00%(upstream:remoteref) refs/heads/master refs/remotes/master [1ms]
2023-01-10 23:41:32.082 [info] > git for-each-ref --sort -committerdate --format %(refname) %(objectname) %(*objectname) [1ms]
2023-01-10 23:41:32.109 [info] > git status -z -uall [32ms]
2023-01-10 23:41:49.204 [info] > git config --get commit.template [5ms]
2023-01-10 23:41:49.206 [info] > git for-each-ref --format=%(refname)%00%(upstream:short)%00%(objectname)%00%(upstream:track)%00%(upstream:remotename)%00%(upstream:remoteref) refs/heads/master refs/remotes/master [3ms]
2023-01-10 23:41:49.213 [info] > git for-each-ref --sort -committerdate --format %(refname) %(objectname) %(*objectname) [1ms]
2023-01-10 23:41:49.248 [info] > git status -z -uall [39ms]
2023-01-10 23:41:54.324 [info] > git config --get commit.template [5ms]
2023-01-10 23:41:54.324 [info] > git for-each-ref --format=%(refname)%00%(upstream:short)%00%(objectname)%00%(upstream:track)%00%(upstream:remotename)%00%(upstream:remoteref) refs/heads/master refs/remotes/master [1ms]
2023-01-10 23:41:54.334 [info] > git for-each-ref --sort -committerdate --format %(refname) %(objectname) %(*objectname) [3ms]
2023-01-10 23:41:54.360 [info] > git status -z -uall [32ms]
2023-01-10 23:41:59.427 [info] > git config --get commit.template [5ms]
2023-01-10 23:41:59.427 [info] > git for-each-ref --format=%(refname)%00%(upstream:short)%00%(objectname)%00%(upstream:track)%00%(upstream:remotename)%00%(upstream:remoteref) refs/heads/master refs/remotes/master [1ms]
2023-01-10 23:41:59.436 [info] > git for-each-ref --sort -committerdate --format %(refname) %(objectname) %(*objectname) [1ms]
2023-01-10 23:41:59.464 [info] > git status -z -uall [33ms]
2023-01-10 23:42:04.535 [info] > git config --get commit.template [6ms]
2023-01-10 23:42:04.537 [info] > git for-each-ref --format=%(refname)%00%(upstream:short)%00%(objectname)%00%(upstream:track)%00%(upstream:remotename)%00%(upstream:remoteref) refs/heads/master refs/remotes/master [3ms]
2023-01-10 23:42:04.551 [info] > git for-each-ref --sort -committerdate --format %(refname) %(objectname) %(*objectname) [2ms]
2023-01-10 23:42:04.604 [info] > git status -z -uall [61ms]
2023-01-10 23:42:08.662 [info] > git config --get commit.template [5ms]
2023-01-10 23:42:08.665 [info] > git for-each-ref --format=%(refname)%00%(upstream:short)%00%(objectname)%00%(upstream:track)%00%(upstream:remotename)%00%(upstream:remoteref) refs/heads/main refs/remotes/main [3ms]
2023-01-10 23:42:08.672 [info] > git status -z -uall [4ms]
2023-01-10 23:42:08.674 [info] > git for-each-ref --sort -committerdate --format %(refname) %(objectname) %(*objectname) [2ms]
2023-01-10 23:42:09.677 [info] > git config --get commit.template [3ms]
2023-01-10 23:42:09.682 [info] > git for-each-ref --format=%(refname)%00%(upstream:short)%00%(objectname)%00%(upstream:track)%00%(upstream:remotename)%00%(upstream:remoteref) refs/heads/master refs/remotes/master [1ms]
2023-01-10 23:42:09.698 [info] > git for-each-ref --sort -committerdate --format %(refname) %(objectname) %(*objectname) [3ms]
2023-01-10 23:42:09.730 [info] > git status -z -uall [43ms]
2023-01-11 00:40:26.124 [info] > git config --get commit.template [13ms]
2023-01-11 00:40:26.125 [info] > git for-each-ref --format=%(refname)%00%(upstream:short)%00%(objectname)%00%(upstream:track)%00%(upstream:remotename)%00%(upstream:remoteref) refs/heads/master refs/remotes/master [4ms]
2023-01-11 00:40:26.142 [info] > git for-each-ref --sort -committerdate --format %(refname) %(objectname) %(*objectname) [4ms]
2023-01-11 00:40:26.196 [info] > git status -z -uall [64ms]
