2023-01-11 10:43:04.005 [info] Extension host with pid 12285 started
2023-01-11 10:43:04.036 [info] Lock '/home/MalkovMA/.vscode-server/data/User/workspaceStorage/243ebfbc496cc3f09efb5717f1a26cb3/vscode.lock': Lock acquired.
2023-01-11 10:43:04.107 [info] ExtensionService#_doActivateExtension vscode.git-base, startup: true, activationEvent: '*', root cause: vscode.git
2023-01-11 10:43:04.191 [info] ExtensionService#_doActivateExtension vscode.git, startup: true, activationEvent: '*'
2023-01-11 10:43:04.192 [info] ExtensionService#_doActivateExtension vscode.github, startup: true, activationEvent: '*'
2023-01-11 10:43:04.377 [info] ExtensionService#_doActivateExtension vscode.debug-auto-launch, startup: false, activationEvent: 'onStartupFinished'
2023-01-11 10:43:04.377 [info] ExtensionService#_doActivateExtension vscode.emmet, startup: false, activationEvent: 'onStartupFinished'
2023-01-11 10:43:04.378 [info] ExtensionService#_doActivateExtension vscode.merge-conflict, startup: false, activationEvent: 'onStartupFinished'
2023-01-11 10:43:04.378 [info] Eager extensions activated
2023-01-11 10:43:04.671 [warning] [Decorations] CAPPING events from decorations provider vscode.git 7526
2023-01-11 10:43:05.572 [warning] [Decorations] CAPPING events from decorations provider vscode.git 7526
2023-01-11 10:43:08.646 [warning] [Decorations] CAPPING events from decorations provider vscode.git 7527
2023-01-11 10:43:13.778 [warning] [Decorations] CAPPING events from decorations provider vscode.git 7527
2023-01-11 10:43:18.901 [warning] [Decorations] CAPPING events from decorations provider vscode.git 7527
2023-01-11 10:43:24.021 [warning] [Decorations] CAPPING events from decorations provider vscode.git 7527
2023-01-11 10:43:29.141 [warning] [Decorations] CAPPING events from decorations provider vscode.git 7527
2023-01-11 10:43:34.264 [warning] [Decorations] CAPPING events from decorations provider vscode.git 7527
2023-01-11 10:43:39.385 [warning] [Decorations] CAPPING events from decorations provider vscode.git 7527
2023-01-11 10:43:44.501 [warning] [Decorations] CAPPING events from decorations provider vscode.git 7527
2023-01-11 10:43:49.630 [warning] [Decorations] CAPPING events from decorations provider vscode.git 7527
2023-01-11 10:43:54.746 [warning] [Decorations] CAPPING events from decorations provider vscode.git 7527
2023-01-11 10:43:59.860 [warning] [Decorations] CAPPING events from decorations provider vscode.git 7527
2023-01-11 10:55:15.996 [warning] [Decorations] CAPPING events from decorations provider vscode.git 7527
2023-01-11 10:55:21.113 [warning] [Decorations] CAPPING events from decorations provider vscode.git 7527
2023-01-11 10:58:04.794 [warning] [Decorations] CAPPING events from decorations provider vscode.git 7527
2023-01-11 10:58:09.909 [warning] [Decorations] CAPPING events from decorations provider vscode.git 7527
2023-01-11 11:24:56.567 [warning] [Decorations] CAPPING events from decorations provider vscode.git 7527
2023-01-11 11:25:01.717 [warning] [Decorations] CAPPING events from decorations provider vscode.git 7527
2023-01-11 11:25:15.352 [warning] [Decorations] CAPPING events from decorations provider vscode.git 7527
2023-01-11 11:26:38.887 [warning] [Decorations] CAPPING events from decorations provider vscode.git 7527
2023-01-11 11:26:44.006 [warning] [Decorations] CAPPING events from decorations provider vscode.git 7527
2023-01-11 11:27:59.350 [warning] [Decorations] CAPPING events from decorations provider vscode.git 7527
2023-01-11 11:28:38.196 [warning] [Decorations] CAPPING events from decorations provider vscode.git 7527
2023-01-11 11:28:59.904 [warning] [Decorations] CAPPING events from decorations provider vscode.git 7527
2023-01-11 11:29:05.023 [warning] [Decorations] CAPPING events from decorations provider vscode.git 7527
2023-01-11 11:36:22.822 [warning] [Decorations] CAPPING events from decorations provider vscode.git 7527
2023-01-11 11:36:27.942 [warning] [Decorations] CAPPING events from decorations provider vscode.git 7527
2023-01-11 11:36:33.061 [warning] [Decorations] CAPPING events from decorations provider vscode.git 7527
2023-01-11 11:36:38.183 [warning] [Decorations] CAPPING events from decorations provider vscode.git 7527
2023-01-11 11:37:04.414 [warning] [Decorations] CAPPING events from decorations provider vscode.git 7527
2023-01-11 11:37:09.525 [warning] [Decorations] CAPPING events from decorations provider vscode.git 7527
2023-01-11 11:37:14.652 [warning] [Decorations] CAPPING events from decorations provider vscode.git 7527
2023-01-11 11:37:19.772 [warning] [Decorations] CAPPING events from decorations provider vscode.git 7527
2023-01-11 11:37:24.889 [warning] [Decorations] CAPPING events from decorations provider vscode.git 7527
2023-01-11 11:37:30.014 [warning] [Decorations] CAPPING events from decorations provider vscode.git 7527
2023-01-11 11:37:35.130 [warning] [Decorations] CAPPING events from decorations provider vscode.git 7527
2023-01-11 11:37:40.246 [warning] [Decorations] CAPPING events from decorations provider vscode.git 7527
2023-01-11 11:37:45.363 [warning] [Decorations] CAPPING events from decorations provider vscode.git 7527
2023-01-11 11:37:50.478 [warning] [Decorations] CAPPING events from decorations provider vscode.git 7527
2023-01-11 11:37:55.649 [warning] [Decorations] CAPPING events from decorations provider vscode.git 7527
2023-01-11 11:38:00.764 [warning] [Decorations] CAPPING events from decorations provider vscode.git 7527
2023-01-11 11:38:05.882 [warning] [Decorations] CAPPING events from decorations provider vscode.git 7527
2023-01-11 11:38:10.994 [warning] [Decorations] CAPPING events from decorations provider vscode.git 7527
2023-01-11 11:46:45.236 [warning] [Decorations] CAPPING events from decorations provider vscode.git 7527
2023-01-11 11:47:07.833 [warning] [Decorations] CAPPING events from decorations provider vscode.git 7527
2023-01-11 11:47:16.163 [warning] [Decorations] CAPPING events from decorations provider vscode.git 7527
2023-01-11 11:47:26.563 [warning] [Decorations] CAPPING events from decorations provider vscode.git 7527
2023-01-11 11:47:31.681 [warning] [Decorations] CAPPING events from decorations provider vscode.git 7527
2023-01-11 11:47:41.774 [warning] [Decorations] CAPPING events from decorations provider vscode.git 7527
2023-01-11 11:47:46.910 [warning] [Decorations] CAPPING events from decorations provider vscode.git 7527
2023-01-11 11:47:52.203 [warning] [Decorations] CAPPING events from decorations provider vscode.git 7527
2023-01-11 11:47:57.368 [warning] [Decorations] CAPPING events from decorations provider vscode.git 7527
2023-01-11 11:48:06.561 [warning] [Decorations] CAPPING events from decorations provider vscode.git 7527
2023-01-11 11:49:08.516 [warning] [Decorations] CAPPING events from decorations provider vscode.git 7527
2023-01-11 11:49:13.629 [warning] [Decorations] CAPPING events from decorations provider vscode.git 7527
2023-01-11 11:49:20.565 [warning] [Decorations] CAPPING events from decorations provider vscode.git 7527
2023-01-11 11:49:56.839 [warning] [Decorations] CAPPING events from decorations provider vscode.git 7527
2023-01-11 11:50:19.230 [warning] [Decorations] CAPPING events from decorations provider vscode.git 7527
2023-01-11 11:50:24.345 [warning] [Decorations] CAPPING events from decorations provider vscode.git 7527
2023-01-11 11:50:29.461 [warning] [Decorations] CAPPING events from decorations provider vscode.git 7527
2023-01-11 11:52:06.700 [warning] [Decorations] CAPPING events from decorations provider vscode.git 7527
2023-01-11 11:52:11.814 [warning] [Decorations] CAPPING events from decorations provider vscode.git 7527
