2023-01-11 09:45:07.094 [info] Extension host with pid 4697 started
2023-01-11 09:45:07.121 [error] Error: EEXIST: file already exists, open '/home/MalkovMA/.vscode-server/data/User/workspaceStorage/243ebfbc496cc3f09efb5717f1a26cb3/vscode.lock'
2023-01-11 09:45:07.134 [info] Lock '/home/MalkovMA/.vscode-server/data/User/workspaceStorage/243ebfbc496cc3f09efb5717f1a26cb3/vscode.lock': Could not acquire lock, checking if the file is stale.
2023-01-11 09:45:07.137 [info] Lock '/home/MalkovMA/.vscode-server/data/User/workspaceStorage/243ebfbc496cc3f09efb5717f1a26cb3/vscode.lock': The lock does not look stale, elapsed: 95 ms, giving up.
2023-01-11 09:45:07.138 [error] Error: EEXIST: file already exists, open '/home/MalkovMA/.vscode-server/data/User/workspaceStorage/243ebfbc496cc3f09efb5717f1a26cb3-1/vscode.lock'
2023-01-11 09:45:07.139 [info] Lock '/home/MalkovMA/.vscode-server/data/User/workspaceStorage/243ebfbc496cc3f09efb5717f1a26cb3-1/vscode.lock': Could not acquire lock, checking if the file is stale.
2023-01-11 09:45:07.139 [info] Lock '/home/MalkovMA/.vscode-server/data/User/workspaceStorage/243ebfbc496cc3f09efb5717f1a26cb3-1/vscode.lock': The pid 1319 appears to be gone.
2023-01-11 09:45:07.139 [info] Lock '/home/MalkovMA/.vscode-server/data/User/workspaceStorage/243ebfbc496cc3f09efb5717f1a26cb3-1/vscode.lock': Deleting a stale lock.
2023-01-11 09:45:07.141 [info] Lock '/home/MalkovMA/.vscode-server/data/User/workspaceStorage/243ebfbc496cc3f09efb5717f1a26cb3-1/vscode.lock': Lock acquired.
2023-01-11 09:45:07.198 [info] ExtensionService#_doActivateExtension vscode.git-base, startup: true, activationEvent: '*', root cause: vscode.git
2023-01-11 09:45:07.501 [info] ExtensionService#_doActivateExtension vscode.git, startup: true, activationEvent: '*'
2023-01-11 09:45:07.501 [info] ExtensionService#_doActivateExtension vscode.github, startup: true, activationEvent: '*'
2023-01-11 09:45:07.698 [info] ExtensionService#_doActivateExtension vscode.debug-auto-launch, startup: false, activationEvent: 'onStartupFinished'
2023-01-11 09:45:07.699 [info] ExtensionService#_doActivateExtension vscode.emmet, startup: false, activationEvent: 'onStartupFinished'
2023-01-11 09:45:07.699 [info] ExtensionService#_doActivateExtension vscode.merge-conflict, startup: false, activationEvent: 'onStartupFinished'
2023-01-11 09:45:07.700 [info] Eager extensions activated
2023-01-11 09:45:08.065 [warning] [Decorations] CAPPING events from decorations provider vscode.git 7520
2023-01-11 09:45:09.029 [warning] [Decorations] CAPPING events from decorations provider vscode.git 7521
2023-01-11 09:45:10.229 [warning] [Decorations] CAPPING events from decorations provider vscode.git 7521
2023-01-11 09:45:17.330 [warning] [Decorations] CAPPING events from decorations provider vscode.git 7521
2023-01-11 09:45:22.453 [warning] [Decorations] CAPPING events from decorations provider vscode.git 7521
2023-01-11 09:45:27.583 [warning] [Decorations] CAPPING events from decorations provider vscode.git 7521
2023-01-11 09:45:44.607 [warning] [Decorations] CAPPING events from decorations provider vscode.git 7521
2023-01-11 09:45:49.728 [warning] [Decorations] CAPPING events from decorations provider vscode.git 7521
2023-01-11 09:46:29.754 [warning] [Decorations] CAPPING events from decorations provider vscode.git 7521
2023-01-11 09:46:41.504 [warning] [Decorations] CAPPING events from decorations provider vscode.git 7521
2023-01-11 09:46:52.418 [warning] [Decorations] CAPPING events from decorations provider vscode.git 7521
2023-01-11 09:50:14.847 [warning] [Decorations] CAPPING events from decorations provider vscode.git 7521
2023-01-11 09:50:22.833 [warning] [Decorations] CAPPING events from decorations provider vscode.git 7520
2023-01-11 09:50:36.324 [warning] [Decorations] CAPPING events from decorations provider vscode.git 7520
2023-01-11 09:50:49.320 [warning] [Decorations] CAPPING events from decorations provider vscode.git 7520
2023-01-11 09:50:54.482 [warning] [Decorations] CAPPING events from decorations provider vscode.git 7520
2023-01-11 09:50:59.657 [warning] [Decorations] CAPPING events from decorations provider vscode.git 7520
2023-01-11 09:51:04.811 [warning] [Decorations] CAPPING events from decorations provider vscode.git 7520
2023-01-11 09:55:15.955 [warning] [Decorations] CAPPING events from decorations provider vscode.git 7520
2023-01-11 10:01:12.784 [info] Extension host terminating: renderer disconnected for too long (2)
2023-01-11 10:01:12.784 [info] Lock '/home/MalkovMA/.vscode-server/data/User/workspaceStorage/243ebfbc496cc3f09efb5717f1a26cb3-1/vscode.lock': Marking the lockfile as scheduled to be released in 6000 ms.
2023-01-11 10:01:12.794 [info] Extension host with pid 4697 exiting with code 0
