2023-01-11 09:56:14.670 [info] Log level: Info
2023-01-11 09:56:14.670 [info] Validating found git in: "git"
2023-01-11 09:56:14.671 [info] Using git "2.31.1" from "git"
2023-01-11 09:56:14.671 [info] > git rev-parse --show-toplevel [67ms]
2023-01-11 09:56:14.671 [info] > git rev-parse --git-dir --git-common-dir [13ms]
2023-01-11 09:56:14.671 [info] Open repository: /home/MalkovMA
2023-01-11 09:56:14.671 [info] > git rev-parse --show-toplevel [8ms]
2023-01-11 09:56:14.671 [info] > git config --get commit.template [6ms]
2023-01-11 09:56:14.671 [info] > git rev-parse --show-toplevel [7ms]
2023-01-11 09:56:14.671 [info] > git for-each-ref --format=%(refname)%00%(upstream:short)%00%(objectname)%00%(upstream:track)%00%(upstream:remotename)%00%(upstream:remoteref) refs/heads/master refs/remotes/master [8ms]
2023-01-11 09:56:14.671 [info] > git rev-parse --show-toplevel [12ms]
2023-01-11 09:56:14.671 [info] > git for-each-ref --sort -committerdate --format %(refname) %(objectname) %(*objectname) [6ms]
2023-01-11 09:56:14.671 [info] > git rev-parse --show-toplevel [39ms]
2023-01-11 09:56:14.671 [info] > git rev-parse --show-toplevel [5ms]
2023-01-11 09:56:14.671 [info] > git status -z -uall [66ms]
2023-01-11 09:56:14.671 [info] > git rev-parse --show-toplevel [135ms]
2023-01-11 09:56:14.671 [info] > git config --get commit.template [4ms]
2023-01-11 09:56:14.671 [info] > git rev-parse --show-toplevel [2ms]
2023-01-11 09:56:14.671 [info] > git for-each-ref --format=%(refname)%00%(upstream:short)%00%(objectname)%00%(upstream:track)%00%(upstream:remotename)%00%(upstream:remoteref) refs/heads/master refs/remotes/master [722ms]
2023-01-11 09:56:14.671 [info] > git rev-parse --git-dir --git-common-dir [741ms]
2023-01-11 09:56:14.672 [info] Open repository: /home/MalkovMA/lab4
2023-01-11 09:56:14.672 [info] > git for-each-ref --sort -committerdate --format %(refname) %(objectname) %(*objectname) [28ms]
2023-01-11 09:56:14.672 [info] > git check-ignore -v -z --stdin [9ms]
2023-01-11 09:56:14.672 [info] > git config --get commit.template [9ms]
2023-01-11 09:56:14.672 [info] > git for-each-ref --format=%(refname)%00%(upstream:short)%00%(objectname)%00%(upstream:track)%00%(upstream:remotename)%00%(upstream:remoteref) refs/heads/main refs/remotes/main [3ms]
2023-01-11 09:56:14.672 [info] > git status -z -uall [4ms]
2023-01-11 09:56:14.675 [info] > git for-each-ref --sort -committerdate --format %(refname) %(objectname) %(*objectname) [8ms]
2023-01-11 09:56:14.689 [info] > git status -z -uall [71ms]
2023-01-11 09:56:15.816 [info] > git check-ignore -v -z --stdin [94ms]
2023-01-11 09:56:15.817 [info] > git check-ignore -v -z --stdin [90ms]
2023-01-11 09:56:16.333 [info] > git check-ignore -v -z --stdin [6ms]
2023-01-11 09:56:16.334 [info] > git check-ignore -v -z --stdin [2ms]
2023-01-11 10:00:05.108 [info] > git check-ignore -v -z --stdin [1ms]
2023-01-11 10:00:06.375 [info] > git check-ignore -v -z --stdin [1ms]
2023-01-11 10:00:08.661 [info] > git check-ignore -v -z --stdin [1ms]
2023-01-11 10:00:10.952 [info] > git check-ignore -v -z --stdin [2ms]
2023-01-11 10:00:15.243 [info] > git check-ignore -v -z --stdin [1ms]
2023-01-11 10:00:16.938 [info] > git check-ignore -v -z --stdin [1ms]
2023-01-11 10:00:21.176 [info] > git check-ignore -v -z --stdin [1ms]
2023-01-11 10:01:14.323 [info] > git config --get commit.template [6ms]
2023-01-11 10:01:14.324 [info] > git for-each-ref --format=%(refname)%00%(upstream:short)%00%(objectname)%00%(upstream:track)%00%(upstream:remotename)%00%(upstream:remoteref) refs/heads/master refs/remotes/master [3ms]
2023-01-11 10:01:14.332 [info] > git for-each-ref --sort -committerdate --format %(refname) %(objectname) %(*objectname) [1ms]
2023-01-11 10:01:14.373 [info] > git status -z -uall [45ms]
2023-01-11 10:01:19.463 [info] > git config --get commit.template [7ms]
2023-01-11 10:01:19.464 [info] > git for-each-ref --format=%(refname)%00%(upstream:short)%00%(objectname)%00%(upstream:track)%00%(upstream:remotename)%00%(upstream:remoteref) refs/heads/master refs/remotes/master [2ms]
2023-01-11 10:01:19.475 [info] > git for-each-ref --sort -committerdate --format %(refname) %(objectname) %(*objectname) [2ms]
2023-01-11 10:01:19.507 [info] > git status -z -uall [38ms]
2023-01-11 10:01:24.581 [info] > git config --get commit.template [5ms]
2023-01-11 10:01:24.581 [info] > git for-each-ref --format=%(refname)%00%(upstream:short)%00%(objectname)%00%(upstream:track)%00%(upstream:remotename)%00%(upstream:remoteref) refs/heads/master refs/remotes/master [1ms]
2023-01-11 10:01:24.592 [info] > git for-each-ref --sort -committerdate --format %(refname) %(objectname) %(*objectname) [2ms]
2023-01-11 10:01:24.648 [info] > git status -z -uall [62ms]
2023-01-11 10:02:06.385 [info] > git config --get commit.template [9ms]
2023-01-11 10:02:06.386 [info] > git for-each-ref --format=%(refname)%00%(upstream:short)%00%(objectname)%00%(upstream:track)%00%(upstream:remotename)%00%(upstream:remoteref) refs/heads/master refs/remotes/master [3ms]
2023-01-11 10:02:06.397 [info] > git for-each-ref --sort -committerdate --format %(refname) %(objectname) %(*objectname) [2ms]
2023-01-11 10:02:06.440 [info] > git status -z -uall [49ms]
2023-01-11 10:02:11.530 [info] > git config --get commit.template [4ms]
2023-01-11 10:02:11.530 [info] > git for-each-ref --format=%(refname)%00%(upstream:short)%00%(objectname)%00%(upstream:track)%00%(upstream:remotename)%00%(upstream:remoteref) refs/heads/master refs/remotes/master [1ms]
2023-01-11 10:02:11.541 [info] > git for-each-ref --sort -committerdate --format %(refname) %(objectname) %(*objectname) [2ms]
2023-01-11 10:02:11.572 [info] > git status -z -uall [37ms]
2023-01-11 10:02:19.259 [info] > git config --get commit.template [14ms]
2023-01-11 10:02:19.259 [info] > git for-each-ref --format=%(refname)%00%(upstream:short)%00%(objectname)%00%(upstream:track)%00%(upstream:remotename)%00%(upstream:remoteref) refs/heads/master refs/remotes/master [2ms]
2023-01-11 10:02:19.305 [info] > git for-each-ref --sort -committerdate --format %(refname) %(objectname) %(*objectname) [29ms]
2023-01-11 10:02:19.323 [info] > git status -z -uall [57ms]
2023-01-11 10:02:24.405 [info] > git config --get commit.template [6ms]
2023-01-11 10:02:24.405 [info] > git for-each-ref --format=%(refname)%00%(upstream:short)%00%(objectname)%00%(upstream:track)%00%(upstream:remotename)%00%(upstream:remoteref) refs/heads/master refs/remotes/master [1ms]
2023-01-11 10:02:24.415 [info] > git for-each-ref --sort -committerdate --format %(refname) %(objectname) %(*objectname) [2ms]
2023-01-11 10:02:24.456 [info] > git status -z -uall [46ms]
2023-01-11 10:02:29.554 [info] > git config --get commit.template [8ms]
2023-01-11 10:02:29.555 [info] > git for-each-ref --format=%(refname)%00%(upstream:short)%00%(objectname)%00%(upstream:track)%00%(upstream:remotename)%00%(upstream:remoteref) refs/heads/master refs/remotes/master [2ms]
2023-01-11 10:02:29.565 [info] > git for-each-ref --sort -committerdate --format %(refname) %(objectname) %(*objectname) [1ms]
2023-01-11 10:02:29.594 [info] > git status -z -uall [36ms]
2023-01-11 10:02:34.676 [info] > git config --get commit.template [5ms]
2023-01-11 10:02:34.676 [info] > git for-each-ref --format=%(refname)%00%(upstream:short)%00%(objectname)%00%(upstream:track)%00%(upstream:remotename)%00%(upstream:remoteref) refs/heads/master refs/remotes/master [1ms]
2023-01-11 10:02:34.686 [info] > git for-each-ref --sort -committerdate --format %(refname) %(objectname) %(*objectname) [2ms]
2023-01-11 10:02:34.716 [info] > git status -z -uall [35ms]
2023-01-11 10:02:39.797 [info] > git config --get commit.template [7ms]
2023-01-11 10:02:39.797 [info] > git for-each-ref --format=%(refname)%00%(upstream:short)%00%(objectname)%00%(upstream:track)%00%(upstream:remotename)%00%(upstream:remoteref) refs/heads/master refs/remotes/master [2ms]
2023-01-11 10:02:39.807 [info] > git for-each-ref --sort -committerdate --format %(refname) %(objectname) %(*objectname) [2ms]
2023-01-11 10:02:39.839 [info] > git status -z -uall [37ms]
2023-01-11 10:02:44.917 [info] > git config --get commit.template [6ms]
2023-01-11 10:02:44.917 [info] > git for-each-ref --format=%(refname)%00%(upstream:short)%00%(objectname)%00%(upstream:track)%00%(upstream:remotename)%00%(upstream:remoteref) refs/heads/master refs/remotes/master [1ms]
2023-01-11 10:02:44.930 [info] > git for-each-ref --sort -committerdate --format %(refname) %(objectname) %(*objectname) [2ms]
2023-01-11 10:02:44.959 [info] > git status -z -uall [36ms]
2023-01-11 10:02:50.031 [info] > git config --get commit.template [8ms]
2023-01-11 10:02:50.031 [info] > git for-each-ref --format=%(refname)%00%(upstream:short)%00%(objectname)%00%(upstream:track)%00%(upstream:remotename)%00%(upstream:remoteref) refs/heads/master refs/remotes/master [1ms]
2023-01-11 10:02:50.043 [info] > git for-each-ref --sort -committerdate --format %(refname) %(objectname) %(*objectname) [2ms]
2023-01-11 10:02:50.076 [info] > git status -z -uall [38ms]
2023-01-11 10:02:55.148 [info] > git config --get commit.template [5ms]
2023-01-11 10:02:55.148 [info] > git for-each-ref --format=%(refname)%00%(upstream:short)%00%(objectname)%00%(upstream:track)%00%(upstream:remotename)%00%(upstream:remoteref) refs/heads/master refs/remotes/master [2ms]
2023-01-11 10:02:55.158 [info] > git for-each-ref --sort -committerdate --format %(refname) %(objectname) %(*objectname) [2ms]
2023-01-11 10:02:55.190 [info] > git status -z -uall [37ms]
2023-01-11 10:03:00.300 [info] > git config --get commit.template [14ms]
2023-01-11 10:03:00.306 [info] > git for-each-ref --format=%(refname)%00%(upstream:short)%00%(objectname)%00%(upstream:track)%00%(upstream:remotename)%00%(upstream:remoteref) refs/heads/master refs/remotes/master [1ms]
2023-01-11 10:03:00.314 [info] > git for-each-ref --sort -committerdate --format %(refname) %(objectname) %(*objectname) [1ms]
2023-01-11 10:03:00.346 [info] > git status -z -uall [36ms]
2023-01-11 10:03:10.350 [info] > git config --get commit.template [20ms]
2023-01-11 10:03:10.350 [info] > git for-each-ref --format=%(refname)%00%(upstream:short)%00%(objectname)%00%(upstream:track)%00%(upstream:remotename)%00%(upstream:remoteref) refs/heads/master refs/remotes/master [1ms]
2023-01-11 10:03:10.363 [info] > git for-each-ref --sort -committerdate --format %(refname) %(objectname) %(*objectname) [2ms]
2023-01-11 10:03:10.394 [info] > git status -z -uall [38ms]
2023-01-11 10:03:15.468 [info] > git config --get commit.template [7ms]
2023-01-11 10:03:15.468 [info] > git for-each-ref --format=%(refname)%00%(upstream:short)%00%(objectname)%00%(upstream:track)%00%(upstream:remotename)%00%(upstream:remoteref) refs/heads/master refs/remotes/master [1ms]
2023-01-11 10:03:15.488 [info] > git for-each-ref --sort -committerdate --format %(refname) %(objectname) %(*objectname) [7ms]
2023-01-11 10:03:15.514 [info] > git status -z -uall [38ms]
2023-01-11 10:03:20.584 [info] > git config --get commit.template [5ms]
2023-01-11 10:03:20.584 [info] > git for-each-ref --format=%(refname)%00%(upstream:short)%00%(objectname)%00%(upstream:track)%00%(upstream:remotename)%00%(upstream:remoteref) refs/heads/master refs/remotes/master [1ms]
2023-01-11 10:03:20.594 [info] > git for-each-ref --sort -committerdate --format %(refname) %(objectname) %(*objectname) [2ms]
2023-01-11 10:03:20.626 [info] > git status -z -uall [37ms]
2023-01-11 10:03:25.704 [info] > git config --get commit.template [6ms]
2023-01-11 10:03:25.705 [info] > git for-each-ref --format=%(refname)%00%(upstream:short)%00%(objectname)%00%(upstream:track)%00%(upstream:remotename)%00%(upstream:remoteref) refs/heads/master refs/remotes/master [2ms]
2023-01-11 10:03:25.717 [info] > git for-each-ref --sort -committerdate --format %(refname) %(objectname) %(*objectname) [2ms]
2023-01-11 10:03:25.746 [info] > git status -z -uall [36ms]
2023-01-11 10:03:30.823 [info] > git config --get commit.template [7ms]
2023-01-11 10:03:30.823 [info] > git for-each-ref --format=%(refname)%00%(upstream:short)%00%(objectname)%00%(upstream:track)%00%(upstream:remotename)%00%(upstream:remoteref) refs/heads/master refs/remotes/master [2ms]
2023-01-11 10:03:30.833 [info] > git for-each-ref --sort -committerdate --format %(refname) %(objectname) %(*objectname) [2ms]
2023-01-11 10:03:30.864 [info] > git status -z -uall [36ms]
2023-01-11 10:03:35.943 [info] > git config --get commit.template [6ms]
2023-01-11 10:03:35.943 [info] > git for-each-ref --format=%(refname)%00%(upstream:short)%00%(objectname)%00%(upstream:track)%00%(upstream:remotename)%00%(upstream:remoteref) refs/heads/master refs/remotes/master [1ms]
2023-01-11 10:03:35.953 [info] > git for-each-ref --sort -committerdate --format %(refname) %(objectname) %(*objectname) [2ms]
2023-01-11 10:03:35.984 [info] > git status -z -uall [36ms]
2023-01-11 10:03:41.059 [info] > git config --get commit.template [8ms]
2023-01-11 10:03:41.059 [info] > git for-each-ref --format=%(refname)%00%(upstream:short)%00%(objectname)%00%(upstream:track)%00%(upstream:remotename)%00%(upstream:remoteref) refs/heads/master refs/remotes/master [1ms]
2023-01-11 10:03:41.072 [info] > git for-each-ref --sort -committerdate --format %(refname) %(objectname) %(*objectname) [2ms]
2023-01-11 10:03:41.110 [info] > git status -z -uall [45ms]
2023-01-11 10:03:46.208 [info] > git config --get commit.template [6ms]
2023-01-11 10:03:46.208 [info] > git for-each-ref --format=%(refname)%00%(upstream:short)%00%(objectname)%00%(upstream:track)%00%(upstream:remotename)%00%(upstream:remoteref) refs/heads/master refs/remotes/master [1ms]
2023-01-11 10:03:46.217 [info] > git for-each-ref --sort -committerdate --format %(refname) %(objectname) %(*objectname) [2ms]
2023-01-11 10:03:46.279 [info] > git status -z -uall [67ms]
2023-01-11 10:03:51.356 [info] > git config --get commit.template [13ms]
2023-01-11 10:03:51.381 [info] > git for-each-ref --format=%(refname)%00%(upstream:short)%00%(objectname)%00%(upstream:track)%00%(upstream:remotename)%00%(upstream:remoteref) refs/heads/master refs/remotes/master [19ms]
2023-01-11 10:03:51.394 [info] > git for-each-ref --sort -committerdate --format %(refname) %(objectname) %(*objectname) [2ms]
2023-01-11 10:03:51.422 [info] > git status -z -uall [35ms]
2023-01-11 10:03:56.495 [info] > git config --get commit.template [4ms]
2023-01-11 10:03:56.495 [info] > git for-each-ref --format=%(refname)%00%(upstream:short)%00%(objectname)%00%(upstream:track)%00%(upstream:remotename)%00%(upstream:remoteref) refs/heads/master refs/remotes/master [1ms]
2023-01-11 10:03:56.505 [info] > git for-each-ref --sort -committerdate --format %(refname) %(objectname) %(*objectname) [1ms]
2023-01-11 10:03:56.535 [info] > git status -z -uall [36ms]
2023-01-11 10:04:03.119 [info] > git config --get commit.template [12ms]
2023-01-11 10:04:03.120 [info] > git for-each-ref --format=%(refname)%00%(upstream:short)%00%(objectname)%00%(upstream:track)%00%(upstream:remotename)%00%(upstream:remoteref) refs/heads/master refs/remotes/master [4ms]
2023-01-11 10:04:03.139 [info] > git for-each-ref --sort -committerdate --format %(refname) %(objectname) %(*objectname) [2ms]
2023-01-11 10:04:03.169 [info] > git status -z -uall [38ms]
2023-01-11 10:04:13.642 [info] > git config --get commit.template [9ms]
2023-01-11 10:04:13.642 [info] > git for-each-ref --format=%(refname)%00%(upstream:short)%00%(objectname)%00%(upstream:track)%00%(upstream:remotename)%00%(upstream:remoteref) refs/heads/master refs/remotes/master [2ms]
2023-01-11 10:04:13.656 [info] > git for-each-ref --sort -committerdate --format %(refname) %(objectname) %(*objectname) [2ms]
2023-01-11 10:04:13.694 [info] > git status -z -uall [44ms]
2023-01-11 10:04:18.783 [info] > git config --get commit.template [9ms]
2023-01-11 10:04:18.811 [info] > git for-each-ref --format=%(refname)%00%(upstream:short)%00%(objectname)%00%(upstream:track)%00%(upstream:remotename)%00%(upstream:remoteref) refs/heads/master refs/remotes/master [29ms]
2023-01-11 10:04:18.824 [info] > git for-each-ref --sort -committerdate --format %(refname) %(objectname) %(*objectname) [3ms]
2023-01-11 10:04:18.858 [info] > git status -z -uall [42ms]
2023-01-11 10:04:23.936 [info] > git for-each-ref --format=%(refname)%00%(upstream:short)%00%(objectname)%00%(upstream:track)%00%(upstream:remotename)%00%(upstream:remoteref) refs/heads/master refs/remotes/master [1ms]
2023-01-11 10:04:23.936 [info] > git config --get commit.template [12ms]
2023-01-11 10:04:23.969 [info] > git for-each-ref --sort -committerdate --format %(refname) %(objectname) %(*objectname) [2ms]
2023-01-11 10:04:24.005 [info] > git status -z -uall [55ms]
2023-01-11 10:04:29.177 [info] > git config --get commit.template [7ms]
2023-01-11 10:04:29.177 [info] > git for-each-ref --format=%(refname)%00%(upstream:short)%00%(objectname)%00%(upstream:track)%00%(upstream:remotename)%00%(upstream:remoteref) refs/heads/master refs/remotes/master [1ms]
2023-01-11 10:04:29.190 [info] > git for-each-ref --sort -committerdate --format %(refname) %(objectname) %(*objectname) [2ms]
2023-01-11 10:04:29.226 [info] > git status -z -uall [43ms]
2023-01-11 10:04:29.309 [info] > git config --get commit.template [8ms]
2023-01-11 10:04:29.314 [info] > git for-each-ref --format=%(refname)%00%(upstream:short)%00%(objectname)%00%(upstream:track)%00%(upstream:remotename)%00%(upstream:remoteref) refs/heads/main refs/remotes/main [5ms]
2023-01-11 10:04:29.328 [info] > git status -z -uall [8ms]
2023-01-11 10:04:29.330 [info] > git for-each-ref --sort -committerdate --format %(refname) %(objectname) %(*objectname) [3ms]
2023-01-11 10:08:58.690 [info] > git config --get commit.template [5ms]
2023-01-11 10:08:58.691 [info] > git for-each-ref --format=%(refname)%00%(upstream:short)%00%(objectname)%00%(upstream:track)%00%(upstream:remotename)%00%(upstream:remoteref) refs/heads/master refs/remotes/master [1ms]
2023-01-11 10:08:58.701 [info] > git for-each-ref --sort -committerdate --format %(refname) %(objectname) %(*objectname) [1ms]
2023-01-11 10:08:58.744 [info] > git status -z -uall [47ms]
2023-01-11 10:09:03.831 [info] > git config --get commit.template [5ms]
2023-01-11 10:09:03.831 [info] > git for-each-ref --format=%(refname)%00%(upstream:short)%00%(objectname)%00%(upstream:track)%00%(upstream:remotename)%00%(upstream:remoteref) refs/heads/master refs/remotes/master [1ms]
2023-01-11 10:09:03.842 [info] > git for-each-ref --sort -committerdate --format %(refname) %(objectname) %(*objectname) [2ms]
2023-01-11 10:09:03.873 [info] > git status -z -uall [36ms]
2023-01-11 10:09:22.077 [info] > git config --get commit.template [8ms]
2023-01-11 10:09:22.078 [info] > git for-each-ref --format=%(refname)%00%(upstream:short)%00%(objectname)%00%(upstream:track)%00%(upstream:remotename)%00%(upstream:remoteref) refs/heads/master refs/remotes/master [2ms]
2023-01-11 10:09:22.088 [info] > git for-each-ref --sort -committerdate --format %(refname) %(objectname) %(*objectname) [2ms]
2023-01-11 10:09:22.131 [info] > git status -z -uall [47ms]
2023-01-11 10:09:31.003 [info] > git config --get commit.template [11ms]
2023-01-11 10:09:31.004 [info] > git for-each-ref --format=%(refname)%00%(upstream:short)%00%(objectname)%00%(upstream:track)%00%(upstream:remotename)%00%(upstream:remoteref) refs/heads/master refs/remotes/master [2ms]
2023-01-11 10:09:31.019 [info] > git for-each-ref --sort -committerdate --format %(refname) %(objectname) %(*objectname) [3ms]
2023-01-11 10:09:31.084 [info] > git status -z -uall [74ms]
2023-01-11 10:09:41.767 [info] > git config --get commit.template [9ms]
2023-01-11 10:09:41.768 [info] > git for-each-ref --format=%(refname)%00%(upstream:short)%00%(objectname)%00%(upstream:track)%00%(upstream:remotename)%00%(upstream:remoteref) refs/heads/master refs/remotes/master [2ms]
2023-01-11 10:09:41.781 [info] > git for-each-ref --sort -committerdate --format %(refname) %(objectname) %(*objectname) [3ms]
2023-01-11 10:09:41.822 [info] > git status -z -uall [48ms]
2023-01-11 10:09:46.911 [info] > git config --get commit.template [4ms]
2023-01-11 10:09:46.911 [info] > git for-each-ref --format=%(refname)%00%(upstream:short)%00%(objectname)%00%(upstream:track)%00%(upstream:remotename)%00%(upstream:remoteref) refs/heads/master refs/remotes/master [1ms]
2023-01-11 10:09:46.919 [info] > git for-each-ref --sort -committerdate --format %(refname) %(objectname) %(*objectname) [2ms]
2023-01-11 10:09:46.951 [info] > git status -z -uall [37ms]
2023-01-11 10:09:52.023 [info] > git config --get commit.template [5ms]
2023-01-11 10:09:52.023 [info] > git for-each-ref --format=%(refname)%00%(upstream:short)%00%(objectname)%00%(upstream:track)%00%(upstream:remotename)%00%(upstream:remoteref) refs/heads/master refs/remotes/master [1ms]
2023-01-11 10:09:52.033 [info] > git for-each-ref --sort -committerdate --format %(refname) %(objectname) %(*objectname) [1ms]
2023-01-11 10:09:52.064 [info] > git status -z -uall [35ms]
2023-01-11 10:09:57.764 [info] > git config --get commit.template [10ms]
2023-01-11 10:09:57.764 [info] > git for-each-ref --format=%(refname)%00%(upstream:short)%00%(objectname)%00%(upstream:track)%00%(upstream:remotename)%00%(upstream:remoteref) refs/heads/master refs/remotes/master [1ms]
2023-01-11 10:09:57.780 [info] > git for-each-ref --sort -committerdate --format %(refname) %(objectname) %(*objectname) [2ms]
2023-01-11 10:09:57.810 [info] > git status -z -uall [38ms]
2023-01-11 10:10:08.083 [info] > git config --get commit.template [1ms]
2023-01-11 10:10:08.094 [info] > git for-each-ref --format=%(refname)%00%(upstream:short)%00%(objectname)%00%(upstream:track)%00%(upstream:remotename)%00%(upstream:remoteref) refs/heads/master refs/remotes/master [2ms]
2023-01-11 10:10:08.108 [info] > git for-each-ref --sort -committerdate --format %(refname) %(objectname) %(*objectname) [2ms]
2023-01-11 10:10:08.141 [info] > git status -z -uall [40ms]
2023-01-11 10:10:13.225 [info] > git config --get commit.template [6ms]
2023-01-11 10:10:13.225 [info] > git for-each-ref --format=%(refname)%00%(upstream:short)%00%(objectname)%00%(upstream:track)%00%(upstream:remotename)%00%(upstream:remoteref) refs/heads/master refs/remotes/master [1ms]
2023-01-11 10:10:13.235 [info] > git for-each-ref --sort -committerdate --format %(refname) %(objectname) %(*objectname) [2ms]
2023-01-11 10:10:13.278 [info] > git status -z -uall [48ms]
2023-01-11 10:10:18.371 [info] > git config --get commit.template [4ms]
2023-01-11 10:10:18.372 [info] > git for-each-ref --format=%(refname)%00%(upstream:short)%00%(objectname)%00%(upstream:track)%00%(upstream:remotename)%00%(upstream:remoteref) refs/heads/master refs/remotes/master [1ms]
2023-01-11 10:10:18.381 [info] > git for-each-ref --sort -committerdate --format %(refname) %(objectname) %(*objectname) [1ms]
2023-01-11 10:10:18.413 [info] > git status -z -uall [37ms]
2023-01-11 10:10:23.487 [info] > git config --get commit.template [5ms]
2023-01-11 10:10:23.488 [info] > git for-each-ref --format=%(refname)%00%(upstream:short)%00%(objectname)%00%(upstream:track)%00%(upstream:remotename)%00%(upstream:remoteref) refs/heads/master refs/remotes/master [1ms]
2023-01-11 10:10:23.497 [info] > git for-each-ref --sort -committerdate --format %(refname) %(objectname) %(*objectname) [2ms]
2023-01-11 10:10:23.529 [info] > git status -z -uall [37ms]
2023-01-11 10:10:28.599 [info] > git config --get commit.template [5ms]
2023-01-11 10:10:28.599 [info] > git for-each-ref --format=%(refname)%00%(upstream:short)%00%(objectname)%00%(upstream:track)%00%(upstream:remotename)%00%(upstream:remoteref) refs/heads/master refs/remotes/master [1ms]
2023-01-11 10:10:28.611 [info] > git for-each-ref --sort -committerdate --format %(refname) %(objectname) %(*objectname) [2ms]
2023-01-11 10:10:28.643 [info] > git status -z -uall [38ms]
2023-01-11 10:10:33.713 [info] > git config --get commit.template [6ms]
2023-01-11 10:10:33.713 [info] > git for-each-ref --format=%(refname)%00%(upstream:short)%00%(objectname)%00%(upstream:track)%00%(upstream:remotename)%00%(upstream:remoteref) refs/heads/master refs/remotes/master [1ms]
2023-01-11 10:10:33.722 [info] > git for-each-ref --sort -committerdate --format %(refname) %(objectname) %(*objectname) [2ms]
2023-01-11 10:10:33.753 [info] > git status -z -uall [36ms]
2023-01-11 10:10:38.823 [info] > git config --get commit.template [5ms]
2023-01-11 10:10:38.823 [info] > git for-each-ref --format=%(refname)%00%(upstream:short)%00%(objectname)%00%(upstream:track)%00%(upstream:remotename)%00%(upstream:remoteref) refs/heads/master refs/remotes/master [1ms]
2023-01-11 10:10:38.833 [info] > git for-each-ref --sort -committerdate --format %(refname) %(objectname) %(*objectname) [1ms]
2023-01-11 10:10:38.864 [info] > git status -z -uall [36ms]
2023-01-11 10:10:43.933 [info] > git config --get commit.template [5ms]
2023-01-11 10:10:43.934 [info] > git for-each-ref --format=%(refname)%00%(upstream:short)%00%(objectname)%00%(upstream:track)%00%(upstream:remotename)%00%(upstream:remoteref) refs/heads/master refs/remotes/master [2ms]
2023-01-11 10:10:43.943 [info] > git for-each-ref --sort -committerdate --format %(refname) %(objectname) %(*objectname) [2ms]
2023-01-11 10:10:43.973 [info] > git status -z -uall [35ms]
2023-01-11 10:10:49.085 [info] > git config --get commit.template [7ms]
2023-01-11 10:10:49.086 [info] > git for-each-ref --format=%(refname)%00%(upstream:short)%00%(objectname)%00%(upstream:track)%00%(upstream:remotename)%00%(upstream:remoteref) refs/heads/master refs/remotes/master [1ms]
2023-01-11 10:10:49.099 [info] > git for-each-ref --sort -committerdate --format %(refname) %(objectname) %(*objectname) [2ms]
2023-01-11 10:10:49.156 [info] > git status -z -uall [65ms]
2023-01-11 10:10:54.230 [info] > git config --get commit.template [4ms]
2023-01-11 10:10:54.231 [info] > git for-each-ref --format=%(refname)%00%(upstream:short)%00%(objectname)%00%(upstream:track)%00%(upstream:remotename)%00%(upstream:remoteref) refs/heads/master refs/remotes/master [1ms]
2023-01-11 10:10:54.240 [info] > git for-each-ref --sort -committerdate --format %(refname) %(objectname) %(*objectname) [2ms]
2023-01-11 10:10:54.306 [info] > git status -z -uall [71ms]
2023-01-11 10:10:59.379 [info] > git config --get commit.template [7ms]
2023-01-11 10:10:59.379 [info] > git for-each-ref --format=%(refname)%00%(upstream:short)%00%(objectname)%00%(upstream:track)%00%(upstream:remotename)%00%(upstream:remoteref) refs/heads/master refs/remotes/master [1ms]
2023-01-11 10:10:59.390 [info] > git for-each-ref --sort -committerdate --format %(refname) %(objectname) %(*objectname) [1ms]
2023-01-11 10:10:59.420 [info] > git status -z -uall [37ms]
2023-01-11 10:11:04.500 [info] > git config --get commit.template [4ms]
2023-01-11 10:11:04.501 [info] > git for-each-ref --format=%(refname)%00%(upstream:short)%00%(objectname)%00%(upstream:track)%00%(upstream:remotename)%00%(upstream:remoteref) refs/heads/master refs/remotes/master [2ms]
2023-01-11 10:11:04.512 [info] > git for-each-ref --sort -committerdate --format %(refname) %(objectname) %(*objectname) [2ms]
2023-01-11 10:11:04.542 [info] > git status -z -uall [37ms]
2023-01-11 10:11:09.611 [info] > git config --get commit.template [5ms]
2023-01-11 10:11:09.612 [info] > git for-each-ref --format=%(refname)%00%(upstream:short)%00%(objectname)%00%(upstream:track)%00%(upstream:remotename)%00%(upstream:remoteref) refs/heads/master refs/remotes/master [1ms]
2023-01-11 10:11:09.621 [info] > git for-each-ref --sort -committerdate --format %(refname) %(objectname) %(*objectname) [1ms]
2023-01-11 10:11:09.651 [info] > git status -z -uall [35ms]
2023-01-11 10:11:14.729 [info] > git config --get commit.template [4ms]
2023-01-11 10:11:14.730 [info] > git for-each-ref --format=%(refname)%00%(upstream:short)%00%(objectname)%00%(upstream:track)%00%(upstream:remotename)%00%(upstream:remoteref) refs/heads/master refs/remotes/master [1ms]
2023-01-11 10:11:14.740 [info] > git for-each-ref --sort -committerdate --format %(refname) %(objectname) %(*objectname) [2ms]
2023-01-11 10:11:14.770 [info] > git status -z -uall [35ms]
2023-01-11 10:11:19.840 [info] > git config --get commit.template [5ms]
2023-01-11 10:11:19.841 [info] > git for-each-ref --format=%(refname)%00%(upstream:short)%00%(objectname)%00%(upstream:track)%00%(upstream:remotename)%00%(upstream:remoteref) refs/heads/master refs/remotes/master [1ms]
2023-01-11 10:11:19.849 [info] > git for-each-ref --sort -committerdate --format %(refname) %(objectname) %(*objectname) [1ms]
2023-01-11 10:11:19.899 [info] > git status -z -uall [54ms]
2023-01-11 10:11:24.996 [info] > git config --get commit.template [5ms]
2023-01-11 10:11:24.997 [info] > git for-each-ref --format=%(refname)%00%(upstream:short)%00%(objectname)%00%(upstream:track)%00%(upstream:remotename)%00%(upstream:remoteref) refs/heads/master refs/remotes/master [2ms]
2023-01-11 10:11:25.008 [info] > git for-each-ref --sort -committerdate --format %(refname) %(objectname) %(*objectname) [2ms]
2023-01-11 10:11:25.038 [info] > git status -z -uall [35ms]
2023-01-11 10:11:30.106 [info] > git config --get commit.template [5ms]
2023-01-11 10:11:30.106 [info] > git for-each-ref --format=%(refname)%00%(upstream:short)%00%(objectname)%00%(upstream:track)%00%(upstream:remotename)%00%(upstream:remoteref) refs/heads/master refs/remotes/master [1ms]
2023-01-11 10:11:30.117 [info] > git for-each-ref --sort -committerdate --format %(refname) %(objectname) %(*objectname) [1ms]
2023-01-11 10:11:30.147 [info] > git status -z -uall [35ms]
2023-01-11 10:11:35.219 [info] > git config --get commit.template [6ms]
2023-01-11 10:11:35.220 [info] > git for-each-ref --format=%(refname)%00%(upstream:short)%00%(objectname)%00%(upstream:track)%00%(upstream:remotename)%00%(upstream:remoteref) refs/heads/master refs/remotes/master [2ms]
2023-01-11 10:11:35.230 [info] > git for-each-ref --sort -committerdate --format %(refname) %(objectname) %(*objectname) [2ms]
2023-01-11 10:11:35.261 [info] > git status -z -uall [36ms]
2023-01-11 10:11:40.369 [info] > git config --get commit.template [6ms]
2023-01-11 10:11:40.369 [info] > git for-each-ref --format=%(refname)%00%(upstream:short)%00%(objectname)%00%(upstream:track)%00%(upstream:remotename)%00%(upstream:remoteref) refs/heads/master refs/remotes/master [1ms]
2023-01-11 10:11:40.378 [info] > git for-each-ref --sort -committerdate --format %(refname) %(objectname) %(*objectname) [2ms]
2023-01-11 10:11:40.410 [info] > git status -z -uall [36ms]
2023-01-11 10:11:45.483 [info] > git config --get commit.template [4ms]
2023-01-11 10:11:45.483 [info] > git for-each-ref --format=%(refname)%00%(upstream:short)%00%(objectname)%00%(upstream:track)%00%(upstream:remotename)%00%(upstream:remoteref) refs/heads/master refs/remotes/master [1ms]
2023-01-11 10:11:45.491 [info] > git for-each-ref --sort -committerdate --format %(refname) %(objectname) %(*objectname) [1ms]
2023-01-11 10:11:45.523 [info] > git status -z -uall [36ms]
2023-01-11 10:11:50.599 [info] > git config --get commit.template [6ms]
2023-01-11 10:11:50.600 [info] > git for-each-ref --format=%(refname)%00%(upstream:short)%00%(objectname)%00%(upstream:track)%00%(upstream:remotename)%00%(upstream:remoteref) refs/heads/master refs/remotes/master [1ms]
2023-01-11 10:11:50.611 [info] > git for-each-ref --sort -committerdate --format %(refname) %(objectname) %(*objectname) [2ms]
2023-01-11 10:11:50.640 [info] > git status -z -uall [36ms]
2023-01-11 10:11:55.715 [info] > git config --get commit.template [5ms]
2023-01-11 10:11:55.716 [info] > git for-each-ref --format=%(refname)%00%(upstream:short)%00%(objectname)%00%(upstream:track)%00%(upstream:remotename)%00%(upstream:remoteref) refs/heads/master refs/remotes/master [1ms]
2023-01-11 10:11:55.725 [info] > git for-each-ref --sort -committerdate --format %(refname) %(objectname) %(*objectname) [1ms]
2023-01-11 10:11:55.756 [info] > git status -z -uall [36ms]
2023-01-11 10:12:49.915 [info] > git config --get commit.template [7ms]
2023-01-11 10:12:49.915 [info] > git for-each-ref --format=%(refname)%00%(upstream:short)%00%(objectname)%00%(upstream:track)%00%(upstream:remotename)%00%(upstream:remoteref) refs/heads/master refs/remotes/master [2ms]
2023-01-11 10:12:49.927 [info] > git for-each-ref --sort -committerdate --format %(refname) %(objectname) %(*objectname) [2ms]
2023-01-11 10:12:49.970 [info] > git status -z -uall [50ms]
2023-01-11 10:14:48.137 [info] > git config --get commit.template [7ms]
2023-01-11 10:14:48.138 [info] > git for-each-ref --format=%(refname)%00%(upstream:short)%00%(objectname)%00%(upstream:track)%00%(upstream:remotename)%00%(upstream:remoteref) refs/heads/master refs/remotes/master [1ms]
2023-01-11 10:14:48.151 [info] > git for-each-ref --sort -committerdate --format %(refname) %(objectname) %(*objectname) [3ms]
2023-01-11 10:14:48.193 [info] > git status -z -uall [50ms]
2023-01-11 10:14:53.283 [info] > git config --get commit.template [6ms]
2023-01-11 10:14:53.286 [info] > git for-each-ref --format=%(refname)%00%(upstream:short)%00%(objectname)%00%(upstream:track)%00%(upstream:remotename)%00%(upstream:remoteref) refs/heads/master refs/remotes/master [4ms]
2023-01-11 10:14:53.307 [info] > git for-each-ref --sort -committerdate --format %(refname) %(objectname) %(*objectname) [4ms]
2023-01-11 10:14:53.352 [info] > git status -z -uall [59ms]
2023-01-11 10:14:58.455 [info] > git config --get commit.template [9ms]
2023-01-11 10:14:58.456 [info] > git for-each-ref --format=%(refname)%00%(upstream:short)%00%(objectname)%00%(upstream:track)%00%(upstream:remotename)%00%(upstream:remoteref) refs/heads/master refs/remotes/master [2ms]
2023-01-11 10:14:58.478 [info] > git for-each-ref --sort -committerdate --format %(refname) %(objectname) %(*objectname) [4ms]
2023-01-11 10:14:58.525 [info] > git status -z -uall [64ms]
2023-01-11 10:15:01.646 [info] > git config --get commit.template [9ms]
2023-01-11 10:15:01.649 [info] > git for-each-ref --format=%(refname)%00%(upstream:short)%00%(objectname)%00%(upstream:track)%00%(upstream:remotename)%00%(upstream:remoteref) refs/heads/main refs/remotes/main [4ms]
2023-01-11 10:15:01.661 [info] > git status -z -uall [6ms]
2023-01-11 10:15:01.664 [info] > git for-each-ref --sort -committerdate --format %(refname) %(objectname) %(*objectname) [3ms]
2023-01-11 10:15:03.661 [info] > git config --get commit.template [8ms]
2023-01-11 10:15:03.663 [info] > git for-each-ref --format=%(refname)%00%(upstream:short)%00%(objectname)%00%(upstream:track)%00%(upstream:remotename)%00%(upstream:remoteref) refs/heads/master refs/remotes/master [2ms]
2023-01-11 10:15:03.687 [info] > git for-each-ref --sort -committerdate --format %(refname) %(objectname) %(*objectname) [1ms]
2023-01-11 10:15:03.717 [info] > git status -z -uall [49ms]
2023-01-11 10:15:08.804 [info] > git config --get commit.template [7ms]
2023-01-11 10:15:08.806 [info] > git for-each-ref --format=%(refname)%00%(upstream:short)%00%(objectname)%00%(upstream:track)%00%(upstream:remotename)%00%(upstream:remoteref) refs/heads/master refs/remotes/master [2ms]
2023-01-11 10:15:08.829 [info] > git for-each-ref --sort -committerdate --format %(refname) %(objectname) %(*objectname) [6ms]
2023-01-11 10:15:08.861 [info] > git status -z -uall [50ms]
2023-01-11 10:15:13.933 [info] > git config --get commit.template [7ms]
2023-01-11 10:15:13.934 [info] > git for-each-ref --format=%(refname)%00%(upstream:short)%00%(objectname)%00%(upstream:track)%00%(upstream:remotename)%00%(upstream:remoteref) refs/heads/master refs/remotes/master [1ms]
2023-01-11 10:15:13.946 [info] > git for-each-ref --sort -committerdate --format %(refname) %(objectname) %(*objectname) [2ms]
2023-01-11 10:15:13.977 [info] > git status -z -uall [37ms]
2023-01-11 10:15:19.048 [info] > git config --get commit.template [6ms]
2023-01-11 10:15:19.048 [info] > git for-each-ref --format=%(refname)%00%(upstream:short)%00%(objectname)%00%(upstream:track)%00%(upstream:remotename)%00%(upstream:remoteref) refs/heads/master refs/remotes/master [1ms]
2023-01-11 10:15:19.060 [info] > git for-each-ref --sort -committerdate --format %(refname) %(objectname) %(*objectname) [2ms]
2023-01-11 10:15:19.091 [info] > git status -z -uall [38ms]
2023-01-11 10:15:24.164 [info] > git config --get commit.template [4ms]
2023-01-11 10:15:24.165 [info] > git for-each-ref --format=%(refname)%00%(upstream:short)%00%(objectname)%00%(upstream:track)%00%(upstream:remotename)%00%(upstream:remoteref) refs/heads/master refs/remotes/master [2ms]
2023-01-11 10:15:24.178 [info] > git for-each-ref --sort -committerdate --format %(refname) %(objectname) %(*objectname) [2ms]
2023-01-11 10:15:24.208 [info] > git status -z -uall [37ms]
2023-01-11 10:15:29.281 [info] > git config --get commit.template [6ms]
2023-01-11 10:15:29.281 [info] > git for-each-ref --format=%(refname)%00%(upstream:short)%00%(objectname)%00%(upstream:track)%00%(upstream:remotename)%00%(upstream:remoteref) refs/heads/master refs/remotes/master [1ms]
2023-01-11 10:15:29.290 [info] > git for-each-ref --sort -committerdate --format %(refname) %(objectname) %(*objectname) [1ms]
2023-01-11 10:15:29.323 [info] > git status -z -uall [38ms]
2023-01-11 10:15:34.393 [info] > git config --get commit.template [5ms]
2023-01-11 10:15:34.393 [info] > git for-each-ref --format=%(refname)%00%(upstream:short)%00%(objectname)%00%(upstream:track)%00%(upstream:remotename)%00%(upstream:remoteref) refs/heads/master refs/remotes/master [1ms]
2023-01-11 10:15:34.403 [info] > git for-each-ref --sort -committerdate --format %(refname) %(objectname) %(*objectname) [1ms]
2023-01-11 10:15:34.435 [info] > git status -z -uall [37ms]
2023-01-11 10:15:39.506 [info] > git config --get commit.template [5ms]
2023-01-11 10:15:39.507 [info] > git for-each-ref --format=%(refname)%00%(upstream:short)%00%(objectname)%00%(upstream:track)%00%(upstream:remotename)%00%(upstream:remoteref) refs/heads/master refs/remotes/master [2ms]
2023-01-11 10:15:39.518 [info] > git for-each-ref --sort -committerdate --format %(refname) %(objectname) %(*objectname) [1ms]
2023-01-11 10:15:39.550 [info] > git status -z -uall [37ms]
2023-01-11 10:15:44.623 [info] > git config --get commit.template [5ms]
2023-01-11 10:15:44.624 [info] > git for-each-ref --format=%(refname)%00%(upstream:short)%00%(objectname)%00%(upstream:track)%00%(upstream:remotename)%00%(upstream:remoteref) refs/heads/master refs/remotes/master [1ms]
2023-01-11 10:15:44.634 [info] > git for-each-ref --sort -committerdate --format %(refname) %(objectname) %(*objectname) [2ms]
2023-01-11 10:15:44.664 [info] > git status -z -uall [36ms]
2023-01-11 10:15:49.739 [info] > git config --get commit.template [6ms]
2023-01-11 10:15:49.739 [info] > git for-each-ref --format=%(refname)%00%(upstream:short)%00%(objectname)%00%(upstream:track)%00%(upstream:remotename)%00%(upstream:remoteref) refs/heads/master refs/remotes/master [1ms]
2023-01-11 10:15:49.750 [info] > git for-each-ref --sort -committerdate --format %(refname) %(objectname) %(*objectname) [1ms]
2023-01-11 10:15:49.779 [info] > git status -z -uall [36ms]
2023-01-11 10:16:10.004 [info] > git config --get commit.template [6ms]
2023-01-11 10:16:10.006 [info] > git for-each-ref --format=%(refname)%00%(upstream:short)%00%(objectname)%00%(upstream:track)%00%(upstream:remotename)%00%(upstream:remoteref) refs/heads/master refs/remotes/master [2ms]
2023-01-11 10:16:10.015 [info] > git for-each-ref --sort -committerdate --format %(refname) %(objectname) %(*objectname) [2ms]
2023-01-11 10:16:10.053 [info] > git status -z -uall [43ms]
2023-01-11 10:16:14.209 [info] > git show --textconv :docker-compose.yaml [9ms]
2023-01-11 10:16:14.226 [info] > git ls-files --stage -- /home/MalkovMA/lab4/docker-compose.yaml [18ms]
2023-01-11 10:16:14.244 [info] > git cat-file -s a1474bc484cae32825aeeaf5b3494c7898952179 [2ms]
2023-01-11 10:16:15.140 [info] > git config --get commit.template [1ms]
2023-01-11 10:16:15.148 [info] > git for-each-ref --format=%(refname)%00%(upstream:short)%00%(objectname)%00%(upstream:track)%00%(upstream:remotename)%00%(upstream:remoteref) refs/heads/master refs/remotes/master [0ms]
2023-01-11 10:16:15.157 [info] > git for-each-ref --sort -committerdate --format %(refname) %(objectname) %(*objectname) [2ms]
2023-01-11 10:16:15.188 [info] > git status -z -uall [35ms]
2023-01-11 10:16:20.270 [info] > git config --get commit.template [7ms]
2023-01-11 10:16:20.270 [info] > git for-each-ref --format=%(refname)%00%(upstream:short)%00%(objectname)%00%(upstream:track)%00%(upstream:remotename)%00%(upstream:remoteref) refs/heads/master refs/remotes/master [1ms]
2023-01-11 10:16:20.283 [info] > git for-each-ref --sort -committerdate --format %(refname) %(objectname) %(*objectname) [1ms]
2023-01-11 10:16:20.313 [info] > git status -z -uall [38ms]
2023-01-11 10:16:24.973 [info] > git show --textconv :app/app.py [7ms]
2023-01-11 10:16:24.975 [info] > git ls-files --stage -- /home/MalkovMA/app/app.py [1ms]
2023-01-11 10:16:25.393 [info] > git config --get commit.template [7ms]
2023-01-11 10:16:25.394 [info] > git for-each-ref --format=%(refname)%00%(upstream:short)%00%(objectname)%00%(upstream:track)%00%(upstream:remotename)%00%(upstream:remoteref) refs/heads/master refs/remotes/master [1ms]
2023-01-11 10:16:25.406 [info] > git for-each-ref --sort -committerdate --format %(refname) %(objectname) %(*objectname) [2ms]
2023-01-11 10:16:25.437 [info] > git status -z -uall [38ms]
2023-01-11 10:18:00.674 [info] > git config --get commit.template [6ms]
2023-01-11 10:18:00.674 [info] > git for-each-ref --format=%(refname)%00%(upstream:short)%00%(objectname)%00%(upstream:track)%00%(upstream:remotename)%00%(upstream:remoteref) refs/heads/master refs/remotes/master [1ms]
2023-01-11 10:18:00.686 [info] > git for-each-ref --sort -committerdate --format %(refname) %(objectname) %(*objectname) [2ms]
2023-01-11 10:18:00.724 [info] > git status -z -uall [45ms]
2023-01-11 10:18:05.809 [info] > git config --get commit.template [9ms]
2023-01-11 10:18:05.809 [info] > git for-each-ref --format=%(refname)%00%(upstream:short)%00%(objectname)%00%(upstream:track)%00%(upstream:remotename)%00%(upstream:remoteref) refs/heads/master refs/remotes/master [1ms]
2023-01-11 10:18:05.821 [info] > git for-each-ref --sort -committerdate --format %(refname) %(objectname) %(*objectname) [3ms]
2023-01-11 10:18:05.851 [info] > git status -z -uall [37ms]
2023-01-11 10:18:17.927 [info] > git config --get commit.template [7ms]
2023-01-11 10:18:17.927 [info] > git for-each-ref --format=%(refname)%00%(upstream:short)%00%(objectname)%00%(upstream:track)%00%(upstream:remotename)%00%(upstream:remoteref) refs/heads/master refs/remotes/master [1ms]
2023-01-11 10:18:17.937 [info] > git for-each-ref --sort -committerdate --format %(refname) %(objectname) %(*objectname) [2ms]
2023-01-11 10:18:17.976 [info] > git status -z -uall [44ms]
2023-01-11 10:18:29.083 [info] > git config --get commit.template [7ms]
2023-01-11 10:18:29.083 [info] > git for-each-ref --format=%(refname)%00%(upstream:short)%00%(objectname)%00%(upstream:track)%00%(upstream:remotename)%00%(upstream:remoteref) refs/heads/master refs/remotes/master [1ms]
2023-01-11 10:18:29.095 [info] > git for-each-ref --sort -committerdate --format %(refname) %(objectname) %(*objectname) [1ms]
2023-01-11 10:18:29.133 [info] > git status -z -uall [45ms]
2023-01-11 10:18:37.240 [info] > git config --get commit.template [9ms]
2023-01-11 10:18:37.240 [info] > git for-each-ref --format=%(refname)%00%(upstream:short)%00%(objectname)%00%(upstream:track)%00%(upstream:remotename)%00%(upstream:remoteref) refs/heads/master refs/remotes/master [1ms]
2023-01-11 10:18:37.257 [info] > git for-each-ref --sort -committerdate --format %(refname) %(objectname) %(*objectname) [2ms]
2023-01-11 10:18:37.285 [info] > git status -z -uall [38ms]
2023-01-11 10:18:42.363 [info] > git config --get commit.template [7ms]
2023-01-11 10:18:42.363 [info] > git for-each-ref --format=%(refname)%00%(upstream:short)%00%(objectname)%00%(upstream:track)%00%(upstream:remotename)%00%(upstream:remoteref) refs/heads/master refs/remotes/master [1ms]
2023-01-11 10:18:42.377 [info] > git for-each-ref --sort -committerdate --format %(refname) %(objectname) %(*objectname) [3ms]
2023-01-11 10:18:42.406 [info] > git status -z -uall [37ms]
2023-01-11 10:18:47.485 [info] > git config --get commit.template [7ms]
2023-01-11 10:18:47.486 [info] > git for-each-ref --format=%(refname)%00%(upstream:short)%00%(objectname)%00%(upstream:track)%00%(upstream:remotename)%00%(upstream:remoteref) refs/heads/master refs/remotes/master [1ms]
2023-01-11 10:18:47.497 [info] > git for-each-ref --sort -committerdate --format %(refname) %(objectname) %(*objectname) [2ms]
2023-01-11 10:18:47.527 [info] > git status -z -uall [36ms]
2023-01-11 10:18:52.598 [info] > git config --get commit.template [7ms]
2023-01-11 10:18:52.598 [info] > git for-each-ref --format=%(refname)%00%(upstream:short)%00%(objectname)%00%(upstream:track)%00%(upstream:remotename)%00%(upstream:remoteref) refs/heads/master refs/remotes/master [1ms]
2023-01-11 10:18:52.612 [info] > git for-each-ref --sort -committerdate --format %(refname) %(objectname) %(*objectname) [1ms]
2023-01-11 10:18:52.640 [info] > git status -z -uall [36ms]
2023-01-11 10:18:57.711 [info] > git config --get commit.template [8ms]
2023-01-11 10:18:57.712 [info] > git for-each-ref --format=%(refname)%00%(upstream:short)%00%(objectname)%00%(upstream:track)%00%(upstream:remotename)%00%(upstream:remoteref) refs/heads/master refs/remotes/master [2ms]
2023-01-11 10:18:57.729 [info] > git for-each-ref --sort -committerdate --format %(refname) %(objectname) %(*objectname) [1ms]
2023-01-11 10:18:57.756 [info] > git status -z -uall [37ms]
2023-01-11 10:19:17.200 [info] > git config --get commit.template [2ms]
2023-01-11 10:19:17.207 [info] > git for-each-ref --format=%(refname)%00%(upstream:short)%00%(objectname)%00%(upstream:track)%00%(upstream:remotename)%00%(upstream:remoteref) refs/heads/master refs/remotes/master [1ms]
2023-01-11 10:19:17.221 [info] > git for-each-ref --sort -committerdate --format %(refname) %(objectname) %(*objectname) [2ms]
2023-01-11 10:19:17.259 [info] > git status -z -uall [46ms]
2023-01-11 10:19:22.338 [info] > git config --get commit.template [8ms]
2023-01-11 10:19:22.338 [info] > git for-each-ref --format=%(refname)%00%(upstream:short)%00%(objectname)%00%(upstream:track)%00%(upstream:remotename)%00%(upstream:remoteref) refs/heads/master refs/remotes/master [1ms]
2023-01-11 10:19:22.354 [info] > git for-each-ref --sort -committerdate --format %(refname) %(objectname) %(*objectname) [2ms]
2023-01-11 10:19:22.381 [info] > git status -z -uall [36ms]
2023-01-11 10:19:27.451 [info] > git config --get commit.template [5ms]
2023-01-11 10:19:27.451 [info] > git for-each-ref --format=%(refname)%00%(upstream:short)%00%(objectname)%00%(upstream:track)%00%(upstream:remotename)%00%(upstream:remoteref) refs/heads/master refs/remotes/master [1ms]
2023-01-11 10:19:27.464 [info] > git for-each-ref --sort -committerdate --format %(refname) %(objectname) %(*objectname) [2ms]
2023-01-11 10:19:27.494 [info] > git status -z -uall [36ms]
2023-01-11 10:19:32.569 [info] > git config --get commit.template [7ms]
2023-01-11 10:19:32.570 [info] > git for-each-ref --format=%(refname)%00%(upstream:short)%00%(objectname)%00%(upstream:track)%00%(upstream:remotename)%00%(upstream:remoteref) refs/heads/master refs/remotes/master [1ms]
2023-01-11 10:19:32.580 [info] > git for-each-ref --sort -committerdate --format %(refname) %(objectname) %(*objectname) [2ms]
2023-01-11 10:19:32.610 [info] > git status -z -uall [35ms]
2023-01-11 10:19:37.680 [info] > git config --get commit.template [8ms]
2023-01-11 10:19:37.680 [info] > git for-each-ref --format=%(refname)%00%(upstream:short)%00%(objectname)%00%(upstream:track)%00%(upstream:remotename)%00%(upstream:remoteref) refs/heads/master refs/remotes/master [1ms]
2023-01-11 10:19:37.694 [info] > git for-each-ref --sort -committerdate --format %(refname) %(objectname) %(*objectname) [2ms]
2023-01-11 10:19:37.723 [info] > git status -z -uall [36ms]
2023-01-11 10:19:42.795 [info] > git config --get commit.template [8ms]
2023-01-11 10:19:42.795 [info] > git for-each-ref --format=%(refname)%00%(upstream:short)%00%(objectname)%00%(upstream:track)%00%(upstream:remotename)%00%(upstream:remoteref) refs/heads/master refs/remotes/master [1ms]
2023-01-11 10:19:42.811 [info] > git for-each-ref --sort -committerdate --format %(refname) %(objectname) %(*objectname) [2ms]
2023-01-11 10:19:42.838 [info] > git status -z -uall [36ms]
2023-01-11 10:19:47.906 [info] > git config --get commit.template [6ms]
2023-01-11 10:19:47.907 [info] > git for-each-ref --format=%(refname)%00%(upstream:short)%00%(objectname)%00%(upstream:track)%00%(upstream:remotename)%00%(upstream:remoteref) refs/heads/master refs/remotes/master [2ms]
2023-01-11 10:19:47.918 [info] > git for-each-ref --sort -committerdate --format %(refname) %(objectname) %(*objectname) [2ms]
2023-01-11 10:19:47.947 [info] > git status -z -uall [35ms]
2023-01-11 10:19:53.017 [info] > git config --get commit.template [5ms]
2023-01-11 10:19:53.018 [info] > git for-each-ref --format=%(refname)%00%(upstream:short)%00%(objectname)%00%(upstream:track)%00%(upstream:remotename)%00%(upstream:remoteref) refs/heads/master refs/remotes/master [2ms]
2023-01-11 10:19:53.031 [info] > git for-each-ref --sort -committerdate --format %(refname) %(objectname) %(*objectname) [1ms]
2023-01-11 10:19:53.063 [info] > git status -z -uall [38ms]
2023-01-11 10:19:58.134 [info] > git config --get commit.template [6ms]
2023-01-11 10:19:58.134 [info] > git for-each-ref --format=%(refname)%00%(upstream:short)%00%(objectname)%00%(upstream:track)%00%(upstream:remotename)%00%(upstream:remoteref) refs/heads/master refs/remotes/master [1ms]
2023-01-11 10:19:58.146 [info] > git for-each-ref --sort -committerdate --format %(refname) %(objectname) %(*objectname) [2ms]
2023-01-11 10:19:58.176 [info] > git status -z -uall [36ms]
2023-01-11 10:20:03.248 [info] > git config --get commit.template [9ms]
2023-01-11 10:20:03.248 [info] > git for-each-ref --format=%(refname)%00%(upstream:short)%00%(objectname)%00%(upstream:track)%00%(upstream:remotename)%00%(upstream:remoteref) refs/heads/master refs/remotes/master [1ms]
2023-01-11 10:20:03.264 [info] > git for-each-ref --sort -committerdate --format %(refname) %(objectname) %(*objectname) [3ms]
2023-01-11 10:20:03.294 [info] > git status -z -uall [38ms]
2023-01-11 10:20:08.367 [info] > git config --get commit.template [8ms]
2023-01-11 10:20:08.367 [info] > git for-each-ref --format=%(refname)%00%(upstream:short)%00%(objectname)%00%(upstream:track)%00%(upstream:remotename)%00%(upstream:remoteref) refs/heads/master refs/remotes/master [1ms]
2023-01-11 10:20:08.378 [info] > git for-each-ref --sort -committerdate --format %(refname) %(objectname) %(*objectname) [2ms]
2023-01-11 10:20:08.407 [info] > git status -z -uall [35ms]
2023-01-11 10:20:13.480 [info] > git config --get commit.template [6ms]
2023-01-11 10:20:13.481 [info] > git for-each-ref --format=%(refname)%00%(upstream:short)%00%(objectname)%00%(upstream:track)%00%(upstream:remotename)%00%(upstream:remoteref) refs/heads/master refs/remotes/master [2ms]
2023-01-11 10:20:13.493 [info] > git for-each-ref --sort -committerdate --format %(refname) %(objectname) %(*objectname) [3ms]
2023-01-11 10:20:13.523 [info] > git status -z -uall [36ms]
2023-01-11 10:20:18.600 [info] > git config --get commit.template [9ms]
2023-01-11 10:20:18.600 [info] > git for-each-ref --format=%(refname)%00%(upstream:short)%00%(objectname)%00%(upstream:track)%00%(upstream:remotename)%00%(upstream:remoteref) refs/heads/master refs/remotes/master [1ms]
2023-01-11 10:20:18.615 [info] > git for-each-ref --sort -committerdate --format %(refname) %(objectname) %(*objectname) [2ms]
2023-01-11 10:20:18.644 [info] > git status -z -uall [36ms]
2023-01-11 10:20:23.713 [info] > git config --get commit.template [5ms]
2023-01-11 10:20:23.714 [info] > git for-each-ref --format=%(refname)%00%(upstream:short)%00%(objectname)%00%(upstream:track)%00%(upstream:remotename)%00%(upstream:remoteref) refs/heads/master refs/remotes/master [2ms]
2023-01-11 10:20:23.729 [info] > git for-each-ref --sort -committerdate --format %(refname) %(objectname) %(*objectname) [2ms]
2023-01-11 10:20:23.756 [info] > git status -z -uall [35ms]
2023-01-11 10:20:28.827 [info] > git config --get commit.template [5ms]
2023-01-11 10:20:28.828 [info] > git for-each-ref --format=%(refname)%00%(upstream:short)%00%(objectname)%00%(upstream:track)%00%(upstream:remotename)%00%(upstream:remoteref) refs/heads/master refs/remotes/master [2ms]
2023-01-11 10:20:28.840 [info] > git for-each-ref --sort -committerdate --format %(refname) %(objectname) %(*objectname) [2ms]
2023-01-11 10:20:28.870 [info] > git status -z -uall [36ms]
2023-01-11 10:20:33.940 [info] > git config --get commit.template [6ms]
2023-01-11 10:20:33.940 [info] > git for-each-ref --format=%(refname)%00%(upstream:short)%00%(objectname)%00%(upstream:track)%00%(upstream:remotename)%00%(upstream:remoteref) refs/heads/master refs/remotes/master [1ms]
2023-01-11 10:20:33.953 [info] > git for-each-ref --sort -committerdate --format %(refname) %(objectname) %(*objectname) [2ms]
2023-01-11 10:20:33.982 [info] > git status -z -uall [36ms]
2023-01-11 10:20:39.070 [info] > git config --get commit.template [20ms]
2023-01-11 10:20:39.085 [info] > git for-each-ref --format=%(refname)%00%(upstream:short)%00%(objectname)%00%(upstream:track)%00%(upstream:remotename)%00%(upstream:remoteref) refs/heads/master refs/remotes/master [26ms]
2023-01-11 10:20:39.114 [info] > git for-each-ref --sort -committerdate --format %(refname) %(objectname) %(*objectname) [17ms]
2023-01-11 10:20:39.133 [info] > git status -z -uall [41ms]
2023-01-11 10:20:44.206 [info] > git config --get commit.template [9ms]
2023-01-11 10:20:44.206 [info] > git for-each-ref --format=%(refname)%00%(upstream:short)%00%(objectname)%00%(upstream:track)%00%(upstream:remotename)%00%(upstream:remoteref) refs/heads/master refs/remotes/master [1ms]
2023-01-11 10:20:44.217 [info] > git for-each-ref --sort -committerdate --format %(refname) %(objectname) %(*objectname) [1ms]
2023-01-11 10:20:44.260 [info] > git status -z -uall [49ms]
2023-01-11 10:20:49.357 [info] > git config --get commit.template [8ms]
2023-01-11 10:20:49.357 [info] > git for-each-ref --format=%(refname)%00%(upstream:short)%00%(objectname)%00%(upstream:track)%00%(upstream:remotename)%00%(upstream:remoteref) refs/heads/master refs/remotes/master [1ms]
2023-01-11 10:20:49.368 [info] > git for-each-ref --sort -committerdate --format %(refname) %(objectname) %(*objectname) [2ms]
2023-01-11 10:20:49.399 [info] > git status -z -uall [37ms]
2023-01-11 10:20:54.473 [info] > git config --get commit.template [7ms]
2023-01-11 10:20:54.474 [info] > git for-each-ref --format=%(refname)%00%(upstream:short)%00%(objectname)%00%(upstream:track)%00%(upstream:remotename)%00%(upstream:remoteref) refs/heads/master refs/remotes/master [2ms]
2023-01-11 10:20:54.487 [info] > git for-each-ref --sort -committerdate --format %(refname) %(objectname) %(*objectname) [2ms]
2023-01-11 10:20:54.516 [info] > git status -z -uall [36ms]
2023-01-11 10:20:59.598 [info] > git config --get commit.template [8ms]
2023-01-11 10:20:59.598 [info] > git for-each-ref --format=%(refname)%00%(upstream:short)%00%(objectname)%00%(upstream:track)%00%(upstream:remotename)%00%(upstream:remoteref) refs/heads/master refs/remotes/master [1ms]
2023-01-11 10:20:59.609 [info] > git for-each-ref --sort -committerdate --format %(refname) %(objectname) %(*objectname) [2ms]
2023-01-11 10:20:59.638 [info] > git status -z -uall [35ms]
2023-01-11 10:21:29.639 [info] > git config --get commit.template [8ms]
2023-01-11 10:21:29.640 [info] > git for-each-ref --format=%(refname)%00%(upstream:short)%00%(objectname)%00%(upstream:track)%00%(upstream:remotename)%00%(upstream:remoteref) refs/heads/master refs/remotes/master [1ms]
2023-01-11 10:21:29.651 [info] > git for-each-ref --sort -committerdate --format %(refname) %(objectname) %(*objectname) [2ms]
2023-01-11 10:21:29.694 [info] > git status -z -uall [49ms]
2023-01-11 10:21:34.776 [info] > git config --get commit.template [5ms]
2023-01-11 10:21:34.776 [info] > git for-each-ref --format=%(refname)%00%(upstream:short)%00%(objectname)%00%(upstream:track)%00%(upstream:remotename)%00%(upstream:remoteref) refs/heads/master refs/remotes/master [1ms]
2023-01-11 10:21:34.790 [info] > git for-each-ref --sort -committerdate --format %(refname) %(objectname) %(*objectname) [2ms]
2023-01-11 10:21:34.820 [info] > git status -z -uall [37ms]
2023-01-11 10:21:39.910 [info] > git for-each-ref --format=%(refname)%00%(upstream:short)%00%(objectname)%00%(upstream:track)%00%(upstream:remotename)%00%(upstream:remoteref) refs/heads/master refs/remotes/master [7ms]
2023-01-11 10:21:39.911 [info] > git config --get commit.template [18ms]
2023-01-11 10:21:39.951 [info] > git for-each-ref --sort -committerdate --format %(refname) %(objectname) %(*objectname) [2ms]
2023-01-11 10:21:39.995 [info] > git status -z -uall [64ms]
2023-01-11 10:21:44.571 [info] > git config --get commit.template [18ms]
2023-01-11 10:21:44.580 [info] > git for-each-ref --format=%(refname)%00%(upstream:short)%00%(objectname)%00%(upstream:track)%00%(upstream:remotename)%00%(upstream:remoteref) refs/heads/main refs/remotes/main [9ms]
2023-01-11 10:21:44.606 [info] > git status -z -uall [8ms]
2023-01-11 10:21:44.626 [info] > git for-each-ref --sort -committerdate --format %(refname) %(objectname) %(*objectname) [20ms]
2023-01-11 10:21:45.124 [info] > git config --get commit.template [9ms]
2023-01-11 10:21:45.126 [info] > git for-each-ref --format=%(refname)%00%(upstream:short)%00%(objectname)%00%(upstream:track)%00%(upstream:remotename)%00%(upstream:remoteref) refs/heads/master refs/remotes/master [2ms]
2023-01-11 10:21:45.139 [info] > git for-each-ref --sort -committerdate --format %(refname) %(objectname) %(*objectname) [1ms]
2023-01-11 10:21:45.178 [info] > git status -z -uall [45ms]
2023-01-11 10:35:35.878 [info] > git config --get commit.template [7ms]
2023-01-11 10:35:35.879 [info] > git for-each-ref --format=%(refname)%00%(upstream:short)%00%(objectname)%00%(upstream:track)%00%(upstream:remotename)%00%(upstream:remoteref) refs/heads/master refs/remotes/master [2ms]
2023-01-11 10:35:35.893 [info] > git for-each-ref --sort -committerdate --format %(refname) %(objectname) %(*objectname) [2ms]
2023-01-11 10:35:35.939 [info] > git status -z -uall [53ms]
2023-01-11 10:35:41.024 [info] > git config --get commit.template [5ms]
2023-01-11 10:35:41.024 [info] > git for-each-ref --format=%(refname)%00%(upstream:short)%00%(objectname)%00%(upstream:track)%00%(upstream:remotename)%00%(upstream:remoteref) refs/heads/master refs/remotes/master [1ms]
2023-01-11 10:35:41.039 [info] > git for-each-ref --sort -committerdate --format %(refname) %(objectname) %(*objectname) [2ms]
2023-01-11 10:35:41.066 [info] > git status -z -uall [36ms]
2023-01-11 10:35:46.137 [info] > git config --get commit.template [8ms]
2023-01-11 10:35:46.139 [info] > git for-each-ref --format=%(refname)%00%(upstream:short)%00%(objectname)%00%(upstream:track)%00%(upstream:remotename)%00%(upstream:remoteref) refs/heads/master refs/remotes/master [2ms]
2023-01-11 10:35:46.154 [info] > git for-each-ref --sort -committerdate --format %(refname) %(objectname) %(*objectname) [2ms]
2023-01-11 10:35:46.183 [info] > git status -z -uall [38ms]
2023-01-11 10:35:51.262 [info] > git config --get commit.template [8ms]
2023-01-11 10:35:51.263 [info] > git for-each-ref --format=%(refname)%00%(upstream:short)%00%(objectname)%00%(upstream:track)%00%(upstream:remotename)%00%(upstream:remoteref) refs/heads/master refs/remotes/master [0ms]
2023-01-11 10:35:51.274 [info] > git for-each-ref --sort -committerdate --format %(refname) %(objectname) %(*objectname) [2ms]
2023-01-11 10:35:51.304 [info] > git status -z -uall [36ms]
2023-01-11 10:35:56.380 [info] > git config --get commit.template [8ms]
2023-01-11 10:35:56.380 [info] > git for-each-ref --format=%(refname)%00%(upstream:short)%00%(objectname)%00%(upstream:track)%00%(upstream:remotename)%00%(upstream:remoteref) refs/heads/master refs/remotes/master [1ms]
2023-01-11 10:35:56.394 [info] > git for-each-ref --sort -committerdate --format %(refname) %(objectname) %(*objectname) [2ms]
2023-01-11 10:35:56.421 [info] > git status -z -uall [36ms]
2023-01-11 10:36:01.492 [info] > git config --get commit.template [7ms]
2023-01-11 10:36:01.492 [info] > git for-each-ref --format=%(refname)%00%(upstream:short)%00%(objectname)%00%(upstream:track)%00%(upstream:remotename)%00%(upstream:remoteref) refs/heads/master refs/remotes/master [1ms]
2023-01-11 10:36:01.509 [info] > git for-each-ref --sort -committerdate --format %(refname) %(objectname) %(*objectname) [2ms]
2023-01-11 10:36:01.541 [info] > git status -z -uall [43ms]
2023-01-11 10:36:04.334 [info] > git config --get commit.template [7ms]
2023-01-11 10:36:04.335 [info] > git for-each-ref --format=%(refname)%00%(upstream:short)%00%(objectname)%00%(upstream:track)%00%(upstream:remotename)%00%(upstream:remoteref) refs/heads/main refs/remotes/main [1ms]
2023-01-11 10:36:04.345 [info] > git status -z -uall [5ms]
2023-01-11 10:36:04.346 [info] > git for-each-ref --sort -committerdate --format %(refname) %(objectname) %(*objectname) [1ms]
2023-01-11 10:36:06.628 [info] > git config --get commit.template [8ms]
2023-01-11 10:36:06.629 [info] > git for-each-ref --format=%(refname)%00%(upstream:short)%00%(objectname)%00%(upstream:track)%00%(upstream:remotename)%00%(upstream:remoteref) refs/heads/master refs/remotes/master [2ms]
2023-01-11 10:36:06.667 [info] > git for-each-ref --sort -committerdate --format %(refname) %(objectname) %(*objectname) [17ms]
2023-01-11 10:36:06.711 [info] > git status -z -uall [76ms]
2023-01-11 10:36:11.820 [info] > git for-each-ref --format=%(refname)%00%(upstream:short)%00%(objectname)%00%(upstream:track)%00%(upstream:remotename)%00%(upstream:remoteref) refs/heads/master refs/remotes/master [1ms]
2023-01-11 10:36:11.820 [info] > git config --get commit.template [17ms]
2023-01-11 10:36:11.909 [info] > git for-each-ref --sort -committerdate --format %(refname) %(objectname) %(*objectname) [15ms]
2023-01-11 10:36:11.947 [info] > git status -z -uall [105ms]
2023-01-11 10:36:17.030 [info] > git config --get commit.template [7ms]
2023-01-11 10:36:17.032 [info] > git for-each-ref --format=%(refname)%00%(upstream:short)%00%(objectname)%00%(upstream:track)%00%(upstream:remotename)%00%(upstream:remoteref) refs/heads/master refs/remotes/master [3ms]
2023-01-11 10:36:17.086 [info] > git for-each-ref --sort -committerdate --format %(refname) %(objectname) %(*objectname) [41ms]
2023-01-11 10:36:17.102 [info] > git status -z -uall [64ms]
2023-01-11 10:38:11.156 [info] > git config --get commit.template [7ms]
2023-01-11 10:38:11.156 [info] > git for-each-ref --format=%(refname)%00%(upstream:short)%00%(objectname)%00%(upstream:track)%00%(upstream:remotename)%00%(upstream:remoteref) refs/heads/master refs/remotes/master [2ms]
2023-01-11 10:38:11.177 [info] > git for-each-ref --sort -committerdate --format %(refname) %(objectname) %(*objectname) [10ms]
2023-01-11 10:38:11.211 [info] > git status -z -uall [49ms]
2023-01-11 10:38:16.290 [info] > git config --get commit.template [8ms]
2023-01-11 10:38:16.291 [info] > git for-each-ref --format=%(refname)%00%(upstream:short)%00%(objectname)%00%(upstream:track)%00%(upstream:remotename)%00%(upstream:remoteref) refs/heads/master refs/remotes/master [1ms]
2023-01-11 10:38:16.301 [info] > git for-each-ref --sort -committerdate --format %(refname) %(objectname) %(*objectname) [1ms]
2023-01-11 10:38:16.332 [info] > git status -z -uall [36ms]
2023-01-11 10:38:21.407 [info] > git config --get commit.template [8ms]
2023-01-11 10:38:21.407 [info] > git for-each-ref --format=%(refname)%00%(upstream:short)%00%(objectname)%00%(upstream:track)%00%(upstream:remotename)%00%(upstream:remoteref) refs/heads/master refs/remotes/master [1ms]
2023-01-11 10:38:21.419 [info] > git for-each-ref --sort -committerdate --format %(refname) %(objectname) %(*objectname) [2ms]
2023-01-11 10:38:21.449 [info] > git status -z -uall [36ms]
2023-01-11 10:38:27.876 [info] > git config --get commit.template [9ms]
2023-01-11 10:38:27.877 [info] > git for-each-ref --format=%(refname)%00%(upstream:short)%00%(objectname)%00%(upstream:track)%00%(upstream:remotename)%00%(upstream:remoteref) refs/heads/master refs/remotes/master [1ms]
2023-01-11 10:38:27.889 [info] > git for-each-ref --sort -committerdate --format %(refname) %(objectname) %(*objectname) [2ms]
2023-01-11 10:38:27.919 [info] > git status -z -uall [36ms]
2023-01-11 10:38:40.484 [info] > git config --get commit.template [9ms]
2023-01-11 10:38:40.484 [info] > git for-each-ref --format=%(refname)%00%(upstream:short)%00%(objectname)%00%(upstream:track)%00%(upstream:remotename)%00%(upstream:remoteref) refs/heads/master refs/remotes/master [2ms]
2023-01-11 10:38:40.498 [info] > git for-each-ref --sort -committerdate --format %(refname) %(objectname) %(*objectname) [2ms]
2023-01-11 10:38:40.539 [info] > git status -z -uall [49ms]
2023-01-11 10:39:06.871 [info] > git config --get commit.template [8ms]
2023-01-11 10:39:06.872 [info] > git for-each-ref --format=%(refname)%00%(upstream:short)%00%(objectname)%00%(upstream:track)%00%(upstream:remotename)%00%(upstream:remoteref) refs/heads/master refs/remotes/master [1ms]
2023-01-11 10:39:06.884 [info] > git for-each-ref --sort -committerdate --format %(refname) %(objectname) %(*objectname) [3ms]
2023-01-11 10:39:06.922 [info] > git status -z -uall [44ms]
2023-01-11 10:39:19.868 [info] > git config --get commit.template [10ms]
2023-01-11 10:39:19.869 [info] > git for-each-ref --format=%(refname)%00%(upstream:short)%00%(objectname)%00%(upstream:track)%00%(upstream:remotename)%00%(upstream:remoteref) refs/heads/master refs/remotes/master [2ms]
2023-01-11 10:39:19.885 [info] > git for-each-ref --sort -committerdate --format %(refname) %(objectname) %(*objectname) [2ms]
2023-01-11 10:39:19.925 [info] > git status -z -uall [49ms]
2023-01-11 10:41:49.973 [info] > git config --get commit.template [1ms]
2023-01-11 10:41:49.980 [info] > git for-each-ref --format=%(refname)%00%(upstream:short)%00%(objectname)%00%(upstream:track)%00%(upstream:remotename)%00%(upstream:remoteref) refs/heads/master refs/remotes/master [2ms]
2023-01-11 10:41:49.990 [info] > git for-each-ref --sort -committerdate --format %(refname) %(objectname) %(*objectname) [2ms]
2023-01-11 10:41:50.030 [info] > git status -z -uall [45ms]
2023-01-11 10:41:53.186 [info] > git check-ignore -v -z --stdin [2ms]
2023-01-11 10:41:55.111 [info] > git config --get commit.template [7ms]
2023-01-11 10:41:55.111 [info] > git for-each-ref --format=%(refname)%00%(upstream:short)%00%(objectname)%00%(upstream:track)%00%(upstream:remotename)%00%(upstream:remoteref) refs/heads/master refs/remotes/master [1ms]
2023-01-11 10:41:55.124 [info] > git for-each-ref --sort -committerdate --format %(refname) %(objectname) %(*objectname) [2ms]
2023-01-11 10:41:55.154 [info] > git status -z -uall [37ms]
2023-01-11 10:42:00.235 [info] > git config --get commit.template [6ms]
2023-01-11 10:42:00.236 [info] > git for-each-ref --format=%(refname)%00%(upstream:short)%00%(objectname)%00%(upstream:track)%00%(upstream:remotename)%00%(upstream:remoteref) refs/heads/master refs/remotes/master [1ms]
2023-01-11 10:42:00.248 [info] > git for-each-ref --sort -committerdate --format %(refname) %(objectname) %(*objectname) [2ms]
2023-01-11 10:42:00.280 [info] > git status -z -uall [39ms]
