2023-01-11 00:40:58.235 [info] Log level: Info
2023-01-11 00:40:58.235 [info] Validating found git in: "git"
2023-01-11 00:40:58.235 [info] Using git "2.31.1" from "git"
2023-01-11 00:40:58.235 [info] > git rev-parse --show-toplevel [64ms]
2023-01-11 00:40:58.235 [info] > git rev-parse --git-dir --git-common-dir [9ms]
2023-01-11 00:40:58.235 [info] Open repository: /home/MalkovMA
2023-01-11 00:40:58.235 [info] > git rev-parse --show-toplevel [8ms]
2023-01-11 00:40:58.235 [info] > git config --get commit.template [5ms]
2023-01-11 00:40:58.235 [info] > git rev-parse --show-toplevel [10ms]
2023-01-11 00:40:58.235 [info] > git for-each-ref --format=%(refname)%00%(upstream:short)%00%(objectname)%00%(upstream:track)%00%(upstream:remotename)%00%(upstream:remoteref) refs/heads/master refs/remotes/master [7ms]
2023-01-11 00:40:58.235 [info] > git rev-parse --show-toplevel [12ms]
2023-01-11 00:40:58.235 [info] > git for-each-ref --sort -committerdate --format %(refname) %(objectname) %(*objectname) [8ms]
2023-01-11 00:40:58.235 [info] > git rev-parse --show-toplevel [32ms]
2023-01-11 00:40:58.235 [info] > git status -z -uall [52ms]
2023-01-11 00:40:58.236 [info] > git rev-parse --show-toplevel [5ms]
2023-01-11 00:40:58.236 [info] > git rev-parse --show-toplevel [743ms]
2023-01-11 00:40:58.236 [info] > git rev-parse --show-toplevel [34ms]
2023-01-11 00:40:58.236 [info] > git config --get commit.template [77ms]
2023-01-11 00:40:58.236 [info] > git check-ignore -v -z --stdin [51ms]
2023-01-11 00:40:58.236 [info] > git rev-parse --git-dir --git-common-dir [8ms]
2023-01-11 00:40:58.236 [info] Open repository: /home/MalkovMA/lab4
2023-01-11 00:40:58.236 [info] > git for-each-ref --format=%(refname)%00%(upstream:short)%00%(objectname)%00%(upstream:track)%00%(upstream:remotename)%00%(upstream:remoteref) refs/heads/master refs/remotes/master [11ms]
2023-01-11 00:40:58.236 [info] > git config --get commit.template [6ms]
2023-01-11 00:40:58.236 [info] > git for-each-ref --sort -committerdate --format %(refname) %(objectname) %(*objectname) [5ms]
2023-01-11 00:40:58.236 [info] > git for-each-ref --format=%(refname)%00%(upstream:short)%00%(objectname)%00%(upstream:track)%00%(upstream:remotename)%00%(upstream:remoteref) refs/heads/main refs/remotes/main [7ms]
2023-01-11 00:40:58.236 [info] > git status -z -uall [3ms]
2023-01-11 00:40:58.236 [info] > git for-each-ref --sort -committerdate --format %(refname) %(objectname) %(*objectname) [4ms]
2023-01-11 00:40:58.236 [info] > git status -z -uall [67ms]
2023-01-11 00:40:59.073 [info] > git check-ignore -v -z --stdin [8ms]
2023-01-11 00:40:59.074 [info] > git check-ignore -v -z --stdin [4ms]
