2023-01-10 22:34:45.443 [info] Extension host with pid 1325 started
2023-01-10 22:34:45.462 [error] Error: EEXIST: file already exists, open '/home/MalkovMA/.vscode-server/data/User/workspaceStorage/243ebfbc496cc3f09efb5717f1a26cb3/vscode.lock'
2023-01-10 22:34:45.472 [info] Lock '/home/MalkovMA/.vscode-server/data/User/workspaceStorage/243ebfbc496cc3f09efb5717f1a26cb3/vscode.lock': Could not acquire lock, checking if the file is stale.
2023-01-10 22:34:45.475 [info] Lock '/home/MalkovMA/.vscode-server/data/User/workspaceStorage/243ebfbc496cc3f09efb5717f1a26cb3/vscode.lock': The pid 2534 appears to be gone.
2023-01-10 22:34:45.475 [info] Lock '/home/MalkovMA/.vscode-server/data/User/workspaceStorage/243ebfbc496cc3f09efb5717f1a26cb3/vscode.lock': Deleting a stale lock.
2023-01-10 22:34:45.477 [info] Lock '/home/MalkovMA/.vscode-server/data/User/workspaceStorage/243ebfbc496cc3f09efb5717f1a26cb3/vscode.lock': Lock acquired.
2023-01-10 22:34:45.558 [info] ExtensionService#_doActivateExtension ms-azuretools.vscode-docker, startup: false, activationEvent: 'onLanguage:dockercompose'
2023-01-10 22:34:45.559 [info] ExtensionService#_doActivateExtension vscode.git-base, startup: true, activationEvent: '*', root cause: vscode.git
2023-01-10 22:34:45.988 [info] ExtensionService#_doActivateExtension vscode.git, startup: true, activationEvent: '*'
2023-01-10 22:34:45.988 [info] ExtensionService#_doActivateExtension vscode.github, startup: true, activationEvent: '*'
2023-01-10 22:34:46.333 [info] ExtensionService#_doActivateExtension vscode.debug-auto-launch, startup: false, activationEvent: 'onStartupFinished'
2023-01-10 22:34:46.334 [info] ExtensionService#_doActivateExtension vscode.emmet, startup: false, activationEvent: 'onStartupFinished'
2023-01-10 22:34:46.335 [info] ExtensionService#_doActivateExtension vscode.merge-conflict, startup: false, activationEvent: 'onStartupFinished'
2023-01-10 22:34:46.335 [info] Eager extensions activated
2023-01-10 22:34:46.676 [warning] [Decorations] CAPPING events from decorations provider vscode.git 7531
2023-01-10 22:34:47.562 [warning] [Decorations] CAPPING events from decorations provider vscode.git 7531
2023-01-10 22:34:50.652 [warning] [Decorations] CAPPING events from decorations provider vscode.git 7532
2023-01-10 22:34:55.773 [warning] [Decorations] CAPPING events from decorations provider vscode.git 7532
2023-01-10 22:35:00.938 [warning] [Decorations] CAPPING events from decorations provider vscode.git 7532
2023-01-10 22:35:06.084 [warning] [Decorations] CAPPING events from decorations provider vscode.git 7532
2023-01-10 22:35:16.005 [warning] [Decorations] CAPPING events from decorations provider vscode.git 7532
2023-01-10 22:35:21.164 [warning] [Decorations] CAPPING events from decorations provider vscode.git 7532
2023-01-10 22:35:26.316 [warning] [Decorations] CAPPING events from decorations provider vscode.git 7532
2023-01-10 22:35:36.433 [warning] [Decorations] CAPPING events from decorations provider vscode.git 7532
2023-01-10 22:35:45.339 [warning] [Decorations] CAPPING events from decorations provider vscode.git 7532
2023-01-10 22:35:50.458 [warning] [Decorations] CAPPING events from decorations provider vscode.git 7532
2023-01-10 22:35:55.578 [warning] [Decorations] CAPPING events from decorations provider vscode.git 7532
2023-01-10 22:36:00.717 [warning] [Decorations] CAPPING events from decorations provider vscode.git 7532
2023-01-10 22:36:05.841 [warning] [Decorations] CAPPING events from decorations provider vscode.git 7532
2023-01-10 22:36:10.956 [warning] [Decorations] CAPPING events from decorations provider vscode.git 7532
2023-01-10 22:36:35.583 [warning] [Decorations] CAPPING events from decorations provider vscode.git 7532
2023-01-10 22:36:40.700 [warning] [Decorations] CAPPING events from decorations provider vscode.git 7532
2023-01-10 22:36:45.817 [warning] [Decorations] CAPPING events from decorations provider vscode.git 7532
2023-01-10 22:36:50.982 [warning] [Decorations] CAPPING events from decorations provider vscode.git 7532
2023-01-10 22:36:56.137 [warning] [Decorations] CAPPING events from decorations provider vscode.git 7532
2023-01-10 22:37:01.254 [warning] [Decorations] CAPPING events from decorations provider vscode.git 7532
2023-01-10 22:37:06.373 [warning] [Decorations] CAPPING events from decorations provider vscode.git 7532
2023-01-10 22:37:11.496 [warning] [Decorations] CAPPING events from decorations provider vscode.git 7532
2023-01-10 22:37:16.612 [warning] [Decorations] CAPPING events from decorations provider vscode.git 7532
2023-01-10 22:37:21.770 [warning] [Decorations] CAPPING events from decorations provider vscode.git 7532
2023-01-10 22:37:26.886 [warning] [Decorations] CAPPING events from decorations provider vscode.git 7532
2023-01-10 22:37:32.042 [warning] [Decorations] CAPPING events from decorations provider vscode.git 7532
2023-01-10 22:37:37.157 [warning] [Decorations] CAPPING events from decorations provider vscode.git 7532
2023-01-10 22:37:42.315 [warning] [Decorations] CAPPING events from decorations provider vscode.git 7532
2023-01-10 22:37:47.433 [warning] [Decorations] CAPPING events from decorations provider vscode.git 7532
2023-01-10 22:37:52.557 [warning] [Decorations] CAPPING events from decorations provider vscode.git 7532
2023-01-10 22:37:57.695 [warning] [Decorations] CAPPING events from decorations provider vscode.git 7532
2023-01-10 22:38:02.839 [warning] [Decorations] CAPPING events from decorations provider vscode.git 7532
2023-01-10 22:38:07.956 [warning] [Decorations] CAPPING events from decorations provider vscode.git 7532
2023-01-10 22:38:13.079 [warning] [Decorations] CAPPING events from decorations provider vscode.git 7532
2023-01-10 22:38:18.233 [warning] [Decorations] CAPPING events from decorations provider vscode.git 7532
2023-01-10 22:38:23.382 [warning] [Decorations] CAPPING events from decorations provider vscode.git 7532
2023-01-10 22:38:28.499 [warning] [Decorations] CAPPING events from decorations provider vscode.git 7532
2023-01-10 22:38:33.665 [warning] [Decorations] CAPPING events from decorations provider vscode.git 7532
2023-01-10 22:38:38.816 [warning] [Decorations] CAPPING events from decorations provider vscode.git 7532
2023-01-10 22:38:43.933 [warning] [Decorations] CAPPING events from decorations provider vscode.git 7532
2023-01-10 22:38:49.049 [warning] [Decorations] CAPPING events from decorations provider vscode.git 7532
2023-01-10 22:38:54.207 [warning] [Decorations] CAPPING events from decorations provider vscode.git 7532
2023-01-10 22:38:59.322 [warning] [Decorations] CAPPING events from decorations provider vscode.git 7532
2023-01-10 22:39:04.442 [warning] [Decorations] CAPPING events from decorations provider vscode.git 7532
2023-01-10 22:39:09.600 [warning] [Decorations] CAPPING events from decorations provider vscode.git 7532
2023-01-10 22:39:14.725 [warning] [Decorations] CAPPING events from decorations provider vscode.git 7532
2023-01-10 22:39:19.854 [warning] [Decorations] CAPPING events from decorations provider vscode.git 7532
2023-01-10 22:39:25.002 [warning] [Decorations] CAPPING events from decorations provider vscode.git 7532
2023-01-10 22:39:30.125 [warning] [Decorations] CAPPING events from decorations provider vscode.git 7532
2023-01-10 22:39:35.246 [warning] [Decorations] CAPPING events from decorations provider vscode.git 7532
2023-01-10 22:39:40.407 [warning] [Decorations] CAPPING events from decorations provider vscode.git 7532
2023-01-10 22:39:45.520 [warning] [Decorations] CAPPING events from decorations provider vscode.git 7532
2023-01-10 22:39:50.635 [warning] [Decorations] CAPPING events from decorations provider vscode.git 7532
2023-01-10 22:39:55.791 [warning] [Decorations] CAPPING events from decorations provider vscode.git 7532
2023-01-10 22:40:00.907 [warning] [Decorations] CAPPING events from decorations provider vscode.git 7532
2023-01-10 22:40:06.023 [warning] [Decorations] CAPPING events from decorations provider vscode.git 7532
2023-01-10 22:40:11.187 [warning] [Decorations] CAPPING events from decorations provider vscode.git 7532
2023-01-10 22:40:16.303 [warning] [Decorations] CAPPING events from decorations provider vscode.git 7532
2023-01-10 22:40:21.461 [warning] [Decorations] CAPPING events from decorations provider vscode.git 7532
2023-01-10 22:40:26.578 [warning] [Decorations] CAPPING events from decorations provider vscode.git 7532
2023-01-10 22:40:31.736 [warning] [Decorations] CAPPING events from decorations provider vscode.git 7532
2023-01-10 22:40:36.850 [warning] [Decorations] CAPPING events from decorations provider vscode.git 7532
2023-01-10 22:40:42.006 [warning] [Decorations] CAPPING events from decorations provider vscode.git 7532
2023-01-10 22:40:47.125 [warning] [Decorations] CAPPING events from decorations provider vscode.git 7532
2023-01-10 22:40:52.248 [warning] [Decorations] CAPPING events from decorations provider vscode.git 7532
2023-01-10 22:40:57.398 [warning] [Decorations] CAPPING events from decorations provider vscode.git 7532
2023-01-10 22:41:02.517 [warning] [Decorations] CAPPING events from decorations provider vscode.git 7532
2023-01-10 22:41:07.663 [warning] [Decorations] CAPPING events from decorations provider vscode.git 7532
2023-01-10 22:41:12.784 [warning] [Decorations] CAPPING events from decorations provider vscode.git 7532
2023-01-10 22:41:17.903 [warning] [Decorations] CAPPING events from decorations provider vscode.git 7532
2023-01-10 22:41:23.057 [warning] [Decorations] CAPPING events from decorations provider vscode.git 7532
2023-01-10 22:41:28.179 [warning] [Decorations] CAPPING events from decorations provider vscode.git 7532
2023-01-10 22:41:33.299 [warning] [Decorations] CAPPING events from decorations provider vscode.git 7532
2023-01-10 22:41:38.457 [warning] [Decorations] CAPPING events from decorations provider vscode.git 7532
2023-01-10 22:41:43.610 [warning] [Decorations] CAPPING events from decorations provider vscode.git 7532
2023-01-10 22:41:48.724 [warning] [Decorations] CAPPING events from decorations provider vscode.git 7532
