2023-01-10 22:45:28.257 [info] Extension host with pid 1319 started
2023-01-10 22:45:28.291 [error] Error: EEXIST: file already exists, open '/home/MalkovMA/.vscode-server/data/User/workspaceStorage/243ebfbc496cc3f09efb5717f1a26cb3/vscode.lock'
2023-01-10 22:45:28.307 [info] Lock '/home/MalkovMA/.vscode-server/data/User/workspaceStorage/243ebfbc496cc3f09efb5717f1a26cb3/vscode.lock': Could not acquire lock, checking if the file is stale.
2023-01-10 22:45:28.314 [info] Lock '/home/MalkovMA/.vscode-server/data/User/workspaceStorage/243ebfbc496cc3f09efb5717f1a26cb3/vscode.lock': The lock does not look stale, elapsed: 213780 ms, giving up.
2023-01-10 22:45:28.316 [info] Lock '/home/MalkovMA/.vscode-server/data/User/workspaceStorage/243ebfbc496cc3f09efb5717f1a26cb3-1/vscode.lock': Lock acquired.
2023-01-10 22:45:28.384 [info] ExtensionService#_doActivateExtension ms-azuretools.vscode-docker, startup: false, activationEvent: 'onLanguage:dockercompose'
2023-01-10 22:45:28.384 [info] ExtensionService#_doActivateExtension vscode.git-base, startup: true, activationEvent: '*', root cause: vscode.git
2023-01-10 22:45:28.841 [info] ExtensionService#_doActivateExtension vscode.git, startup: true, activationEvent: '*'
2023-01-10 22:45:28.841 [info] ExtensionService#_doActivateExtension vscode.github, startup: true, activationEvent: '*'
2023-01-10 22:45:29.098 [info] ExtensionService#_doActivateExtension vscode.debug-auto-launch, startup: false, activationEvent: 'onStartupFinished'
2023-01-10 22:45:29.099 [info] ExtensionService#_doActivateExtension vscode.emmet, startup: false, activationEvent: 'onStartupFinished'
2023-01-10 22:45:29.099 [info] ExtensionService#_doActivateExtension vscode.merge-conflict, startup: false, activationEvent: 'onStartupFinished'
2023-01-10 22:45:29.099 [info] Eager extensions activated
2023-01-10 22:45:29.448 [warning] [Decorations] CAPPING events from decorations provider vscode.git 7537
2023-01-10 22:45:30.357 [warning] [Decorations] CAPPING events from decorations provider vscode.git 7538
2023-01-10 22:45:32.549 [warning] [Decorations] CAPPING events from decorations provider vscode.git 7518
2023-01-10 22:45:37.667 [warning] [Decorations] CAPPING events from decorations provider vscode.git 7518
2023-01-10 22:45:42.783 [warning] [Decorations] CAPPING events from decorations provider vscode.git 7518
2023-01-10 22:45:47.901 [warning] [Decorations] CAPPING events from decorations provider vscode.git 7518
2023-01-10 22:45:53.021 [warning] [Decorations] CAPPING events from decorations provider vscode.git 7518
2023-01-10 22:45:58.145 [warning] [Decorations] CAPPING events from decorations provider vscode.git 7518
2023-01-10 22:46:36.674 [warning] [Decorations] CAPPING events from decorations provider vscode.git 7518
2023-01-10 22:46:41.790 [warning] [Decorations] CAPPING events from decorations provider vscode.git 7518
2023-01-10 22:46:46.948 [warning] [Decorations] CAPPING events from decorations provider vscode.git 7518
2023-01-10 22:46:52.062 [warning] [Decorations] CAPPING events from decorations provider vscode.git 7518
2023-01-10 22:46:57.174 [warning] [Decorations] CAPPING events from decorations provider vscode.git 7518
2023-01-10 22:47:02.313 [warning] [Decorations] CAPPING events from decorations provider vscode.git 7518
2023-01-10 22:47:07.429 [warning] [Decorations] CAPPING events from decorations provider vscode.git 7518
2023-01-10 22:47:36.615 [warning] [Decorations] CAPPING events from decorations provider vscode.git 7518
2023-01-10 22:47:41.770 [warning] [Decorations] CAPPING events from decorations provider vscode.git 7518
2023-01-10 22:47:46.884 [warning] [Decorations] CAPPING events from decorations provider vscode.git 7518
2023-01-10 22:47:55.586 [warning] [Decorations] CAPPING events from decorations provider vscode.git 7518
2023-01-10 22:48:00.768 [warning] [Decorations] CAPPING events from decorations provider vscode.git 7518
2023-01-10 22:48:05.891 [warning] [Decorations] CAPPING events from decorations provider vscode.git 7518
2023-01-10 22:48:11.005 [warning] [Decorations] CAPPING events from decorations provider vscode.git 7518
2023-01-10 22:48:16.146 [warning] [Decorations] CAPPING events from decorations provider vscode.git 7518
2023-01-10 22:48:21.308 [warning] [Decorations] CAPPING events from decorations provider vscode.git 7518
2023-01-10 22:48:26.423 [warning] [Decorations] CAPPING events from decorations provider vscode.git 7518
2023-01-10 22:48:31.571 [warning] [Decorations] CAPPING events from decorations provider vscode.git 7518
2023-01-10 22:48:36.688 [warning] [Decorations] CAPPING events from decorations provider vscode.git 7518
2023-01-10 22:48:41.802 [warning] [Decorations] CAPPING events from decorations provider vscode.git 7518
2023-01-10 22:48:46.945 [warning] [Decorations] CAPPING events from decorations provider vscode.git 7518
2023-01-10 22:48:52.063 [warning] [Decorations] CAPPING events from decorations provider vscode.git 7518
2023-01-10 22:48:57.183 [warning] [Decorations] CAPPING events from decorations provider vscode.git 7518
2023-01-10 22:49:02.342 [warning] [Decorations] CAPPING events from decorations provider vscode.git 7518
2023-01-10 22:49:07.452 [warning] [Decorations] CAPPING events from decorations provider vscode.git 7518
2023-01-10 22:49:12.606 [warning] [Decorations] CAPPING events from decorations provider vscode.git 7518
2023-01-10 22:49:17.724 [warning] [Decorations] CAPPING events from decorations provider vscode.git 7518
2023-01-10 22:49:22.841 [warning] [Decorations] CAPPING events from decorations provider vscode.git 7518
2023-01-10 22:49:27.980 [warning] [Decorations] CAPPING events from decorations provider vscode.git 7518
2023-01-10 22:49:33.100 [warning] [Decorations] CAPPING events from decorations provider vscode.git 7518
2023-01-10 22:49:38.218 [warning] [Decorations] CAPPING events from decorations provider vscode.git 7518
2023-01-10 22:49:43.362 [warning] [Decorations] CAPPING events from decorations provider vscode.git 7518
2023-01-10 22:49:48.478 [warning] [Decorations] CAPPING events from decorations provider vscode.git 7518
2023-01-10 22:49:53.594 [warning] [Decorations] CAPPING events from decorations provider vscode.git 7518
2023-01-10 22:49:58.754 [warning] [Decorations] CAPPING events from decorations provider vscode.git 7518
2023-01-10 22:50:03.900 [warning] [Decorations] CAPPING events from decorations provider vscode.git 7518
2023-01-10 22:50:09.029 [warning] [Decorations] CAPPING events from decorations provider vscode.git 7518
2023-01-10 22:50:14.180 [warning] [Decorations] CAPPING events from decorations provider vscode.git 7518
2023-01-10 22:50:19.326 [warning] [Decorations] CAPPING events from decorations provider vscode.git 7518
2023-01-10 22:50:24.445 [warning] [Decorations] CAPPING events from decorations provider vscode.git 7518
2023-01-10 22:50:29.567 [warning] [Decorations] CAPPING events from decorations provider vscode.git 7518
2023-01-10 22:50:34.725 [warning] [Decorations] CAPPING events from decorations provider vscode.git 7518
2023-01-10 22:50:39.838 [warning] [Decorations] CAPPING events from decorations provider vscode.git 7518
2023-01-10 22:50:44.995 [warning] [Decorations] CAPPING events from decorations provider vscode.git 7518
2023-01-10 22:50:50.108 [warning] [Decorations] CAPPING events from decorations provider vscode.git 7518
2023-01-10 22:50:55.254 [warning] [Decorations] CAPPING events from decorations provider vscode.git 7518
2023-01-10 22:51:00.375 [warning] [Decorations] CAPPING events from decorations provider vscode.git 7518
2023-01-10 22:51:05.490 [warning] [Decorations] CAPPING events from decorations provider vscode.git 7518
2023-01-10 22:51:10.629 [warning] [Decorations] CAPPING events from decorations provider vscode.git 7518
2023-01-10 22:51:15.749 [warning] [Decorations] CAPPING events from decorations provider vscode.git 7518
2023-01-10 22:51:20.865 [warning] [Decorations] CAPPING events from decorations provider vscode.git 7518
2023-01-10 22:51:26.019 [warning] [Decorations] CAPPING events from decorations provider vscode.git 7518
2023-01-10 22:51:31.135 [warning] [Decorations] CAPPING events from decorations provider vscode.git 7518
2023-01-10 22:51:36.259 [warning] [Decorations] CAPPING events from decorations provider vscode.git 7518
2023-01-10 22:51:41.381 [warning] [Decorations] CAPPING events from decorations provider vscode.git 7518
2023-01-10 22:51:46.496 [warning] [Decorations] CAPPING events from decorations provider vscode.git 7518
2023-01-10 22:51:51.617 [warning] [Decorations] CAPPING events from decorations provider vscode.git 7518
2023-01-10 22:51:56.764 [warning] [Decorations] CAPPING events from decorations provider vscode.git 7518
2023-01-10 22:52:01.883 [warning] [Decorations] CAPPING events from decorations provider vscode.git 7518
2023-01-10 22:52:07.010 [warning] [Decorations] CAPPING events from decorations provider vscode.git 7518
2023-01-10 22:52:12.131 [warning] [Decorations] CAPPING events from decorations provider vscode.git 7518
2023-01-10 22:52:17.249 [warning] [Decorations] CAPPING events from decorations provider vscode.git 7518
2023-01-10 22:52:22.373 [warning] [Decorations] CAPPING events from decorations provider vscode.git 7518
2023-01-10 22:52:27.521 [warning] [Decorations] CAPPING events from decorations provider vscode.git 7518
2023-01-10 22:52:32.675 [warning] [Decorations] CAPPING events from decorations provider vscode.git 7518
2023-01-10 22:52:37.801 [warning] [Decorations] CAPPING events from decorations provider vscode.git 7518
2023-01-10 22:52:42.921 [warning] [Decorations] CAPPING events from decorations provider vscode.git 7518
2023-01-10 22:52:48.079 [warning] [Decorations] CAPPING events from decorations provider vscode.git 7518
2023-01-10 22:52:53.198 [warning] [Decorations] CAPPING events from decorations provider vscode.git 7518
2023-01-10 22:52:58.314 [warning] [Decorations] CAPPING events from decorations provider vscode.git 7518
2023-01-10 22:53:03.473 [warning] [Decorations] CAPPING events from decorations provider vscode.git 7518
2023-01-10 22:53:12.151 [warning] [Decorations] CAPPING events from decorations provider vscode.git 7518
2023-01-10 22:53:17.278 [warning] [Decorations] CAPPING events from decorations provider vscode.git 7518
2023-01-10 22:53:22.397 [warning] [Decorations] CAPPING events from decorations provider vscode.git 7518
2023-01-10 22:53:27.512 [warning] [Decorations] CAPPING events from decorations provider vscode.git 7518
2023-01-10 22:53:32.632 [warning] [Decorations] CAPPING events from decorations provider vscode.git 7518
2023-01-10 22:53:37.751 [warning] [Decorations] CAPPING events from decorations provider vscode.git 7518
2023-01-10 22:53:42.869 [warning] [Decorations] CAPPING events from decorations provider vscode.git 7518
2023-01-10 22:53:47.983 [warning] [Decorations] CAPPING events from decorations provider vscode.git 7518
2023-01-10 22:53:53.104 [warning] [Decorations] CAPPING events from decorations provider vscode.git 7518
2023-01-10 22:53:58.220 [warning] [Decorations] CAPPING events from decorations provider vscode.git 7518
2023-01-10 22:54:03.376 [warning] [Decorations] CAPPING events from decorations provider vscode.git 7518
2023-01-10 22:54:08.491 [warning] [Decorations] CAPPING events from decorations provider vscode.git 7518
2023-01-10 22:54:13.644 [warning] [Decorations] CAPPING events from decorations provider vscode.git 7518
2023-01-10 22:54:18.758 [warning] [Decorations] CAPPING events from decorations provider vscode.git 7518
2023-01-10 22:54:23.875 [warning] [Decorations] CAPPING events from decorations provider vscode.git 7518
2023-01-10 22:54:29.034 [warning] [Decorations] CAPPING events from decorations provider vscode.git 7518
2023-01-10 22:54:34.150 [warning] [Decorations] CAPPING events from decorations provider vscode.git 7518
2023-01-10 22:54:39.270 [warning] [Decorations] CAPPING events from decorations provider vscode.git 7518
2023-01-10 22:54:44.410 [warning] [Decorations] CAPPING events from decorations provider vscode.git 7518
2023-01-10 22:54:49.530 [warning] [Decorations] CAPPING events from decorations provider vscode.git 7518
2023-01-10 22:54:54.648 [warning] [Decorations] CAPPING events from decorations provider vscode.git 7518
2023-01-10 22:54:59.779 [warning] [Decorations] CAPPING events from decorations provider vscode.git 7518
2023-01-10 22:55:04.897 [warning] [Decorations] CAPPING events from decorations provider vscode.git 7518
2023-01-10 22:55:10.058 [warning] [Decorations] CAPPING events from decorations provider vscode.git 7518
2023-01-10 22:55:15.176 [warning] [Decorations] CAPPING events from decorations provider vscode.git 7518
2023-01-10 22:55:20.293 [warning] [Decorations] CAPPING events from decorations provider vscode.git 7518
2023-01-10 22:55:25.454 [warning] [Decorations] CAPPING events from decorations provider vscode.git 7518
2023-01-10 22:55:30.570 [warning] [Decorations] CAPPING events from decorations provider vscode.git 7518
2023-01-10 22:55:35.690 [warning] [Decorations] CAPPING events from decorations provider vscode.git 7518
2023-01-10 22:55:40.803 [warning] [Decorations] CAPPING events from decorations provider vscode.git 7518
2023-01-10 22:55:45.952 [warning] [Decorations] CAPPING events from decorations provider vscode.git 7518
2023-01-10 22:55:51.068 [warning] [Decorations] CAPPING events from decorations provider vscode.git 7518
2023-01-10 22:55:56.187 [warning] [Decorations] CAPPING events from decorations provider vscode.git 7518
2023-01-10 22:56:01.344 [warning] [Decorations] CAPPING events from decorations provider vscode.git 7518
2023-01-10 22:56:06.463 [warning] [Decorations] CAPPING events from decorations provider vscode.git 7518
2023-01-10 22:56:11.626 [warning] [Decorations] CAPPING events from decorations provider vscode.git 7518
2023-01-10 22:56:16.744 [warning] [Decorations] CAPPING events from decorations provider vscode.git 7518
2023-01-10 22:56:21.898 [warning] [Decorations] CAPPING events from decorations provider vscode.git 7518
2023-01-10 22:56:27.056 [warning] [Decorations] CAPPING events from decorations provider vscode.git 7518
2023-01-10 22:56:32.167 [warning] [Decorations] CAPPING events from decorations provider vscode.git 7518
2023-01-10 22:56:37.291 [warning] [Decorations] CAPPING events from decorations provider vscode.git 7518
2023-01-10 22:56:42.416 [warning] [Decorations] CAPPING events from decorations provider vscode.git 7518
2023-01-10 22:56:47.533 [warning] [Decorations] CAPPING events from decorations provider vscode.git 7518
2023-01-10 22:56:52.655 [warning] [Decorations] CAPPING events from decorations provider vscode.git 7518
2023-01-10 22:56:57.810 [warning] [Decorations] CAPPING events from decorations provider vscode.git 7518
2023-01-10 22:57:02.966 [warning] [Decorations] CAPPING events from decorations provider vscode.git 7518
2023-01-10 22:57:08.090 [warning] [Decorations] CAPPING events from decorations provider vscode.git 7518
2023-01-10 22:57:13.204 [warning] [Decorations] CAPPING events from decorations provider vscode.git 7518
2023-01-10 22:57:18.324 [warning] [Decorations] CAPPING events from decorations provider vscode.git 7518
2023-01-10 22:57:23.437 [warning] [Decorations] CAPPING events from decorations provider vscode.git 7518
2023-01-10 22:57:28.594 [warning] [Decorations] CAPPING events from decorations provider vscode.git 7518
2023-01-10 22:57:33.716 [warning] [Decorations] CAPPING events from decorations provider vscode.git 7518
2023-01-10 22:57:38.840 [warning] [Decorations] CAPPING events from decorations provider vscode.git 7518
2023-01-10 22:57:43.959 [warning] [Decorations] CAPPING events from decorations provider vscode.git 7518
2023-01-10 22:57:49.112 [warning] [Decorations] CAPPING events from decorations provider vscode.git 7518
2023-01-10 22:57:54.237 [warning] [Decorations] CAPPING events from decorations provider vscode.git 7518
2023-01-10 22:57:59.353 [warning] [Decorations] CAPPING events from decorations provider vscode.git 7518
2023-01-10 22:58:04.508 [warning] [Decorations] CAPPING events from decorations provider vscode.git 7518
2023-01-10 22:58:09.626 [warning] [Decorations] CAPPING events from decorations provider vscode.git 7518
2023-01-10 22:58:14.749 [warning] [Decorations] CAPPING events from decorations provider vscode.git 7518
2023-01-10 22:58:19.914 [warning] [Decorations] CAPPING events from decorations provider vscode.git 7518
2023-01-10 22:58:25.034 [warning] [Decorations] CAPPING events from decorations provider vscode.git 7518
2023-01-10 22:58:30.153 [warning] [Decorations] CAPPING events from decorations provider vscode.git 7518
2023-01-10 22:58:35.302 [warning] [Decorations] CAPPING events from decorations provider vscode.git 7518
2023-01-10 22:58:40.418 [warning] [Decorations] CAPPING events from decorations provider vscode.git 7518
2023-01-10 22:58:45.543 [warning] [Decorations] CAPPING events from decorations provider vscode.git 7518
2023-01-10 22:58:50.697 [warning] [Decorations] CAPPING events from decorations provider vscode.git 7518
2023-01-10 22:58:55.813 [warning] [Decorations] CAPPING events from decorations provider vscode.git 7518
2023-01-10 22:59:00.935 [warning] [Decorations] CAPPING events from decorations provider vscode.git 7518
2023-01-10 22:59:06.073 [warning] [Decorations] CAPPING events from decorations provider vscode.git 7518
2023-01-10 22:59:11.194 [warning] [Decorations] CAPPING events from decorations provider vscode.git 7518
2023-01-10 22:59:16.307 [warning] [Decorations] CAPPING events from decorations provider vscode.git 7518
2023-01-10 22:59:21.463 [warning] [Decorations] CAPPING events from decorations provider vscode.git 7518
2023-01-10 22:59:26.584 [warning] [Decorations] CAPPING events from decorations provider vscode.git 7518
2023-01-10 22:59:31.696 [warning] [Decorations] CAPPING events from decorations provider vscode.git 7518
2023-01-10 22:59:36.850 [warning] [Decorations] CAPPING events from decorations provider vscode.git 7518
2023-01-10 22:59:41.973 [warning] [Decorations] CAPPING events from decorations provider vscode.git 7518
2023-01-10 23:01:59.571 [warning] [Decorations] CAPPING events from decorations provider vscode.git 7518
2023-01-10 23:02:04.685 [warning] [Decorations] CAPPING events from decorations provider vscode.git 7518
2023-01-10 23:02:09.816 [warning] [Decorations] CAPPING events from decorations provider vscode.git 7518
2023-01-10 23:02:14.977 [warning] [Decorations] CAPPING events from decorations provider vscode.git 7518
2023-01-10 23:02:20.099 [warning] [Decorations] CAPPING events from decorations provider vscode.git 7518
2023-01-10 23:02:25.218 [warning] [Decorations] CAPPING events from decorations provider vscode.git 7518
2023-01-10 23:02:30.336 [warning] [Decorations] CAPPING events from decorations provider vscode.git 7518
2023-01-10 23:02:35.455 [warning] [Decorations] CAPPING events from decorations provider vscode.git 7518
2023-01-10 23:02:40.615 [warning] [Decorations] CAPPING events from decorations provider vscode.git 7518
2023-01-10 23:02:45.766 [warning] [Decorations] CAPPING events from decorations provider vscode.git 7518
2023-01-10 23:02:50.884 [warning] [Decorations] CAPPING events from decorations provider vscode.git 7518
2023-01-10 23:02:56.002 [warning] [Decorations] CAPPING events from decorations provider vscode.git 7518
2023-01-10 23:03:01.135 [warning] [Decorations] CAPPING events from decorations provider vscode.git 7518
2023-01-10 23:03:06.284 [warning] [Decorations] CAPPING events from decorations provider vscode.git 7518
2023-01-10 23:03:11.403 [warning] [Decorations] CAPPING events from decorations provider vscode.git 7518
2023-01-10 23:03:16.521 [warning] [Decorations] CAPPING events from decorations provider vscode.git 7518
2023-01-10 23:03:21.677 [warning] [Decorations] CAPPING events from decorations provider vscode.git 7518
2023-01-10 23:03:26.814 [warning] [Decorations] CAPPING events from decorations provider vscode.git 7518
2023-01-10 23:03:31.934 [warning] [Decorations] CAPPING events from decorations provider vscode.git 7518
2023-01-10 23:03:37.063 [warning] [Decorations] CAPPING events from decorations provider vscode.git 7518
2023-01-10 23:03:42.184 [warning] [Decorations] CAPPING events from decorations provider vscode.git 7518
2023-01-10 23:03:47.349 [warning] [Decorations] CAPPING events from decorations provider vscode.git 7518
2023-01-10 23:03:52.522 [warning] [Decorations] CAPPING events from decorations provider vscode.git 7518
2023-01-10 23:03:57.682 [warning] [Decorations] CAPPING events from decorations provider vscode.git 7518
2023-01-10 23:04:02.801 [warning] [Decorations] CAPPING events from decorations provider vscode.git 7518
2023-01-10 23:04:07.923 [warning] [Decorations] CAPPING events from decorations provider vscode.git 7518
2023-01-10 23:04:13.076 [warning] [Decorations] CAPPING events from decorations provider vscode.git 7518
2023-01-10 23:04:18.224 [warning] [Decorations] CAPPING events from decorations provider vscode.git 7518
2023-01-10 23:04:23.345 [warning] [Decorations] CAPPING events from decorations provider vscode.git 7518
2023-01-10 23:04:28.464 [warning] [Decorations] CAPPING events from decorations provider vscode.git 7518
2023-01-10 23:04:33.590 [warning] [Decorations] CAPPING events from decorations provider vscode.git 7518
2023-01-10 23:04:38.708 [warning] [Decorations] CAPPING events from decorations provider vscode.git 7518
2023-01-10 23:04:43.869 [warning] [Decorations] CAPPING events from decorations provider vscode.git 7518
2023-01-10 23:04:48.981 [warning] [Decorations] CAPPING events from decorations provider vscode.git 7518
2023-01-10 23:04:54.098 [warning] [Decorations] CAPPING events from decorations provider vscode.git 7518
2023-01-10 23:04:59.212 [warning] [Decorations] CAPPING events from decorations provider vscode.git 7518
2023-01-10 23:05:04.358 [warning] [Decorations] CAPPING events from decorations provider vscode.git 7518
2023-01-10 23:05:09.473 [warning] [Decorations] CAPPING events from decorations provider vscode.git 7518
2023-01-10 23:05:14.590 [warning] [Decorations] CAPPING events from decorations provider vscode.git 7518
2023-01-10 23:05:19.727 [warning] [Decorations] CAPPING events from decorations provider vscode.git 7518
2023-01-10 23:05:24.846 [warning] [Decorations] CAPPING events from decorations provider vscode.git 7518
2023-01-10 23:05:29.989 [warning] [Decorations] CAPPING events from decorations provider vscode.git 7518
2023-01-10 23:05:35.113 [warning] [Decorations] CAPPING events from decorations provider vscode.git 7518
2023-01-10 23:05:40.234 [warning] [Decorations] CAPPING events from decorations provider vscode.git 7518
2023-01-10 23:05:45.393 [warning] [Decorations] CAPPING events from decorations provider vscode.git 7518
2023-01-10 23:05:50.508 [warning] [Decorations] CAPPING events from decorations provider vscode.git 7518
2023-01-10 23:05:55.628 [warning] [Decorations] CAPPING events from decorations provider vscode.git 7518
2023-01-10 23:06:00.747 [warning] [Decorations] CAPPING events from decorations provider vscode.git 7518
2023-01-10 23:06:05.864 [warning] [Decorations] CAPPING events from decorations provider vscode.git 7518
2023-01-10 23:06:10.978 [warning] [Decorations] CAPPING events from decorations provider vscode.git 7518
2023-01-10 23:06:16.092 [warning] [Decorations] CAPPING events from decorations provider vscode.git 7518
2023-01-10 23:06:21.250 [warning] [Decorations] CAPPING events from decorations provider vscode.git 7518
2023-01-10 23:06:26.368 [warning] [Decorations] CAPPING events from decorations provider vscode.git 7518
2023-01-10 23:06:31.486 [warning] [Decorations] CAPPING events from decorations provider vscode.git 7518
2023-01-10 23:06:36.635 [warning] [Decorations] CAPPING events from decorations provider vscode.git 7518
2023-01-10 23:06:41.749 [warning] [Decorations] CAPPING events from decorations provider vscode.git 7518
2023-01-10 23:06:46.902 [warning] [Decorations] CAPPING events from decorations provider vscode.git 7518
2023-01-10 23:06:52.051 [warning] [Decorations] CAPPING events from decorations provider vscode.git 7518
2023-01-10 23:06:57.167 [warning] [Decorations] CAPPING events from decorations provider vscode.git 7518
2023-01-10 23:07:02.283 [warning] [Decorations] CAPPING events from decorations provider vscode.git 7518
2023-01-10 23:07:07.438 [warning] [Decorations] CAPPING events from decorations provider vscode.git 7518
2023-01-10 23:07:12.552 [warning] [Decorations] CAPPING events from decorations provider vscode.git 7518
2023-01-10 23:07:17.678 [warning] [Decorations] CAPPING events from decorations provider vscode.git 7518
2023-01-10 23:07:22.831 [warning] [Decorations] CAPPING events from decorations provider vscode.git 7518
2023-01-10 23:07:27.984 [warning] [Decorations] CAPPING events from decorations provider vscode.git 7518
2023-01-10 23:07:33.145 [warning] [Decorations] CAPPING events from decorations provider vscode.git 7518
2023-01-10 23:07:38.303 [warning] [Decorations] CAPPING events from decorations provider vscode.git 7518
2023-01-10 23:07:43.423 [warning] [Decorations] CAPPING events from decorations provider vscode.git 7518
2023-01-10 23:07:48.578 [warning] [Decorations] CAPPING events from decorations provider vscode.git 7518
2023-01-10 23:07:53.696 [warning] [Decorations] CAPPING events from decorations provider vscode.git 7518
2023-01-10 23:07:58.813 [warning] [Decorations] CAPPING events from decorations provider vscode.git 7518
2023-01-10 23:08:03.968 [warning] [Decorations] CAPPING events from decorations provider vscode.git 7518
2023-01-10 23:08:09.083 [warning] [Decorations] CAPPING events from decorations provider vscode.git 7518
2023-01-10 23:08:14.223 [warning] [Decorations] CAPPING events from decorations provider vscode.git 7518
2023-01-10 23:08:19.342 [warning] [Decorations] CAPPING events from decorations provider vscode.git 7518
2023-01-10 23:08:24.456 [warning] [Decorations] CAPPING events from decorations provider vscode.git 7518
2023-01-10 23:08:29.611 [warning] [Decorations] CAPPING events from decorations provider vscode.git 7518
2023-01-10 23:08:34.728 [warning] [Decorations] CAPPING events from decorations provider vscode.git 7518
2023-01-10 23:08:39.848 [warning] [Decorations] CAPPING events from decorations provider vscode.git 7518
2023-01-10 23:08:45.006 [warning] [Decorations] CAPPING events from decorations provider vscode.git 7518
2023-01-10 23:08:50.155 [warning] [Decorations] CAPPING events from decorations provider vscode.git 7518
2023-01-10 23:08:55.275 [warning] [Decorations] CAPPING events from decorations provider vscode.git 7518
2023-01-10 23:09:00.393 [warning] [Decorations] CAPPING events from decorations provider vscode.git 7518
2023-01-10 23:09:05.552 [warning] [Decorations] CAPPING events from decorations provider vscode.git 7518
2023-01-10 23:09:10.704 [warning] [Decorations] CAPPING events from decorations provider vscode.git 7518
2023-01-10 23:09:15.860 [warning] [Decorations] CAPPING events from decorations provider vscode.git 7518
2023-01-10 23:09:20.972 [warning] [Decorations] CAPPING events from decorations provider vscode.git 7518
2023-01-10 23:09:26.087 [warning] [Decorations] CAPPING events from decorations provider vscode.git 7518
2023-01-10 23:09:31.250 [warning] [Decorations] CAPPING events from decorations provider vscode.git 7518
2023-01-10 23:09:36.410 [warning] [Decorations] CAPPING events from decorations provider vscode.git 7518
2023-01-10 23:09:41.526 [warning] [Decorations] CAPPING events from decorations provider vscode.git 7518
2023-01-10 23:09:46.647 [warning] [Decorations] CAPPING events from decorations provider vscode.git 7518
2023-01-10 23:09:51.799 [warning] [Decorations] CAPPING events from decorations provider vscode.git 7518
2023-01-10 23:09:56.927 [warning] [Decorations] CAPPING events from decorations provider vscode.git 7518
2023-01-10 23:10:02.042 [warning] [Decorations] CAPPING events from decorations provider vscode.git 7518
2023-01-10 23:10:07.197 [warning] [Decorations] CAPPING events from decorations provider vscode.git 7518
2023-01-10 23:10:12.316 [warning] [Decorations] CAPPING events from decorations provider vscode.git 7518
2023-01-10 23:10:17.432 [warning] [Decorations] CAPPING events from decorations provider vscode.git 7518
2023-01-10 23:10:22.578 [warning] [Decorations] CAPPING events from decorations provider vscode.git 7518
2023-01-10 23:10:27.698 [warning] [Decorations] CAPPING events from decorations provider vscode.git 7518
2023-01-10 23:10:32.820 [warning] [Decorations] CAPPING events from decorations provider vscode.git 7518
2023-01-10 23:10:37.939 [warning] [Decorations] CAPPING events from decorations provider vscode.git 7518
2023-01-10 23:10:43.080 [warning] [Decorations] CAPPING events from decorations provider vscode.git 7518
2023-01-10 23:10:48.232 [warning] [Decorations] CAPPING events from decorations provider vscode.git 7518
2023-01-10 23:10:53.351 [warning] [Decorations] CAPPING events from decorations provider vscode.git 7518
2023-01-10 23:10:58.467 [warning] [Decorations] CAPPING events from decorations provider vscode.git 7518
2023-01-10 23:11:03.617 [warning] [Decorations] CAPPING events from decorations provider vscode.git 7518
2023-01-10 23:11:08.770 [warning] [Decorations] CAPPING events from decorations provider vscode.git 7518
2023-01-10 23:11:13.887 [warning] [Decorations] CAPPING events from decorations provider vscode.git 7518
2023-01-10 23:11:19.015 [warning] [Decorations] CAPPING events from decorations provider vscode.git 7518
2023-01-10 23:11:24.132 [warning] [Decorations] CAPPING events from decorations provider vscode.git 7518
2023-01-10 23:11:29.249 [warning] [Decorations] CAPPING events from decorations provider vscode.git 7518
2023-01-10 23:11:34.371 [warning] [Decorations] CAPPING events from decorations provider vscode.git 7518
2023-01-10 23:11:39.533 [warning] [Decorations] CAPPING events from decorations provider vscode.git 7518
2023-01-10 23:11:44.645 [warning] [Decorations] CAPPING events from decorations provider vscode.git 7518
2023-01-10 23:11:49.762 [warning] [Decorations] CAPPING events from decorations provider vscode.git 7518
2023-01-10 23:11:54.879 [warning] [Decorations] CAPPING events from decorations provider vscode.git 7518
2023-01-10 23:12:00.032 [warning] [Decorations] CAPPING events from decorations provider vscode.git 7518
2023-01-10 23:12:05.152 [warning] [Decorations] CAPPING events from decorations provider vscode.git 7518
2023-01-10 23:12:10.306 [warning] [Decorations] CAPPING events from decorations provider vscode.git 7518
2023-01-10 23:12:15.429 [warning] [Decorations] CAPPING events from decorations provider vscode.git 7518
2023-01-10 23:12:20.547 [warning] [Decorations] CAPPING events from decorations provider vscode.git 7518
2023-01-10 23:12:25.715 [warning] [Decorations] CAPPING events from decorations provider vscode.git 7518
2023-01-10 23:12:30.829 [warning] [Decorations] CAPPING events from decorations provider vscode.git 7518
2023-01-10 23:12:36.498 [warning] [Decorations] CAPPING events from decorations provider vscode.git 7518
2023-01-10 23:12:41.612 [warning] [Decorations] CAPPING events from decorations provider vscode.git 7518
2023-01-10 23:12:46.728 [warning] [Decorations] CAPPING events from decorations provider vscode.git 7518
2023-01-10 23:12:51.845 [warning] [Decorations] CAPPING events from decorations provider vscode.git 7518
2023-01-10 23:12:56.999 [warning] [Decorations] CAPPING events from decorations provider vscode.git 7518
2023-01-10 23:13:02.153 [warning] [Decorations] CAPPING events from decorations provider vscode.git 7518
2023-01-10 23:13:07.267 [warning] [Decorations] CAPPING events from decorations provider vscode.git 7518
2023-01-10 23:13:12.392 [warning] [Decorations] CAPPING events from decorations provider vscode.git 7518
2023-01-10 23:13:17.541 [warning] [Decorations] CAPPING events from decorations provider vscode.git 7518
2023-01-10 23:13:22.691 [warning] [Decorations] CAPPING events from decorations provider vscode.git 7518
2023-01-10 23:13:27.814 [warning] [Decorations] CAPPING events from decorations provider vscode.git 7518
2023-01-10 23:13:32.934 [warning] [Decorations] CAPPING events from decorations provider vscode.git 7518
2023-01-10 23:13:38.085 [warning] [Decorations] CAPPING events from decorations provider vscode.git 7518
2023-01-10 23:13:43.236 [warning] [Decorations] CAPPING events from decorations provider vscode.git 7518
2023-01-10 23:13:48.356 [warning] [Decorations] CAPPING events from decorations provider vscode.git 7518
2023-01-10 23:13:53.481 [warning] [Decorations] CAPPING events from decorations provider vscode.git 7518
2023-01-10 23:14:30.164 [warning] [Decorations] CAPPING events from decorations provider vscode.git 7518
2023-01-10 23:14:35.277 [warning] [Decorations] CAPPING events from decorations provider vscode.git 7518
2023-01-10 23:14:40.393 [warning] [Decorations] CAPPING events from decorations provider vscode.git 7518
2023-01-10 23:14:45.555 [warning] [Decorations] CAPPING events from decorations provider vscode.git 7518
2023-01-10 23:14:50.704 [warning] [Decorations] CAPPING events from decorations provider vscode.git 7518
2023-01-10 23:14:55.827 [warning] [Decorations] CAPPING events from decorations provider vscode.git 7518
2023-01-10 23:15:00.944 [warning] [Decorations] CAPPING events from decorations provider vscode.git 7518
2023-01-10 23:15:06.105 [warning] [Decorations] CAPPING events from decorations provider vscode.git 7518
2023-01-10 23:15:11.223 [warning] [Decorations] CAPPING events from decorations provider vscode.git 7518
2023-01-10 23:15:16.365 [warning] [Decorations] CAPPING events from decorations provider vscode.git 7518
2023-01-10 23:15:21.486 [warning] [Decorations] CAPPING events from decorations provider vscode.git 7518
2023-01-10 23:15:26.623 [warning] [Decorations] CAPPING events from decorations provider vscode.git 7518
2023-01-10 23:15:31.746 [warning] [Decorations] CAPPING events from decorations provider vscode.git 7518
2023-01-10 23:15:36.870 [warning] [Decorations] CAPPING events from decorations provider vscode.git 7518
2023-01-10 23:15:41.986 [warning] [Decorations] CAPPING events from decorations provider vscode.git 7518
2023-01-10 23:15:47.124 [warning] [Decorations] CAPPING events from decorations provider vscode.git 7518
2023-01-10 23:15:52.240 [warning] [Decorations] CAPPING events from decorations provider vscode.git 7518
2023-01-10 23:15:57.384 [warning] [Decorations] CAPPING events from decorations provider vscode.git 7518
2023-01-10 23:16:02.505 [warning] [Decorations] CAPPING events from decorations provider vscode.git 7518
2023-01-10 23:16:07.625 [warning] [Decorations] CAPPING events from decorations provider vscode.git 7518
2023-01-10 23:16:12.761 [warning] [Decorations] CAPPING events from decorations provider vscode.git 7518
2023-01-10 23:16:17.878 [warning] [Decorations] CAPPING events from decorations provider vscode.git 7518
2023-01-10 23:16:23.027 [warning] [Decorations] CAPPING events from decorations provider vscode.git 7518
2023-01-10 23:16:28.151 [warning] [Decorations] CAPPING events from decorations provider vscode.git 7518
2023-01-10 23:16:33.274 [warning] [Decorations] CAPPING events from decorations provider vscode.git 7518
2023-01-10 23:16:38.456 [warning] [Decorations] CAPPING events from decorations provider vscode.git 7518
2023-01-10 23:16:43.618 [warning] [Decorations] CAPPING events from decorations provider vscode.git 7518
2023-01-10 23:16:48.738 [warning] [Decorations] CAPPING events from decorations provider vscode.git 7518
2023-01-10 23:16:53.857 [warning] [Decorations] CAPPING events from decorations provider vscode.git 7518
2023-01-10 23:16:59.023 [warning] [Decorations] CAPPING events from decorations provider vscode.git 7518
2023-01-10 23:17:04.137 [warning] [Decorations] CAPPING events from decorations provider vscode.git 7518
2023-01-10 23:17:09.275 [warning] [Decorations] CAPPING events from decorations provider vscode.git 7518
2023-01-10 23:17:14.396 [warning] [Decorations] CAPPING events from decorations provider vscode.git 7518
2023-01-10 23:17:19.517 [warning] [Decorations] CAPPING events from decorations provider vscode.git 7518
2023-01-10 23:17:24.695 [warning] [Decorations] CAPPING events from decorations provider vscode.git 7518
2023-01-10 23:17:29.821 [warning] [Decorations] CAPPING events from decorations provider vscode.git 7518
2023-01-10 23:17:34.939 [warning] [Decorations] CAPPING events from decorations provider vscode.git 7518
2023-01-10 23:17:40.054 [warning] [Decorations] CAPPING events from decorations provider vscode.git 7518
2023-01-10 23:17:45.208 [warning] [Decorations] CAPPING events from decorations provider vscode.git 7518
2023-01-10 23:17:50.325 [warning] [Decorations] CAPPING events from decorations provider vscode.git 7518
2023-01-10 23:17:55.449 [warning] [Decorations] CAPPING events from decorations provider vscode.git 7518
2023-01-10 23:18:00.573 [warning] [Decorations] CAPPING events from decorations provider vscode.git 7518
2023-01-10 23:18:05.729 [warning] [Decorations] CAPPING events from decorations provider vscode.git 7518
2023-01-10 23:18:10.847 [warning] [Decorations] CAPPING events from decorations provider vscode.git 7518
2023-01-10 23:18:15.973 [warning] [Decorations] CAPPING events from decorations provider vscode.git 7518
2023-01-10 23:18:21.116 [warning] [Decorations] CAPPING events from decorations provider vscode.git 7518
2023-01-10 23:18:41.550 [warning] [Decorations] CAPPING events from decorations provider vscode.git 7518
2023-01-10 23:18:50.411 [warning] [Decorations] CAPPING events from decorations provider vscode.git 7518
2023-01-10 23:18:55.565 [warning] [Decorations] CAPPING events from decorations provider vscode.git 7518
2023-01-10 23:19:04.403 [warning] [Decorations] CAPPING events from decorations provider vscode.git 7518
2023-01-10 23:19:09.551 [warning] [Decorations] CAPPING events from decorations provider vscode.git 7518
2023-01-10 23:19:14.669 [warning] [Decorations] CAPPING events from decorations provider vscode.git 7518
2023-01-10 23:19:19.790 [warning] [Decorations] CAPPING events from decorations provider vscode.git 7518
2023-01-10 23:19:24.951 [warning] [Decorations] CAPPING events from decorations provider vscode.git 7518
2023-01-10 23:19:30.071 [warning] [Decorations] CAPPING events from decorations provider vscode.git 7518
2023-01-10 23:19:35.195 [warning] [Decorations] CAPPING events from decorations provider vscode.git 7518
2023-01-10 23:19:40.358 [warning] [Decorations] CAPPING events from decorations provider vscode.git 7518
2023-01-10 23:19:45.494 [warning] [Decorations] CAPPING events from decorations provider vscode.git 7518
2023-01-10 23:19:50.618 [warning] [Decorations] CAPPING events from decorations provider vscode.git 7518
2023-01-10 23:19:55.738 [warning] [Decorations] CAPPING events from decorations provider vscode.git 7518
2023-01-10 23:20:00.864 [warning] [Decorations] CAPPING events from decorations provider vscode.git 7518
2023-01-10 23:20:06.035 [warning] [Decorations] CAPPING events from decorations provider vscode.git 7518
2023-01-10 23:20:11.157 [warning] [Decorations] CAPPING events from decorations provider vscode.git 7518
2023-01-10 23:20:16.279 [warning] [Decorations] CAPPING events from decorations provider vscode.git 7518
2023-01-10 23:20:21.429 [warning] [Decorations] CAPPING events from decorations provider vscode.git 7518
2023-01-10 23:20:26.550 [warning] [Decorations] CAPPING events from decorations provider vscode.git 7518
2023-01-10 23:20:31.670 [warning] [Decorations] CAPPING events from decorations provider vscode.git 7518
2023-01-10 23:20:36.824 [warning] [Decorations] CAPPING events from decorations provider vscode.git 7518
2023-01-10 23:20:41.947 [warning] [Decorations] CAPPING events from decorations provider vscode.git 7518
2023-01-10 23:20:47.061 [warning] [Decorations] CAPPING events from decorations provider vscode.git 7518
2023-01-10 23:20:52.257 [warning] [Decorations] CAPPING events from decorations provider vscode.git 7518
2023-01-10 23:20:57.436 [warning] [Decorations] CAPPING events from decorations provider vscode.git 7518
2023-01-10 23:21:02.588 [warning] [Decorations] CAPPING events from decorations provider vscode.git 7518
2023-01-10 23:21:07.793 [warning] [Decorations] CAPPING events from decorations provider vscode.git 7518
2023-01-10 23:21:41.144 [warning] [Decorations] CAPPING events from decorations provider vscode.git 7518
2023-01-10 23:21:46.260 [warning] [Decorations] CAPPING events from decorations provider vscode.git 7518
2023-01-10 23:21:53.081 [warning] [Decorations] CAPPING events from decorations provider vscode.git 7518
2023-01-10 23:22:15.717 [warning] [Decorations] CAPPING events from decorations provider vscode.git 7518
2023-01-10 23:22:20.862 [warning] [Decorations] CAPPING events from decorations provider vscode.git 7518
2023-01-10 23:22:25.981 [warning] [Decorations] CAPPING events from decorations provider vscode.git 7518
2023-01-10 23:22:31.103 [warning] [Decorations] CAPPING events from decorations provider vscode.git 7518
2023-01-10 23:22:37.712 [warning] [Decorations] CAPPING events from decorations provider vscode.git 7518
2023-01-10 23:22:42.862 [warning] [Decorations] CAPPING events from decorations provider vscode.git 7518
2023-01-10 23:22:47.982 [warning] [Decorations] CAPPING events from decorations provider vscode.git 7518
2023-01-10 23:22:53.140 [warning] [Decorations] CAPPING events from decorations provider vscode.git 7518
2023-01-10 23:22:58.260 [warning] [Decorations] CAPPING events from decorations provider vscode.git 7518
2023-01-10 23:23:08.751 [warning] [Decorations] CAPPING events from decorations provider vscode.git 7518
2023-01-10 23:23:13.919 [warning] [Decorations] CAPPING events from decorations provider vscode.git 7518
2023-01-10 23:23:19.040 [warning] [Decorations] CAPPING events from decorations provider vscode.git 7518
2023-01-10 23:23:24.195 [warning] [Decorations] CAPPING events from decorations provider vscode.git 7518
2023-01-10 23:23:29.320 [warning] [Decorations] CAPPING events from decorations provider vscode.git 7518
2023-01-10 23:23:34.443 [warning] [Decorations] CAPPING events from decorations provider vscode.git 7518
2023-01-10 23:23:39.599 [warning] [Decorations] CAPPING events from decorations provider vscode.git 7518
2023-01-10 23:23:44.723 [warning] [Decorations] CAPPING events from decorations provider vscode.git 7518
2023-01-10 23:23:49.923 [warning] [Decorations] CAPPING events from decorations provider vscode.git 7518
2023-01-10 23:23:55.050 [warning] [Decorations] CAPPING events from decorations provider vscode.git 7518
2023-01-10 23:24:00.189 [warning] [Decorations] CAPPING events from decorations provider vscode.git 7518
2023-01-10 23:24:05.309 [warning] [Decorations] CAPPING events from decorations provider vscode.git 7518
2023-01-10 23:24:10.426 [warning] [Decorations] CAPPING events from decorations provider vscode.git 7518
2023-01-10 23:24:15.586 [warning] [Decorations] CAPPING events from decorations provider vscode.git 7518
2023-01-10 23:24:20.710 [warning] [Decorations] CAPPING events from decorations provider vscode.git 7518
2023-01-10 23:24:25.827 [warning] [Decorations] CAPPING events from decorations provider vscode.git 7518
2023-01-10 23:24:30.990 [warning] [Decorations] CAPPING events from decorations provider vscode.git 7518
2023-01-10 23:24:36.104 [warning] [Decorations] CAPPING events from decorations provider vscode.git 7518
2023-01-10 23:24:41.242 [warning] [Decorations] CAPPING events from decorations provider vscode.git 7518
2023-01-10 23:24:46.361 [warning] [Decorations] CAPPING events from decorations provider vscode.git 7518
2023-01-10 23:24:51.481 [warning] [Decorations] CAPPING events from decorations provider vscode.git 7518
2023-01-10 23:24:56.601 [warning] [Decorations] CAPPING events from decorations provider vscode.git 7518
2023-01-10 23:25:01.753 [warning] [Decorations] CAPPING events from decorations provider vscode.git 7518
2023-01-10 23:25:06.873 [warning] [Decorations] CAPPING events from decorations provider vscode.git 7518
2023-01-10 23:25:11.989 [warning] [Decorations] CAPPING events from decorations provider vscode.git 7518
2023-01-10 23:25:17.133 [warning] [Decorations] CAPPING events from decorations provider vscode.git 7518
2023-01-10 23:25:22.252 [warning] [Decorations] CAPPING events from decorations provider vscode.git 7518
2023-01-10 23:25:27.370 [warning] [Decorations] CAPPING events from decorations provider vscode.git 7518
2023-01-10 23:25:32.532 [warning] [Decorations] CAPPING events from decorations provider vscode.git 7518
2023-01-10 23:25:37.648 [warning] [Decorations] CAPPING events from decorations provider vscode.git 7518
2023-01-10 23:25:42.765 [warning] [Decorations] CAPPING events from decorations provider vscode.git 7518
2023-01-10 23:25:47.926 [warning] [Decorations] CAPPING events from decorations provider vscode.git 7518
2023-01-10 23:25:53.054 [warning] [Decorations] CAPPING events from decorations provider vscode.git 7518
2023-01-10 23:25:58.173 [warning] [Decorations] CAPPING events from decorations provider vscode.git 7518
2023-01-10 23:26:03.325 [warning] [Decorations] CAPPING events from decorations provider vscode.git 7518
2023-01-10 23:26:08.443 [warning] [Decorations] CAPPING events from decorations provider vscode.git 7518
2023-01-10 23:26:13.562 [warning] [Decorations] CAPPING events from decorations provider vscode.git 7518
2023-01-10 23:26:18.724 [warning] [Decorations] CAPPING events from decorations provider vscode.git 7518
2023-01-10 23:26:23.841 [warning] [Decorations] CAPPING events from decorations provider vscode.git 7518
2023-01-10 23:26:29.002 [warning] [Decorations] CAPPING events from decorations provider vscode.git 7518
2023-01-10 23:26:34.117 [warning] [Decorations] CAPPING events from decorations provider vscode.git 7518
2023-01-10 23:26:39.271 [warning] [Decorations] CAPPING events from decorations provider vscode.git 7518
2023-01-10 23:26:44.386 [warning] [Decorations] CAPPING events from decorations provider vscode.git 7518
2023-01-10 23:26:49.503 [warning] [Decorations] CAPPING events from decorations provider vscode.git 7518
2023-01-10 23:26:54.619 [warning] [Decorations] CAPPING events from decorations provider vscode.git 7518
2023-01-10 23:26:59.773 [warning] [Decorations] CAPPING events from decorations provider vscode.git 7518
2023-01-10 23:27:04.889 [warning] [Decorations] CAPPING events from decorations provider vscode.git 7518
2023-01-10 23:27:10.047 [warning] [Decorations] CAPPING events from decorations provider vscode.git 7518
2023-01-10 23:27:15.165 [warning] [Decorations] CAPPING events from decorations provider vscode.git 7518
2023-01-10 23:27:20.315 [warning] [Decorations] CAPPING events from decorations provider vscode.git 7518
2023-01-10 23:27:25.436 [warning] [Decorations] CAPPING events from decorations provider vscode.git 7518
2023-01-10 23:27:30.558 [warning] [Decorations] CAPPING events from decorations provider vscode.git 7518
2023-01-10 23:27:35.714 [warning] [Decorations] CAPPING events from decorations provider vscode.git 7518
2023-01-10 23:27:40.873 [warning] [Decorations] CAPPING events from decorations provider vscode.git 7518
2023-01-10 23:27:45.988 [warning] [Decorations] CAPPING events from decorations provider vscode.git 7518
2023-01-10 23:27:51.147 [warning] [Decorations] CAPPING events from decorations provider vscode.git 7518
2023-01-10 23:27:56.264 [warning] [Decorations] CAPPING events from decorations provider vscode.git 7518
2023-01-10 23:28:01.380 [warning] [Decorations] CAPPING events from decorations provider vscode.git 7518
2023-01-10 23:28:06.535 [warning] [Decorations] CAPPING events from decorations provider vscode.git 7518
2023-01-10 23:28:11.684 [warning] [Decorations] CAPPING events from decorations provider vscode.git 7518
2023-01-10 23:28:16.802 [warning] [Decorations] CAPPING events from decorations provider vscode.git 7518
2023-01-10 23:28:21.962 [warning] [Decorations] CAPPING events from decorations provider vscode.git 7518
2023-01-10 23:28:27.087 [warning] [Decorations] CAPPING events from decorations provider vscode.git 7518
2023-01-10 23:28:32.206 [warning] [Decorations] CAPPING events from decorations provider vscode.git 7518
2023-01-10 23:28:37.361 [warning] [Decorations] CAPPING events from decorations provider vscode.git 7518
2023-01-10 23:28:42.480 [warning] [Decorations] CAPPING events from decorations provider vscode.git 7518
2023-01-10 23:28:47.604 [warning] [Decorations] CAPPING events from decorations provider vscode.git 7518
2023-01-10 23:28:52.742 [warning] [Decorations] CAPPING events from decorations provider vscode.git 7518
2023-01-10 23:28:57.864 [warning] [Decorations] CAPPING events from decorations provider vscode.git 7518
2023-01-10 23:29:02.987 [warning] [Decorations] CAPPING events from decorations provider vscode.git 7518
