2023-01-10 22:34:48.474 [info] Log level: Info
2023-01-10 22:34:48.474 [info] Validating found git in: "git"
2023-01-10 22:34:48.474 [info] Using git "2.31.1" from "git"
2023-01-10 22:34:48.474 [info] > git rev-parse --show-toplevel [59ms]
2023-01-10 22:34:48.474 [info] > git rev-parse --git-dir --git-common-dir [10ms]
2023-01-10 22:34:48.474 [info] Open repository: /home/MalkovMA
2023-01-10 22:34:48.474 [info] > git rev-parse --show-toplevel [9ms]
2023-01-10 22:34:48.474 [info] > git for-each-ref --format=%(refname)%00%(upstream:short)%00%(objectname)%00%(upstream:track)%00%(upstream:remotename)%00%(upstream:remoteref) refs/heads/master refs/remotes/master [3ms]
2023-01-10 22:34:48.474 [info] > git config --get commit.template [27ms]
2023-01-10 22:34:48.474 [info] > git rev-parse --git-dir --git-common-dir [23ms]
2023-01-10 22:34:48.474 [info] Open repository: /home/MalkovMA/lab4
2023-01-10 22:34:48.474 [info] > git for-each-ref --sort -committerdate --format %(refname) %(objectname) %(*objectname) [24ms]
2023-01-10 22:34:48.474 [info] > git config --get commit.template [22ms]
2023-01-10 22:34:48.474 [info] > git rev-parse --show-toplevel [37ms]
2023-01-10 22:34:48.474 [info] > git rev-parse --show-toplevel [21ms]
2023-01-10 22:34:48.474 [info] > git for-each-ref --format=%(refname)%00%(upstream:short)%00%(objectname)%00%(upstream:track)%00%(upstream:remotename)%00%(upstream:remoteref) refs/heads/main refs/remotes/main [19ms]
2023-01-10 22:34:48.474 [info] > git status -z -uall [6ms]
2023-01-10 22:34:48.474 [info] > git status -z -uall [110ms]
2023-01-10 22:34:48.474 [info] > git rev-parse --show-toplevel [12ms]
2023-01-10 22:34:48.474 [info] > git for-each-ref --sort -committerdate --format %(refname) %(objectname) %(*objectname) [8ms]
2023-01-10 22:34:48.475 [info] > git rev-parse --show-toplevel [132ms]
2023-01-10 22:34:48.475 [info] > git config --get commit.template [4ms]
2023-01-10 22:34:48.475 [info] > git config --get commit.template [8ms]
2023-01-10 22:34:48.475 [info] > git rev-parse --show-toplevel [1ms]
2023-01-10 22:34:48.475 [info] > git rev-parse --show-toplevel [632ms]
2023-01-10 22:34:48.475 [info] > git for-each-ref --format=%(refname)%00%(upstream:short)%00%(objectname)%00%(upstream:track)%00%(upstream:remotename)%00%(upstream:remoteref) refs/heads/master refs/remotes/master [68ms]
2023-01-10 22:34:48.475 [info] > git for-each-ref --format=%(refname)%00%(upstream:short)%00%(objectname)%00%(upstream:track)%00%(upstream:remotename)%00%(upstream:remoteref) refs/heads/main refs/remotes/main [79ms]
2023-01-10 22:34:48.475 [info] > git status -z -uall [8ms]
2023-01-10 22:34:48.475 [info] > git for-each-ref --sort -committerdate --format %(refname) %(objectname) %(*objectname) [13ms]
2023-01-10 22:34:48.475 [info] > git for-each-ref --sort -committerdate --format %(refname) %(objectname) %(*objectname) [23ms]
2023-01-10 22:34:48.475 [info] > git status -z -uall [80ms]
2023-01-10 22:34:48.475 [info] > git check-ignore -v -z --stdin [73ms]
2023-01-10 22:34:48.475 [info] > git check-ignore -v -z --stdin [40ms]
2023-01-10 22:34:48.476 [info] > git show --textconv :docker-compose.yaml [8ms]
2023-01-10 22:34:48.476 [info] > git ls-files --stage -- /home/MalkovMA/lab4/docker-compose.yaml [3ms]
2023-01-10 22:34:48.489 [info] > git cat-file -s a1474bc484cae32825aeeaf5b3494c7898952179 [9ms]
2023-01-10 22:34:50.557 [info] > git config --get commit.template [7ms]
2023-01-10 22:34:50.558 [info] > git for-each-ref --format=%(refname)%00%(upstream:short)%00%(objectname)%00%(upstream:track)%00%(upstream:remotename)%00%(upstream:remoteref) refs/heads/master refs/remotes/master [2ms]
2023-01-10 22:34:50.569 [info] > git for-each-ref --sort -committerdate --format %(refname) %(objectname) %(*objectname) [2ms]
2023-01-10 22:34:50.594 [info] > git status -z -uall [31ms]
2023-01-10 22:34:55.675 [info] > git config --get commit.template [6ms]
2023-01-10 22:34:55.676 [info] > git for-each-ref --format=%(refname)%00%(upstream:short)%00%(objectname)%00%(upstream:track)%00%(upstream:remotename)%00%(upstream:remoteref) refs/heads/master refs/remotes/master [1ms]
2023-01-10 22:34:55.687 [info] > git for-each-ref --sort -committerdate --format %(refname) %(objectname) %(*objectname) [1ms]
2023-01-10 22:34:55.718 [info] > git status -z -uall [38ms]
2023-01-10 22:35:00.821 [info] > git config --get commit.template [7ms]
2023-01-10 22:35:00.844 [info] > git for-each-ref --format=%(refname)%00%(upstream:short)%00%(objectname)%00%(upstream:track)%00%(upstream:remotename)%00%(upstream:remoteref) refs/heads/master refs/remotes/master [25ms]
2023-01-10 22:35:00.854 [info] > git for-each-ref --sort -committerdate --format %(refname) %(objectname) %(*objectname) [2ms]
2023-01-10 22:35:00.882 [info] > git status -z -uall [32ms]
2023-01-10 22:35:05.962 [info] > git config --get commit.template [6ms]
2023-01-10 22:35:05.962 [info] > git for-each-ref --format=%(refname)%00%(upstream:short)%00%(objectname)%00%(upstream:track)%00%(upstream:remotename)%00%(upstream:remoteref) refs/heads/master refs/remotes/master [1ms]
2023-01-10 22:35:05.972 [info] > git for-each-ref --sort -committerdate --format %(refname) %(objectname) %(*objectname) [1ms]
2023-01-10 22:35:06.005 [info] > git status -z -uall [39ms]
2023-01-10 22:35:15.900 [info] > git config --get commit.template [6ms]
2023-01-10 22:35:15.901 [info] > git for-each-ref --format=%(refname)%00%(upstream:short)%00%(objectname)%00%(upstream:track)%00%(upstream:remotename)%00%(upstream:remoteref) refs/heads/master refs/remotes/master [2ms]
2023-01-10 22:35:15.912 [info] > git for-each-ref --sort -committerdate --format %(refname) %(objectname) %(*objectname) [2ms]
2023-01-10 22:35:15.940 [info] > git status -z -uall [33ms]
2023-01-10 22:35:21.027 [info] > git config --get commit.template [6ms]
2023-01-10 22:35:21.028 [info] > git for-each-ref --format=%(refname)%00%(upstream:short)%00%(objectname)%00%(upstream:track)%00%(upstream:remotename)%00%(upstream:remoteref) refs/heads/master refs/remotes/master [2ms]
2023-01-10 22:35:21.036 [info] > git for-each-ref --sort -committerdate --format %(refname) %(objectname) %(*objectname) [1ms]
2023-01-10 22:35:21.085 [info] > git status -z -uall [53ms]
2023-01-10 22:35:26.204 [info] > git config --get commit.template [7ms]
2023-01-10 22:35:26.216 [info] > git for-each-ref --format=%(refname)%00%(upstream:short)%00%(objectname)%00%(upstream:track)%00%(upstream:remotename)%00%(upstream:remoteref) refs/heads/master refs/remotes/master [13ms]
2023-01-10 22:35:26.230 [info] > git for-each-ref --sort -committerdate --format %(refname) %(objectname) %(*objectname) [2ms]
2023-01-10 22:35:26.259 [info] > git status -z -uall [33ms]
2023-01-10 22:35:36.300 [info] > git config --get commit.template [4ms]
2023-01-10 22:35:36.301 [info] > git for-each-ref --format=%(refname)%00%(upstream:short)%00%(objectname)%00%(upstream:track)%00%(upstream:remotename)%00%(upstream:remoteref) refs/heads/master refs/remotes/master [2ms]
2023-01-10 22:35:36.313 [info] > git for-each-ref --sort -committerdate --format %(refname) %(objectname) %(*objectname) [2ms]
2023-01-10 22:35:36.342 [info] > git status -z -uall [36ms]
2023-01-10 22:35:45.205 [info] > git config --get commit.template [9ms]
2023-01-10 22:35:45.206 [info] > git for-each-ref --format=%(refname)%00%(upstream:short)%00%(objectname)%00%(upstream:track)%00%(upstream:remotename)%00%(upstream:remoteref) refs/heads/master refs/remotes/master [2ms]
2023-01-10 22:35:45.217 [info] > git for-each-ref --sort -committerdate --format %(refname) %(objectname) %(*objectname) [2ms]
2023-01-10 22:35:45.244 [info] > git status -z -uall [33ms]
2023-01-10 22:35:50.363 [info] > git config --get commit.template [6ms]
2023-01-10 22:35:50.363 [info] > git for-each-ref --format=%(refname)%00%(upstream:short)%00%(objectname)%00%(upstream:track)%00%(upstream:remotename)%00%(upstream:remoteref) refs/heads/master refs/remotes/master [1ms]
2023-01-10 22:35:50.372 [info] > git for-each-ref --sort -committerdate --format %(refname) %(objectname) %(*objectname) [1ms]
2023-01-10 22:35:50.401 [info] > git status -z -uall [33ms]
2023-01-10 22:35:55.483 [info] > git config --get commit.template [6ms]
2023-01-10 22:35:55.484 [info] > git for-each-ref --format=%(refname)%00%(upstream:short)%00%(objectname)%00%(upstream:track)%00%(upstream:remotename)%00%(upstream:remoteref) refs/heads/master refs/remotes/master [1ms]
2023-01-10 22:35:55.493 [info] > git for-each-ref --sort -committerdate --format %(refname) %(objectname) %(*objectname) [1ms]
2023-01-10 22:35:55.521 [info] > git status -z -uall [32ms]
2023-01-10 22:36:00.604 [info] > git config --get commit.template [7ms]
2023-01-10 22:36:00.604 [info] > git for-each-ref --format=%(refname)%00%(upstream:short)%00%(objectname)%00%(upstream:track)%00%(upstream:remotename)%00%(upstream:remoteref) refs/heads/master refs/remotes/master [1ms]
2023-01-10 22:36:00.634 [info] > git for-each-ref --sort -committerdate --format %(refname) %(objectname) %(*objectname) [20ms]
2023-01-10 22:36:00.663 [info] > git status -z -uall [54ms]
2023-01-10 22:36:05.735 [info] > git config --get commit.template [1ms]
2023-01-10 22:36:05.741 [info] > git for-each-ref --format=%(refname)%00%(upstream:short)%00%(objectname)%00%(upstream:track)%00%(upstream:remotename)%00%(upstream:remoteref) refs/heads/master refs/remotes/master [1ms]
2023-01-10 22:36:05.752 [info] > git for-each-ref --sort -committerdate --format %(refname) %(objectname) %(*objectname) [1ms]
2023-01-10 22:36:05.779 [info] > git status -z -uall [33ms]
2023-01-10 22:36:10.864 [info] > git config --get commit.template [6ms]
2023-01-10 22:36:10.864 [info] > git for-each-ref --format=%(refname)%00%(upstream:short)%00%(objectname)%00%(upstream:track)%00%(upstream:remotename)%00%(upstream:remoteref) refs/heads/master refs/remotes/master [1ms]
2023-01-10 22:36:10.873 [info] > git for-each-ref --sort -committerdate --format %(refname) %(objectname) %(*objectname) [1ms]
2023-01-10 22:36:10.900 [info] > git status -z -uall [31ms]
2023-01-10 22:36:35.470 [info] > git config --get commit.template [5ms]
2023-01-10 22:36:35.471 [info] > git for-each-ref --format=%(refname)%00%(upstream:short)%00%(objectname)%00%(upstream:track)%00%(upstream:remotename)%00%(upstream:remoteref) refs/heads/master refs/remotes/master [2ms]
2023-01-10 22:36:35.481 [info] > git for-each-ref --sort -committerdate --format %(refname) %(objectname) %(*objectname) [2ms]
2023-01-10 22:36:35.517 [info] > git status -z -uall [43ms]
2023-01-10 22:36:40.609 [info] > git config --get commit.template [5ms]
2023-01-10 22:36:40.610 [info] > git for-each-ref --format=%(refname)%00%(upstream:short)%00%(objectname)%00%(upstream:track)%00%(upstream:remotename)%00%(upstream:remoteref) refs/heads/master refs/remotes/master [1ms]
2023-01-10 22:36:40.618 [info] > git for-each-ref --sort -committerdate --format %(refname) %(objectname) %(*objectname) [1ms]
2023-01-10 22:36:40.644 [info] > git status -z -uall [31ms]
2023-01-10 22:36:45.722 [info] > git config --get commit.template [6ms]
2023-01-10 22:36:45.723 [info] > git for-each-ref --format=%(refname)%00%(upstream:short)%00%(objectname)%00%(upstream:track)%00%(upstream:remotename)%00%(upstream:remoteref) refs/heads/master refs/remotes/master [1ms]
2023-01-10 22:36:45.731 [info] > git for-each-ref --sort -committerdate --format %(refname) %(objectname) %(*objectname) [1ms]
2023-01-10 22:36:45.758 [info] > git status -z -uall [32ms]
2023-01-10 22:36:50.845 [info] > git config --get commit.template [7ms]
2023-01-10 22:36:50.845 [info] > git for-each-ref --format=%(refname)%00%(upstream:short)%00%(objectname)%00%(upstream:track)%00%(upstream:remotename)%00%(upstream:remoteref) refs/heads/master refs/remotes/master [1ms]
2023-01-10 22:36:50.855 [info] > git for-each-ref --sort -committerdate --format %(refname) %(objectname) %(*objectname) [1ms]
2023-01-10 22:36:50.886 [info] > git status -z -uall [36ms]
2023-01-10 22:36:55.998 [info] > git config --get commit.template [2ms]
2023-01-10 22:36:56.006 [info] > git for-each-ref --format=%(refname)%00%(upstream:short)%00%(objectname)%00%(upstream:track)%00%(upstream:remotename)%00%(upstream:remoteref) refs/heads/master refs/remotes/master [1ms]
2023-01-10 22:36:56.017 [info] > git for-each-ref --sort -committerdate --format %(refname) %(objectname) %(*objectname) [1ms]
2023-01-10 22:36:56.045 [info] > git status -z -uall [34ms]
2023-01-10 22:37:01.161 [info] > git config --get commit.template [6ms]
2023-01-10 22:37:01.162 [info] > git for-each-ref --format=%(refname)%00%(upstream:short)%00%(objectname)%00%(upstream:track)%00%(upstream:remotename)%00%(upstream:remoteref) refs/heads/master refs/remotes/master [1ms]
2023-01-10 22:37:01.171 [info] > git for-each-ref --sort -committerdate --format %(refname) %(objectname) %(*objectname) [2ms]
2023-01-10 22:37:01.198 [info] > git status -z -uall [32ms]
2023-01-10 22:37:06.281 [info] > git config --get commit.template [7ms]
2023-01-10 22:37:06.281 [info] > git for-each-ref --format=%(refname)%00%(upstream:short)%00%(objectname)%00%(upstream:track)%00%(upstream:remotename)%00%(upstream:remoteref) refs/heads/master refs/remotes/master [1ms]
2023-01-10 22:37:06.294 [info] > git for-each-ref --sort -committerdate --format %(refname) %(objectname) %(*objectname) [4ms]
2023-01-10 22:37:06.318 [info] > git status -z -uall [32ms]
2023-01-10 22:37:11.399 [info] > git config --get commit.template [6ms]
2023-01-10 22:37:11.399 [info] > git for-each-ref --format=%(refname)%00%(upstream:short)%00%(objectname)%00%(upstream:track)%00%(upstream:remotename)%00%(upstream:remoteref) refs/heads/master refs/remotes/master [1ms]
2023-01-10 22:37:11.411 [info] > git for-each-ref --sort -committerdate --format %(refname) %(objectname) %(*objectname) [2ms]
2023-01-10 22:37:11.437 [info] > git status -z -uall [33ms]
2023-01-10 22:37:16.518 [info] > git config --get commit.template [5ms]
2023-01-10 22:37:16.518 [info] > git for-each-ref --format=%(refname)%00%(upstream:short)%00%(objectname)%00%(upstream:track)%00%(upstream:remotename)%00%(upstream:remoteref) refs/heads/master refs/remotes/master [1ms]
2023-01-10 22:37:16.528 [info] > git for-each-ref --sort -committerdate --format %(refname) %(objectname) %(*objectname) [1ms]
2023-01-10 22:37:16.554 [info] > git status -z -uall [31ms]
2023-01-10 22:37:21.637 [info] > git config --get commit.template [7ms]
2023-01-10 22:37:21.638 [info] > git for-each-ref --format=%(refname)%00%(upstream:short)%00%(objectname)%00%(upstream:track)%00%(upstream:remotename)%00%(upstream:remoteref) refs/heads/master refs/remotes/master [1ms]
2023-01-10 22:37:21.646 [info] > git for-each-ref --sort -committerdate --format %(refname) %(objectname) %(*objectname) [1ms]
2023-01-10 22:37:21.682 [info] > git status -z -uall [41ms]
2023-01-10 22:37:26.792 [info] > git config --get commit.template [5ms]
2023-01-10 22:37:26.793 [info] > git for-each-ref --format=%(refname)%00%(upstream:short)%00%(objectname)%00%(upstream:track)%00%(upstream:remotename)%00%(upstream:remoteref) refs/heads/master refs/remotes/master [1ms]
2023-01-10 22:37:26.804 [info] > git for-each-ref --sort -committerdate --format %(refname) %(objectname) %(*objectname) [2ms]
2023-01-10 22:37:26.829 [info] > git status -z -uall [32ms]
2023-01-10 22:37:31.909 [info] > git config --get commit.template [7ms]
2023-01-10 22:37:31.909 [info] > git for-each-ref --format=%(refname)%00%(upstream:short)%00%(objectname)%00%(upstream:track)%00%(upstream:remotename)%00%(upstream:remoteref) refs/heads/master refs/remotes/master [1ms]
2023-01-10 22:37:31.920 [info] > git for-each-ref --sort -committerdate --format %(refname) %(objectname) %(*objectname) [2ms]
2023-01-10 22:37:31.953 [info] > git status -z -uall [39ms]
2023-01-10 22:37:37.066 [info] > git config --get commit.template [6ms]
2023-01-10 22:37:37.066 [info] > git for-each-ref --format=%(refname)%00%(upstream:short)%00%(objectname)%00%(upstream:track)%00%(upstream:remotename)%00%(upstream:remoteref) refs/heads/master refs/remotes/master [1ms]
2023-01-10 22:37:37.075 [info] > git for-each-ref --sort -committerdate --format %(refname) %(objectname) %(*objectname) [1ms]
2023-01-10 22:37:37.101 [info] > git status -z -uall [31ms]
2023-01-10 22:37:42.183 [info] > git config --get commit.template [7ms]
2023-01-10 22:37:42.183 [info] > git for-each-ref --format=%(refname)%00%(upstream:short)%00%(objectname)%00%(upstream:track)%00%(upstream:remotename)%00%(upstream:remoteref) refs/heads/master refs/remotes/master [1ms]
2023-01-10 22:37:42.193 [info] > git for-each-ref --sort -committerdate --format %(refname) %(objectname) %(*objectname) [1ms]
2023-01-10 22:37:42.221 [info] > git status -z -uall [34ms]
2023-01-10 22:37:47.337 [info] > git config --get commit.template [6ms]
2023-01-10 22:37:47.337 [info] > git for-each-ref --format=%(refname)%00%(upstream:short)%00%(objectname)%00%(upstream:track)%00%(upstream:remotename)%00%(upstream:remoteref) refs/heads/master refs/remotes/master [1ms]
2023-01-10 22:37:47.349 [info] > git for-each-ref --sort -committerdate --format %(refname) %(objectname) %(*objectname) [2ms]
2023-01-10 22:37:47.373 [info] > git status -z -uall [31ms]
2023-01-10 22:37:52.457 [info] > git config --get commit.template [7ms]
2023-01-10 22:37:52.457 [info] > git for-each-ref --format=%(refname)%00%(upstream:short)%00%(objectname)%00%(upstream:track)%00%(upstream:remotename)%00%(upstream:remoteref) refs/heads/master refs/remotes/master [1ms]
2023-01-10 22:37:52.472 [info] > git for-each-ref --sort -committerdate --format %(refname) %(objectname) %(*objectname) [2ms]
2023-01-10 22:37:52.497 [info] > git status -z -uall [32ms]
2023-01-10 22:37:57.584 [info] > git config --get commit.template [7ms]
2023-01-10 22:37:57.584 [info] > git for-each-ref --format=%(refname)%00%(upstream:short)%00%(objectname)%00%(upstream:track)%00%(upstream:remotename)%00%(upstream:remoteref) refs/heads/master refs/remotes/master [1ms]
2023-01-10 22:37:57.612 [info] > git for-each-ref --sort -committerdate --format %(refname) %(objectname) %(*objectname) [18ms]
2023-01-10 22:37:57.642 [info] > git status -z -uall [52ms]
2023-01-10 22:38:02.716 [info] > git config --get commit.template [4ms]
2023-01-10 22:38:02.717 [info] > git for-each-ref --format=%(refname)%00%(upstream:short)%00%(objectname)%00%(upstream:track)%00%(upstream:remotename)%00%(upstream:remoteref) refs/heads/master refs/remotes/master [2ms]
2023-01-10 22:38:02.727 [info] > git for-each-ref --sort -committerdate --format %(refname) %(objectname) %(*objectname) [1ms]
2023-01-10 22:38:02.763 [info] > git status -z -uall [41ms]
2023-01-10 22:38:07.862 [info] > git config --get commit.template [6ms]
2023-01-10 22:38:07.862 [info] > git for-each-ref --format=%(refname)%00%(upstream:short)%00%(objectname)%00%(upstream:track)%00%(upstream:remotename)%00%(upstream:remoteref) refs/heads/master refs/remotes/master [1ms]
2023-01-10 22:38:07.873 [info] > git for-each-ref --sort -committerdate --format %(refname) %(objectname) %(*objectname) [1ms]
2023-01-10 22:38:07.899 [info] > git status -z -uall [31ms]
2023-01-10 22:38:12.983 [info] > git config --get commit.template [6ms]
2023-01-10 22:38:12.984 [info] > git for-each-ref --format=%(refname)%00%(upstream:short)%00%(objectname)%00%(upstream:track)%00%(upstream:remotename)%00%(upstream:remoteref) refs/heads/master refs/remotes/master [1ms]
2023-01-10 22:38:12.995 [info] > git for-each-ref --sort -committerdate --format %(refname) %(objectname) %(*objectname) [2ms]
2023-01-10 22:38:13.022 [info] > git status -z -uall [33ms]
2023-01-10 22:38:18.102 [info] > git config --get commit.template [6ms]
2023-01-10 22:38:18.102 [info] > git for-each-ref --format=%(refname)%00%(upstream:short)%00%(objectname)%00%(upstream:track)%00%(upstream:remotename)%00%(upstream:remoteref) refs/heads/master refs/remotes/master [1ms]
2023-01-10 22:38:18.116 [info] > git for-each-ref --sort -committerdate --format %(refname) %(objectname) %(*objectname) [1ms]
2023-01-10 22:38:18.175 [info] > git status -z -uall [67ms]
2023-01-10 22:38:23.256 [info] > git config --get commit.template [5ms]
2023-01-10 22:38:23.256 [info] > git for-each-ref --format=%(refname)%00%(upstream:short)%00%(objectname)%00%(upstream:track)%00%(upstream:remotename)%00%(upstream:remoteref) refs/heads/master refs/remotes/master [1ms]
2023-01-10 22:38:23.267 [info] > git for-each-ref --sort -committerdate --format %(refname) %(objectname) %(*objectname) [2ms]
2023-01-10 22:38:23.304 [info] > git status -z -uall [43ms]
2023-01-10 22:38:28.406 [info] > git config --get commit.template [7ms]
2023-01-10 22:38:28.406 [info] > git for-each-ref --format=%(refname)%00%(upstream:short)%00%(objectname)%00%(upstream:track)%00%(upstream:remotename)%00%(upstream:remoteref) refs/heads/master refs/remotes/master [1ms]
2023-01-10 22:38:28.417 [info] > git for-each-ref --sort -committerdate --format %(refname) %(objectname) %(*objectname) [1ms]
2023-01-10 22:38:28.445 [info] > git status -z -uall [34ms]
2023-01-10 22:38:33.526 [info] > git config --get commit.template [10ms]
2023-01-10 22:38:33.571 [info] > git for-each-ref --format=%(refname)%00%(upstream:short)%00%(objectname)%00%(upstream:track)%00%(upstream:remotename)%00%(upstream:remoteref) refs/heads/master refs/remotes/master [15ms]
2023-01-10 22:38:33.584 [info] > git for-each-ref --sort -committerdate --format %(refname) %(objectname) %(*objectname) [1ms]
2023-01-10 22:38:33.609 [info] > git status -z -uall [32ms]
2023-01-10 22:38:38.688 [info] > git config --get commit.template [7ms]
2023-01-10 22:38:38.689 [info] > git for-each-ref --format=%(refname)%00%(upstream:short)%00%(objectname)%00%(upstream:track)%00%(upstream:remotename)%00%(upstream:remoteref) refs/heads/master refs/remotes/master [1ms]
2023-01-10 22:38:38.699 [info] > git for-each-ref --sort -committerdate --format %(refname) %(objectname) %(*objectname) [1ms]
2023-01-10 22:38:38.739 [info] > git status -z -uall [46ms]
2023-01-10 22:38:43.839 [info] > git config --get commit.template [4ms]
2023-01-10 22:38:43.839 [info] > git for-each-ref --format=%(refname)%00%(upstream:short)%00%(objectname)%00%(upstream:track)%00%(upstream:remotename)%00%(upstream:remoteref) refs/heads/master refs/remotes/master [1ms]
2023-01-10 22:38:43.850 [info] > git for-each-ref --sort -committerdate --format %(refname) %(objectname) %(*objectname) [1ms]
2023-01-10 22:38:43.877 [info] > git status -z -uall [33ms]
2023-01-10 22:38:48.955 [info] > git config --get commit.template [6ms]
2023-01-10 22:38:48.955 [info] > git for-each-ref --format=%(refname)%00%(upstream:short)%00%(objectname)%00%(upstream:track)%00%(upstream:remotename)%00%(upstream:remoteref) refs/heads/master refs/remotes/master [1ms]
2023-01-10 22:38:48.965 [info] > git for-each-ref --sort -committerdate --format %(refname) %(objectname) %(*objectname) [2ms]
2023-01-10 22:38:48.990 [info] > git status -z -uall [31ms]
2023-01-10 22:38:54.075 [info] > git config --get commit.template [5ms]
2023-01-10 22:38:54.075 [info] > git for-each-ref --format=%(refname)%00%(upstream:short)%00%(objectname)%00%(upstream:track)%00%(upstream:remotename)%00%(upstream:remoteref) refs/heads/master refs/remotes/master [1ms]
2023-01-10 22:38:54.083 [info] > git for-each-ref --sort -committerdate --format %(refname) %(objectname) %(*objectname) [1ms]
2023-01-10 22:38:54.122 [info] > git status -z -uall [42ms]
2023-01-10 22:38:59.229 [info] > git for-each-ref --format=%(refname)%00%(upstream:short)%00%(objectname)%00%(upstream:track)%00%(upstream:remotename)%00%(upstream:remoteref) refs/heads/master refs/remotes/master [1ms]
2023-01-10 22:38:59.229 [info] > git config --get commit.template [7ms]
2023-01-10 22:38:59.239 [info] > git for-each-ref --sort -committerdate --format %(refname) %(objectname) %(*objectname) [2ms]
2023-01-10 22:38:59.264 [info] > git status -z -uall [31ms]
2023-01-10 22:39:04.347 [info] > git config --get commit.template [6ms]
2023-01-10 22:39:04.347 [info] > git for-each-ref --format=%(refname)%00%(upstream:short)%00%(objectname)%00%(upstream:track)%00%(upstream:remotename)%00%(upstream:remoteref) refs/heads/master refs/remotes/master [1ms]
2023-01-10 22:39:04.358 [info] > git for-each-ref --sort -committerdate --format %(refname) %(objectname) %(*objectname) [1ms]
2023-01-10 22:39:04.384 [info] > git status -z -uall [32ms]
2023-01-10 22:39:09.480 [info] > git config --get commit.template [4ms]
2023-01-10 22:39:09.500 [info] > git for-each-ref --format=%(refname)%00%(upstream:short)%00%(objectname)%00%(upstream:track)%00%(upstream:remotename)%00%(upstream:remoteref) refs/heads/master refs/remotes/master [11ms]
2023-01-10 22:39:09.512 [info] > git for-each-ref --sort -committerdate --format %(refname) %(objectname) %(*objectname) [3ms]
2023-01-10 22:39:09.538 [info] > git status -z -uall [32ms]
2023-01-10 22:39:14.627 [info] > git config --get commit.template [6ms]
2023-01-10 22:39:14.627 [info] > git for-each-ref --format=%(refname)%00%(upstream:short)%00%(objectname)%00%(upstream:track)%00%(upstream:remotename)%00%(upstream:remoteref) refs/heads/master refs/remotes/master [1ms]
2023-01-10 22:39:14.637 [info] > git for-each-ref --sort -committerdate --format %(refname) %(objectname) %(*objectname) [2ms]
2023-01-10 22:39:14.663 [info] > git status -z -uall [32ms]
2023-01-10 22:39:19.754 [info] > git config --get commit.template [9ms]
2023-01-10 22:39:19.755 [info] > git for-each-ref --format=%(refname)%00%(upstream:short)%00%(objectname)%00%(upstream:track)%00%(upstream:remotename)%00%(upstream:remoteref) refs/heads/master refs/remotes/master [2ms]
2023-01-10 22:39:19.768 [info] > git for-each-ref --sort -committerdate --format %(refname) %(objectname) %(*objectname) [2ms]
2023-01-10 22:39:19.793 [info] > git status -z -uall [32ms]
2023-01-10 22:39:24.878 [info] > git config --get commit.template [8ms]
2023-01-10 22:39:24.878 [info] > git for-each-ref --format=%(refname)%00%(upstream:short)%00%(objectname)%00%(upstream:track)%00%(upstream:remotename)%00%(upstream:remoteref) refs/heads/master refs/remotes/master [0ms]
2023-01-10 22:39:24.891 [info] > git for-each-ref --sort -committerdate --format %(refname) %(objectname) %(*objectname) [2ms]
2023-01-10 22:39:24.926 [info] > git status -z -uall [42ms]
2023-01-10 22:39:30.021 [info] > git config --get commit.template [1ms]
2023-01-10 22:39:30.028 [info] > git for-each-ref --format=%(refname)%00%(upstream:short)%00%(objectname)%00%(upstream:track)%00%(upstream:remotename)%00%(upstream:remoteref) refs/heads/master refs/remotes/master [1ms]
2023-01-10 22:39:30.038 [info] > git for-each-ref --sort -committerdate --format %(refname) %(objectname) %(*objectname) [1ms]
2023-01-10 22:39:30.065 [info] > git status -z -uall [32ms]
2023-01-10 22:39:35.150 [info] > git config --get commit.template [6ms]
2023-01-10 22:39:35.151 [info] > git for-each-ref --format=%(refname)%00%(upstream:short)%00%(objectname)%00%(upstream:track)%00%(upstream:remotename)%00%(upstream:remoteref) refs/heads/master refs/remotes/master [2ms]
2023-01-10 22:39:35.162 [info] > git for-each-ref --sort -committerdate --format %(refname) %(objectname) %(*objectname) [2ms]
2023-01-10 22:39:35.187 [info] > git status -z -uall [31ms]
2023-01-10 22:39:40.270 [info] > git config --get commit.template [7ms]
2023-01-10 22:39:40.270 [info] > git for-each-ref --format=%(refname)%00%(upstream:short)%00%(objectname)%00%(upstream:track)%00%(upstream:remotename)%00%(upstream:remoteref) refs/heads/master refs/remotes/master [1ms]
2023-01-10 22:39:40.282 [info] > git for-each-ref --sort -committerdate --format %(refname) %(objectname) %(*objectname) [2ms]
2023-01-10 22:39:40.323 [info] > git status -z -uall [48ms]
2023-01-10 22:39:45.428 [info] > git config --get commit.template [6ms]
2023-01-10 22:39:45.428 [info] > git for-each-ref --format=%(refname)%00%(upstream:short)%00%(objectname)%00%(upstream:track)%00%(upstream:remotename)%00%(upstream:remoteref) refs/heads/master refs/remotes/master [1ms]
2023-01-10 22:39:45.440 [info] > git for-each-ref --sort -committerdate --format %(refname) %(objectname) %(*objectname) [1ms]
2023-01-10 22:39:45.465 [info] > git status -z -uall [31ms]
2023-01-10 22:39:50.542 [info] > git config --get commit.template [5ms]
2023-01-10 22:39:50.542 [info] > git for-each-ref --format=%(refname)%00%(upstream:short)%00%(objectname)%00%(upstream:track)%00%(upstream:remotename)%00%(upstream:remoteref) refs/heads/master refs/remotes/master [1ms]
2023-01-10 22:39:50.552 [info] > git for-each-ref --sort -committerdate --format %(refname) %(objectname) %(*objectname) [2ms]
2023-01-10 22:39:50.579 [info] > git status -z -uall [32ms]
2023-01-10 22:39:55.661 [info] > git config --get commit.template [6ms]
2023-01-10 22:39:55.662 [info] > git for-each-ref --format=%(refname)%00%(upstream:short)%00%(objectname)%00%(upstream:track)%00%(upstream:remotename)%00%(upstream:remoteref) refs/heads/master refs/remotes/master [1ms]
2023-01-10 22:39:55.672 [info] > git for-each-ref --sort -committerdate --format %(refname) %(objectname) %(*objectname) [2ms]
2023-01-10 22:39:55.702 [info] > git status -z -uall [34ms]
2023-01-10 22:40:00.812 [info] > git config --get commit.template [6ms]
2023-01-10 22:40:00.812 [info] > git for-each-ref --format=%(refname)%00%(upstream:short)%00%(objectname)%00%(upstream:track)%00%(upstream:remotename)%00%(upstream:remoteref) refs/heads/master refs/remotes/master [1ms]
2023-01-10 22:40:00.822 [info] > git for-each-ref --sort -committerdate --format %(refname) %(objectname) %(*objectname) [1ms]
2023-01-10 22:40:00.848 [info] > git status -z -uall [31ms]
2023-01-10 22:40:05.929 [info] > git config --get commit.template [7ms]
2023-01-10 22:40:05.930 [info] > git for-each-ref --format=%(refname)%00%(upstream:short)%00%(objectname)%00%(upstream:track)%00%(upstream:remotename)%00%(upstream:remoteref) refs/heads/master refs/remotes/master [2ms]
2023-01-10 22:40:05.942 [info] > git for-each-ref --sort -committerdate --format %(refname) %(objectname) %(*objectname) [2ms]
2023-01-10 22:40:05.967 [info] > git status -z -uall [32ms]
2023-01-10 22:40:11.049 [info] > git config --get commit.template [6ms]
2023-01-10 22:40:11.050 [info] > git for-each-ref --format=%(refname)%00%(upstream:short)%00%(objectname)%00%(upstream:track)%00%(upstream:remotename)%00%(upstream:remoteref) refs/heads/master refs/remotes/master [1ms]
2023-01-10 22:40:11.061 [info] > git for-each-ref --sort -committerdate --format %(refname) %(objectname) %(*objectname) [2ms]
2023-01-10 22:40:11.098 [info] > git status -z -uall [43ms]
2023-01-10 22:40:16.210 [info] > git config --get commit.template [6ms]
2023-01-10 22:40:16.211 [info] > git for-each-ref --format=%(refname)%00%(upstream:short)%00%(objectname)%00%(upstream:track)%00%(upstream:remotename)%00%(upstream:remoteref) refs/heads/master refs/remotes/master [1ms]
2023-01-10 22:40:16.222 [info] > git for-each-ref --sort -committerdate --format %(refname) %(objectname) %(*objectname) [2ms]
2023-01-10 22:40:16.247 [info] > git status -z -uall [31ms]
2023-01-10 22:40:21.329 [info] > git config --get commit.template [6ms]
2023-01-10 22:40:21.329 [info] > git for-each-ref --format=%(refname)%00%(upstream:short)%00%(objectname)%00%(upstream:track)%00%(upstream:remotename)%00%(upstream:remoteref) refs/heads/master refs/remotes/master [1ms]
2023-01-10 22:40:21.340 [info] > git for-each-ref --sort -committerdate --format %(refname) %(objectname) %(*objectname) [2ms]
2023-01-10 22:40:21.367 [info] > git status -z -uall [33ms]
2023-01-10 22:40:26.483 [info] > git config --get commit.template [6ms]
2023-01-10 22:40:26.483 [info] > git for-each-ref --format=%(refname)%00%(upstream:short)%00%(objectname)%00%(upstream:track)%00%(upstream:remotename)%00%(upstream:remoteref) refs/heads/master refs/remotes/master [1ms]
2023-01-10 22:40:26.496 [info] > git for-each-ref --sort -committerdate --format %(refname) %(objectname) %(*objectname) [2ms]
2023-01-10 22:40:26.521 [info] > git status -z -uall [32ms]
2023-01-10 22:40:31.603 [info] > git config --get commit.template [6ms]
2023-01-10 22:40:31.603 [info] > git for-each-ref --format=%(refname)%00%(upstream:short)%00%(objectname)%00%(upstream:track)%00%(upstream:remotename)%00%(upstream:remoteref) refs/heads/master refs/remotes/master [1ms]
2023-01-10 22:40:31.614 [info] > git for-each-ref --sort -committerdate --format %(refname) %(objectname) %(*objectname) [2ms]
2023-01-10 22:40:31.652 [info] > git status -z -uall [44ms]
2023-01-10 22:40:36.756 [info] > git config --get commit.template [4ms]
2023-01-10 22:40:36.757 [info] > git for-each-ref --format=%(refname)%00%(upstream:short)%00%(objectname)%00%(upstream:track)%00%(upstream:remotename)%00%(upstream:remoteref) refs/heads/master refs/remotes/master [1ms]
2023-01-10 22:40:36.767 [info] > git for-each-ref --sort -committerdate --format %(refname) %(objectname) %(*objectname) [1ms]
2023-01-10 22:40:36.793 [info] > git status -z -uall [32ms]
2023-01-10 22:40:41.886 [info] > git config --get commit.template [1ms]
2023-01-10 22:40:41.912 [info] > git for-each-ref --format=%(refname)%00%(upstream:short)%00%(objectname)%00%(upstream:track)%00%(upstream:remotename)%00%(upstream:remoteref) refs/heads/master refs/remotes/master [13ms]
2023-01-10 22:40:41.925 [info] > git for-each-ref --sort -committerdate --format %(refname) %(objectname) %(*objectname) [2ms]
2023-01-10 22:40:41.949 [info] > git status -z -uall [32ms]
2023-01-10 22:40:47.030 [info] > git config --get commit.template [6ms]
2023-01-10 22:40:47.030 [info] > git for-each-ref --format=%(refname)%00%(upstream:short)%00%(objectname)%00%(upstream:track)%00%(upstream:remotename)%00%(upstream:remoteref) refs/heads/master refs/remotes/master [1ms]
2023-01-10 22:40:47.039 [info] > git for-each-ref --sort -committerdate --format %(refname) %(objectname) %(*objectname) [1ms]
2023-01-10 22:40:47.066 [info] > git status -z -uall [32ms]
2023-01-10 22:40:52.151 [info] > git config --get commit.template [7ms]
2023-01-10 22:40:52.151 [info] > git for-each-ref --format=%(refname)%00%(upstream:short)%00%(objectname)%00%(upstream:track)%00%(upstream:remotename)%00%(upstream:remoteref) refs/heads/master refs/remotes/master [1ms]
2023-01-10 22:40:52.164 [info] > git for-each-ref --sort -committerdate --format %(refname) %(objectname) %(*objectname) [2ms]
2023-01-10 22:40:52.189 [info] > git status -z -uall [32ms]
2023-01-10 22:40:57.274 [info] > git config --get commit.template [7ms]
2023-01-10 22:40:57.274 [info] > git for-each-ref --format=%(refname)%00%(upstream:short)%00%(objectname)%00%(upstream:track)%00%(upstream:remotename)%00%(upstream:remoteref) refs/heads/master refs/remotes/master [1ms]
2023-01-10 22:40:57.309 [info] > git for-each-ref --sort -committerdate --format %(refname) %(objectname) %(*objectname) [9ms]
2023-01-10 22:40:57.340 [info] > git status -z -uall [49ms]
2023-01-10 22:41:02.424 [info] > git config --get commit.template [6ms]
2023-01-10 22:41:02.424 [info] > git for-each-ref --format=%(refname)%00%(upstream:short)%00%(objectname)%00%(upstream:track)%00%(upstream:remotename)%00%(upstream:remoteref) refs/heads/master refs/remotes/master [1ms]
2023-01-10 22:41:02.434 [info] > git for-each-ref --sort -committerdate --format %(refname) %(objectname) %(*objectname) [1ms]
2023-01-10 22:41:02.460 [info] > git status -z -uall [31ms]
2023-01-10 22:41:07.555 [info] > git for-each-ref --format=%(refname)%00%(upstream:short)%00%(objectname)%00%(upstream:track)%00%(upstream:remotename)%00%(upstream:remoteref) refs/heads/master refs/remotes/master [1ms]
2023-01-10 22:41:07.555 [info] > git config --get commit.template [17ms]
2023-01-10 22:41:07.599 [info] > git for-each-ref --sort -committerdate --format %(refname) %(objectname) %(*objectname) [17ms]
2023-01-10 22:41:07.607 [info] > git status -z -uall [29ms]
2023-01-10 22:41:12.689 [info] > git config --get commit.template [6ms]
2023-01-10 22:41:12.690 [info] > git for-each-ref --format=%(refname)%00%(upstream:short)%00%(objectname)%00%(upstream:track)%00%(upstream:remotename)%00%(upstream:remoteref) refs/heads/master refs/remotes/master [1ms]
2023-01-10 22:41:12.701 [info] > git for-each-ref --sort -committerdate --format %(refname) %(objectname) %(*objectname) [2ms]
2023-01-10 22:41:12.726 [info] > git status -z -uall [31ms]
2023-01-10 22:41:17.809 [info] > git config --get commit.template [6ms]
2023-01-10 22:41:17.810 [info] > git for-each-ref --format=%(refname)%00%(upstream:short)%00%(objectname)%00%(upstream:track)%00%(upstream:remotename)%00%(upstream:remoteref) refs/heads/master refs/remotes/master [1ms]
2023-01-10 22:41:17.819 [info] > git for-each-ref --sort -committerdate --format %(refname) %(objectname) %(*objectname) [2ms]
2023-01-10 22:41:17.845 [info] > git status -z -uall [32ms]
2023-01-10 22:41:22.950 [info] > git config --get commit.template [29ms]
2023-01-10 22:41:22.960 [info] > git for-each-ref --format=%(refname)%00%(upstream:short)%00%(objectname)%00%(upstream:track)%00%(upstream:remotename)%00%(upstream:remoteref) refs/heads/master refs/remotes/master [11ms]
2023-01-10 22:41:22.972 [info] > git for-each-ref --sort -committerdate --format %(refname) %(objectname) %(*objectname) [2ms]
2023-01-10 22:41:22.999 [info] > git status -z -uall [33ms]
2023-01-10 22:41:28.084 [info] > git config --get commit.template [6ms]
2023-01-10 22:41:28.085 [info] > git for-each-ref --format=%(refname)%00%(upstream:short)%00%(objectname)%00%(upstream:track)%00%(upstream:remotename)%00%(upstream:remoteref) refs/heads/master refs/remotes/master [1ms]
2023-01-10 22:41:28.095 [info] > git for-each-ref --sort -committerdate --format %(refname) %(objectname) %(*objectname) [1ms]
2023-01-10 22:41:28.121 [info] > git status -z -uall [31ms]
2023-01-10 22:41:33.201 [info] > git config --get commit.template [4ms]
2023-01-10 22:41:33.202 [info] > git for-each-ref --format=%(refname)%00%(upstream:short)%00%(objectname)%00%(upstream:track)%00%(upstream:remotename)%00%(upstream:remoteref) refs/heads/master refs/remotes/master [1ms]
2023-01-10 22:41:33.214 [info] > git for-each-ref --sort -committerdate --format %(refname) %(objectname) %(*objectname) [2ms]
2023-01-10 22:41:33.239 [info] > git status -z -uall [32ms]
2023-01-10 22:41:38.325 [info] > git config --get commit.template [7ms]
2023-01-10 22:41:38.325 [info] > git for-each-ref --format=%(refname)%00%(upstream:short)%00%(objectname)%00%(upstream:track)%00%(upstream:remotename)%00%(upstream:remoteref) refs/heads/master refs/remotes/master [1ms]
2023-01-10 22:41:38.336 [info] > git for-each-ref --sort -committerdate --format %(refname) %(objectname) %(*objectname) [1ms]
2023-01-10 22:41:38.371 [info] > git status -z -uall [41ms]
2023-01-10 22:41:43.479 [info] > git config --get commit.template [6ms]
2023-01-10 22:41:43.479 [info] > git for-each-ref --format=%(refname)%00%(upstream:short)%00%(objectname)%00%(upstream:track)%00%(upstream:remotename)%00%(upstream:remoteref) refs/heads/master refs/remotes/master [1ms]
2023-01-10 22:41:43.490 [info] > git for-each-ref --sort -committerdate --format %(refname) %(objectname) %(*objectname) [1ms]
2023-01-10 22:41:43.527 [info] > git status -z -uall [43ms]
2023-01-10 22:41:48.633 [info] > git config --get commit.template [6ms]
2023-01-10 22:41:48.633 [info] > git for-each-ref --format=%(refname)%00%(upstream:short)%00%(objectname)%00%(upstream:track)%00%(upstream:remotename)%00%(upstream:remoteref) refs/heads/master refs/remotes/master [1ms]
2023-01-10 22:41:48.643 [info] > git for-each-ref --sort -committerdate --format %(refname) %(objectname) %(*objectname) [1ms]
2023-01-10 22:41:48.668 [info] > git status -z -uall [31ms]
