2022-12-26 08:12:50.797 [info] Extension host with pid 2735 started
2022-12-26 08:12:51.069 [info] Lock '/home/ChudakovDA/.vscode-server/data/User/workspaceStorage/32f6ad41183c5beef815be365d8df15a/vscode.lock': Lock acquired.
2022-12-26 08:12:51.405 [info] ExtensionService#_doActivateExtension vscode.git-base, startup: true, activationEvent: '*', root cause: vscode.git
2022-12-26 08:12:52.115 [info] ExtensionService#_doActivateExtension vscode.git, startup: true, activationEvent: '*'
2022-12-26 08:12:52.116 [info] ExtensionService#_doActivateExtension vscode.github, startup: true, activationEvent: '*'
2022-12-26 08:12:53.197 [info] ExtensionService#_doActivateExtension vscode.debug-auto-launch, startup: false, activationEvent: 'onStartupFinished'
2022-12-26 08:12:53.199 [info] ExtensionService#_doActivateExtension vscode.emmet, startup: false, activationEvent: 'onStartupFinished'
2022-12-26 08:12:53.203 [info] ExtensionService#_doActivateExtension vscode.merge-conflict, startup: false, activationEvent: 'onStartupFinished'
2022-12-26 08:12:53.205 [info] Eager extensions activated
2022-12-26 08:12:54.501 [warning] [Decorations] CAPPING events from decorations provider vscode.git 5769
2022-12-26 08:12:57.097 [warning] [Decorations] CAPPING events from decorations provider vscode.git 5769
2022-12-26 08:13:02.376 [warning] [Decorations] CAPPING events from decorations provider vscode.git 5766
2022-12-26 08:13:07.667 [warning] [Decorations] CAPPING events from decorations provider vscode.git 5766
2022-12-26 08:13:09.436 [info] ExtensionService#_doActivateExtension ms-azuretools.vscode-docker, startup: false, activationEvent: 'onLanguage:dockercompose'
2022-12-26 08:13:12.969 [warning] [Decorations] CAPPING events from decorations provider vscode.git 5767
2022-12-26 08:13:18.250 [warning] [Decorations] CAPPING events from decorations provider vscode.git 5767
2022-12-26 08:13:23.517 [warning] [Decorations] CAPPING events from decorations provider vscode.git 5767
2022-12-26 08:13:28.929 [warning] [Decorations] CAPPING events from decorations provider vscode.git 5767
2022-12-26 08:13:34.211 [warning] [Decorations] CAPPING events from decorations provider vscode.git 5767
2022-12-26 08:14:57.189 [warning] [Decorations] CAPPING events from decorations provider vscode.git 5767
2022-12-26 08:15:02.503 [warning] [Decorations] CAPPING events from decorations provider vscode.git 5767
2022-12-26 08:15:07.799 [warning] [Decorations] CAPPING events from decorations provider vscode.git 5767
2022-12-26 08:15:13.214 [warning] [Decorations] CAPPING events from decorations provider vscode.git 5767
2022-12-26 08:15:18.606 [warning] [Decorations] CAPPING events from decorations provider vscode.git 5767
2022-12-26 08:15:23.870 [warning] [Decorations] CAPPING events from decorations provider vscode.git 5767
2022-12-26 08:15:29.149 [warning] [Decorations] CAPPING events from decorations provider vscode.git 5767
2022-12-26 08:15:34.442 [warning] [Decorations] CAPPING events from decorations provider vscode.git 5767
2022-12-26 08:15:39.720 [warning] [Decorations] CAPPING events from decorations provider vscode.git 5767
2022-12-26 08:15:45.028 [warning] [Decorations] CAPPING events from decorations provider vscode.git 5767
2022-12-26 08:15:50.431 [warning] [Decorations] CAPPING events from decorations provider vscode.git 5767
2022-12-26 08:15:55.708 [warning] [Decorations] CAPPING events from decorations provider vscode.git 5767
2022-12-26 08:16:00.977 [warning] [Decorations] CAPPING events from decorations provider vscode.git 5767
2022-12-26 08:16:26.108 [warning] [Decorations] CAPPING events from decorations provider vscode.git 5767
2022-12-26 08:17:01.351 [warning] [Decorations] CAPPING events from decorations provider vscode.git 5767
2022-12-26 08:17:06.618 [warning] [Decorations] CAPPING events from decorations provider vscode.git 5767
2022-12-26 08:17:11.887 [warning] [Decorations] CAPPING events from decorations provider vscode.git 5767
2022-12-26 08:17:17.291 [warning] [Decorations] CAPPING events from decorations provider vscode.git 5768
2022-12-26 08:17:19.289 [info] ExtensionService#_doActivateExtension vscode.extension-editing, startup: false, activationEvent: 'onLanguage:ignore'
2022-12-26 08:17:19.295 [info] ExtensionService#_doActivateExtension vscode.npm, startup: false, activationEvent: 'onLanguage:ignore'
2022-12-26 08:17:22.612 [warning] [Decorations] CAPPING events from decorations provider vscode.git 5768
2022-12-26 08:18:09.761 [warning] [Decorations] CAPPING events from decorations provider vscode.git 5768
2022-12-26 08:18:15.027 [warning] [Decorations] CAPPING events from decorations provider vscode.git 5768
2022-12-26 08:18:20.294 [warning] [Decorations] CAPPING events from decorations provider vscode.git 5768
2022-12-26 08:18:28.041 [warning] [Decorations] CAPPING events from decorations provider vscode.git 5768
2022-12-26 08:18:44.502 [warning] [Decorations] CAPPING events from decorations provider vscode.git 5768
2022-12-26 08:22:05.505 [warning] [Decorations] CAPPING events from decorations provider vscode.git 5768
2022-12-26 08:22:10.786 [warning] [Decorations] CAPPING events from decorations provider vscode.git 5768
2022-12-26 08:22:16.420 [warning] [Decorations] CAPPING events from decorations provider vscode.git 5768
2022-12-26 08:22:21.713 [warning] [Decorations] CAPPING events from decorations provider vscode.git 5768
2022-12-26 08:22:28.533 [warning] [Decorations] CAPPING events from decorations provider vscode.git 5768
2022-12-26 08:22:33.810 [warning] [Decorations] CAPPING events from decorations provider vscode.git 5768
2022-12-26 08:22:43.381 [warning] [Decorations] CAPPING events from decorations provider vscode.git 5768
2022-12-26 08:22:48.665 [warning] [Decorations] CAPPING events from decorations provider vscode.git 5768
2022-12-26 08:22:58.931 [warning] [Decorations] CAPPING events from decorations provider vscode.git 5768
2022-12-26 08:23:04.291 [warning] [Decorations] CAPPING events from decorations provider vscode.git 5768
2022-12-26 08:23:18.249 [warning] [Decorations] CAPPING events from decorations provider vscode.git 5768
2022-12-26 08:23:23.507 [warning] [Decorations] CAPPING events from decorations provider vscode.git 5768
2022-12-26 08:23:28.794 [warning] [Decorations] CAPPING events from decorations provider vscode.git 5768
2022-12-26 08:23:46.528 [warning] [Decorations] CAPPING events from decorations provider vscode.git 5768
2022-12-26 08:23:51.801 [warning] [Decorations] CAPPING events from decorations provider vscode.git 5768
2022-12-26 08:23:57.087 [warning] [Decorations] CAPPING events from decorations provider vscode.git 5768
2022-12-26 08:24:04.135 [warning] [Decorations] CAPPING events from decorations provider vscode.git 5768
2022-12-26 08:24:10.029 [warning] [Decorations] CAPPING events from decorations provider vscode.git 5768
2022-12-26 08:24:15.743 [warning] [Decorations] CAPPING events from decorations provider vscode.git 5768
2022-12-26 08:24:21.491 [warning] [Decorations] CAPPING events from decorations provider vscode.git 5768
2022-12-26 08:24:27.100 [warning] [Decorations] CAPPING events from decorations provider vscode.git 5768
2022-12-26 08:24:32.459 [warning] [Decorations] CAPPING events from decorations provider vscode.git 5768
2022-12-26 08:29:15.030 [warning] [Decorations] CAPPING events from decorations provider vscode.git 5768
2022-12-26 08:30:10.592 [warning] [Decorations] CAPPING events from decorations provider vscode.git 5768
2022-12-26 08:30:15.882 [warning] [Decorations] CAPPING events from decorations provider vscode.git 5768
2022-12-26 08:30:21.189 [warning] [Decorations] CAPPING events from decorations provider vscode.git 5768
2022-12-26 08:30:26.491 [warning] [Decorations] CAPPING events from decorations provider vscode.git 5768
2022-12-26 08:30:31.785 [warning] [Decorations] CAPPING events from decorations provider vscode.git 5768
2022-12-26 08:30:37.083 [warning] [Decorations] CAPPING events from decorations provider vscode.git 5768
2022-12-26 08:30:42.391 [warning] [Decorations] CAPPING events from decorations provider vscode.git 5768
2022-12-26 08:30:47.682 [warning] [Decorations] CAPPING events from decorations provider vscode.git 5768
2022-12-26 08:31:29.382 [warning] [Decorations] CAPPING events from decorations provider vscode.git 5768
2022-12-26 08:31:34.676 [warning] [Decorations] CAPPING events from decorations provider vscode.git 5768
2022-12-26 08:31:39.994 [warning] [Decorations] CAPPING events from decorations provider vscode.git 5768
2022-12-26 08:31:45.279 [warning] [Decorations] CAPPING events from decorations provider vscode.git 5768
2022-12-26 08:31:50.588 [warning] [Decorations] CAPPING events from decorations provider vscode.git 5768
2022-12-26 08:32:33.676 [warning] [Decorations] CAPPING events from decorations provider vscode.git 5768
2022-12-26 08:34:04.667 [warning] [Decorations] CAPPING events from decorations provider vscode.git 5768
2022-12-26 08:34:10.039 [warning] [Decorations] CAPPING events from decorations provider vscode.git 5768
2022-12-26 08:34:15.348 [warning] [Decorations] CAPPING events from decorations provider vscode.git 5768
2022-12-26 08:34:20.649 [warning] [Decorations] CAPPING events from decorations provider vscode.git 5768
2022-12-26 08:34:25.946 [warning] [Decorations] CAPPING events from decorations provider vscode.git 5768
2022-12-26 08:34:31.254 [warning] [Decorations] CAPPING events from decorations provider vscode.git 5768
2022-12-26 08:37:23.530 [warning] [Decorations] CAPPING events from decorations provider vscode.git 5768
2022-12-26 08:39:08.180 [warning] [Decorations] CAPPING events from decorations provider vscode.git 5768
2022-12-26 08:39:13.468 [warning] [Decorations] CAPPING events from decorations provider vscode.git 5768
2022-12-26 08:39:18.752 [warning] [Decorations] CAPPING events from decorations provider vscode.git 5768
2022-12-26 08:39:24.218 [warning] [Decorations] CAPPING events from decorations provider vscode.git 5768
2022-12-26 08:39:29.512 [warning] [Decorations] CAPPING events from decorations provider vscode.git 5768
2022-12-26 08:39:34.805 [warning] [Decorations] CAPPING events from decorations provider vscode.git 5768
2022-12-26 08:39:40.111 [warning] [Decorations] CAPPING events from decorations provider vscode.git 5768
2022-12-26 08:39:45.401 [warning] [Decorations] CAPPING events from decorations provider vscode.git 5768
2022-12-26 08:40:37.214 [warning] [Decorations] CAPPING events from decorations provider vscode.git 5768
2022-12-26 08:40:42.513 [warning] [Decorations] CAPPING events from decorations provider vscode.git 5768
2022-12-26 08:40:47.828 [warning] [Decorations] CAPPING events from decorations provider vscode.git 5768
2022-12-26 08:40:53.130 [warning] [Decorations] CAPPING events from decorations provider vscode.git 5768
2022-12-26 08:40:58.433 [warning] [Decorations] CAPPING events from decorations provider vscode.git 5768
2022-12-26 08:41:03.732 [warning] [Decorations] CAPPING events from decorations provider vscode.git 5768
2022-12-26 08:41:09.027 [warning] [Decorations] CAPPING events from decorations provider vscode.git 5768
2022-12-26 08:41:14.320 [warning] [Decorations] CAPPING events from decorations provider vscode.git 5768
2022-12-26 08:41:19.626 [warning] [Decorations] CAPPING events from decorations provider vscode.git 5768
2022-12-26 08:41:24.927 [warning] [Decorations] CAPPING events from decorations provider vscode.git 5768
2022-12-26 08:41:30.267 [warning] [Decorations] CAPPING events from decorations provider vscode.git 5768
2022-12-26 08:45:48.292 [warning] [Decorations] CAPPING events from decorations provider vscode.git 5768
2022-12-26 08:47:11.552 [warning] [Decorations] CAPPING events from decorations provider vscode.git 5768
2022-12-26 08:47:16.847 [warning] [Decorations] CAPPING events from decorations provider vscode.git 5768
2022-12-26 08:47:22.153 [warning] [Decorations] CAPPING events from decorations provider vscode.git 5768
2022-12-26 08:47:27.441 [warning] [Decorations] CAPPING events from decorations provider vscode.git 5768
2022-12-26 08:48:11.167 [warning] [Decorations] CAPPING events from decorations provider vscode.git 5768
2022-12-26 08:48:16.591 [warning] [Decorations] CAPPING events from decorations provider vscode.git 5768
2022-12-26 08:48:30.871 [warning] [Decorations] CAPPING events from decorations provider vscode.git 5768
2022-12-26 08:48:36.158 [warning] [Decorations] CAPPING events from decorations provider vscode.git 5768
2022-12-26 08:48:41.467 [warning] [Decorations] CAPPING events from decorations provider vscode.git 5768
2022-12-26 08:48:46.767 [warning] [Decorations] CAPPING events from decorations provider vscode.git 5768
2022-12-26 08:48:52.076 [warning] [Decorations] CAPPING events from decorations provider vscode.git 5768
2022-12-26 08:48:57.387 [warning] [Decorations] CAPPING events from decorations provider vscode.git 5768
2022-12-26 08:49:02.694 [warning] [Decorations] CAPPING events from decorations provider vscode.git 5768
2022-12-26 08:49:18.142 [warning] [Decorations] CAPPING events from decorations provider vscode.git 5768
2022-12-26 08:49:23.433 [warning] [Decorations] CAPPING events from decorations provider vscode.git 5768
2022-12-26 08:49:28.721 [warning] [Decorations] CAPPING events from decorations provider vscode.git 5768
2022-12-26 08:50:36.451 [warning] [Decorations] CAPPING events from decorations provider vscode.git 5768
2022-12-26 08:51:20.516 [warning] [Decorations] CAPPING events from decorations provider vscode.git 5768
2022-12-26 08:51:25.817 [warning] [Decorations] CAPPING events from decorations provider vscode.git 5768
2022-12-26 08:51:31.280 [warning] [Decorations] CAPPING events from decorations provider vscode.git 5768
2022-12-26 08:52:26.725 [warning] [Decorations] CAPPING events from decorations provider vscode.git 5768
2022-12-26 08:52:51.831 [warning] [Decorations] CAPPING events from decorations provider vscode.git 5768
2022-12-26 08:53:03.632 [warning] [Decorations] CAPPING events from decorations provider vscode.git 5768
2022-12-26 08:53:08.936 [warning] [Decorations] CAPPING events from decorations provider vscode.git 5768
2022-12-26 08:53:43.565 [warning] [Decorations] CAPPING events from decorations provider vscode.git 5768
2022-12-26 08:53:48.922 [warning] [Decorations] CAPPING events from decorations provider vscode.git 5768
2022-12-26 08:53:54.281 [warning] [Decorations] CAPPING events from decorations provider vscode.git 5768
2022-12-26 08:55:23.128 [warning] [Decorations] CAPPING events from decorations provider vscode.git 5768
2022-12-26 08:55:28.420 [warning] [Decorations] CAPPING events from decorations provider vscode.git 5768
2022-12-26 09:00:27.095 [warning] [Decorations] CAPPING events from decorations provider vscode.git 5768
2022-12-26 09:00:32.404 [warning] [Decorations] CAPPING events from decorations provider vscode.git 5768
2022-12-26 09:00:37.687 [warning] [Decorations] CAPPING events from decorations provider vscode.git 5768
2022-12-26 09:00:42.979 [warning] [Decorations] CAPPING events from decorations provider vscode.git 5768
2022-12-26 09:00:48.280 [warning] [Decorations] CAPPING events from decorations provider vscode.git 5768
2022-12-26 09:00:53.575 [warning] [Decorations] CAPPING events from decorations provider vscode.git 5768
2022-12-26 09:00:58.878 [warning] [Decorations] CAPPING events from decorations provider vscode.git 5768
2022-12-26 09:01:04.173 [warning] [Decorations] CAPPING events from decorations provider vscode.git 5768
2022-12-26 09:01:09.510 [warning] [Decorations] CAPPING events from decorations provider vscode.git 5768
2022-12-26 09:01:32.705 [warning] [Decorations] CAPPING events from decorations provider vscode.git 5768
2022-12-26 09:01:38.001 [warning] [Decorations] CAPPING events from decorations provider vscode.git 5768
2022-12-26 09:01:43.312 [warning] [Decorations] CAPPING events from decorations provider vscode.git 5768
2022-12-26 09:01:48.609 [warning] [Decorations] CAPPING events from decorations provider vscode.git 5768
2022-12-26 09:01:53.903 [warning] [Decorations] CAPPING events from decorations provider vscode.git 5768
2022-12-26 09:01:59.206 [warning] [Decorations] CAPPING events from decorations provider vscode.git 5768
2022-12-26 09:02:04.506 [warning] [Decorations] CAPPING events from decorations provider vscode.git 5768
2022-12-26 09:02:09.894 [warning] [Decorations] CAPPING events from decorations provider vscode.git 5768
2022-12-26 09:05:29.798 [warning] [Decorations] CAPPING events from decorations provider vscode.git 5768
2022-12-26 09:05:40.349 [warning] [Decorations] CAPPING events from decorations provider vscode.git 5768
2022-12-26 09:05:45.653 [warning] [Decorations] CAPPING events from decorations provider vscode.git 5768
2022-12-26 09:07:51.371 [warning] [Decorations] CAPPING events from decorations provider vscode.git 5768
2022-12-26 09:07:56.988 [warning] [Decorations] CAPPING events from decorations provider vscode.git 5768
2022-12-26 09:08:02.281 [warning] [Decorations] CAPPING events from decorations provider vscode.git 5768
2022-12-26 09:08:07.632 [warning] [Decorations] CAPPING events from decorations provider vscode.git 5768
2022-12-26 09:09:24.544 [warning] [Decorations] CAPPING events from decorations provider vscode.git 5768
2022-12-26 09:09:29.897 [warning] [Decorations] CAPPING events from decorations provider vscode.git 5768
2022-12-26 09:09:35.195 [warning] [Decorations] CAPPING events from decorations provider vscode.git 5768
2022-12-26 09:09:40.502 [warning] [Decorations] CAPPING events from decorations provider vscode.git 5768
2022-12-26 09:09:45.842 [warning] [Decorations] CAPPING events from decorations provider vscode.git 5768
2022-12-26 09:09:51.166 [warning] [Decorations] CAPPING events from decorations provider vscode.git 5768
2022-12-26 09:10:02.083 [warning] [Decorations] CAPPING events from decorations provider vscode.git 5768
2022-12-26 09:10:47.586 [warning] [Decorations] CAPPING events from decorations provider vscode.git 5768
2022-12-26 09:24:53.409 [warning] [Decorations] CAPPING events from decorations provider vscode.git 5768
2022-12-26 09:43:59.625 [warning] [Decorations] CAPPING events from decorations provider vscode.git 5768
2022-12-26 09:44:04.797 [warning] [Decorations] CAPPING events from decorations provider vscode.git 5768
2022-12-26 09:44:09.945 [warning] [Decorations] CAPPING events from decorations provider vscode.git 5768
2022-12-26 09:44:15.149 [warning] [Decorations] CAPPING events from decorations provider vscode.git 5768
2022-12-26 09:44:20.299 [warning] [Decorations] CAPPING events from decorations provider vscode.git 5768
2022-12-26 09:44:25.451 [warning] [Decorations] CAPPING events from decorations provider vscode.git 5768
2022-12-26 09:44:30.596 [warning] [Decorations] CAPPING events from decorations provider vscode.git 5768
2022-12-26 09:44:35.756 [warning] [Decorations] CAPPING events from decorations provider vscode.git 5768
2022-12-26 09:44:40.900 [warning] [Decorations] CAPPING events from decorations provider vscode.git 5768
2022-12-26 09:44:46.047 [warning] [Decorations] CAPPING events from decorations provider vscode.git 5768
2022-12-26 09:45:09.549 [warning] [Decorations] CAPPING events from decorations provider vscode.git 5768
2022-12-26 09:45:14.716 [warning] [Decorations] CAPPING events from decorations provider vscode.git 5768
2022-12-26 09:45:19.872 [warning] [Decorations] CAPPING events from decorations provider vscode.git 5768
2022-12-26 09:45:25.020 [warning] [Decorations] CAPPING events from decorations provider vscode.git 5768
2022-12-26 09:45:30.165 [warning] [Decorations] CAPPING events from decorations provider vscode.git 5768
2022-12-26 09:45:35.345 [warning] [Decorations] CAPPING events from decorations provider vscode.git 5768
2022-12-26 09:45:40.497 [warning] [Decorations] CAPPING events from decorations provider vscode.git 5768
2022-12-26 09:45:45.639 [warning] [Decorations] CAPPING events from decorations provider vscode.git 5768
2022-12-26 09:46:53.156 [warning] [Decorations] CAPPING events from decorations provider vscode.git 5768
2022-12-26 09:46:58.297 [warning] [Decorations] CAPPING events from decorations provider vscode.git 5768
2022-12-26 09:47:03.441 [warning] [Decorations] CAPPING events from decorations provider vscode.git 5768
2022-12-26 09:47:08.591 [warning] [Decorations] CAPPING events from decorations provider vscode.git 5768
2022-12-26 09:47:13.737 [warning] [Decorations] CAPPING events from decorations provider vscode.git 5768
2022-12-26 09:47:18.887 [warning] [Decorations] CAPPING events from decorations provider vscode.git 5768
2022-12-26 09:47:24.037 [warning] [Decorations] CAPPING events from decorations provider vscode.git 5768
2022-12-26 09:47:29.238 [warning] [Decorations] CAPPING events from decorations provider vscode.git 5768
2022-12-26 09:48:59.368 [warning] [Decorations] CAPPING events from decorations provider vscode.git 5768
2022-12-26 09:49:08.353 [warning] [Decorations] CAPPING events from decorations provider vscode.git 5768
2022-12-26 09:49:13.503 [warning] [Decorations] CAPPING events from decorations provider vscode.git 5768
2022-12-26 09:49:18.649 [warning] [Decorations] CAPPING events from decorations provider vscode.git 5768
2022-12-26 09:49:23.804 [warning] [Decorations] CAPPING events from decorations provider vscode.git 5768
2022-12-26 09:49:28.968 [warning] [Decorations] CAPPING events from decorations provider vscode.git 5768
2022-12-26 09:49:34.112 [warning] [Decorations] CAPPING events from decorations provider vscode.git 5768
2022-12-26 09:49:39.262 [warning] [Decorations] CAPPING events from decorations provider vscode.git 5768
2022-12-26 09:49:46.728 [warning] [Decorations] CAPPING events from decorations provider vscode.git 5768
2022-12-26 09:49:51.913 [warning] [Decorations] CAPPING events from decorations provider vscode.git 5768
2022-12-26 09:49:57.064 [warning] [Decorations] CAPPING events from decorations provider vscode.git 5768
2022-12-26 09:50:02.210 [warning] [Decorations] CAPPING events from decorations provider vscode.git 5768
2022-12-26 09:50:07.360 [warning] [Decorations] CAPPING events from decorations provider vscode.git 5768
2022-12-26 09:50:27.452 [warning] [Decorations] CAPPING events from decorations provider vscode.git 5768
2022-12-26 09:50:32.601 [warning] [Decorations] CAPPING events from decorations provider vscode.git 5768
2022-12-26 09:50:37.750 [warning] [Decorations] CAPPING events from decorations provider vscode.git 5768
2022-12-26 09:50:42.892 [warning] [Decorations] CAPPING events from decorations provider vscode.git 5768
2022-12-26 09:50:48.041 [warning] [Decorations] CAPPING events from decorations provider vscode.git 5768
2022-12-26 09:50:53.192 [warning] [Decorations] CAPPING events from decorations provider vscode.git 5768
2022-12-26 09:50:58.342 [warning] [Decorations] CAPPING events from decorations provider vscode.git 5768
2022-12-26 09:51:03.501 [warning] [Decorations] CAPPING events from decorations provider vscode.git 5768
2022-12-26 09:51:08.653 [warning] [Decorations] CAPPING events from decorations provider vscode.git 5768
2022-12-26 09:51:13.804 [warning] [Decorations] CAPPING events from decorations provider vscode.git 5768
2022-12-26 09:51:18.956 [warning] [Decorations] CAPPING events from decorations provider vscode.git 5768
2022-12-26 09:51:24.102 [warning] [Decorations] CAPPING events from decorations provider vscode.git 5768
2022-12-26 09:51:29.246 [warning] [Decorations] CAPPING events from decorations provider vscode.git 5768
2022-12-26 09:51:34.393 [warning] [Decorations] CAPPING events from decorations provider vscode.git 5768
2022-12-26 09:51:39.547 [warning] [Decorations] CAPPING events from decorations provider vscode.git 5768
2022-12-26 09:51:44.693 [warning] [Decorations] CAPPING events from decorations provider vscode.git 5768
2022-12-26 09:51:49.839 [warning] [Decorations] CAPPING events from decorations provider vscode.git 5768
2022-12-26 09:55:51.838 [warning] [Decorations] CAPPING events from decorations provider vscode.git 5768
