2022-12-28 14:52:38.530 [info] Log level: Info
2022-12-28 14:52:38.532 [info] Validating found git in: "git"
2022-12-28 14:52:38.532 [info] Using git "2.31.1" from "git"
2022-12-28 14:52:38.532 [info] > git rev-parse --show-toplevel [362ms]
2022-12-28 14:52:38.533 [info] > git rev-parse --git-dir --git-common-dir [70ms]
2022-12-28 14:52:38.534 [info] Open repository: /home/ChudakovDA
2022-12-28 14:52:38.534 [info] > git rev-parse --show-toplevel [40ms]
2022-12-28 14:52:38.535 [info] > git config --get commit.template [54ms]
2022-12-28 14:52:38.535 [info] > git rev-parse --show-toplevel [72ms]
2022-12-28 14:52:38.535 [info] > git for-each-ref --format=%(refname)%00%(upstream:short)%00%(objectname)%00%(upstream:track)%00%(upstream:remotename)%00%(upstream:remoteref) refs/heads/master refs/remotes/master [50ms]
2022-12-28 14:52:38.535 [info] > git rev-parse --show-toplevel [90ms]
2022-12-28 14:52:38.536 [info] > git for-each-ref --sort -committerdate --format %(refname) %(objectname) %(*objectname) [42ms]
2022-12-28 14:52:38.537 [info] > git rev-parse --show-toplevel [68ms]
2022-12-28 14:52:38.537 [info] > git status -z -uall [261ms]
2022-12-28 14:52:38.537 [info] > git rev-parse --show-toplevel [82ms]
2022-12-28 14:52:38.537 [info] > git rev-parse --show-toplevel [2768ms]
2022-12-28 14:52:38.537 [info] > git rev-parse --show-toplevel [69ms]
2022-12-28 14:52:38.537 [info] > git config --get commit.template [225ms]
2022-12-28 14:52:38.537 [info] > git rev-parse --git-dir --git-common-dir [65ms]
2022-12-28 14:52:38.537 [info] Open repository: /home/ChudakovDA/lab4
2022-12-28 14:52:38.538 [info] > git for-each-ref --format=%(refname)%00%(upstream:short)%00%(objectname)%00%(upstream:track)%00%(upstream:remotename)%00%(upstream:remoteref) refs/heads/master refs/remotes/master [106ms]
2022-12-28 14:52:38.538 [info] > git config --get commit.template [40ms]
2022-12-28 14:52:38.538 [info] > git for-each-ref --sort -committerdate --format %(refname) %(objectname) %(*objectname) [46ms]
2022-12-28 14:52:38.538 [info] > git for-each-ref --format=%(refname)%00%(upstream:short)%00%(objectname)%00%(upstream:track)%00%(upstream:remotename)%00%(upstream:remoteref) refs/heads/main refs/remotes/main [618ms]
2022-12-28 14:52:38.538 [info] > git status -z -uall [736ms]
2022-12-28 14:52:38.538 [info] > git status -z -uall [59ms]
2022-12-28 14:52:38.538 [info] > git for-each-ref --sort -committerdate --format %(refname) %(objectname) %(*objectname) [40ms]
2022-12-28 14:52:38.538 [info] > git check-ignore -v -z --stdin [61ms]
2022-12-28 14:52:38.538 [info] > git check-ignore -v -z --stdin [28ms]
2022-12-28 14:52:39.105 [info] > git check-ignore -v -z --stdin [38ms]
2022-12-28 14:52:39.118 [info] > git check-ignore -v -z --stdin [30ms]
2022-12-28 14:52:43.884 [info] > git config --get commit.template [26ms]
2022-12-28 14:52:43.889 [info] > git for-each-ref --format=%(refname)%00%(upstream:short)%00%(objectname)%00%(upstream:track)%00%(upstream:remotename)%00%(upstream:remoteref) refs/heads/master refs/remotes/master [10ms]
2022-12-28 14:52:43.933 [info] > git for-each-ref --sort -committerdate --format %(refname) %(objectname) %(*objectname) [9ms]
2022-12-28 14:52:44.063 [info] > git status -z -uall [156ms]
2022-12-28 14:52:49.339 [info] > git config --get commit.template [36ms]
2022-12-28 14:52:49.354 [info] > git for-each-ref --format=%(refname)%00%(upstream:short)%00%(objectname)%00%(upstream:track)%00%(upstream:remotename)%00%(upstream:remoteref) refs/heads/master refs/remotes/master [19ms]
2022-12-28 14:52:49.457 [info] > git for-each-ref --sort -committerdate --format %(refname) %(objectname) %(*objectname) [30ms]
2022-12-28 14:52:49.570 [info] > git status -z -uall [193ms]
2022-12-28 14:52:54.826 [info] > git config --get commit.template [25ms]
2022-12-28 14:52:54.829 [info] > git for-each-ref --format=%(refname)%00%(upstream:short)%00%(objectname)%00%(upstream:track)%00%(upstream:remotename)%00%(upstream:remoteref) refs/heads/master refs/remotes/master [8ms]
2022-12-28 14:52:54.912 [info] > git for-each-ref --sort -committerdate --format %(refname) %(objectname) %(*objectname) [16ms]
2022-12-28 14:52:54.957 [info] > git status -z -uall [111ms]
2022-12-28 14:53:02.167 [info] > git config --get commit.template [215ms]
2022-12-28 14:53:02.261 [info] > git for-each-ref --format=%(refname)%00%(upstream:short)%00%(objectname)%00%(upstream:track)%00%(upstream:remotename)%00%(upstream:remoteref) refs/heads/master refs/remotes/master [165ms]
2022-12-28 14:53:02.722 [info] > git for-each-ref --sort -committerdate --format %(refname) %(objectname) %(*objectname) [93ms]
2022-12-28 14:53:02.907 [info] > git status -z -uall [464ms]
2022-12-28 14:53:11.453 [info] > git config --get commit.template [47ms]
2022-12-28 14:53:11.461 [info] > git for-each-ref --format=%(refname)%00%(upstream:short)%00%(objectname)%00%(upstream:track)%00%(upstream:remotename)%00%(upstream:remoteref) refs/heads/master refs/remotes/master [12ms]
2022-12-28 14:53:11.534 [info] > git for-each-ref --sort -committerdate --format %(refname) %(objectname) %(*objectname) [37ms]
2022-12-28 14:53:11.624 [info] > git status -z -uall [144ms]
2022-12-28 14:53:17.037 [info] > git config --get commit.template [50ms]
2022-12-28 14:53:17.069 [info] > git for-each-ref --format=%(refname)%00%(upstream:short)%00%(objectname)%00%(upstream:track)%00%(upstream:remotename)%00%(upstream:remoteref) refs/heads/master refs/remotes/master [7ms]
2022-12-28 14:53:17.125 [info] > git for-each-ref --sort -committerdate --format %(refname) %(objectname) %(*objectname) [12ms]
2022-12-28 14:53:17.203 [info] > git status -z -uall [115ms]
2022-12-28 14:53:22.448 [info] > git config --get commit.template [30ms]
2022-12-28 14:53:22.453 [info] > git for-each-ref --format=%(refname)%00%(upstream:short)%00%(objectname)%00%(upstream:track)%00%(upstream:remotename)%00%(upstream:remoteref) refs/heads/master refs/remotes/master [11ms]
2022-12-28 14:53:22.512 [info] > git for-each-ref --sort -committerdate --format %(refname) %(objectname) %(*objectname) [11ms]
2022-12-28 14:53:22.585 [info] > git status -z -uall [114ms]
2022-12-28 14:53:27.787 [info] > git config --get commit.template [25ms]
2022-12-28 14:53:27.791 [info] > git for-each-ref --format=%(refname)%00%(upstream:short)%00%(objectname)%00%(upstream:track)%00%(upstream:remotename)%00%(upstream:remoteref) refs/heads/master refs/remotes/master [8ms]
2022-12-28 14:53:27.836 [info] > git for-each-ref --sort -committerdate --format %(refname) %(objectname) %(*objectname) [10ms]
2022-12-28 14:53:27.925 [info] > git status -z -uall [116ms]
2022-12-28 14:54:10.670 [info] > git config --get commit.template [35ms]
2022-12-28 14:54:10.671 [info] > git for-each-ref --format=%(refname)%00%(upstream:short)%00%(objectname)%00%(upstream:track)%00%(upstream:remotename)%00%(upstream:remoteref) refs/heads/master refs/remotes/master [7ms]
2022-12-28 14:54:10.741 [info] > git for-each-ref --sort -committerdate --format %(refname) %(objectname) %(*objectname) [19ms]
2022-12-28 14:54:10.907 [info] > git status -z -uall [216ms]
2022-12-28 14:54:16.233 [info] > git config --get commit.template [25ms]
2022-12-28 14:54:16.236 [info] > git for-each-ref --format=%(refname)%00%(upstream:short)%00%(objectname)%00%(upstream:track)%00%(upstream:remotename)%00%(upstream:remoteref) refs/heads/master refs/remotes/master [4ms]
2022-12-28 14:54:16.284 [info] > git for-each-ref --sort -committerdate --format %(refname) %(objectname) %(*objectname) [11ms]
2022-12-28 14:54:16.403 [info] > git status -z -uall [152ms]
2022-12-28 14:54:21.804 [info] > git config --get commit.template [163ms]
2022-12-28 14:54:21.827 [info] > git for-each-ref --format=%(refname)%00%(upstream:short)%00%(objectname)%00%(upstream:track)%00%(upstream:remotename)%00%(upstream:remoteref) refs/heads/master refs/remotes/master [25ms]
2022-12-28 14:54:22.119 [info] > git for-each-ref --sort -committerdate --format %(refname) %(objectname) %(*objectname) [132ms]
2022-12-28 14:54:22.727 [info] > git status -z -uall [816ms]
2022-12-28 14:54:29.683 [info] > git config --get commit.template [376ms]
2022-12-28 14:54:29.700 [info] > git for-each-ref --format=%(refname)%00%(upstream:short)%00%(objectname)%00%(upstream:track)%00%(upstream:remotename)%00%(upstream:remoteref) refs/heads/master refs/remotes/master [97ms]
2022-12-28 14:54:30.026 [info] > git for-each-ref --sort -committerdate --format %(refname) %(objectname) %(*objectname) [109ms]
2022-12-28 14:54:31.002 [info] > git status -z -uall [1234ms]
2022-12-28 14:54:38.665 [info] > git for-each-ref --format=%(refname)%00%(upstream:short)%00%(objectname)%00%(upstream:track)%00%(upstream:remotename)%00%(upstream:remoteref) refs/heads/master refs/remotes/master [30ms]
2022-12-28 14:54:38.710 [info] > git config --get commit.template [162ms]
2022-12-28 14:54:38.946 [info] > git for-each-ref --sort -committerdate --format %(refname) %(objectname) %(*objectname) [59ms]
2022-12-28 14:54:39.347 [info] > git status -z -uall [538ms]
2022-12-28 14:54:46.864 [info] > git config --get commit.template [118ms]
2022-12-28 14:54:46.891 [info] > git for-each-ref --format=%(refname)%00%(upstream:short)%00%(objectname)%00%(upstream:track)%00%(upstream:remotename)%00%(upstream:remoteref) refs/heads/master refs/remotes/master [59ms]
2022-12-28 14:54:47.121 [info] > git for-each-ref --sort -committerdate --format %(refname) %(objectname) %(*objectname) [75ms]
2022-12-28 14:54:47.518 [info] > git status -z -uall [544ms]
2022-12-28 14:54:53.459 [info] > git config --get commit.template [85ms]
2022-12-28 14:54:53.474 [info] > git for-each-ref --format=%(refname)%00%(upstream:short)%00%(objectname)%00%(upstream:track)%00%(upstream:remotename)%00%(upstream:remoteref) refs/heads/master refs/remotes/master [25ms]
2022-12-28 14:54:53.629 [info] > git for-each-ref --sort -committerdate --format %(refname) %(objectname) %(*objectname) [56ms]
2022-12-28 14:54:53.914 [info] > git status -z -uall [405ms]
2022-12-28 14:55:03.790 [info] > git config --get commit.template [107ms]
2022-12-28 14:55:03.823 [info] > git for-each-ref --format=%(refname)%00%(upstream:short)%00%(objectname)%00%(upstream:track)%00%(upstream:remotename)%00%(upstream:remoteref) refs/heads/master refs/remotes/master [39ms]
2022-12-28 14:55:04.041 [info] > git for-each-ref --sort -committerdate --format %(refname) %(objectname) %(*objectname) [68ms]
2022-12-28 14:55:04.419 [info] > git status -z -uall [526ms]
2022-12-28 14:55:10.527 [info] > git config --get commit.template [145ms]
2022-12-28 14:55:10.542 [info] > git for-each-ref --format=%(refname)%00%(upstream:short)%00%(objectname)%00%(upstream:track)%00%(upstream:remotename)%00%(upstream:remoteref) refs/heads/master refs/remotes/master [92ms]
2022-12-28 14:55:10.860 [info] > git for-each-ref --sort -committerdate --format %(refname) %(objectname) %(*objectname) [130ms]
2022-12-28 14:55:11.304 [info] > git status -z -uall [628ms]
2022-12-28 14:55:19.530 [info] > git config --get commit.template [45ms]
2022-12-28 14:55:19.675 [info] > git for-each-ref --format=%(refname)%00%(upstream:short)%00%(objectname)%00%(upstream:track)%00%(upstream:remotename)%00%(upstream:remoteref) refs/heads/master refs/remotes/master [51ms]
2022-12-28 14:55:19.863 [info] > git for-each-ref --sort -committerdate --format %(refname) %(objectname) %(*objectname) [69ms]
2022-12-28 14:55:20.104 [info] > git status -z -uall [383ms]
2022-12-28 14:55:28.145 [info] > git config --get commit.template [180ms]
2022-12-28 14:55:28.239 [info] > git for-each-ref --format=%(refname)%00%(upstream:short)%00%(objectname)%00%(upstream:track)%00%(upstream:remotename)%00%(upstream:remoteref) refs/heads/master refs/remotes/master [115ms]
2022-12-28 14:55:28.746 [info] > git for-each-ref --sort -committerdate --format %(refname) %(objectname) %(*objectname) [153ms]
2022-12-28 14:55:28.929 [info] > git status -z -uall [596ms]
2022-12-28 14:55:35.988 [info] > git config --get commit.template [58ms]
2022-12-28 14:55:36.007 [info] > git for-each-ref --format=%(refname)%00%(upstream:short)%00%(objectname)%00%(upstream:track)%00%(upstream:remotename)%00%(upstream:remoteref) refs/heads/master refs/remotes/master [23ms]
2022-12-28 14:55:36.168 [info] > git for-each-ref --sort -committerdate --format %(refname) %(objectname) %(*objectname) [51ms]
2022-12-28 14:55:36.935 [info] > git status -z -uall [886ms]
2022-12-28 14:55:42.525 [info] > git config --get commit.template [111ms]
2022-12-28 14:55:42.546 [info] > git for-each-ref --format=%(refname)%00%(upstream:short)%00%(objectname)%00%(upstream:track)%00%(upstream:remotename)%00%(upstream:remoteref) refs/heads/master refs/remotes/master [30ms]
2022-12-28 14:55:42.710 [info] > git for-each-ref --sort -committerdate --format %(refname) %(objectname) %(*objectname) [68ms]
2022-12-28 14:55:43.025 [info] > git status -z -uall [429ms]
2022-12-28 14:55:48.363 [info] > git config --get commit.template [32ms]
2022-12-28 14:55:48.373 [info] > git for-each-ref --format=%(refname)%00%(upstream:short)%00%(objectname)%00%(upstream:track)%00%(upstream:remotename)%00%(upstream:remoteref) refs/heads/master refs/remotes/master [12ms]
2022-12-28 14:55:48.487 [info] > git for-each-ref --sort -committerdate --format %(refname) %(objectname) %(*objectname) [14ms]
2022-12-28 14:55:48.727 [info] > git status -z -uall [318ms]
2022-12-28 14:55:53.441 [info] > git config --get commit.template [72ms]
2022-12-28 14:55:53.460 [info] > git for-each-ref --format=%(refname)%00%(upstream:short)%00%(objectname)%00%(upstream:track)%00%(upstream:remotename)%00%(upstream:remoteref) refs/heads/main refs/remotes/main [33ms]
2022-12-28 14:55:53.574 [info] > git status -z -uall [71ms]
2022-12-28 14:55:53.617 [info] > git for-each-ref --sort -committerdate --format %(refname) %(objectname) %(*objectname) [45ms]
2022-12-28 14:55:54.112 [info] > git config --get commit.template [46ms]
2022-12-28 14:55:54.141 [info] > git for-each-ref --format=%(refname)%00%(upstream:short)%00%(objectname)%00%(upstream:track)%00%(upstream:remotename)%00%(upstream:remoteref) refs/heads/master refs/remotes/master [32ms]
2022-12-28 14:55:54.221 [info] > git for-each-ref --sort -committerdate --format %(refname) %(objectname) %(*objectname) [22ms]
2022-12-28 14:55:54.403 [info] > git status -z -uall [244ms]
2022-12-28 14:55:58.857 [info] > git config --get commit.template [39ms]
2022-12-28 14:55:58.864 [info] > git for-each-ref --format=%(refname)%00%(upstream:short)%00%(objectname)%00%(upstream:track)%00%(upstream:remotename)%00%(upstream:remoteref) refs/heads/main refs/remotes/main [10ms]
2022-12-28 14:55:58.929 [info] > git status -z -uall [36ms]
2022-12-28 14:55:58.943 [info] > git for-each-ref --sort -committerdate --format %(refname) %(objectname) %(*objectname) [17ms]
2022-12-28 14:55:59.807 [info] > git config --get commit.template [31ms]
2022-12-28 14:55:59.818 [info] > git for-each-ref --format=%(refname)%00%(upstream:short)%00%(objectname)%00%(upstream:track)%00%(upstream:remotename)%00%(upstream:remoteref) refs/heads/master refs/remotes/master [13ms]
2022-12-28 14:55:59.910 [info] > git for-each-ref --sort -committerdate --format %(refname) %(objectname) %(*objectname) [36ms]
2022-12-28 14:56:00.021 [info] > git status -z -uall [182ms]
2022-12-28 14:56:05.301 [info] > git config --get commit.template [41ms]
2022-12-28 14:56:05.309 [info] > git for-each-ref --format=%(refname)%00%(upstream:short)%00%(objectname)%00%(upstream:track)%00%(upstream:remotename)%00%(upstream:remoteref) refs/heads/master refs/remotes/master [18ms]
2022-12-28 14:56:05.408 [info] > git for-each-ref --sort -committerdate --format %(refname) %(objectname) %(*objectname) [30ms]
2022-12-28 14:56:05.548 [info] > git status -z -uall [213ms]
2022-12-28 14:56:10.901 [info] > git config --get commit.template [56ms]
2022-12-28 14:56:10.922 [info] > git for-each-ref --format=%(refname)%00%(upstream:short)%00%(objectname)%00%(upstream:track)%00%(upstream:remotename)%00%(upstream:remoteref) refs/heads/master refs/remotes/master [28ms]
2022-12-28 14:56:10.994 [info] > git for-each-ref --sort -committerdate --format %(refname) %(objectname) %(*objectname) [26ms]
2022-12-28 14:56:11.130 [info] > git status -z -uall [192ms]
2022-12-28 14:57:31.386 [info] > git config --get commit.template [25ms]
2022-12-28 14:57:31.392 [info] > git for-each-ref --format=%(refname)%00%(upstream:short)%00%(objectname)%00%(upstream:track)%00%(upstream:remotename)%00%(upstream:remoteref) refs/heads/master refs/remotes/master [9ms]
2022-12-28 14:57:31.431 [info] > git for-each-ref --sort -committerdate --format %(refname) %(objectname) %(*objectname) [10ms]
2022-12-28 14:57:31.560 [info] > git status -z -uall [155ms]
2022-12-28 14:57:39.350 [info] > git config --get commit.template [38ms]
2022-12-28 14:57:39.356 [info] > git for-each-ref --format=%(refname)%00%(upstream:short)%00%(objectname)%00%(upstream:track)%00%(upstream:remotename)%00%(upstream:remoteref) refs/heads/master refs/remotes/master [9ms]
2022-12-28 14:57:39.401 [info] > git for-each-ref --sort -committerdate --format %(refname) %(objectname) %(*objectname) [9ms]
2022-12-28 14:57:39.500 [info] > git status -z -uall [125ms]
2022-12-28 14:57:44.864 [info] > git config --get commit.template [33ms]
2022-12-28 14:57:44.871 [info] > git for-each-ref --format=%(refname)%00%(upstream:short)%00%(objectname)%00%(upstream:track)%00%(upstream:remotename)%00%(upstream:remoteref) refs/heads/master refs/remotes/master [10ms]
2022-12-28 14:57:44.914 [info] > git for-each-ref --sort -committerdate --format %(refname) %(objectname) %(*objectname) [11ms]
2022-12-28 14:57:45.006 [info] > git status -z -uall [118ms]
2022-12-28 14:57:51.256 [info] > git config --get commit.template [29ms]
2022-12-28 14:57:51.267 [info] > git for-each-ref --format=%(refname)%00%(upstream:short)%00%(objectname)%00%(upstream:track)%00%(upstream:remotename)%00%(upstream:remoteref) refs/heads/master refs/remotes/master [13ms]
2022-12-28 14:57:51.331 [info] > git for-each-ref --sort -committerdate --format %(refname) %(objectname) %(*objectname) [20ms]
2022-12-28 14:57:51.447 [info] > git status -z -uall [160ms]
2022-12-28 14:57:56.727 [info] > git config --get commit.template [24ms]
2022-12-28 14:57:56.734 [info] > git for-each-ref --format=%(refname)%00%(upstream:short)%00%(objectname)%00%(upstream:track)%00%(upstream:remotename)%00%(upstream:remoteref) refs/heads/master refs/remotes/master [11ms]
2022-12-28 14:57:56.776 [info] > git for-each-ref --sort -committerdate --format %(refname) %(objectname) %(*objectname) [9ms]
2022-12-28 14:57:56.860 [info] > git status -z -uall [110ms]
2022-12-28 14:58:18.567 [info] > git config --get commit.template [27ms]
2022-12-28 14:58:18.571 [info] > git for-each-ref --format=%(refname)%00%(upstream:short)%00%(objectname)%00%(upstream:track)%00%(upstream:remotename)%00%(upstream:remoteref) refs/heads/master refs/remotes/master [8ms]
2022-12-28 14:58:18.616 [info] > git for-each-ref --sort -committerdate --format %(refname) %(objectname) %(*objectname) [12ms]
2022-12-28 14:58:18.695 [info] > git status -z -uall [108ms]
2022-12-28 14:58:24.970 [info] > git config --get commit.template [27ms]
2022-12-28 14:58:24.976 [info] > git for-each-ref --format=%(refname)%00%(upstream:short)%00%(objectname)%00%(upstream:track)%00%(upstream:remotename)%00%(upstream:remoteref) refs/heads/master refs/remotes/master [7ms]
2022-12-28 14:58:25.020 [info] > git for-each-ref --sort -committerdate --format %(refname) %(objectname) %(*objectname) [9ms]
2022-12-28 14:58:25.102 [info] > git status -z -uall [110ms]
2022-12-28 14:58:32.228 [info] > git config --get commit.template [27ms]
2022-12-28 14:58:32.235 [info] > git for-each-ref --format=%(refname)%00%(upstream:short)%00%(objectname)%00%(upstream:track)%00%(upstream:remotename)%00%(upstream:remoteref) refs/heads/master refs/remotes/master [11ms]
2022-12-28 14:58:32.285 [info] > git for-each-ref --sort -committerdate --format %(refname) %(objectname) %(*objectname) [10ms]
2022-12-28 14:58:32.361 [info] > git status -z -uall [108ms]
2022-12-28 14:58:37.598 [info] > git config --get commit.template [36ms]
2022-12-28 14:58:37.604 [info] > git for-each-ref --format=%(refname)%00%(upstream:short)%00%(objectname)%00%(upstream:track)%00%(upstream:remotename)%00%(upstream:remoteref) refs/heads/master refs/remotes/master [10ms]
2022-12-28 14:58:37.681 [info] > git for-each-ref --sort -committerdate --format %(refname) %(objectname) %(*objectname) [23ms]
2022-12-28 14:58:37.779 [info] > git status -z -uall [147ms]
2022-12-28 14:58:43.015 [info] > git config --get commit.template [24ms]
2022-12-28 14:58:43.019 [info] > git for-each-ref --format=%(refname)%00%(upstream:short)%00%(objectname)%00%(upstream:track)%00%(upstream:remotename)%00%(upstream:remoteref) refs/heads/master refs/remotes/master [7ms]
2022-12-28 14:58:43.065 [info] > git for-each-ref --sort -committerdate --format %(refname) %(objectname) %(*objectname) [10ms]
2022-12-28 14:58:43.150 [info] > git status -z -uall [113ms]
2022-12-28 14:58:48.576 [info] > git config --get commit.template [100ms]
2022-12-28 14:58:48.601 [info] > git for-each-ref --format=%(refname)%00%(upstream:short)%00%(objectname)%00%(upstream:track)%00%(upstream:remotename)%00%(upstream:remoteref) refs/heads/master refs/remotes/master [34ms]
2022-12-28 14:58:48.744 [info] > git for-each-ref --sort -committerdate --format %(refname) %(objectname) %(*objectname) [24ms]
2022-12-28 14:58:48.992 [info] > git status -z -uall [340ms]
2022-12-28 14:58:54.830 [info] > git config --get commit.template [145ms]
2022-12-28 14:58:54.848 [info] > git for-each-ref --format=%(refname)%00%(upstream:short)%00%(objectname)%00%(upstream:track)%00%(upstream:remotename)%00%(upstream:remoteref) refs/heads/master refs/remotes/master [32ms]
2022-12-28 14:58:55.086 [info] > git for-each-ref --sort -committerdate --format %(refname) %(objectname) %(*objectname) [45ms]
2022-12-28 14:58:55.691 [info] > git status -z -uall [717ms]
2022-12-28 14:59:01.675 [info] > git config --get commit.template [167ms]
2022-12-28 14:59:01.791 [info] > git for-each-ref --format=%(refname)%00%(upstream:short)%00%(objectname)%00%(upstream:track)%00%(upstream:remotename)%00%(upstream:remoteref) refs/heads/master refs/remotes/master [121ms]
2022-12-28 14:59:01.989 [info] > git for-each-ref --sort -committerdate --format %(refname) %(objectname) %(*objectname) [74ms]
2022-12-28 14:59:02.841 [info] > git status -z -uall [979ms]
2022-12-28 14:59:08.645 [info] > git config --get commit.template [10ms]
2022-12-28 14:59:08.755 [info] > git for-each-ref --format=%(refname)%00%(upstream:short)%00%(objectname)%00%(upstream:track)%00%(upstream:remotename)%00%(upstream:remoteref) refs/heads/master refs/remotes/master [73ms]
2022-12-28 14:59:08.986 [info] > git for-each-ref --sort -committerdate --format %(refname) %(objectname) %(*objectname) [85ms]
2022-12-28 14:59:09.375 [info] > git status -z -uall [595ms]
2022-12-28 14:59:15.191 [info] > git config --get commit.template [99ms]
2022-12-28 14:59:15.222 [info] > git for-each-ref --format=%(refname)%00%(upstream:short)%00%(objectname)%00%(upstream:track)%00%(upstream:remotename)%00%(upstream:remoteref) refs/heads/master refs/remotes/master [58ms]
2022-12-28 14:59:15.487 [info] > git for-each-ref --sort -committerdate --format %(refname) %(objectname) %(*objectname) [60ms]
2022-12-28 14:59:15.817 [info] > git status -z -uall [468ms]
2022-12-28 14:59:21.551 [info] > git config --get commit.template [64ms]
2022-12-28 14:59:21.574 [info] > git for-each-ref --format=%(refname)%00%(upstream:short)%00%(objectname)%00%(upstream:track)%00%(upstream:remotename)%00%(upstream:remoteref) refs/heads/master refs/remotes/master [29ms]
2022-12-28 14:59:21.873 [info] > git for-each-ref --sort -committerdate --format %(refname) %(objectname) %(*objectname) [82ms]
2022-12-28 14:59:22.241 [info] > git status -z -uall [596ms]
2022-12-28 14:59:27.747 [info] > git config --get commit.template [70ms]
2022-12-28 14:59:27.780 [info] > git for-each-ref --format=%(refname)%00%(upstream:short)%00%(objectname)%00%(upstream:track)%00%(upstream:remotename)%00%(upstream:remoteref) refs/heads/master refs/remotes/master [38ms]
2022-12-28 14:59:28.198 [info] > git for-each-ref --sort -committerdate --format %(refname) %(objectname) %(*objectname) [44ms]
2022-12-28 14:59:28.587 [info] > git status -z -uall [702ms]
2022-12-28 14:59:34.710 [info] > git for-each-ref --format=%(refname)%00%(upstream:short)%00%(objectname)%00%(upstream:track)%00%(upstream:remotename)%00%(upstream:remoteref) refs/heads/master refs/remotes/master [32ms]
2022-12-28 14:59:34.734 [info] > git config --get commit.template [257ms]
2022-12-28 14:59:35.131 [info] > git for-each-ref --sort -committerdate --format %(refname) %(objectname) %(*objectname) [141ms]
2022-12-28 14:59:35.215 [info] > git status -z -uall [365ms]
2022-12-28 14:59:41.448 [info] > git config --get commit.template [143ms]
2022-12-28 14:59:41.581 [info] > git for-each-ref --format=%(refname)%00%(upstream:short)%00%(objectname)%00%(upstream:track)%00%(upstream:remotename)%00%(upstream:remoteref) refs/heads/master refs/remotes/master [137ms]
2022-12-28 14:59:41.858 [info] > git for-each-ref --sort -committerdate --format %(refname) %(objectname) %(*objectname) [125ms]
2022-12-28 14:59:42.493 [info] > git status -z -uall [853ms]
2022-12-28 14:59:48.641 [info] > git config --get commit.template [23ms]
2022-12-28 14:59:48.683 [info] > git for-each-ref --format=%(refname)%00%(upstream:short)%00%(objectname)%00%(upstream:track)%00%(upstream:remotename)%00%(upstream:remoteref) refs/heads/master refs/remotes/master [14ms]
2022-12-28 14:59:48.812 [info] > git for-each-ref --sort -committerdate --format %(refname) %(objectname) %(*objectname) [39ms]
2022-12-28 14:59:49.280 [info] > git status -z -uall [560ms]
2022-12-28 14:59:55.867 [info] > git config --get commit.template [51ms]
2022-12-28 14:59:55.883 [info] > git for-each-ref --format=%(refname)%00%(upstream:short)%00%(objectname)%00%(upstream:track)%00%(upstream:remotename)%00%(upstream:remoteref) refs/heads/master refs/remotes/master [19ms]
2022-12-28 14:59:56.138 [info] > git for-each-ref --sort -committerdate --format %(refname) %(objectname) %(*objectname) [167ms]
2022-12-28 14:59:56.380 [info] > git status -z -uall [465ms]
2022-12-28 15:00:03.636 [info] > git config --get commit.template [126ms]
2022-12-28 15:00:03.738 [info] > git for-each-ref --format=%(refname)%00%(upstream:short)%00%(objectname)%00%(upstream:track)%00%(upstream:remotename)%00%(upstream:remoteref) refs/heads/master refs/remotes/master [113ms]
2022-12-28 15:00:03.952 [info] > git for-each-ref --sort -committerdate --format %(refname) %(objectname) %(*objectname) [2ms]
2022-12-28 15:00:04.208 [info] > git status -z -uall [377ms]
2022-12-28 15:00:11.278 [info] > git config --get commit.template [73ms]
2022-12-28 15:00:11.314 [info] > git for-each-ref --format=%(refname)%00%(upstream:short)%00%(objectname)%00%(upstream:track)%00%(upstream:remotename)%00%(upstream:remoteref) refs/heads/master refs/remotes/master [39ms]
2022-12-28 15:00:11.435 [info] > git for-each-ref --sort -committerdate --format %(refname) %(objectname) %(*objectname) [26ms]
2022-12-28 15:00:11.667 [info] > git status -z -uall [305ms]
2022-12-28 15:00:17.608 [info] > git config --get commit.template [44ms]
2022-12-28 15:00:17.633 [info] > git for-each-ref --format=%(refname)%00%(upstream:short)%00%(objectname)%00%(upstream:track)%00%(upstream:remotename)%00%(upstream:remoteref) refs/heads/main refs/remotes/main [19ms]
2022-12-28 15:00:17.732 [info] > git status -z -uall [59ms]
2022-12-28 15:00:17.763 [info] > git for-each-ref --sort -committerdate --format %(refname) %(objectname) %(*objectname) [36ms]
2022-12-28 15:00:18.443 [info] > git config --get commit.template [80ms]
2022-12-28 15:00:18.459 [info] > git for-each-ref --format=%(refname)%00%(upstream:short)%00%(objectname)%00%(upstream:track)%00%(upstream:remotename)%00%(upstream:remoteref) refs/heads/master refs/remotes/master [22ms]
2022-12-28 15:00:18.583 [info] > git for-each-ref --sort -committerdate --format %(refname) %(objectname) %(*objectname) [47ms]
2022-12-28 15:00:18.991 [info] > git status -z -uall [496ms]
2022-12-28 15:00:25.284 [info] > git config --get commit.template [24ms]
2022-12-28 15:00:25.306 [info] > git for-each-ref --format=%(refname)%00%(upstream:short)%00%(objectname)%00%(upstream:track)%00%(upstream:remotename)%00%(upstream:remoteref) refs/heads/main refs/remotes/main [25ms]
2022-12-28 15:00:25.356 [info] > git status -z -uall [31ms]
2022-12-28 15:00:25.378 [info] > git for-each-ref --sort -committerdate --format %(refname) %(objectname) %(*objectname) [23ms]
2022-12-28 15:00:25.486 [info] > git config --get commit.template [60ms]
2022-12-28 15:00:25.509 [info] > git for-each-ref --format=%(refname)%00%(upstream:short)%00%(objectname)%00%(upstream:track)%00%(upstream:remotename)%00%(upstream:remoteref) refs/heads/master refs/remotes/master [25ms]
2022-12-28 15:00:25.582 [info] > git for-each-ref --sort -committerdate --format %(refname) %(objectname) %(*objectname) [31ms]
2022-12-28 15:00:25.758 [info] > git status -z -uall [231ms]
